Log file open, 12/02/24 02:25:53
LogWindows: Failed to load 'aqProf.dll' (GetLastError=126)
LogWindows: File 'aqProf.dll' does not exist
LogWindows: Failed to load 'VtuneApi.dll' (GetLastError=126)
LogWindows: File 'VtuneApi.dll' does not exist
LogWindows: Failed to load 'VtuneApi32e.dll' (GetLastError=126)
LogWindows: File 'VtuneApi32e.dll' does not exist
LogConsoleResponse: Display: Failed to find resolution value strings in scalability ini. Falling back to default.
LogConsoleResponse: Display: Failed to find resolution value strings in scalability ini. Falling back to default.
LogInit: Display: Running engine for game: LAB1
LogPlatformFile: Not using cached read wrapper
LogTaskGraph: Started task graph with 5 named threads and 17 total threads with 3 sets of task threads.
LogStats: Stats thread started at 0.177495
LogICUInternationalization: ICU TimeZone Detection - Raw Offset: +3:00, Platform Override: ''
LogInit: Display: Loading text-based GConfig....
LogPluginManager: Mounting plugin MeshPainting
LogPluginManager: Mounting plugin XGEController
LogPluginManager: Mounting plugin Paper2D
LogPluginManager: Mounting plugin AISupport
LogPluginManager: Mounting plugin EnvironmentQueryEditor
LogPluginManager: Mounting plugin LiveLink
LogPluginManager: Mounting plugin LightPropagationVolume
LogPluginManager: Mounting plugin CameraShakePreviewer
LogPluginManager: Mounting plugin GameplayCameras
LogPluginManager: Mounting plugin OodleData
LogPluginManager: Mounting plugin OodleNetwork
LogPluginManager: Mounting plugin AnimationSharing
LogPluginManager: Mounting plugin CLionSourceCodeAccess
LogPluginManager: Mounting plugin CodeLiteSourceCodeAccess
LogPluginManager: Mounting plugin GitSourceControl
LogPluginManager: Mounting plugin KDevelopSourceCodeAccess
LogPluginManager: Mounting plugin NullSourceCodeAccess
LogPluginManager: Mounting plugin PerforceSourceControl
LogPluginManager: Mounting plugin PixWinPlugin
LogPluginManager: Mounting plugin PlasticSourceControl
LogPluginManager: Mounting plugin PluginUtils
LogPluginManager: Mounting plugin PropertyAccessNode
LogPluginManager: Mounting plugin RiderSourceCodeAccess
LogPluginManager: Mounting plugin SubversionSourceControl
LogPluginManager: Mounting plugin TextureFormatOodle
LogPluginManager: Mounting plugin UObjectPlugin
LogPluginManager: Mounting plugin VisualStudioCodeSourceCodeAccess
LogPluginManager: Mounting plugin VisualStudioSourceCodeAccess
LogPluginManager: Mounting plugin XCodeSourceCodeAccess
LogPluginManager: Mounting plugin AssetManagerEditor
LogPluginManager: Mounting plugin CryptoKeys
LogPluginManager: Mounting plugin CurveEditorTools
LogPluginManager: Mounting plugin DataValidation
LogPluginManager: Mounting plugin FacialAnimation
LogPluginManager: Mounting plugin GameplayTagsEditor
LogPluginManager: Mounting plugin GeometryMode
LogPluginManager: Mounting plugin MacGraphicsSwitching
LogPluginManager: Mounting plugin MaterialAnalyzer
LogPluginManager: Mounting plugin MobileLauncherProfileWizard
LogPluginManager: Mounting plugin PluginBrowser
LogPluginManager: Mounting plugin SpeedTreeImporter
LogPluginManager: Mounting plugin DatasmithContent
LogPluginManager: Mounting plugin VariantManagerContent
LogPluginManager: Mounting plugin AlembicImporter
LogPluginManager: Mounting plugin AutomationUtils
LogPluginManager: Mounting plugin BackChannel
LogPluginManager: Mounting plugin ChaosCloth
LogPluginManager: Mounting plugin ChaosClothEditor
LogPluginManager: Mounting plugin ChaosEditor
LogPluginManager: Mounting plugin ChaosNiagara
LogPluginManager: Mounting plugin ChaosSolverPlugin
LogPluginManager: Mounting plugin CharacterAI
LogPluginManager: Mounting plugin GeometryCache
LogPluginManager: Mounting plugin GeometryCollectionPlugin
LogPluginManager: Mounting plugin GeometryProcessing
LogPluginManager: Mounting plugin MotoSynth
LogPluginManager: Mounting plugin OpenImageDenoise
LogPluginManager: Mounting plugin PlanarCut
LogPluginManager: Mounting plugin PlatformCrypto
LogPluginManager: Mounting plugin ProxyLODPlugin
LogPluginManager: Mounting plugin PythonScriptPlugin
LogPluginManager: Mounting plugin SkeletalReduction
LogPluginManager: Mounting plugin Niagara
LogPluginManager: Mounting plugin LuminPlatformFeatures
LogPluginManager: Mounting plugin MagicLeap
LogPluginManager: Mounting plugin MagicLeapLightEstimation
LogPluginManager: Mounting plugin MagicLeapMedia
LogPluginManager: Mounting plugin MagicLeapPassableWorld
LogPluginManager: Mounting plugin MLSDK
LogPluginManager: Mounting plugin AndroidMedia
LogPluginManager: Mounting plugin AvfMedia
LogPluginManager: Mounting plugin ImgMedia
LogPluginManager: Mounting plugin MediaCompositing
LogPluginManager: Mounting plugin MediaPlayerEditor
LogPluginManager: Mounting plugin WebMMedia
LogPluginManager: Mounting plugin WmfMedia
LogPluginManager: Mounting plugin TcpMessaging
LogPluginManager: Mounting plugin UdpMessaging
LogPluginManager: Mounting plugin ActorSequence
LogPluginManager: Mounting plugin LevelSequenceEditor
LogPluginManager: Mounting plugin MatineeToLevelSequence
LogPluginManager: Mounting plugin TemplateSequence
LogPluginManager: Mounting plugin OnlineSubsystem
LogPluginManager: Mounting plugin OnlineSubsystemNull
LogPluginManager: Mounting plugin OnlineSubsystemUtils
LogPluginManager: Mounting plugin LauncherChunkInstaller
LogPluginManager: Mounting plugin ActorLayerUtilities
LogPluginManager: Mounting plugin AndroidDeviceProfileSelector
LogPluginManager: Mounting plugin AndroidMoviePlayer
LogPluginManager: Mounting plugin AndroidPermission
LogPluginManager: Mounting plugin AppleImageUtils
LogPluginManager: Mounting plugin AppleMoviePlayer
LogPluginManager: Mounting plugin ArchVisCharacter
LogPluginManager: Mounting plugin AssetTags
LogPluginManager: Mounting plugin AudioCapture
LogPluginManager: Mounting plugin AudioSynesthesia
LogPluginManager: Mounting plugin CableComponent
LogPluginManager: Mounting plugin ChunkDownloader
LogPluginManager: Mounting plugin CustomMeshComponent
LogPluginManager: Mounting plugin EditableMesh
LogPluginManager: Mounting plugin ExampleDeviceProfileSelector
LogPluginManager: Mounting plugin GoogleCloudMessaging
LogPluginManager: Mounting plugin GooglePAD
LogPluginManager: Mounting plugin IOSDeviceProfileSelector
LogPluginManager: Mounting plugin LinuxDeviceProfileSelector
LogPluginManager: Mounting plugin LocationServicesBPLibrary
LogPluginManager: Mounting plugin MobilePatchingUtils
LogPluginManager: Mounting plugin OpenXR
LogPluginManager: Mounting plugin OpenXREyeTracker
LogPluginManager: Mounting plugin OpenXRHandTracking
LogPluginManager: Mounting plugin PhysXVehicles
LogPluginManager: Mounting plugin PostSplashScreen
LogPluginManager: Mounting plugin ProceduralMeshComponent
LogPluginManager: Mounting plugin PropertyAccessEditor
LogPluginManager: Mounting plugin RuntimePhysXCooking
LogPluginManager: Mounting plugin SignificanceManager
LogPluginManager: Mounting plugin SoundFields
LogPluginManager: Mounting plugin Synthesis
LogPluginManager: Mounting plugin WebMMoviePlayer
LogPluginManager: Mounting plugin WindowsMoviePlayer
LogPluginManager: Mounting plugin ScreenshotTools
LogPluginManager: Mounting plugin Takes
LogPluginManager: Mounting plugin ContentBrowserAssetDataSource
LogPluginManager: Mounting plugin ContentBrowserClassDataSource
LogPluginManager: Mounting plugin ContentBrowserFileDataSource
LogPluginManager: Mounting plugin OnlineSubsystemGooglePlay
LogPluginManager: Mounting plugin OnlineSubsystemIOS
LogPluginManager: Mounting plugin OculusVR
LogPluginManager: Mounting plugin SteamVR
PixWinPlugin: PIX capture plugin failed to initialize! Check that the process is launched from PIX.
LogInit: Using libcurl 7.55.1-DEV
LogInit:  - built for x86_64-pc-win32
LogInit:  - supports SSL with OpenSSL/1.1.1
LogInit:  - supports HTTP deflate (compression) using libz 1.2.8
LogInit:  - other features:
LogInit:      CURL_VERSION_SSL
LogInit:      CURL_VERSION_LIBZ
LogInit:      CURL_VERSION_IPV6
LogInit:      CURL_VERSION_ASYNCHDNS
LogInit:      CURL_VERSION_LARGEFILE
LogInit:      CURL_VERSION_IDN
LogInit:  CurlRequestOptions (configurable via config and command line):
LogInit:  - bVerifyPeer = true  - Libcurl will verify peer certificate
LogInit:  - bUseHttpProxy = false  - Libcurl will NOT use HTTP proxy
LogInit:  - bDontReuseConnections = false  - Libcurl will reuse connections
LogInit:  - MaxHostConnections = 16  - Libcurl will limit the number of connections to a host
LogInit:  - LocalHostAddr = Default
LogInit:  - BufferSize = 65536
LogOnline: OSS: Creating online subsystem instance for: NULL
LogInit: WinSock: version 1.1 (2.2), MaxSocks=32767, MaxUdp=65467
LogOnline: OSS: TryLoadSubsystemAndSetDefault: Loaded subsystem for module [NULL]
LogInit: Build: ++UE4+Release-4.27-CL-18319896
LogInit: Engine Version: 4.27.2-18319896+++UE4+Release-4.27
LogInit: Compatible Engine Version: 4.27.0-17155196+++UE4+Release-4.27
LogInit: Net CL: 17155196
LogInit: OS: Windows 10 (Release 2009) (), CPU: 13th Gen Intel(R) Core(TM) i7-13650HX, GPU: Intel(R) UHD Graphics
LogInit: Compiled (64-bit): Nov 30 2021 07:12:08
LogInit: Compiled with Visual C++: 19.24.28315.00
LogInit: Build Configuration: Development
LogInit: Branch Name: ++UE4+Release-4.27
LogInit: Command Line:  /Game/ThirdPersonBP/Maps/ThirdPersonExampleMap -game -PIEVIACONSOLE -Multiprocess -server -log GameUserSettingsINI=D:/Git/GameDevProject/Content/LAB1/LAB1/Saved/Config/Windows/PIEGameUserSettings0.ini -MultiprocessSaveConfig -forcepassthrough -messaging -SessionName="Play in Standalone Game" -port=17777 -windowed
LogInit: Base Directory: D:/Programs/UE_4.27/Engine/Binaries/Win64/
LogInit: Allocator: TBB
LogInit: Installed Engine Build: 1
LogDevObjectVersion: Number of dev versions registered: 29
LogDevObjectVersion:   Dev-Blueprints (B0D832E4-1F89-4F0D-ACCF-7EB736FD4AA2): 10
LogDevObjectVersion:   Dev-Build (E1C64328-A22C-4D53-A36C-8E866417BD8C): 0
LogDevObjectVersion:   Dev-Core (375EC13C-06E4-48FB-B500-84F0262A717E): 4
LogDevObjectVersion:   Dev-Editor (E4B068ED-F494-42E9-A231-DA0B2E46BB41): 40
LogDevObjectVersion:   Dev-Framework (CFFC743F-43B0-4480-9391-14DF171D2073): 37
LogDevObjectVersion:   Dev-Mobile (B02B49B5-BB20-44E9-A304-32B752E40360): 3
LogDevObjectVersion:   Dev-Networking (A4E4105C-59A1-49B5-A7C5-40C4547EDFEE): 0
LogDevObjectVersion:   Dev-Online (39C831C9-5AE6-47DC-9A44-9C173E1C8E7C): 0
LogDevObjectVersion:   Dev-Physics (78F01B33-EBEA-4F98-B9B4-84EACCB95AA2): 14
LogDevObjectVersion:   Dev-Platform (6631380F-2D4D-43E0-8009-CF276956A95A): 0
LogDevObjectVersion:   Dev-Rendering (12F88B9F-8875-4AFC-A67C-D90C383ABD29): 45
LogDevObjectVersion:   Dev-Sequencer (7B5AE74C-D270-4C10-A958-57980B212A5A): 13
LogDevObjectVersion:   Dev-VR (D7296918-1DD6-4BDD-9DE2-64A83CC13884): 3
LogDevObjectVersion:   Dev-LoadTimes (C2A15278-BFE7-4AFE-6C17-90FF531DF755): 1
LogDevObjectVersion:   Private-Geometry (6EACA3D4-40EC-4CC1-B786-8BED09428FC5): 3
LogDevObjectVersion:   Dev-AnimPhys (29E575DD-E0A3-4627-9D10-D276232CDCEA): 17
LogDevObjectVersion:   Dev-Anim (AF43A65D-7FD3-4947-9873-3E8ED9C1BB05): 15
LogDevObjectVersion:   Dev-ReflectionCapture (6B266CEC-1EC7-4B8F-A30B-E4D90942FC07): 1
LogDevObjectVersion:   Dev-Automation (0DF73D61-A23F-47EA-B727-89E90C41499A): 1
LogDevObjectVersion:   FortniteMain (601D1886-AC64-4F84-AA16-D3DE0DEAC7D6): 47
LogDevObjectVersion:   FortniteRelease (E7086368-6B23-4C58-8439-1B7016265E91): 1
LogDevObjectVersion:   Dev-Enterprise (9DFFBCD6-494F-0158-E221-12823C92A888): 10
LogDevObjectVersion:   Dev-Niagara (F2AED0AC-9AFE-416F-8664-AA7FFA26D6FC): 1
LogDevObjectVersion:   Dev-Destruction (174F1F0B-B4C6-45A5-B13F-2EE8D0FB917D): 10
LogDevObjectVersion:   Dev-Physics-Ext (35F94A83-E258-406C-A318-09F59610247C): 41
LogDevObjectVersion:   Dev-PhysicsMaterial-Chaos (B68FC16E-8B1B-42E2-B453-215C058844FE): 1
LogDevObjectVersion:   Dev-CineCamera (B2E18506-4273-CFC2-A54E-F4BB758BBA07): 1
LogDevObjectVersion:   Dev-VirtualProduction (64F58936-FD1B-42BA-BA96-7289D5D0FA4E): 1
LogDevObjectVersion:   Dev-MediaFramework (6F0ED827-A609-4895-9C91-998D90180EA4): 2
LogInit: Presizing for max 25165824 objects, including 0 objects not considered by GC, pre-allocating 0 bytes for permanent pool.
LogConfig: Applying CVar settings from Section [/Script/Engine.StreamingSettings] File [D:/Git/GameDevProject/Content/LAB1/LAB1/Saved/Config/Windows/Engine.ini]
LogConfig: Setting CVar [[s.MinBulkDataSizeForAsyncLoading:131072]]
LogConfig: Setting CVar [[s.AsyncLoadingThreadEnabled:0]]
LogConfig: Setting CVar [[s.EventDrivenLoaderEnabled:1]]
LogConfig: Setting CVar [[s.WarnIfTimeLimitExceeded:0]]
LogConfig: Setting CVar [[s.TimeLimitExceededMultiplier:1.5]]
LogConfig: Setting CVar [[s.TimeLimitExceededMinTime:0.005]]
LogConfig: Setting CVar [[s.UseBackgroundLevelStreaming:1]]
LogConfig: Setting CVar [[s.PriorityAsyncLoadingExtraTime:15.0]]
LogConfig: Setting CVar [[s.LevelStreamingActorsUpdateTimeLimit:5.0]]
LogConfig: Setting CVar [[s.PriorityLevelStreamingActorsUpdateExtraTime:5.0]]
LogConfig: Setting CVar [[s.LevelStreamingComponentsRegistrationGranularity:10]]
LogConfig: Setting CVar [[s.UnregisterComponentsTimeLimit:1.0]]
LogConfig: Setting CVar [[s.LevelStreamingComponentsUnregistrationGranularity:5]]
LogConfig: Setting CVar [[s.FlushStreamingOnExit:1]]
LogInit: Object subsystem initialized
LogConfig: Setting CVar [[con.DebugEarlyDefault:1]]
LogConfig: Setting CVar [[r.setres:1280x720]]
[2024.12.01-23.25.53:514][  0]LogConfig: Setting CVar [[con.DebugEarlyDefault:1]]
[2024.12.01-23.25.53:515][  0]LogConfig: Setting CVar [[r.setres:1280x720]]
[2024.12.01-23.25.53:515][  0]LogConfig: Applying CVar settings from Section [/Script/Engine.RendererSettings] File [D:/Git/GameDevProject/Content/LAB1/LAB1/Saved/Config/Windows/Engine.ini]
[2024.12.01-23.25.53:515][  0]LogConfig: Setting CVar [[r.GPUCrashDebugging:0]]
[2024.12.01-23.25.53:515][  0]LogConfig: Applying CVar settings from Section [/Script/Engine.RendererOverrideSettings] File [D:/Git/GameDevProject/Content/LAB1/LAB1/Saved/Config/Windows/Engine.ini]
[2024.12.01-23.25.53:516][  0]LogConfig: Applying CVar settings from Section [/Script/Engine.StreamingSettings] File [D:/Git/GameDevProject/Content/LAB1/LAB1/Saved/Config/Windows/Engine.ini]
[2024.12.01-23.25.53:520][  0]LogConfig: Setting CVar [[s.MinBulkDataSizeForAsyncLoading:131072]]
[2024.12.01-23.25.53:530][  0]LogConfig: Setting CVar [[s.AsyncLoadingThreadEnabled:0]]
[2024.12.01-23.25.53:530][  0]LogConfig: Setting CVar [[s.EventDrivenLoaderEnabled:1]]
[2024.12.01-23.25.53:530][  0]LogConfig: Setting CVar [[s.WarnIfTimeLimitExceeded:0]]
[2024.12.01-23.25.53:530][  0]LogConfig: Setting CVar [[s.TimeLimitExceededMultiplier:1.5]]
[2024.12.01-23.25.53:535][  0]LogConfig: Setting CVar [[s.TimeLimitExceededMinTime:0.005]]
[2024.12.01-23.25.53:536][  0]LogConfig: Setting CVar [[s.UseBackgroundLevelStreaming:1]]
[2024.12.01-23.25.53:540][  0]LogConfig: Setting CVar [[s.PriorityAsyncLoadingExtraTime:15.0]]
[2024.12.01-23.25.53:540][  0]LogConfig: Setting CVar [[s.LevelStreamingActorsUpdateTimeLimit:5.0]]
[2024.12.01-23.25.53:540][  0]LogConfig: Setting CVar [[s.PriorityLevelStreamingActorsUpdateExtraTime:5.0]]
[2024.12.01-23.25.53:541][  0]LogConfig: Setting CVar [[s.LevelStreamingComponentsRegistrationGranularity:10]]
[2024.12.01-23.25.53:542][  0]LogConfig: Setting CVar [[s.UnregisterComponentsTimeLimit:1.0]]
[2024.12.01-23.25.53:542][  0]LogConfig: Setting CVar [[s.LevelStreamingComponentsUnregistrationGranularity:5]]
[2024.12.01-23.25.53:543][  0]LogConfig: Setting CVar [[s.FlushStreamingOnExit:1]]
[2024.12.01-23.25.53:543][  0]LogConfig: Applying CVar settings from Section [/Script/Engine.GarbageCollectionSettings] File [D:/Git/GameDevProject/Content/LAB1/LAB1/Saved/Config/Windows/Engine.ini]
[2024.12.01-23.25.53:543][  0]LogConfig: Setting CVar [[gc.MaxObjectsNotConsideredByGC:1]]
[2024.12.01-23.25.53:543][  0]LogConfig: Setting CVar [[gc.SizeOfPermanentObjectPool:0]]
[2024.12.01-23.25.53:543][  0]LogConfig: Setting CVar [[gc.FlushStreamingOnGC:0]]
[2024.12.01-23.25.53:543][  0]LogConfig: Setting CVar [[gc.NumRetriesBeforeForcingGC:10]]
[2024.12.01-23.25.53:544][  0]LogConfig: Setting CVar [[gc.AllowParallelGC:1]]
[2024.12.01-23.25.53:544][  0]LogConfig: Setting CVar [[gc.TimeBetweenPurgingPendingKillObjects:61.1]]
[2024.12.01-23.25.53:545][  0]LogConfig: Setting CVar [[gc.MaxObjectsInEditor:25165824]]
[2024.12.01-23.25.53:545][  0]LogConfig: Setting CVar [[gc.IncrementalBeginDestroyEnabled:1]]
[2024.12.01-23.25.53:546][  0]LogConfig: Setting CVar [[gc.CreateGCClusters:1]]
[2024.12.01-23.25.53:546][  0]LogConfig: Setting CVar [[gc.MinGCClusterSize:5]]
[2024.12.01-23.25.53:546][  0]LogConfig: Setting CVar [[gc.ActorClusteringEnabled:0]]
[2024.12.01-23.25.53:547][  0]LogConfig: Setting CVar [[gc.BlueprintClusteringEnabled:0]]
[2024.12.01-23.25.53:550][  0]LogConfig: Setting CVar [[gc.UseDisregardForGCOnDedicatedServers:0]]
[2024.12.01-23.25.53:550][  0]LogConfig: Setting CVar [[gc.MultithreadedDestructionEnabled:1]]
[2024.12.01-23.25.53:550][  0]LogConfig: Applying CVar settings from Section [/Script/Engine.NetworkSettings] File [D:/Git/GameDevProject/Content/LAB1/LAB1/Saved/Config/Windows/Engine.ini]
[2024.12.01-23.25.53:550][  0]LogConfig: Applying CVar settings from Section [/Script/UnrealEd.CookerSettings] File [D:/Git/GameDevProject/Content/LAB1/LAB1/Saved/Config/Windows/Engine.ini]
[2024.12.01-23.25.53:551][  0]LogConfig: Applying CVar settings from Section [ViewDistanceQuality@3] File [D:/Git/GameDevProject/Content/LAB1/LAB1/Saved/Config/Windows/Scalability.ini]
[2024.12.01-23.25.53:551][  0]LogConfig: Setting CVar [[r.SkeletalMeshLODBias:0]]
[2024.12.01-23.25.53:551][  0]LogConfig: Setting CVar [[r.ViewDistanceScale:1.0]]
[2024.12.01-23.25.53:551][  0]LogConfig: Applying CVar settings from Section [AntiAliasingQuality@3] File [D:/Git/GameDevProject/Content/LAB1/LAB1/Saved/Config/Windows/Scalability.ini]
[2024.12.01-23.25.53:551][  0]LogConfig: Setting CVar [[r.PostProcessAAQuality:4]]
[2024.12.01-23.25.53:551][  0]LogConfig: Applying CVar settings from Section [ShadowQuality@3] File [D:/Git/GameDevProject/Content/LAB1/LAB1/Saved/Config/Windows/Scalability.ini]
[2024.12.01-23.25.53:552][  0]LogConfig: Setting CVar [[r.LightFunctionQuality:1]]
[2024.12.01-23.25.53:552][  0]LogConfig: Setting CVar [[r.ShadowQuality:5]]
[2024.12.01-23.25.53:552][  0]LogConfig: Setting CVar [[r.Shadow.CSM.MaxCascades:10]]
[2024.12.01-23.25.53:552][  0]LogConfig: Setting CVar [[r.Shadow.MaxResolution:2048]]
[2024.12.01-23.25.53:552][  0]LogConfig: Setting CVar [[r.Shadow.MaxCSMResolution:2048]]
[2024.12.01-23.25.53:552][  0]LogConfig: Setting CVar [[r.Shadow.RadiusThreshold:0.01]]
[2024.12.01-23.25.53:553][  0]LogConfig: Setting CVar [[r.Shadow.DistanceScale:1.0]]
[2024.12.01-23.25.53:553][  0]LogConfig: Setting CVar [[r.Shadow.CSM.TransitionScale:1.0]]
[2024.12.01-23.25.53:553][  0]LogConfig: Setting CVar [[r.Shadow.PreShadowResolutionFactor:1.0]]
[2024.12.01-23.25.53:553][  0]LogConfig: Setting CVar [[r.DistanceFieldShadowing:1]]
[2024.12.01-23.25.53:553][  0]LogConfig: Setting CVar [[r.DistanceFieldAO:1]]
[2024.12.01-23.25.53:553][  0]LogConfig: Setting CVar [[r.AOQuality:2]]
[2024.12.01-23.25.53:554][  0]LogConfig: Setting CVar [[r.VolumetricFog:1]]
[2024.12.01-23.25.53:554][  0]LogConfig: Setting CVar [[r.VolumetricFog.GridPixelSize:8]]
[2024.12.01-23.25.53:554][  0]LogConfig: Setting CVar [[r.VolumetricFog.GridSizeZ:128]]
[2024.12.01-23.25.53:554][  0]LogConfig: Setting CVar [[r.VolumetricFog.HistoryMissSupersampleCount:4]]
[2024.12.01-23.25.53:554][  0]LogConfig: Setting CVar [[r.LightMaxDrawDistanceScale:1]]
[2024.12.01-23.25.53:554][  0]LogConfig: Setting CVar [[r.CapsuleShadows:1]]
[2024.12.01-23.25.53:555][  0]LogConfig: Applying CVar settings from Section [PostProcessQuality@3] File [D:/Git/GameDevProject/Content/LAB1/LAB1/Saved/Config/Windows/Scalability.ini]
[2024.12.01-23.25.53:555][  0]LogConfig: Setting CVar [[r.MotionBlurQuality:4]]
[2024.12.01-23.25.53:555][  0]LogConfig: Setting CVar [[r.AmbientOcclusionMipLevelFactor:0.4]]
[2024.12.01-23.25.53:555][  0]LogConfig: Setting CVar [[r.AmbientOcclusionMaxQuality:100]]
[2024.12.01-23.25.53:555][  0]LogConfig: Setting CVar [[r.AmbientOcclusionLevels:-1]]
[2024.12.01-23.25.53:555][  0]LogConfig: Setting CVar [[r.AmbientOcclusionRadiusScale:1.0]]
[2024.12.01-23.25.53:556][  0]LogConfig: Setting CVar [[r.DepthOfFieldQuality:2]]
[2024.12.01-23.25.53:556][  0]LogConfig: Setting CVar [[r.RenderTargetPoolMin:400]]
[2024.12.01-23.25.53:556][  0]LogConfig: Setting CVar [[r.LensFlareQuality:2]]
[2024.12.01-23.25.53:556][  0]LogConfig: Setting CVar [[r.SceneColorFringeQuality:1]]
[2024.12.01-23.25.53:556][  0]LogConfig: Setting CVar [[r.EyeAdaptationQuality:2]]
[2024.12.01-23.25.53:556][  0]LogConfig: Setting CVar [[r.BloomQuality:5]]
[2024.12.01-23.25.53:557][  0]LogConfig: Setting CVar [[r.FastBlurThreshold:100]]
[2024.12.01-23.25.53:557][  0]LogConfig: Setting CVar [[r.Upscale.Quality:3]]
[2024.12.01-23.25.53:557][  0]LogConfig: Setting CVar [[r.Tonemapper.GrainQuantization:1]]
[2024.12.01-23.25.53:557][  0]LogConfig: Setting CVar [[r.LightShaftQuality:1]]
[2024.12.01-23.25.53:557][  0]LogConfig: Setting CVar [[r.Filter.SizeScale:1]]
[2024.12.01-23.25.53:558][  0]LogConfig: Setting CVar [[r.Tonemapper.Quality:5]]
[2024.12.01-23.25.53:558][  0]LogConfig: Setting CVar [[r.DOF.Gather.AccumulatorQuality:1        ; higher gathering accumulator quality]]
[2024.12.01-23.25.53:558][  0]LogConfig: Setting CVar [[r.DOF.Gather.PostfilterMethod:1          ; Median3x3 postfilering method]]
[2024.12.01-23.25.53:558][  0]LogConfig: Setting CVar [[r.DOF.Gather.EnableBokehSettings:0       ; no bokeh simulation when gathering]]
[2024.12.01-23.25.53:558][  0]LogConfig: Setting CVar [[r.DOF.Gather.RingCount:4                 ; medium number of samples when gathering]]
[2024.12.01-23.25.53:559][  0]LogConfig: Setting CVar [[r.DOF.Scatter.ForegroundCompositing:1    ; additive foreground scattering]]
[2024.12.01-23.25.53:559][  0]LogConfig: Setting CVar [[r.DOF.Scatter.BackgroundCompositing:2    ; additive background scattering]]
[2024.12.01-23.25.53:559][  0]LogConfig: Setting CVar [[r.DOF.Scatter.EnableBokehSettings:1      ; bokeh simulation when scattering]]
[2024.12.01-23.25.53:559][  0]LogConfig: Setting CVar [[r.DOF.Scatter.MaxSpriteRatio:0.1         ; only a maximum of 10% of scattered bokeh]]
[2024.12.01-23.25.53:559][  0]LogConfig: Setting CVar [[r.DOF.Recombine.Quality:1                ; cheap slight out of focus]]
[2024.12.01-23.25.53:559][  0]LogConfig: Setting CVar [[r.DOF.Recombine.EnableBokehSettings:0    ; no bokeh simulation on slight out of focus]]
[2024.12.01-23.25.53:560][  0]LogConfig: Setting CVar [[r.DOF.TemporalAAQuality:1                ; more stable temporal accumulation]]
[2024.12.01-23.25.53:560][  0]LogConfig: Setting CVar [[r.DOF.Kernel.MaxForegroundRadius:0.025]]
[2024.12.01-23.25.53:560][  0]LogConfig: Setting CVar [[r.DOF.Kernel.MaxBackgroundRadius:0.025]]
[2024.12.01-23.25.53:560][  0]LogConfig: Applying CVar settings from Section [TextureQuality@3] File [D:/Git/GameDevProject/Content/LAB1/LAB1/Saved/Config/Windows/Scalability.ini]
[2024.12.01-23.25.53:560][  0]LogConfig: Setting CVar [[r.Streaming.MipBias:0]]
[2024.12.01-23.25.53:560][  0]LogConfig: Setting CVar [[r.Streaming.AmortizeCPUToGPUCopy:0]]
[2024.12.01-23.25.53:561][  0]LogConfig: Setting CVar [[r.Streaming.MaxNumTexturesToStreamPerFrame:0]]
[2024.12.01-23.25.53:561][  0]LogConfig: Setting CVar [[r.Streaming.Boost:1]]
[2024.12.01-23.25.53:561][  0]LogConfig: Setting CVar [[r.MaxAnisotropy:8]]
[2024.12.01-23.25.53:561][  0]LogConfig: Setting CVar [[r.VT.MaxAnisotropy:8]]
[2024.12.01-23.25.53:561][  0]LogConfig: Setting CVar [[r.Streaming.LimitPoolSizeToVRAM:0]]
[2024.12.01-23.25.53:561][  0]LogConfig: Setting CVar [[r.Streaming.PoolSize:1000]]
[2024.12.01-23.25.53:562][  0]LogConfig: Setting CVar [[r.Streaming.MaxEffectiveScreenSize:0]]
[2024.12.01-23.25.53:565][  0]LogConfig: Applying CVar settings from Section [EffectsQuality@3] File [D:/Git/GameDevProject/Content/LAB1/LAB1/Saved/Config/Windows/Scalability.ini]
[2024.12.01-23.25.53:565][  0]LogConfig: Setting CVar [[r.TranslucencyLightingVolumeDim:64]]
[2024.12.01-23.25.53:565][  0]LogConfig: Setting CVar [[r.RefractionQuality:2]]
[2024.12.01-23.25.53:565][  0]LogConfig: Setting CVar [[r.SSR.Quality:3]]
[2024.12.01-23.25.53:566][  0]LogConfig: Setting CVar [[r.SSR.HalfResSceneColor:0]]
[2024.12.01-23.25.53:566][  0]LogConfig: Setting CVar [[r.SceneColorFormat:4]]
[2024.12.01-23.25.53:566][  0]LogConfig: Setting CVar [[r.DetailMode:2]]
[2024.12.01-23.25.53:566][  0]LogConfig: Setting CVar [[r.TranslucencyVolumeBlur:1]]
[2024.12.01-23.25.53:566][  0]LogConfig: Setting CVar [[r.MaterialQualityLevel:1 ; High quality]]
[2024.12.01-23.25.53:567][  0]LogConfig: Setting CVar [[r.AnisotropicMaterials:1]]
[2024.12.01-23.25.53:567][  0]LogConfig: Setting CVar [[r.SSS.Scale:1]]
[2024.12.01-23.25.53:567][  0]LogConfig: Setting CVar [[r.SSS.SampleSet:2]]
[2024.12.01-23.25.53:567][  0]LogConfig: Setting CVar [[r.SSS.Quality:1]]
[2024.12.01-23.25.53:567][  0]LogConfig: Setting CVar [[r.SSS.HalfRes:0]]
[2024.12.01-23.25.53:567][  0]LogConfig: Setting CVar [[r.SSGI.Quality:3]]
[2024.12.01-23.25.53:567][  0]LogConfig: Setting CVar [[r.EmitterSpawnRateScale:1.0]]
[2024.12.01-23.25.53:568][  0]LogConfig: Setting CVar [[r.ParticleLightQuality:2]]
[2024.12.01-23.25.53:568][  0]LogConfig: Setting CVar [[r.SkyAtmosphere.AerialPerspectiveLUT.FastApplyOnOpaque:1 ; Always have FastSkyLUT 1 in this case to avoid wrong sky]]
[2024.12.01-23.25.53:568][  0]LogConfig: Setting CVar [[r.SkyAtmosphere.AerialPerspectiveLUT.SampleCountMaxPerSlice:4]]
[2024.12.01-23.25.53:568][  0]LogConfig: Setting CVar [[r.SkyAtmosphere.AerialPerspectiveLUT.DepthResolution:16.0]]
[2024.12.01-23.25.53:568][  0]LogConfig: Setting CVar [[r.SkyAtmosphere.FastSkyLUT:1]]
[2024.12.01-23.25.53:568][  0]LogConfig: Setting CVar [[r.SkyAtmosphere.FastSkyLUT.SampleCountMin:4.0]]
[2024.12.01-23.25.53:569][  0]LogConfig: Setting CVar [[r.SkyAtmosphere.FastSkyLUT.SampleCountMax:128.0]]
[2024.12.01-23.25.53:569][  0]LogConfig: Setting CVar [[r.SkyAtmosphere.SampleCountMin:4.0]]
[2024.12.01-23.25.53:569][  0]LogConfig: Setting CVar [[r.SkyAtmosphere.SampleCountMax:128.0]]
[2024.12.01-23.25.53:569][  0]LogConfig: Setting CVar [[r.SkyAtmosphere.TransmittanceLUT.UseSmallFormat:0]]
[2024.12.01-23.25.53:569][  0]LogConfig: Setting CVar [[r.SkyAtmosphere.TransmittanceLUT.SampleCount:10.0]]
[2024.12.01-23.25.53:570][  0]LogConfig: Setting CVar [[r.SkyAtmosphere.MultiScatteringLUT.SampleCount:15.0]]
[2024.12.01-23.25.53:570][  0]LogConfig: Setting CVar [[r.SkyLight.RealTimeReflectionCapture:1]]
[2024.12.01-23.25.53:570][  0]LogConfig: Applying CVar settings from Section [FoliageQuality@3] File [D:/Git/GameDevProject/Content/LAB1/LAB1/Saved/Config/Windows/Scalability.ini]
[2024.12.01-23.25.53:571][  0]LogConfig: Setting CVar [[foliage.DensityScale:1.0]]
[2024.12.01-23.25.53:571][  0]LogConfig: Setting CVar [[grass.DensityScale:1.0]]
[2024.12.01-23.25.53:571][  0]LogConfig: Applying CVar settings from Section [ShadingQuality@3] File [D:/Git/GameDevProject/Content/LAB1/LAB1/Saved/Config/Windows/Scalability.ini]
[2024.12.01-23.25.53:571][  0]LogConfig: Setting CVar [[r.HairStrands.SkyLighting.IntegrationType:2]]
[2024.12.01-23.25.53:571][  0]LogConfig: Setting CVar [[r.HairStrands.SkyAO.SampleCount:4]]
[2024.12.01-23.25.53:571][  0]LogConfig: Setting CVar [[r.HairStrands.Visibility.MSAA.SamplePerPixel:4]]
[2024.12.01-23.25.53:571][  0]LogInit: Selected Device Profile: [Windows]
[2024.12.01-23.25.53:571][  0]LogInit: Applying CVar settings loaded from the selected device profile: [Windows]
[2024.12.01-23.25.53:573][  0]LogHAL: Display: Platform has ~ 24 GB [25463480320 / 34359738368 / 24], which maps to Larger [LargestMinGB=32, LargerMinGB=12, DefaultMinGB=8, SmallerMinGB=6, SmallestMinGB=0)
[2024.12.01-23.25.53:573][  0]LogInit: Going up to parent DeviceProfile []
[2024.12.01-23.25.53:573][  0]LogConfig: Applying CVar settings from Section [ViewDistanceQuality@3] File [D:/Git/GameDevProject/Content/LAB1/LAB1/Saved/Config/Windows/Scalability.ini]
[2024.12.01-23.25.53:573][  0]LogConfig: Setting CVar [[r.SkeletalMeshLODBias:0]]
[2024.12.01-23.25.53:573][  0]LogConfig: Setting CVar [[r.ViewDistanceScale:1.0]]
[2024.12.01-23.25.53:573][  0]LogConfig: Applying CVar settings from Section [AntiAliasingQuality@3] File [D:/Git/GameDevProject/Content/LAB1/LAB1/Saved/Config/Windows/Scalability.ini]
[2024.12.01-23.25.53:574][  0]LogConfig: Setting CVar [[r.PostProcessAAQuality:4]]
[2024.12.01-23.25.53:574][  0]LogConfig: Applying CVar settings from Section [ShadowQuality@3] File [D:/Git/GameDevProject/Content/LAB1/LAB1/Saved/Config/Windows/Scalability.ini]
[2024.12.01-23.25.53:574][  0]LogConfig: Setting CVar [[r.LightFunctionQuality:1]]
[2024.12.01-23.25.53:574][  0]LogConfig: Setting CVar [[r.ShadowQuality:5]]
[2024.12.01-23.25.53:574][  0]LogConfig: Setting CVar [[r.Shadow.CSM.MaxCascades:10]]
[2024.12.01-23.25.53:574][  0]LogConfig: Setting CVar [[r.Shadow.MaxResolution:2048]]
[2024.12.01-23.25.53:574][  0]LogConfig: Setting CVar [[r.Shadow.MaxCSMResolution:2048]]
[2024.12.01-23.25.53:575][  0]LogConfig: Setting CVar [[r.Shadow.RadiusThreshold:0.01]]
[2024.12.01-23.25.53:575][  0]LogConfig: Setting CVar [[r.Shadow.DistanceScale:1.0]]
[2024.12.01-23.25.53:575][  0]LogConfig: Setting CVar [[r.Shadow.CSM.TransitionScale:1.0]]
[2024.12.01-23.25.53:575][  0]LogConfig: Setting CVar [[r.Shadow.PreShadowResolutionFactor:1.0]]
[2024.12.01-23.25.53:575][  0]LogConfig: Setting CVar [[r.DistanceFieldShadowing:1]]
[2024.12.01-23.25.53:575][  0]LogConfig: Setting CVar [[r.DistanceFieldAO:1]]
[2024.12.01-23.25.53:576][  0]LogConfig: Setting CVar [[r.AOQuality:2]]
[2024.12.01-23.25.53:576][  0]LogConfig: Setting CVar [[r.VolumetricFog:1]]
[2024.12.01-23.25.53:576][  0]LogConfig: Setting CVar [[r.VolumetricFog.GridPixelSize:8]]
[2024.12.01-23.25.53:576][  0]LogConfig: Setting CVar [[r.VolumetricFog.GridSizeZ:128]]
[2024.12.01-23.25.53:576][  0]LogConfig: Setting CVar [[r.VolumetricFog.HistoryMissSupersampleCount:4]]
[2024.12.01-23.25.53:577][  0]LogConfig: Setting CVar [[r.LightMaxDrawDistanceScale:1]]
[2024.12.01-23.25.53:577][  0]LogConfig: Setting CVar [[r.CapsuleShadows:1]]
[2024.12.01-23.25.53:577][  0]LogConfig: Applying CVar settings from Section [PostProcessQuality@3] File [D:/Git/GameDevProject/Content/LAB1/LAB1/Saved/Config/Windows/Scalability.ini]
[2024.12.01-23.25.53:577][  0]LogConfig: Setting CVar [[r.MotionBlurQuality:4]]
[2024.12.01-23.25.53:577][  0]LogConfig: Setting CVar [[r.AmbientOcclusionMipLevelFactor:0.4]]
[2024.12.01-23.25.53:577][  0]LogConfig: Setting CVar [[r.AmbientOcclusionMaxQuality:100]]
[2024.12.01-23.25.53:578][  0]LogConfig: Setting CVar [[r.AmbientOcclusionLevels:-1]]
[2024.12.01-23.25.53:580][  0]LogConfig: Setting CVar [[r.AmbientOcclusionRadiusScale:1.0]]
[2024.12.01-23.25.53:581][  0]LogConfig: Setting CVar [[r.DepthOfFieldQuality:2]]
[2024.12.01-23.25.53:581][  0]LogConfig: Setting CVar [[r.RenderTargetPoolMin:400]]
[2024.12.01-23.25.53:581][  0]LogConfig: Setting CVar [[r.LensFlareQuality:2]]
[2024.12.01-23.25.53:581][  0]LogConfig: Setting CVar [[r.SceneColorFringeQuality:1]]
[2024.12.01-23.25.53:582][  0]LogConfig: Setting CVar [[r.EyeAdaptationQuality:2]]
[2024.12.01-23.25.53:582][  0]LogConfig: Setting CVar [[r.BloomQuality:5]]
[2024.12.01-23.25.53:582][  0]LogConfig: Setting CVar [[r.FastBlurThreshold:100]]
[2024.12.01-23.25.53:582][  0]LogConfig: Setting CVar [[r.Upscale.Quality:3]]
[2024.12.01-23.25.53:583][  0]LogConfig: Setting CVar [[r.Tonemapper.GrainQuantization:1]]
[2024.12.01-23.25.53:583][  0]LogConfig: Setting CVar [[r.LightShaftQuality:1]]
[2024.12.01-23.25.53:583][  0]LogConfig: Setting CVar [[r.Filter.SizeScale:1]]
[2024.12.01-23.25.53:583][  0]LogConfig: Setting CVar [[r.Tonemapper.Quality:5]]
[2024.12.01-23.25.53:583][  0]LogConfig: Setting CVar [[r.DOF.Gather.AccumulatorQuality:1        ; higher gathering accumulator quality]]
[2024.12.01-23.25.53:584][  0]LogConfig: Setting CVar [[r.DOF.Gather.PostfilterMethod:1          ; Median3x3 postfilering method]]
[2024.12.01-23.25.53:584][  0]LogConfig: Setting CVar [[r.DOF.Gather.EnableBokehSettings:0       ; no bokeh simulation when gathering]]
[2024.12.01-23.25.53:584][  0]LogConfig: Setting CVar [[r.DOF.Gather.RingCount:4                 ; medium number of samples when gathering]]
[2024.12.01-23.25.53:584][  0]LogConfig: Setting CVar [[r.DOF.Scatter.ForegroundCompositing:1    ; additive foreground scattering]]
[2024.12.01-23.25.53:584][  0]LogConfig: Setting CVar [[r.DOF.Scatter.BackgroundCompositing:2    ; additive background scattering]]
[2024.12.01-23.25.53:584][  0]LogConfig: Setting CVar [[r.DOF.Scatter.EnableBokehSettings:1      ; bokeh simulation when scattering]]
[2024.12.01-23.25.53:585][  0]LogConfig: Setting CVar [[r.DOF.Scatter.MaxSpriteRatio:0.1         ; only a maximum of 10% of scattered bokeh]]
[2024.12.01-23.25.53:585][  0]LogConfig: Setting CVar [[r.DOF.Recombine.Quality:1                ; cheap slight out of focus]]
[2024.12.01-23.25.53:585][  0]LogConfig: Setting CVar [[r.DOF.Recombine.EnableBokehSettings:0    ; no bokeh simulation on slight out of focus]]
[2024.12.01-23.25.53:585][  0]LogConfig: Setting CVar [[r.DOF.TemporalAAQuality:1                ; more stable temporal accumulation]]
[2024.12.01-23.25.53:585][  0]LogConfig: Setting CVar [[r.DOF.Kernel.MaxForegroundRadius:0.025]]
[2024.12.01-23.25.53:585][  0]LogConfig: Setting CVar [[r.DOF.Kernel.MaxBackgroundRadius:0.025]]
[2024.12.01-23.25.53:586][  0]LogConfig: Applying CVar settings from Section [TextureQuality@3] File [D:/Git/GameDevProject/Content/LAB1/LAB1/Saved/Config/Windows/Scalability.ini]
[2024.12.01-23.25.53:586][  0]LogConfig: Setting CVar [[r.Streaming.MipBias:0]]
[2024.12.01-23.25.53:586][  0]LogConfig: Setting CVar [[r.Streaming.AmortizeCPUToGPUCopy:0]]
[2024.12.01-23.25.53:586][  0]LogConfig: Setting CVar [[r.Streaming.MaxNumTexturesToStreamPerFrame:0]]
[2024.12.01-23.25.53:587][  0]LogConfig: Setting CVar [[r.Streaming.Boost:1]]
[2024.12.01-23.25.53:587][  0]LogConfig: Setting CVar [[r.MaxAnisotropy:8]]
[2024.12.01-23.25.53:587][  0]LogConfig: Setting CVar [[r.VT.MaxAnisotropy:8]]
[2024.12.01-23.25.53:587][  0]LogConfig: Setting CVar [[r.Streaming.LimitPoolSizeToVRAM:0]]
[2024.12.01-23.25.53:587][  0]LogConfig: Setting CVar [[r.Streaming.PoolSize:1000]]
[2024.12.01-23.25.53:587][  0]LogConfig: Setting CVar [[r.Streaming.MaxEffectiveScreenSize:0]]
[2024.12.01-23.25.53:588][  0]LogConfig: Applying CVar settings from Section [EffectsQuality@3] File [D:/Git/GameDevProject/Content/LAB1/LAB1/Saved/Config/Windows/Scalability.ini]
[2024.12.01-23.25.53:588][  0]LogConfig: Setting CVar [[r.TranslucencyLightingVolumeDim:64]]
[2024.12.01-23.25.53:588][  0]LogConfig: Setting CVar [[r.RefractionQuality:2]]
[2024.12.01-23.25.53:588][  0]LogConfig: Setting CVar [[r.SSR.Quality:3]]
[2024.12.01-23.25.53:588][  0]LogConfig: Setting CVar [[r.SSR.HalfResSceneColor:0]]
[2024.12.01-23.25.53:588][  0]LogConfig: Setting CVar [[r.SceneColorFormat:4]]
[2024.12.01-23.25.53:589][  0]LogConfig: Setting CVar [[r.DetailMode:2]]
[2024.12.01-23.25.53:589][  0]LogConfig: Setting CVar [[r.TranslucencyVolumeBlur:1]]
[2024.12.01-23.25.53:589][  0]LogConfig: Setting CVar [[r.MaterialQualityLevel:1 ; High quality]]
[2024.12.01-23.25.53:589][  0]LogConfig: Setting CVar [[r.AnisotropicMaterials:1]]
[2024.12.01-23.25.53:589][  0]LogConfig: Setting CVar [[r.SSS.Scale:1]]
[2024.12.01-23.25.53:590][  0]LogConfig: Setting CVar [[r.SSS.SampleSet:2]]
[2024.12.01-23.25.53:590][  0]LogConfig: Setting CVar [[r.SSS.Quality:1]]
[2024.12.01-23.25.53:590][  0]LogConfig: Setting CVar [[r.SSS.HalfRes:0]]
[2024.12.01-23.25.53:590][  0]LogConfig: Setting CVar [[r.SSGI.Quality:3]]
[2024.12.01-23.25.53:590][  0]LogConfig: Setting CVar [[r.EmitterSpawnRateScale:1.0]]
[2024.12.01-23.25.53:591][  0]LogConfig: Setting CVar [[r.ParticleLightQuality:2]]
[2024.12.01-23.25.53:591][  0]LogConfig: Setting CVar [[r.SkyAtmosphere.AerialPerspectiveLUT.FastApplyOnOpaque:1 ; Always have FastSkyLUT 1 in this case to avoid wrong sky]]
[2024.12.01-23.25.53:591][  0]LogConfig: Setting CVar [[r.SkyAtmosphere.AerialPerspectiveLUT.SampleCountMaxPerSlice:4]]
[2024.12.01-23.25.53:591][  0]LogConfig: Setting CVar [[r.SkyAtmosphere.AerialPerspectiveLUT.DepthResolution:16.0]]
[2024.12.01-23.25.53:591][  0]LogConfig: Setting CVar [[r.SkyAtmosphere.FastSkyLUT:1]]
[2024.12.01-23.25.53:591][  0]LogConfig: Setting CVar [[r.SkyAtmosphere.FastSkyLUT.SampleCountMin:4.0]]
[2024.12.01-23.25.53:592][  0]LogConfig: Setting CVar [[r.SkyAtmosphere.FastSkyLUT.SampleCountMax:128.0]]
[2024.12.01-23.25.53:592][  0]LogConfig: Setting CVar [[r.SkyAtmosphere.SampleCountMin:4.0]]
[2024.12.01-23.25.53:592][  0]LogConfig: Setting CVar [[r.SkyAtmosphere.SampleCountMax:128.0]]
[2024.12.01-23.25.53:592][  0]LogConfig: Setting CVar [[r.SkyAtmosphere.TransmittanceLUT.UseSmallFormat:0]]
[2024.12.01-23.25.53:592][  0]LogConfig: Setting CVar [[r.SkyAtmosphere.TransmittanceLUT.SampleCount:10.0]]
[2024.12.01-23.25.53:593][  0]LogConfig: Setting CVar [[r.SkyAtmosphere.MultiScatteringLUT.SampleCount:15.0]]
[2024.12.01-23.25.53:596][  0]LogConfig: Setting CVar [[r.SkyLight.RealTimeReflectionCapture:1]]
[2024.12.01-23.25.53:597][  0]LogConfig: Applying CVar settings from Section [FoliageQuality@3] File [D:/Git/GameDevProject/Content/LAB1/LAB1/Saved/Config/Windows/Scalability.ini]
[2024.12.01-23.25.53:598][  0]LogConfig: Setting CVar [[foliage.DensityScale:1.0]]
[2024.12.01-23.25.53:598][  0]LogConfig: Setting CVar [[grass.DensityScale:1.0]]
[2024.12.01-23.25.53:598][  0]LogConfig: Applying CVar settings from Section [ShadingQuality@3] File [D:/Git/GameDevProject/Content/LAB1/LAB1/Saved/Config/Windows/Scalability.ini]
[2024.12.01-23.25.53:598][  0]LogConfig: Setting CVar [[r.HairStrands.SkyLighting.IntegrationType:2]]
[2024.12.01-23.25.53:598][  0]LogConfig: Setting CVar [[r.HairStrands.SkyAO.SampleCount:4]]
[2024.12.01-23.25.53:599][  0]LogConfig: Setting CVar [[r.HairStrands.Visibility.MSAA.SamplePerPixel:4]]
[2024.12.01-23.25.53:599][  0]LogConfig: Applying CVar settings from Section [Startup] File [../../../Engine/Config/ConsoleVariables.ini]
[2024.12.01-23.25.53:599][  0]LogConfig: Setting CVar [[net.UseAdaptiveNetUpdateFrequency:0]]
[2024.12.01-23.25.53:599][  0]LogConfig: Setting CVar [[p.chaos.AllowCreatePhysxBodies:1]]
[2024.12.01-23.25.53:599][  0]LogConfig: Setting CVar [[fx.SkipVectorVMBackendOptimizations:1]]
[2024.12.01-23.25.53:600][  0]LogConfig: Applying CVar settings from Section [ConsoleVariables] File [D:/Git/GameDevProject/Content/LAB1/LAB1/Saved/Config/Windows/Engine.ini]
[2024.12.01-23.25.53:600][  0]LogConfig: Applying CVar settings from Section [ConsoleVariables] File [D:/Git/GameDevProject/Content/LAB1/LAB1/Saved/Config/Windows/Editor.ini]
[2024.12.01-23.25.53:600][  0]LogInit: Computer: DESKTOP-OQ7SUMD
[2024.12.01-23.25.53:600][  0]LogInit: User: SerTitan
[2024.12.01-23.25.53:600][  0]LogInit: CPU Page size=4096, Cores=14
[2024.12.01-23.25.53:601][  0]LogInit: High frequency timer resolution =10.000000 MHz
[2024.12.01-23.25.53:601][  0]LogMemory: Memory total: Physical=23.7GB (24GB approx)
[2024.12.01-23.25.53:601][  0]LogMemory: Platform Memory Stats for Windows
[2024.12.01-23.25.53:601][  0]LogMemory: Process Physical Memory: 138.71 MB used, 138.71 MB peak
[2024.12.01-23.25.53:602][  0]LogMemory: Process Virtual Memory: 119.63 MB used, 119.63 MB peak
[2024.12.01-23.25.53:602][  0]LogMemory: Physical Memory: 14255.74 MB used,  10028.13 MB free, 24283.87 MB total
[2024.12.01-23.25.53:602][  0]LogMemory: Virtual Memory: 134212936.00 MB used,  4792.95 MB free, 134217728.00 MB total
[2024.12.01-23.25.53:605][  0]LogWindows: WindowsPlatformFeatures disabled or dedicated server build
[2024.12.01-23.25.53:628][  0]LogInit: Physics initialised using underlying interface: PhysX
[2024.12.01-23.25.53:628][  0]LogInit: Using OS detected language (ru-RU).
[2024.12.01-23.25.53:629][  0]LogInit: Using OS detected locale (ru-RU).
[2024.12.01-23.25.53:629][  0]LogTextLocalizationManager: No specific localization for 'ru-RU' exists, so the 'ru' localization will be used.
[2024.12.01-23.25.53:630][  0]LogTextLocalizationResource: LocRes '../../../Engine/Content/Localization/Editor/ru/Editor.locres' could not be opened for reading!
[2024.12.01-23.25.53:630][  0]LogTextLocalizationResource: LocRes '../../../Engine/Content/Localization/EditorTutorials/ru/EditorTutorials.locres' could not be opened for reading!
[2024.12.01-23.25.53:631][  0]LogTextLocalizationResource: LocRes '../../../Engine/Content/Localization/Keywords/ru/Keywords.locres' could not be opened for reading!
[2024.12.01-23.25.53:631][  0]LogTextLocalizationResource: LocRes '../../../Engine/Content/Localization/Category/ru/Category.locres' could not be opened for reading!
[2024.12.01-23.25.53:631][  0]LogTextLocalizationResource: LocRes '../../../Engine/Content/Localization/ToolTips/ru/ToolTips.locres' could not be opened for reading!
[2024.12.01-23.25.53:633][  0]LogTextLocalizationResource: LocRes '../../../Engine/Content/Localization/PropertyNames/ru/PropertyNames.locres' could not be opened for reading!
[2024.12.01-23.25.53:633][  0]LogTextLocalizationResource: LocRes '../../../Engine/Content/Localization/Engine/ru/Engine.locres' could not be opened for reading!
[2024.12.01-23.25.53:814][  0]LogTargetPlatformManager: Display: Loaded TargetPlatform 'WindowsNoEditor'
[2024.12.01-23.25.53:816][  0]LogTargetPlatformManager: Display: Loaded TargetPlatform 'Windows'
[2024.12.01-23.25.53:818][  0]LogTargetPlatformManager: Display: Loaded TargetPlatform 'WindowsClient'
[2024.12.01-23.25.53:820][  0]LogTargetPlatformManager: Display: Loaded TargetPlatform 'WindowsServer'
[2024.12.01-23.25.53:820][  0]LogTargetPlatformManager: Display: Building Assets For Windows
[2024.12.01-23.25.53:822][  0]LogAudioDebug: Display: Lib vorbis DLL was dynamically loaded.
[2024.12.01-23.25.53:829][  0]LogTextureFormatOodle: Display: Oodle Texture 2.9.0 init RDO Off
[2024.12.01-23.25.53:837][  0]LogRendererCore: Ray tracing is disabled. Reason: r.RayTracing=0.
[2024.12.01-23.25.53:837][  0]LogShaderCompilers: Guid format shader working directory is -3 characters bigger than the processId version (../../../../../Git/GameDevProject/Content/LAB1/LAB1/Intermediate/Shaders/WorkingDirectory/14824/).
[2024.12.01-23.25.53:838][  0]LogShaderCompilers: Cleaned the shader compiler working directory 'C:/Users/SerTitan/AppData/Local/Temp/UnrealShaderWorkingDir/4A68E99C4A4D48B579095D9BF793A174/'.
[2024.12.01-23.25.53:838][  0]LogXGEController: Cannot use XGE Controller as Incredibuild is not installed on this machine.
[2024.12.01-23.25.53:838][  0]LogShaderCompilers: Cannot use XGE Shader Compiler as Incredibuild is not installed on this machine.
[2024.12.01-23.25.53:838][  0]LogShaderCompilers: Display: Using Local Shader Compiler.
[2024.12.01-23.25.54:236][  0]LogDerivedDataCache: Display: Max Cache Size: 512 MB
[2024.12.01-23.25.54:286][  0]LogDerivedDataCache: Loaded boot cache 0.05s 94MB C:/Users/SerTitan/AppData/Local/UnrealEngine/4.27/DerivedDataCache/Boot.ddc.
[2024.12.01-23.25.54:286][  0]LogDerivedDataCache: Display: Loaded Boot cache: C:/Users/SerTitan/AppData/Local/UnrealEngine/4.27/DerivedDataCache/Boot.ddc
[2024.12.01-23.25.54:286][  0]LogDerivedDataCache: FDerivedDataBackendGraph:  Pak pak cache file ../../../../../Git/GameDevProject/Content/LAB1/LAB1/DerivedDataCache/DDC.ddp not found, will not use a pak cache.
[2024.12.01-23.25.54:286][  0]LogDerivedDataCache: Unable to find inner node Pak for hierarchical cache Hierarchy.
[2024.12.01-23.25.54:287][  0]LogDerivedDataCache: FDerivedDataBackendGraph:  CompressedPak pak cache file ../../../../../Git/GameDevProject/Content/LAB1/LAB1/DerivedDataCache/Compressed.ddp not found, will not use a pak cache.
[2024.12.01-23.25.54:287][  0]LogDerivedDataCache: Unable to find inner node CompressedPak for hierarchical cache Hierarchy.
[2024.12.01-23.25.54:301][  0]LogDerivedDataCache: Display: Pak cache opened for reading ../../../Engine/DerivedDataCache/Compressed.ddp.
[2024.12.01-23.25.54:301][  0]LogDerivedDataCache: FDerivedDataBackendGraph:  EnterprisePak pak cache file ../../../Enterprise/DerivedDataCache/Compressed.ddp not found, will not use a pak cache.
[2024.12.01-23.25.54:301][  0]LogDerivedDataCache: Unable to find inner node EnterprisePak for hierarchical cache Hierarchy.
[2024.12.01-23.25.54:312][  0]LogDerivedDataCache: Speed tests for C:/Users/SerTitan/AppData/Local/UnrealEngine/Common/DerivedDataCache took 0.01 seconds
[2024.12.01-23.25.54:312][  0]LogDerivedDataCache: Display: Performance to C:/Users/SerTitan/AppData/Local/UnrealEngine/Common/DerivedDataCache: Latency=0.02ms. RandomReadSpeed=1869.47MBs, RandomWriteSpeed=116.34MBs. Assigned SpeedClass 'Local'
[2024.12.01-23.25.54:313][  0]LogDerivedDataCache: Using Local data cache path C:/Users/SerTitan/AppData/Local/UnrealEngine/Common/DerivedDataCache: Writable
[2024.12.01-23.25.54:314][  0]LogDerivedDataCache: Shared data cache path not found in *engine.ini, will not use an Shared cache.
[2024.12.01-23.25.54:314][  0]LogDerivedDataCache: Unable to find inner node Shared for hierarchical cache Hierarchy.
[2024.12.01-23.25.54:317][  0]LogInit: Using OS detected language (ru-RU).
[2024.12.01-23.25.54:317][  0]LogInit: Using OS detected locale (ru-RU).
[2024.12.01-23.25.54:317][  0]LogTextLocalizationManager: No localization for 'ru-RU' exists, so 'en' will be used for the language.
[2024.12.01-23.25.54:318][  0]LogTextLocalizationManager: No localization for 'ru-RU' exists, so 'en' will be used for the locale.
[2024.12.01-23.25.54:320][  0]LogAssetRegistry: FAssetRegistry took 0.0012 seconds to start up
[2024.12.01-23.25.54:439][  0]LogTextLocalizationManager: Compacting localization data took   0.00ms
[2024.12.01-23.25.54:440][  0]LogPackageLocalizationCache: Processed 27 localized package path(s) for 1 prioritized culture(s) in 0.000516 seconds
[2024.12.01-23.25.54:499][  0]LogInit: Selected Device Profile: [Windows]
[2024.12.01-23.25.54:499][  0]LogInit: Active device profile: [0000024728264F00][00000247231C0840 49] Windows
[2024.12.01-23.25.54:499][  0]LogInit: Profiles: [0000024728264F00][00000247231C0840 49] Windows, [000002472825E500][0000024723DC6B00 49] WindowsNoEditor, [0000024728264500][0000024723DCADC0 49] WindowsServer, [000002472825FF00][0000024723DCF080 49] WindowsClient, [0000024728264B00][0000024723DD3340 49] IOS, [000002472825C900][0000024723DD7600 49] iPadAir, [0000024728264800][0000024723DDB8C0 49] iPadAir2, [0000024728210500][0000024723DF0240 49] IPadPro, [0000024728210600][0000024723DDE280 49] iPadAir3, [00000247282D4F00][00000247231C4500 49] iPadAir4, [0000024728213900][0000024723DE87C0 49] iPadMini2, [0000024728267600][0000024723DFAA80 49] iPadMini3, [0000024728213F00][0000024723DFED40 49] iPadMini4, [0000024728267400][0000024723E03000 49] iPadMini5, [000002472823D400][0000024723E17540 49] iPhone6, [000002472823D500][0000024723E07580 49] iPodTouch6, [000002472828A100][0000024723E1FAC0 49] iPhone7, [000002472828A200][0000024723E0FB00 49] iPodTouch7, [000002472823E400][0000024723E12240 49] iPhone5S, [000002472828B200][0000024723DEC4C0 49] iPhone6Plus, [000002472823E200][0000024723E0A740 49] iPhone6S, [000002472828AD00][0000024723E22A00 49] iPhone6SPlus, [000002472823C100][0000024723E26CC0 49] iPhone7Plus, [0000024728288100][0000024723E2AF80 49] iPhoneSE, [000002472823EA00][0000024723E2F240 49] iPhone8, [000002472828B700][0000024723E33500 49] iPhone8Plus, [000002472823E700][0000024723E377C0 49] iPhoneX, [000002472828A300][0000024723E3BA80 49] iPhoneXS, [000002472823FA00][0000024723E3E1C0 49] iPhoneXSMax, [0000024728289800][0000024723E42480 49] iPhoneXR, [000002472823D800][0000024723E1A700 49] iPhone11, [000002472828AC00][0000024723E46980 49] iPhone11Pro, [000002472823FC00][0000024723E4EC40 49] iPhone11ProMax, [0000024728289600][0000024723E52F00 49] iPhoneSE2, [000002472823D100][0000024723E571C0 49] iPhone12Mini, [0000024728289200][0000024723E5B480 49] iPhone12, [000002472823FE00][0000024723E5F740 49] iPhone12Pro, [0000024728289400][0000024723E63A00 49] iPhone12ProMax, [000002472823D300][0000024723E66140 49] iPadPro105, [0000024728288F00][0000024723E6A400 49] iPadPro129, [000002472823F800][0000024723E6E6C0 49] iPadPro97, [0000024728289F00][0000024723E4A940 49] iPadPro2_129, [000002472823FB00][0000024723E72BC0 49] iPad5, [0000024728289000][0000024723E7AE80 49] iPad6, [000002472823F100][0000024723E7F140 49] iPad7, [0000024728289D00][0000024723E83400 49] iPad8, [000002472823C900][0000024723E876C0 49] iPadPro11, [0000024728289B00][0000024723E8B980 49] iPadPro2_11, [000002472823CA00][0000024723E8E0C0 49] iPadPro3_129, [000002472828B000][0000024723E92380 49] iPadPro4_129, [000002472823F000][0000024723E96640 49] AppleTV, [0000024728289300][0000024723E9A900 49] AppleTV4K, [000002472823F400][0000024723E76B80 49] TVOS, [0000024728289500][0000024723E9EE00 49] Mac, [000002472823D200][0000024723EA70C0 49] MacClient, [000002472828BD00][0000024723EAB380 49] MacNoEditor, [000002472823F500][0000024723EAF640 49] MacServer, [0000024728211300][0000024723EB3900 49] Linux, [000002472825CE00][0000024723EB7BC0 49] LinuxAArch64, [0000024728212400][0000024723EBA300 49] LinuxNoEditor, [000002472825EC00][00000247284405C0 49] LinuxAArch64NoEditor, [0000024728210900][0000024728444880 49] LinuxClient, [000002472825E200][0000024728448B40 49] LinuxAArch64Client, [0000024728213200][0000024723EA2DC0 49] LinuxServer, [000002472825E800][000002472844D040 49] LinuxAArch64Server, [0000024728212B00][0000024728455300 49] Android, [000002472825D700][00000247284595C0 49] Android_Low, [0000024728211000][000002472845D880 49] Android_Mid, [000002472825C400][0000024728461B40 49] Android_High, [0000024728213C00][0000024728464280 49] Android_Default, [000002472825D000][0000024728468540 49] Android_Adreno4xx, [0000024728213000][000002472846C800 49] Android_Adreno5xx_Low, [000002472825D600][0000024728470AC0 49] Android_Adreno5xx, [0000024728210300][0000024728474D80 49] Android_Adreno6xx, [000002472825E000][0000024728451000 49] Android_Adreno6xx_Vulkan, [0000024728210700][000002472847D2C0 49] Android_Mali_T6xx, [000002472825DF00][0000024728481580 49] Android_Mali_T7xx, [0000024728212800][0000024728485840 49] Android_Mali_T8xx, [000002472823D900][0000024728489B00 49] Android_Mali_G71, [0000024728213400][000002472848C240 49] Android_Mali_G72, [000002472823DB00][0000024728490500 49] Android_Mali_G72_Vulkan, [0000024728212600][00000247284947C0 49] Android_Mali_G76, [000002472823C700][0000024728498A80 49] Android_Mali_G76_Vulkan, [0000024728213E00][000002472849CD40 49] Android_Mali_G77, [000002472823DA00][0000024728478FC0 49] Android_Mali_G77_Vulkan, [0000024728212D00][00000247284A1240 49] Android_Mali_G78, [000002472823F700][00000247284A9500 49] Android_Mali_G78_Vulkan, [0000024728211900][00000247284AD7C0 49] Android_Mali_G710, [000002472823EB00][00000247284B1A80 49] Android_Mali_G710_Vulkan, [0000024728210100][00000247284B41C0 49] Android_Vulkan_SM5, [000002472823ED00][00000247284B8480 49] Android_PowerVR_G6xxx, [0000024728210D00][00000247284BC740 49] Android_PowerVR_GT7xxx, [000002472823E300][00000247284C0A00 49] Android_PowerVR_GE8xxx, [0000024728213600][00000247284C4CC0 49] Android_PowerVR_GM9xxx, [000002472823D600][00000247284C8F80 49] Android_PowerVR_GM9xxx_Vulkan, [0000024728210E00][00000247284A5200 49] Android_TegraK1, [000002472823D700][00000247284CD480 49] Android_Unknown_Vulkan, [0000024728211C00][00000247284D5740 49] Lumin, [000002472823F600][00000247284D9A00 49] Lumin_Desktop, [0000024728211800][00000247284DC140 49] HoloLens, 
[2024.12.01-23.25.54:528][  0]LogMeshReduction: Using QuadricMeshReduction for automatic static mesh reduction
[2024.12.01-23.25.54:528][  0]LogMeshReduction: Using SimplygonMeshReduction for automatic skeletal mesh reduction
[2024.12.01-23.25.54:529][  0]LogMeshReduction: Using ProxyLODMeshReduction for automatic mesh merging
[2024.12.01-23.25.54:529][  0]LogMeshReduction: No distributed automatic mesh merging module available
[2024.12.01-23.25.54:529][  0]LogMeshMerging: No distributed automatic mesh merging module available
[2024.12.01-23.25.54:538][  0]LogNetVersion: LAB1 1.0.0, NetCL: 17155196, EngineNetVer: 17, GameNetVer: 0 (Checksum: 1850865669)
[2024.12.01-23.25.54:603][  0]LogTexture: Default maximum texture size for cubemaps generated from long-lat sources has been changed from 512 to unlimited. In order to preserve old behaiour for '/Engine/MapTemplates/Sky/DaylightAmbientCubemap.DaylightAmbientCubemap', its maximum texture size has been explicitly set to 512.
[2024.12.01-23.25.54:614][  0]LogHMD: PokeAHoleMaterial loaded successfully
[2024.12.01-23.25.54:721][  0]LogPython: Using Python 3.7.7
[2024.12.01-23.25.55:024][  0]LogNiagaraDebuggerClient: Niagara Debugger Client Initialized | Session: 19AA424944B2C0C332FC61B1A5E6190A | Instance: 23AFFB484BC44179852F439F58AABA88 (DESKTOP-OQ7SUMD-14824).
[2024.12.01-23.25.55:037][  0]LogCollectionManager: Loaded 0 collections in 0.000518 seconds
[2024.12.01-23.25.55:039][  0]LogFileCache: Scanning file cache for directory 'D:/Git/GameDevProject/Content/LAB1/LAB1/Saved/Collections/' took 0.00s
[2024.12.01-23.25.55:040][  0]LogFileCache: Scanning file cache for directory 'D:/Git/GameDevProject/Content/LAB1/LAB1/Content/Developers/SerTitan/Collections/' took 0.00s
[2024.12.01-23.25.55:040][  0]LogFileCache: Scanning file cache for directory 'D:/Git/GameDevProject/Content/LAB1/LAB1/Content/Collections/' took 0.00s
[2024.12.01-23.25.55:040][  0]LogCollectionManager: Fixed up redirectors for 0 collections in 0.000001 seconds (updated 0 objects)
[2024.12.01-23.25.55:118][  0]LogTcpMessaging: Initializing TcpMessaging bridge
[2024.12.01-23.25.55:121][  0]LogUdpMessaging: Initializing bridge on interface 0.0.0.0:0 to multicast group 230.0.0.1:6666.
[2024.12.01-23.25.55:185][  0]SourceControl: Source control is disabled
[2024.12.01-23.25.55:185][  0]SourceControl: Source control is disabled
[2024.12.01-23.25.55:188][  0]SourceControl: Source control is disabled
[2024.12.01-23.25.55:192][  0]LogUProjectInfo: Found projects:
[2024.12.01-23.25.55:200][  0]LogVSAccessor: Display: Unable to create Visual Studio setup instance: 80040154
[2024.12.01-23.25.55:200][  0]LogVSAccessor: Display: Unable to create Visual Studio setup instance: 80040154
[2024.12.01-23.25.55:200][  0]LogVSAccessor: Display: Unable to create Visual Studio setup instance: 80040154
[2024.12.01-23.25.55:257][  0]LogOpenImageDenoise: OIDN starting up
[2024.12.01-23.25.55:290][  0]LogAndroidPermission: UAndroidPermissionCallbackProxy::GetInstance
[2024.12.01-23.25.55:311][  0]LogAudioCaptureCore: Display: No Audio Capture implementations found. Audio input will be silent.
[2024.12.01-23.25.55:311][  0]LogAudioCaptureCore: Display: No Audio Capture implementations found. Audio input will be silent.
[2024.12.01-23.25.55:361][  0]LogOcInput: OculusInput pre-init called
[2024.12.01-23.25.55:367][  0]LogUObjectArray: 21886 objects as part of root set at end of initial load.
[2024.12.01-23.25.55:368][  0]LogUObjectAllocator: 5893904 out of 0 bytes used by permanent object pool.
[2024.12.01-23.25.55:368][  0]LogUObjectArray: CloseDisregardForGC: 0/0 objects in disregard for GC pool
[2024.12.01-23.25.55:397][  0]LogEngine: Initializing Engine...
[2024.12.01-23.25.55:398][  0]LogStats: UGameplayTagsManager::InitializeManager -  0.000 s
[2024.12.01-23.25.55:406][  0]LogInit: Initializing FReadOnlyCVARCache
[2024.12.01-23.25.55:406][  0]LogNetVersion: Set ProjectVersion to 1.0.0.0. Version Checksum will be recalculated on next use.
[2024.12.01-23.25.55:407][  0]LogInit: Texture streaming: Disabled
[2024.12.01-23.25.55:431][  0]LogInit: Display: Game Engine Initialized.
[2024.12.01-23.25.55:431][  0]LogNiagaraEditor: GEditor isn't valid! Particle reset commands will not work for Niagara components!
[2024.12.01-23.25.55:473][  0]LogInit: Display: Starting Game.
[2024.12.01-23.25.55:473][  0]LogNet: Browse: /Game/ThirdPersonBP/Maps/ThirdPersonExampleMap?Name=Player
[2024.12.01-23.25.55:473][  0]LogLoad: LoadMap: /Game/ThirdPersonBP/Maps/ThirdPersonExampleMap?Name=Player
[2024.12.01-23.25.55:474][  0]LogWorld: BeginTearingDown for /Temp/Untitled_0
[2024.12.01-23.25.55:475][  0]LogWorld: UWorld::CleanupWorld for Untitled, bSessionEnded=true, bCleanupResources=true
[2024.12.01-23.25.55:481][  0]LogUObjectHash: Compacting FUObjectHashTables data took   0.50ms
[2024.12.01-23.25.55:641][  0]LogAIModule: Creating AISystem for world ThirdPersonExampleMap
[2024.12.01-23.25.55:644][  0]LogLoad: Game class is 'MyGameMode_C'
[2024.12.01-23.25.55:644][  0]LogNet: ReplicationDriverClass is null! Not using ReplicationDriver.
[2024.12.01-23.25.55:644][  0]LogNetCore: DDoS detection status: detection enabled: 0 analytics enabled: 0
[2024.12.01-23.25.55:645][  0]LogInit: WinSock: Socket queue. Rx: 131072 (config 131072) Tx: 131072 (config 131072)
[2024.12.01-23.25.55:645][  0]LogNet: Created socket for bind address: 0.0.0.0 on port 17777
[2024.12.01-23.25.55:645][  0]PacketHandlerLog: Loaded PacketHandler component: Engine.EngineHandlerComponentFactory (StatelessConnectHandlerComponent)
[2024.12.01-23.25.55:645][  0]LogNet: GameNetDriver IpNetDriver_0 IpNetDriver listening on port 17777
[2024.12.01-23.25.55:647][  0]LogWorld: Bringing World /Game/ThirdPersonBP/Maps/ThirdPersonExampleMap.ThirdPersonExampleMap up for play (max tick rate 30) at 2024.12.02-02.25.55
[2024.12.01-23.25.55:648][  0]LogWorld: Bringing up level for play took: 0.002466
[2024.12.01-23.25.55:648][  0]LogLoad: Took 0.174884 seconds to LoadMap(/Game/ThirdPersonBP/Maps/ThirdPersonExampleMap)
[2024.12.01-23.25.55:657][  0]LogInit: Display: Engine is initialized. Leaving FEngineLoop::Init()
[2024.12.01-23.25.55:657][  0]LogLoad: (Engine Initialization) Total time: 3.37 seconds
[2024.12.01-23.25.55:657][  0]LogLoad: (Engine Initialization) Total Blueprint compile time: 0.00 seconds
[2024.12.01-23.25.56:857][ 35]LogNet: NotifyAcceptingConnection accepted from: 127.0.0.1:54476
[2024.12.01-23.25.56:857][ 35]LogHandshake: SendConnectChallenge. Timestamp: 1.198731, Cookie: 101022053237152123001027046125040228171005241000080103215057
[2024.12.01-23.25.56:890][ 36]LogNet: NotifyAcceptingConnection accepted from: 127.0.0.1:54476
[2024.12.01-23.25.56:891][ 36]LogHandshake: SendChallengeAck. InCookie: 101022053237152123001027046125040228171005241000080103215057
[2024.12.01-23.25.56:891][ 36]LogNet: Server accepting post-challenge connection from: 127.0.0.1:54476
[2024.12.01-23.25.56:893][ 36]PacketHandlerLog: Loaded PacketHandler component: Engine.EngineHandlerComponentFactory (StatelessConnectHandlerComponent)
[2024.12.01-23.25.56:893][ 36]LogNet: NotifyAcceptedConnection: Name: ThirdPersonExampleMap, TimeStamp: 12/02/24 02:25:56, [UNetConnection] RemoteAddr: 127.0.0.1:54476, Name: IpConnection_0, Driver: GameNetDriver IpNetDriver_0, IsServer: YES, PC: NULL, Owner: NULL, UniqueId: INVALID
[2024.12.01-23.25.56:893][ 36]LogNet: AddClientConnection: Added client connection: [UNetConnection] RemoteAddr: 127.0.0.1:54476, Name: IpConnection_0, Driver: GameNetDriver IpNetDriver_0, IsServer: YES, PC: NULL, Owner: NULL, UniqueId: INVALID
[2024.12.01-23.25.56:923][ 37]LogNet: NotifyAcceptingChannel Control 0 server World /Game/ThirdPersonBP/Maps/ThirdPersonExampleMap.ThirdPersonExampleMap: Accepted
[2024.12.01-23.25.56:923][ 37]LogNet: Remote platform little endian=1
[2024.12.01-23.25.56:923][ 37]LogNet: This platform little endian=1
[2024.12.01-23.25.56:924][ 37]LogNetVersion: LAB1 1.0.0.0, NetCL: 17155196, EngineNetVer: 17, GameNetVer: 0 (Checksum: 3646203524)
[2024.12.01-23.25.56:956][ 38]LogNet: Login request: ?Name=DESKTOP-OQ7SUMD-8D10A7C948419BC959B892811CA61C65 userId: NULL:DESKTOP-OQ7SUMD-8D10A7C948419BC959B892811CA61C65 platform: NULL
[2024.12.01-23.25.57:124][ 43]LogNet: Client netspeed is 100000
[2024.12.01-23.25.57:124][ 43]LogNet: Join request: /Engine/Maps/Entry?Name=DESKTOP-OQ7SUMD-8D10A7C948419BC959B892811CA61C65?SplitscreenCount=1
[2024.12.01-23.25.57:124][ 43]LogOnlineSession: Warning: OSS: No game present to join for session (GameSession)
[2024.12.01-23.25.57:126][ 43]LogNet: Join succeeded: DESKTOP-OQ7SUMD-8D10
