Log file open, 12/07/24 18:04:32
LogWindows: Failed to load 'aqProf.dll' (GetLastError=126)
LogWindows: File 'aqProf.dll' does not exist
LogWindows: Failed to load 'VtuneApi.dll' (GetLastError=126)
LogWindows: File 'VtuneApi.dll' does not exist
LogWindows: Failed to load 'VtuneApi32e.dll' (GetLastError=126)
LogWindows: File 'VtuneApi32e.dll' does not exist
LogConsoleResponse: Display: Failed to find resolution value strings in scalability ini. Falling back to default.
LogConsoleResponse: Display: Failed to find resolution value strings in scalability ini. Falling back to default.
LogInit: Display: Running engine for game: LAB1
LogPlatformFile: Not using cached read wrapper
LogTaskGraph: Started task graph with 5 named threads and 59 total threads with 3 sets of task threads.
LogStats: Stats thread started at 0.186525
LogICUInternationalization: ICU TimeZone Detection - Raw Offset: +3:00, Platform Override: ''
LogInit: Display: Loading text-based GConfig....
LogPluginManager: Mounting plugin XGEController
LogPluginManager: Mounting plugin MeshPainting
LogPluginManager: Mounting plugin Paper2D
LogPluginManager: Mounting plugin AISupport
LogPluginManager: Mounting plugin EnvironmentQueryEditor
LogPluginManager: Mounting plugin GameplayCameras
LogPluginManager: Mounting plugin CameraShakePreviewer
LogPluginManager: Mounting plugin LiveLink
LogPluginManager: Mounting plugin LightPropagationVolume
LogPluginManager: Mounting plugin AnimationSharing
LogPluginManager: Mounting plugin CodeLiteSourceCodeAccess
LogPluginManager: Mounting plugin CLionSourceCodeAccess
LogPluginManager: Mounting plugin GitSourceControl
LogPluginManager: Mounting plugin NullSourceCodeAccess
LogPluginManager: Mounting plugin PerforceSourceControl
LogPluginManager: Mounting plugin PlasticSourceControl
LogPluginManager: Mounting plugin PixWinPlugin
LogPluginManager: Mounting plugin KDevelopSourceCodeAccess
LogPluginManager: Mounting plugin PluginUtils
LogPluginManager: Mounting plugin PropertyAccessNode
LogPluginManager: Mounting plugin RiderSourceCodeAccess
LogPluginManager: Mounting plugin OodleData
LogPluginManager: Mounting plugin SubversionSourceControl
LogPluginManager: Mounting plugin OodleNetwork
LogPluginManager: Mounting plugin TextureFormatOodle
LogPluginManager: Mounting plugin UObjectPlugin
LogPluginManager: Mounting plugin VisualStudioSourceCodeAccess
LogPluginManager: Mounting plugin VisualStudioCodeSourceCodeAccess
LogPluginManager: Mounting plugin Niagara
LogPluginManager: Mounting plugin AlembicImporter
LogPluginManager: Mounting plugin AutomationUtils
LogPluginManager: Mounting plugin BackChannel
LogPluginManager: Mounting plugin ChaosCloth
LogPluginManager: Mounting plugin ChaosClothEditor
LogPluginManager: Mounting plugin ChaosEditor
LogPluginManager: Mounting plugin ChaosNiagara
LogPluginManager: Mounting plugin XCodeSourceCodeAccess
LogPluginManager: Mounting plugin ChaosSolverPlugin
LogPluginManager: Mounting plugin CharacterAI
LogPluginManager: Mounting plugin AssetManagerEditor
LogPluginManager: Mounting plugin VariantManagerContent
LogPluginManager: Mounting plugin GeometryCache
LogPluginManager: Mounting plugin DatasmithContent
LogPluginManager: Mounting plugin ActorLayerUtilities
LogPluginManager: Mounting plugin OnlineSubsystemUtils
LogPluginManager: Mounting plugin CurveEditorTools
LogPluginManager: Mounting plugin LauncherChunkInstaller
LogPluginManager: Mounting plugin AndroidDeviceProfileSelector
LogPluginManager: Mounting plugin CryptoKeys
LogPluginManager: Mounting plugin AndroidMoviePlayer
LogPluginManager: Mounting plugin OnlineSubsystemNull
LogPluginManager: Mounting plugin AppleImageUtils
LogPluginManager: Mounting plugin ArchVisCharacter
LogPluginManager: Mounting plugin AppleMoviePlayer
LogPluginManager: Mounting plugin AudioCapture
LogPluginManager: Mounting plugin AssetTags
LogPluginManager: Mounting plugin AudioSynesthesia
LogPluginManager: Mounting plugin ChunkDownloader
LogPluginManager: Mounting plugin AndroidPermission
LogPluginManager: Mounting plugin CableComponent
LogPluginManager: Mounting plugin CustomMeshComponent
LogPluginManager: Mounting plugin EditableMesh
LogPluginManager: Mounting plugin ExampleDeviceProfileSelector
LogPluginManager: Mounting plugin DataValidation
LogPluginManager: Mounting plugin FacialAnimation
LogPluginManager: Mounting plugin GameplayTagsEditor
LogPluginManager: Mounting plugin GoogleCloudMessaging
LogPluginManager: Mounting plugin GooglePAD
LogPluginManager: Mounting plugin GeometryMode
LogPluginManager: Mounting plugin MaterialAnalyzer
LogPluginManager: Mounting plugin MobileLauncherProfileWizard
LogPluginManager: Mounting plugin GeometryCollectionPlugin
LogPluginManager: Mounting plugin MacGraphicsSwitching
LogPluginManager: Mounting plugin SpeedTreeImporter
LogPluginManager: Mounting plugin PluginBrowser
LogPluginManager: Mounting plugin OnlineSubsystem
LogPluginManager: Mounting plugin ScreenshotTools
LogPluginManager: Mounting plugin UdpMessaging
LogPluginManager: Mounting plugin LuminPlatformFeatures
LogPluginManager: Mounting plugin MatineeToLevelSequence
LogPluginManager: Mounting plugin LevelSequenceEditor
LogPluginManager: Mounting plugin TcpMessaging
LogPluginManager: Mounting plugin ActorSequence
LogPluginManager: Mounting plugin MagicLeap
LogPluginManager: Mounting plugin LinuxDeviceProfileSelector
LogPluginManager: Mounting plugin GeometryProcessing
LogPluginManager: Mounting plugin IOSDeviceProfileSelector
LogPluginManager: Mounting plugin TemplateSequence
LogPluginManager: Mounting plugin MagicLeapLightEstimation
LogPluginManager: Mounting plugin LocationServicesBPLibrary
LogPluginManager: Mounting plugin MotoSynth
LogPluginManager: Mounting plugin PlanarCut
LogPluginManager: Mounting plugin OpenImageDenoise
LogPluginManager: Mounting plugin PlatformCrypto
LogPluginManager: Mounting plugin MagicLeapMedia
LogPluginManager: Mounting plugin MobilePatchingUtils
LogPluginManager: Mounting plugin ProxyLODPlugin
LogPluginManager: Mounting plugin PythonScriptPlugin
LogPluginManager: Mounting plugin MLSDK
LogPluginManager: Mounting plugin OpenXREyeTracker
LogPluginManager: Mounting plugin MagicLeapPassableWorld
LogPluginManager: Mounting plugin OpenXRHandTracking
LogPluginManager: Mounting plugin OpenXR
LogPluginManager: Mounting plugin PhysXVehicles
LogPluginManager: Mounting plugin ProceduralMeshComponent
LogPluginManager: Mounting plugin SkeletalReduction
LogPluginManager: Mounting plugin PropertyAccessEditor
LogPluginManager: Mounting plugin SignificanceManager
LogPluginManager: Mounting plugin RuntimePhysXCooking
LogPluginManager: Mounting plugin PostSplashScreen
LogPluginManager: Mounting plugin SoundFields
LogPluginManager: Mounting plugin Synthesis
LogPluginManager: Mounting plugin WebMMoviePlayer
LogPluginManager: Mounting plugin WindowsMoviePlayer
LogPluginManager: Mounting plugin Takes
LogPluginManager: Mounting plugin AndroidMedia
LogPluginManager: Mounting plugin AvfMedia
LogPluginManager: Mounting plugin ImgMedia
LogPluginManager: Mounting plugin MediaCompositing
LogPluginManager: Mounting plugin WmfMedia
LogPluginManager: Mounting plugin MediaPlayerEditor
LogPluginManager: Mounting plugin WebMMedia
LogPluginManager: Mounting plugin OnlineSubsystemGooglePlay
LogPluginManager: Mounting plugin ContentBrowserAssetDataSource
LogPluginManager: Mounting plugin ContentBrowserFileDataSource
LogPluginManager: Mounting plugin ContentBrowserClassDataSource
LogPluginManager: Mounting plugin OnlineSubsystemIOS
LogPluginManager: Mounting plugin OculusVR
LogPluginManager: Mounting plugin SteamVR
PixWinPlugin: PIX capture plugin failed to initialize! Check that the process is launched from PIX.
LogInit: Using libcurl 7.55.1-DEV
LogInit:  - built for x86_64-pc-win32
LogInit:  - supports SSL with OpenSSL/1.1.1
LogInit:  - supports HTTP deflate (compression) using libz 1.2.8
LogInit:  - other features:
LogInit:      CURL_VERSION_SSL
LogInit:      CURL_VERSION_LIBZ
LogInit:      CURL_VERSION_IPV6
LogInit:      CURL_VERSION_ASYNCHDNS
LogInit:      CURL_VERSION_LARGEFILE
LogInit:      CURL_VERSION_IDN
LogInit:  CurlRequestOptions (configurable via config and command line):
LogInit:  - bVerifyPeer = true  - Libcurl will verify peer certificate
LogInit:  - bUseHttpProxy = false  - Libcurl will NOT use HTTP proxy
LogInit:  - bDontReuseConnections = false  - Libcurl will reuse connections
LogInit:  - MaxHostConnections = 16  - Libcurl will limit the number of connections to a host
LogInit:  - LocalHostAddr = Default
LogInit:  - BufferSize = 65536
LogOnline: OSS: Creating online subsystem instance for: NULL
LogInit: WinSock: version 1.1 (2.2), MaxSocks=32767, MaxUdp=65467
LogOnline: OSS: TryLoadSubsystemAndSetDefault: Loaded subsystem for module [NULL]
LogOculusPluginWrapper: OculusPlugin initialized successfully
LogHMD: Failed initializing OVRPlugin 1.59.0
LogInit: Build: ++UE4+Release-4.27-CL-18319896
LogInit: Engine Version: 4.27.2-18319896+++UE4+Release-4.27
LogInit: Compatible Engine Version: 4.27.0-17155196+++UE4+Release-4.27
LogInit: Net CL: 17155196
LogInit: OS: Windows 10 (Release 2009) (), CPU: 13th Gen Intel(R) Core(TM) i7-13650HX, GPU: Intel(R) UHD Graphics
LogInit: Compiled (64-bit): Nov 30 2021 07:12:08
LogInit: Compiled with Visual C++: 19.24.28315.00
LogInit: Build Configuration: Development
LogInit: Branch Name: ++UE4+Release-4.27
LogInit: Command Line:  /Game/ThirdPersonBP/Maps/ThirdPersonExampleMap -game -PIEVIACONSOLE -Multiprocess GameUserSettingsINI=D:/Git/GameDevProject/Content/LAB/LAB1/Saved/Config/Windows/PIEGameUserSettings0.ini -MultiprocessSaveConfig -forcepassthrough -messaging -SessionName="Play in Standalone Game" -windowed -WinX=640 -WinY=390 SAVEWINPOS=1 -ResX=1288 -ResY=752
LogInit: Base Directory: D:/Programs/UE_4.27/Engine/Binaries/Win64/
LogInit: Allocator: TBB
LogInit: Installed Engine Build: 1
LogDevObjectVersion: Number of dev versions registered: 29
LogDevObjectVersion:   Dev-Blueprints (B0D832E4-1F89-4F0D-ACCF-7EB736FD4AA2): 10
LogDevObjectVersion:   Dev-Build (E1C64328-A22C-4D53-A36C-8E866417BD8C): 0
LogDevObjectVersion:   Dev-Core (375EC13C-06E4-48FB-B500-84F0262A717E): 4
LogDevObjectVersion:   Dev-Editor (E4B068ED-F494-42E9-A231-DA0B2E46BB41): 40
LogDevObjectVersion:   Dev-Framework (CFFC743F-43B0-4480-9391-14DF171D2073): 37
LogDevObjectVersion:   Dev-Mobile (B02B49B5-BB20-44E9-A304-32B752E40360): 3
LogDevObjectVersion:   Dev-Networking (A4E4105C-59A1-49B5-A7C5-40C4547EDFEE): 0
LogDevObjectVersion:   Dev-Online (39C831C9-5AE6-47DC-9A44-9C173E1C8E7C): 0
LogDevObjectVersion:   Dev-Physics (78F01B33-EBEA-4F98-B9B4-84EACCB95AA2): 14
LogDevObjectVersion:   Dev-Platform (6631380F-2D4D-43E0-8009-CF276956A95A): 0
LogDevObjectVersion:   Dev-Rendering (12F88B9F-8875-4AFC-A67C-D90C383ABD29): 45
LogDevObjectVersion:   Dev-Sequencer (7B5AE74C-D270-4C10-A958-57980B212A5A): 13
LogDevObjectVersion:   Dev-VR (D7296918-1DD6-4BDD-9DE2-64A83CC13884): 3
LogDevObjectVersion:   Dev-LoadTimes (C2A15278-BFE7-4AFE-6C17-90FF531DF755): 1
LogDevObjectVersion:   Private-Geometry (6EACA3D4-40EC-4CC1-B786-8BED09428FC5): 3
LogDevObjectVersion:   Dev-AnimPhys (29E575DD-E0A3-4627-9D10-D276232CDCEA): 17
LogDevObjectVersion:   Dev-Anim (AF43A65D-7FD3-4947-9873-3E8ED9C1BB05): 15
LogDevObjectVersion:   Dev-ReflectionCapture (6B266CEC-1EC7-4B8F-A30B-E4D90942FC07): 1
LogDevObjectVersion:   Dev-Automation (0DF73D61-A23F-47EA-B727-89E90C41499A): 1
LogDevObjectVersion:   FortniteMain (601D1886-AC64-4F84-AA16-D3DE0DEAC7D6): 47
LogDevObjectVersion:   FortniteRelease (E7086368-6B23-4C58-8439-1B7016265E91): 1
LogDevObjectVersion:   Dev-Enterprise (9DFFBCD6-494F-0158-E221-12823C92A888): 10
LogDevObjectVersion:   Dev-Niagara (F2AED0AC-9AFE-416F-8664-AA7FFA26D6FC): 1
LogDevObjectVersion:   Dev-Destruction (174F1F0B-B4C6-45A5-B13F-2EE8D0FB917D): 10
LogDevObjectVersion:   Dev-Physics-Ext (35F94A83-E258-406C-A318-09F59610247C): 41
LogDevObjectVersion:   Dev-PhysicsMaterial-Chaos (B68FC16E-8B1B-42E2-B453-215C058844FE): 1
LogDevObjectVersion:   Dev-CineCamera (B2E18506-4273-CFC2-A54E-F4BB758BBA07): 1
LogDevObjectVersion:   Dev-VirtualProduction (64F58936-FD1B-42BA-BA96-7289D5D0FA4E): 1
LogDevObjectVersion:   Dev-MediaFramework (6F0ED827-A609-4895-9C91-998D90180EA4): 2
LogInit: Presizing for max 25165824 objects, including 0 objects not considered by GC, pre-allocating 0 bytes for permanent pool.
LogConfig: Applying CVar settings from Section [/Script/Engine.StreamingSettings] File [D:/Git/GameDevProject/Content/LAB/LAB1/Saved/Config/Windows/Engine.ini]
LogConfig: Setting CVar [[s.MinBulkDataSizeForAsyncLoading:131072]]
LogConfig: Setting CVar [[s.AsyncLoadingThreadEnabled:0]]
LogConfig: Setting CVar [[s.EventDrivenLoaderEnabled:1]]
LogConfig: Setting CVar [[s.WarnIfTimeLimitExceeded:0]]
LogConfig: Setting CVar [[s.TimeLimitExceededMultiplier:1.5]]
LogConfig: Setting CVar [[s.TimeLimitExceededMinTime:0.005]]
LogConfig: Setting CVar [[s.UseBackgroundLevelStreaming:1]]
LogConfig: Setting CVar [[s.PriorityAsyncLoadingExtraTime:15.0]]
LogConfig: Setting CVar [[s.LevelStreamingActorsUpdateTimeLimit:5.0]]
LogConfig: Setting CVar [[s.PriorityLevelStreamingActorsUpdateExtraTime:5.0]]
LogConfig: Setting CVar [[s.LevelStreamingComponentsRegistrationGranularity:10]]
LogConfig: Setting CVar [[s.UnregisterComponentsTimeLimit:1.0]]
LogConfig: Setting CVar [[s.LevelStreamingComponentsUnregistrationGranularity:5]]
LogConfig: Setting CVar [[s.FlushStreamingOnExit:1]]
LogInit: Object subsystem initialized
LogConfig: Setting CVar [[con.DebugEarlyDefault:1]]
LogConfig: Setting CVar [[r.setres:1280x720]]
[2024.12.07-15.04.32:386][  0]LogConfig: Setting CVar [[con.DebugEarlyDefault:1]]
[2024.12.07-15.04.32:386][  0]LogConfig: Setting CVar [[r.setres:1280x720]]
[2024.12.07-15.04.32:386][  0]LogConfig: Applying CVar settings from Section [/Script/Engine.RendererSettings] File [D:/Git/GameDevProject/Content/LAB/LAB1/Saved/Config/Windows/Engine.ini]
[2024.12.07-15.04.32:386][  0]LogConfig: Setting CVar [[r.GPUCrashDebugging:0]]
[2024.12.07-15.04.32:386][  0]LogConfig: Applying CVar settings from Section [/Script/Engine.RendererOverrideSettings] File [D:/Git/GameDevProject/Content/LAB/LAB1/Saved/Config/Windows/Engine.ini]
[2024.12.07-15.04.32:386][  0]LogConfig: Applying CVar settings from Section [/Script/Engine.StreamingSettings] File [D:/Git/GameDevProject/Content/LAB/LAB1/Saved/Config/Windows/Engine.ini]
[2024.12.07-15.04.32:386][  0]LogConfig: Setting CVar [[s.MinBulkDataSizeForAsyncLoading:131072]]
[2024.12.07-15.04.32:386][  0]LogConfig: Setting CVar [[s.AsyncLoadingThreadEnabled:0]]
[2024.12.07-15.04.32:386][  0]LogConfig: Setting CVar [[s.EventDrivenLoaderEnabled:1]]
[2024.12.07-15.04.32:386][  0]LogConfig: Setting CVar [[s.WarnIfTimeLimitExceeded:0]]
[2024.12.07-15.04.32:386][  0]LogConfig: Setting CVar [[s.TimeLimitExceededMultiplier:1.5]]
[2024.12.07-15.04.32:386][  0]LogConfig: Setting CVar [[s.TimeLimitExceededMinTime:0.005]]
[2024.12.07-15.04.32:387][  0]LogConfig: Setting CVar [[s.UseBackgroundLevelStreaming:1]]
[2024.12.07-15.04.32:387][  0]LogConfig: Setting CVar [[s.PriorityAsyncLoadingExtraTime:15.0]]
[2024.12.07-15.04.32:387][  0]LogConfig: Setting CVar [[s.LevelStreamingActorsUpdateTimeLimit:5.0]]
[2024.12.07-15.04.32:387][  0]LogConfig: Setting CVar [[s.PriorityLevelStreamingActorsUpdateExtraTime:5.0]]
[2024.12.07-15.04.32:387][  0]LogConfig: Setting CVar [[s.LevelStreamingComponentsRegistrationGranularity:10]]
[2024.12.07-15.04.32:387][  0]LogConfig: Setting CVar [[s.UnregisterComponentsTimeLimit:1.0]]
[2024.12.07-15.04.32:387][  0]LogConfig: Setting CVar [[s.LevelStreamingComponentsUnregistrationGranularity:5]]
[2024.12.07-15.04.32:387][  0]LogConfig: Setting CVar [[s.FlushStreamingOnExit:1]]
[2024.12.07-15.04.32:387][  0]LogConfig: Applying CVar settings from Section [/Script/Engine.GarbageCollectionSettings] File [D:/Git/GameDevProject/Content/LAB/LAB1/Saved/Config/Windows/Engine.ini]
[2024.12.07-15.04.32:387][  0]LogConfig: Setting CVar [[gc.MaxObjectsNotConsideredByGC:1]]
[2024.12.07-15.04.32:387][  0]LogConfig: Setting CVar [[gc.SizeOfPermanentObjectPool:0]]
[2024.12.07-15.04.32:387][  0]LogConfig: Setting CVar [[gc.FlushStreamingOnGC:0]]
[2024.12.07-15.04.32:387][  0]LogConfig: Setting CVar [[gc.NumRetriesBeforeForcingGC:10]]
[2024.12.07-15.04.32:387][  0]LogConfig: Setting CVar [[gc.AllowParallelGC:1]]
[2024.12.07-15.04.32:387][  0]LogConfig: Setting CVar [[gc.TimeBetweenPurgingPendingKillObjects:61.1]]
[2024.12.07-15.04.32:387][  0]LogConfig: Setting CVar [[gc.MaxObjectsInEditor:25165824]]
[2024.12.07-15.04.32:387][  0]LogConfig: Setting CVar [[gc.IncrementalBeginDestroyEnabled:1]]
[2024.12.07-15.04.32:387][  0]LogConfig: Setting CVar [[gc.CreateGCClusters:1]]
[2024.12.07-15.04.32:387][  0]LogConfig: Setting CVar [[gc.MinGCClusterSize:5]]
[2024.12.07-15.04.32:387][  0]LogConfig: Setting CVar [[gc.ActorClusteringEnabled:0]]
[2024.12.07-15.04.32:387][  0]LogConfig: Setting CVar [[gc.BlueprintClusteringEnabled:0]]
[2024.12.07-15.04.32:387][  0]LogConfig: Setting CVar [[gc.UseDisregardForGCOnDedicatedServers:0]]
[2024.12.07-15.04.32:387][  0]LogConfig: Setting CVar [[gc.MultithreadedDestructionEnabled:1]]
[2024.12.07-15.04.32:387][  0]LogConfig: Applying CVar settings from Section [/Script/Engine.NetworkSettings] File [D:/Git/GameDevProject/Content/LAB/LAB1/Saved/Config/Windows/Engine.ini]
[2024.12.07-15.04.32:387][  0]LogConfig: Applying CVar settings from Section [/Script/UnrealEd.CookerSettings] File [D:/Git/GameDevProject/Content/LAB/LAB1/Saved/Config/Windows/Engine.ini]
[2024.12.07-15.04.32:393][  0]LogConfig: Applying CVar settings from Section [ViewDistanceQuality@3] File [D:/Git/GameDevProject/Content/LAB/LAB1/Saved/Config/Windows/Scalability.ini]
[2024.12.07-15.04.32:393][  0]LogConfig: Setting CVar [[r.SkeletalMeshLODBias:0]]
[2024.12.07-15.04.32:393][  0]LogConfig: Setting CVar [[r.ViewDistanceScale:1.0]]
[2024.12.07-15.04.32:393][  0]LogConfig: Applying CVar settings from Section [AntiAliasingQuality@3] File [D:/Git/GameDevProject/Content/LAB/LAB1/Saved/Config/Windows/Scalability.ini]
[2024.12.07-15.04.32:393][  0]LogConfig: Setting CVar [[r.PostProcessAAQuality:4]]
[2024.12.07-15.04.32:393][  0]LogConfig: Applying CVar settings from Section [ShadowQuality@3] File [D:/Git/GameDevProject/Content/LAB/LAB1/Saved/Config/Windows/Scalability.ini]
[2024.12.07-15.04.32:393][  0]LogConfig: Setting CVar [[r.LightFunctionQuality:1]]
[2024.12.07-15.04.32:393][  0]LogConfig: Setting CVar [[r.ShadowQuality:5]]
[2024.12.07-15.04.32:393][  0]LogConfig: Setting CVar [[r.Shadow.CSM.MaxCascades:10]]
[2024.12.07-15.04.32:393][  0]LogConfig: Setting CVar [[r.Shadow.MaxResolution:2048]]
[2024.12.07-15.04.32:393][  0]LogConfig: Setting CVar [[r.Shadow.MaxCSMResolution:2048]]
[2024.12.07-15.04.32:393][  0]LogConfig: Setting CVar [[r.Shadow.RadiusThreshold:0.01]]
[2024.12.07-15.04.32:393][  0]LogConfig: Setting CVar [[r.Shadow.DistanceScale:1.0]]
[2024.12.07-15.04.32:393][  0]LogConfig: Setting CVar [[r.Shadow.CSM.TransitionScale:1.0]]
[2024.12.07-15.04.32:393][  0]LogConfig: Setting CVar [[r.Shadow.PreShadowResolutionFactor:1.0]]
[2024.12.07-15.04.32:393][  0]LogConfig: Setting CVar [[r.DistanceFieldShadowing:1]]
[2024.12.07-15.04.32:393][  0]LogConfig: Setting CVar [[r.DistanceFieldAO:1]]
[2024.12.07-15.04.32:393][  0]LogConfig: Setting CVar [[r.AOQuality:2]]
[2024.12.07-15.04.32:393][  0]LogConfig: Setting CVar [[r.VolumetricFog:1]]
[2024.12.07-15.04.32:393][  0]LogConfig: Setting CVar [[r.VolumetricFog.GridPixelSize:8]]
[2024.12.07-15.04.32:393][  0]LogConfig: Setting CVar [[r.VolumetricFog.GridSizeZ:128]]
[2024.12.07-15.04.32:393][  0]LogConfig: Setting CVar [[r.VolumetricFog.HistoryMissSupersampleCount:4]]
[2024.12.07-15.04.32:393][  0]LogConfig: Setting CVar [[r.LightMaxDrawDistanceScale:1]]
[2024.12.07-15.04.32:393][  0]LogConfig: Setting CVar [[r.CapsuleShadows:1]]
[2024.12.07-15.04.32:393][  0]LogConfig: Applying CVar settings from Section [PostProcessQuality@3] File [D:/Git/GameDevProject/Content/LAB/LAB1/Saved/Config/Windows/Scalability.ini]
[2024.12.07-15.04.32:393][  0]LogConfig: Setting CVar [[r.MotionBlurQuality:4]]
[2024.12.07-15.04.32:393][  0]LogConfig: Setting CVar [[r.AmbientOcclusionMipLevelFactor:0.4]]
[2024.12.07-15.04.32:393][  0]LogConfig: Setting CVar [[r.AmbientOcclusionMaxQuality:100]]
[2024.12.07-15.04.32:393][  0]LogConfig: Setting CVar [[r.AmbientOcclusionLevels:-1]]
[2024.12.07-15.04.32:393][  0]LogConfig: Setting CVar [[r.AmbientOcclusionRadiusScale:1.0]]
[2024.12.07-15.04.32:393][  0]LogConfig: Setting CVar [[r.DepthOfFieldQuality:2]]
[2024.12.07-15.04.32:393][  0]LogConfig: Setting CVar [[r.RenderTargetPoolMin:400]]
[2024.12.07-15.04.32:393][  0]LogConfig: Setting CVar [[r.LensFlareQuality:2]]
[2024.12.07-15.04.32:393][  0]LogConfig: Setting CVar [[r.SceneColorFringeQuality:1]]
[2024.12.07-15.04.32:393][  0]LogConfig: Setting CVar [[r.EyeAdaptationQuality:2]]
[2024.12.07-15.04.32:393][  0]LogConfig: Setting CVar [[r.BloomQuality:5]]
[2024.12.07-15.04.32:393][  0]LogConfig: Setting CVar [[r.FastBlurThreshold:100]]
[2024.12.07-15.04.32:393][  0]LogConfig: Setting CVar [[r.Upscale.Quality:3]]
[2024.12.07-15.04.32:393][  0]LogConfig: Setting CVar [[r.Tonemapper.GrainQuantization:1]]
[2024.12.07-15.04.32:393][  0]LogConfig: Setting CVar [[r.LightShaftQuality:1]]
[2024.12.07-15.04.32:393][  0]LogConfig: Setting CVar [[r.Filter.SizeScale:1]]
[2024.12.07-15.04.32:393][  0]LogConfig: Setting CVar [[r.Tonemapper.Quality:5]]
[2024.12.07-15.04.32:393][  0]LogConfig: Setting CVar [[r.DOF.Gather.AccumulatorQuality:1        ; higher gathering accumulator quality]]
[2024.12.07-15.04.32:393][  0]LogConfig: Setting CVar [[r.DOF.Gather.PostfilterMethod:1          ; Median3x3 postfilering method]]
[2024.12.07-15.04.32:393][  0]LogConfig: Setting CVar [[r.DOF.Gather.EnableBokehSettings:0       ; no bokeh simulation when gathering]]
[2024.12.07-15.04.32:393][  0]LogConfig: Setting CVar [[r.DOF.Gather.RingCount:4                 ; medium number of samples when gathering]]
[2024.12.07-15.04.32:393][  0]LogConfig: Setting CVar [[r.DOF.Scatter.ForegroundCompositing:1    ; additive foreground scattering]]
[2024.12.07-15.04.32:393][  0]LogConfig: Setting CVar [[r.DOF.Scatter.BackgroundCompositing:2    ; additive background scattering]]
[2024.12.07-15.04.32:393][  0]LogConfig: Setting CVar [[r.DOF.Scatter.EnableBokehSettings:1      ; bokeh simulation when scattering]]
[2024.12.07-15.04.32:393][  0]LogConfig: Setting CVar [[r.DOF.Scatter.MaxSpriteRatio:0.1         ; only a maximum of 10% of scattered bokeh]]
[2024.12.07-15.04.32:393][  0]LogConfig: Setting CVar [[r.DOF.Recombine.Quality:1                ; cheap slight out of focus]]
[2024.12.07-15.04.32:393][  0]LogConfig: Setting CVar [[r.DOF.Recombine.EnableBokehSettings:0    ; no bokeh simulation on slight out of focus]]
[2024.12.07-15.04.32:393][  0]LogConfig: Setting CVar [[r.DOF.TemporalAAQuality:1                ; more stable temporal accumulation]]
[2024.12.07-15.04.32:393][  0]LogConfig: Setting CVar [[r.DOF.Kernel.MaxForegroundRadius:0.025]]
[2024.12.07-15.04.32:393][  0]LogConfig: Setting CVar [[r.DOF.Kernel.MaxBackgroundRadius:0.025]]
[2024.12.07-15.04.32:393][  0]LogConfig: Applying CVar settings from Section [TextureQuality@3] File [D:/Git/GameDevProject/Content/LAB/LAB1/Saved/Config/Windows/Scalability.ini]
[2024.12.07-15.04.32:393][  0]LogConfig: Setting CVar [[r.Streaming.MipBias:0]]
[2024.12.07-15.04.32:393][  0]LogConfig: Setting CVar [[r.Streaming.AmortizeCPUToGPUCopy:0]]
[2024.12.07-15.04.32:393][  0]LogConfig: Setting CVar [[r.Streaming.MaxNumTexturesToStreamPerFrame:0]]
[2024.12.07-15.04.32:393][  0]LogConfig: Setting CVar [[r.Streaming.Boost:1]]
[2024.12.07-15.04.32:393][  0]LogConfig: Setting CVar [[r.MaxAnisotropy:8]]
[2024.12.07-15.04.32:393][  0]LogConfig: Setting CVar [[r.VT.MaxAnisotropy:8]]
[2024.12.07-15.04.32:393][  0]LogConfig: Setting CVar [[r.Streaming.LimitPoolSizeToVRAM:0]]
[2024.12.07-15.04.32:393][  0]LogConfig: Setting CVar [[r.Streaming.PoolSize:1000]]
[2024.12.07-15.04.32:393][  0]LogConfig: Setting CVar [[r.Streaming.MaxEffectiveScreenSize:0]]
[2024.12.07-15.04.32:393][  0]LogConfig: Applying CVar settings from Section [EffectsQuality@3] File [D:/Git/GameDevProject/Content/LAB/LAB1/Saved/Config/Windows/Scalability.ini]
[2024.12.07-15.04.32:393][  0]LogConfig: Setting CVar [[r.TranslucencyLightingVolumeDim:64]]
[2024.12.07-15.04.32:393][  0]LogConfig: Setting CVar [[r.RefractionQuality:2]]
[2024.12.07-15.04.32:393][  0]LogConfig: Setting CVar [[r.SSR.Quality:3]]
[2024.12.07-15.04.32:393][  0]LogConfig: Setting CVar [[r.SSR.HalfResSceneColor:0]]
[2024.12.07-15.04.32:393][  0]LogConfig: Setting CVar [[r.SceneColorFormat:4]]
[2024.12.07-15.04.32:393][  0]LogConfig: Setting CVar [[r.DetailMode:2]]
[2024.12.07-15.04.32:393][  0]LogConfig: Setting CVar [[r.TranslucencyVolumeBlur:1]]
[2024.12.07-15.04.32:393][  0]LogConfig: Setting CVar [[r.MaterialQualityLevel:1 ; High quality]]
[2024.12.07-15.04.32:393][  0]LogConfig: Setting CVar [[r.AnisotropicMaterials:1]]
[2024.12.07-15.04.32:393][  0]LogConfig: Setting CVar [[r.SSS.Scale:1]]
[2024.12.07-15.04.32:393][  0]LogConfig: Setting CVar [[r.SSS.SampleSet:2]]
[2024.12.07-15.04.32:393][  0]LogConfig: Setting CVar [[r.SSS.Quality:1]]
[2024.12.07-15.04.32:393][  0]LogConfig: Setting CVar [[r.SSS.HalfRes:0]]
[2024.12.07-15.04.32:393][  0]LogConfig: Setting CVar [[r.SSGI.Quality:3]]
[2024.12.07-15.04.32:393][  0]LogConfig: Setting CVar [[r.EmitterSpawnRateScale:1.0]]
[2024.12.07-15.04.32:393][  0]LogConfig: Setting CVar [[r.ParticleLightQuality:2]]
[2024.12.07-15.04.32:393][  0]LogConfig: Setting CVar [[r.SkyAtmosphere.AerialPerspectiveLUT.FastApplyOnOpaque:1 ; Always have FastSkyLUT 1 in this case to avoid wrong sky]]
[2024.12.07-15.04.32:393][  0]LogConfig: Setting CVar [[r.SkyAtmosphere.AerialPerspectiveLUT.SampleCountMaxPerSlice:4]]
[2024.12.07-15.04.32:393][  0]LogConfig: Setting CVar [[r.SkyAtmosphere.AerialPerspectiveLUT.DepthResolution:16.0]]
[2024.12.07-15.04.32:393][  0]LogConfig: Setting CVar [[r.SkyAtmosphere.FastSkyLUT:1]]
[2024.12.07-15.04.32:393][  0]LogConfig: Setting CVar [[r.SkyAtmosphere.FastSkyLUT.SampleCountMin:4.0]]
[2024.12.07-15.04.32:393][  0]LogConfig: Setting CVar [[r.SkyAtmosphere.FastSkyLUT.SampleCountMax:128.0]]
[2024.12.07-15.04.32:393][  0]LogConfig: Setting CVar [[r.SkyAtmosphere.SampleCountMin:4.0]]
[2024.12.07-15.04.32:393][  0]LogConfig: Setting CVar [[r.SkyAtmosphere.SampleCountMax:128.0]]
[2024.12.07-15.04.32:393][  0]LogConfig: Setting CVar [[r.SkyAtmosphere.TransmittanceLUT.UseSmallFormat:0]]
[2024.12.07-15.04.32:393][  0]LogConfig: Setting CVar [[r.SkyAtmosphere.TransmittanceLUT.SampleCount:10.0]]
[2024.12.07-15.04.32:393][  0]LogConfig: Setting CVar [[r.SkyAtmosphere.MultiScatteringLUT.SampleCount:15.0]]
[2024.12.07-15.04.32:393][  0]LogConfig: Setting CVar [[r.SkyLight.RealTimeReflectionCapture:1]]
[2024.12.07-15.04.32:393][  0]LogConfig: Applying CVar settings from Section [FoliageQuality@3] File [D:/Git/GameDevProject/Content/LAB/LAB1/Saved/Config/Windows/Scalability.ini]
[2024.12.07-15.04.32:393][  0]LogConfig: Setting CVar [[foliage.DensityScale:1.0]]
[2024.12.07-15.04.32:393][  0]LogConfig: Setting CVar [[grass.DensityScale:1.0]]
[2024.12.07-15.04.32:393][  0]LogConfig: Applying CVar settings from Section [ShadingQuality@3] File [D:/Git/GameDevProject/Content/LAB/LAB1/Saved/Config/Windows/Scalability.ini]
[2024.12.07-15.04.32:393][  0]LogConfig: Setting CVar [[r.HairStrands.SkyLighting.IntegrationType:2]]
[2024.12.07-15.04.32:393][  0]LogConfig: Setting CVar [[r.HairStrands.SkyAO.SampleCount:4]]
[2024.12.07-15.04.32:393][  0]LogConfig: Setting CVar [[r.HairStrands.Visibility.MSAA.SamplePerPixel:4]]
[2024.12.07-15.04.32:393][  0]LogInit: Selected Device Profile: [Windows]
[2024.12.07-15.04.32:393][  0]LogInit: Applying CVar settings loaded from the selected device profile: [Windows]
[2024.12.07-15.04.32:393][  0]LogHAL: Display: Platform has ~ 24 GB [25463480320 / 34359738368 / 24], which maps to Larger [LargestMinGB=32, LargerMinGB=12, DefaultMinGB=8, SmallerMinGB=6, SmallestMinGB=0)
[2024.12.07-15.04.32:393][  0]LogInit: Going up to parent DeviceProfile []
[2024.12.07-15.04.32:393][  0]LogConfig: Applying CVar settings from Section [ViewDistanceQuality@3] File [D:/Git/GameDevProject/Content/LAB/LAB1/Saved/Config/Windows/Scalability.ini]
[2024.12.07-15.04.32:393][  0]LogConfig: Setting CVar [[r.SkeletalMeshLODBias:0]]
[2024.12.07-15.04.32:393][  0]LogConfig: Setting CVar [[r.ViewDistanceScale:1.0]]
[2024.12.07-15.04.32:393][  0]LogConfig: Applying CVar settings from Section [AntiAliasingQuality@3] File [D:/Git/GameDevProject/Content/LAB/LAB1/Saved/Config/Windows/Scalability.ini]
[2024.12.07-15.04.32:393][  0]LogConfig: Setting CVar [[r.PostProcessAAQuality:4]]
[2024.12.07-15.04.32:393][  0]LogConfig: Applying CVar settings from Section [ShadowQuality@3] File [D:/Git/GameDevProject/Content/LAB/LAB1/Saved/Config/Windows/Scalability.ini]
[2024.12.07-15.04.32:393][  0]LogConfig: Setting CVar [[r.LightFunctionQuality:1]]
[2024.12.07-15.04.32:393][  0]LogConfig: Setting CVar [[r.ShadowQuality:5]]
[2024.12.07-15.04.32:393][  0]LogConfig: Setting CVar [[r.Shadow.CSM.MaxCascades:10]]
[2024.12.07-15.04.32:393][  0]LogConfig: Setting CVar [[r.Shadow.MaxResolution:2048]]
[2024.12.07-15.04.32:393][  0]LogConfig: Setting CVar [[r.Shadow.MaxCSMResolution:2048]]
[2024.12.07-15.04.32:393][  0]LogConfig: Setting CVar [[r.Shadow.RadiusThreshold:0.01]]
[2024.12.07-15.04.32:393][  0]LogConfig: Setting CVar [[r.Shadow.DistanceScale:1.0]]
[2024.12.07-15.04.32:393][  0]LogConfig: Setting CVar [[r.Shadow.CSM.TransitionScale:1.0]]
[2024.12.07-15.04.32:393][  0]LogConfig: Setting CVar [[r.Shadow.PreShadowResolutionFactor:1.0]]
[2024.12.07-15.04.32:393][  0]LogConfig: Setting CVar [[r.DistanceFieldShadowing:1]]
[2024.12.07-15.04.32:393][  0]LogConfig: Setting CVar [[r.DistanceFieldAO:1]]
[2024.12.07-15.04.32:393][  0]LogConfig: Setting CVar [[r.AOQuality:2]]
[2024.12.07-15.04.32:393][  0]LogConfig: Setting CVar [[r.VolumetricFog:1]]
[2024.12.07-15.04.32:394][  0]LogConfig: Setting CVar [[r.VolumetricFog.GridPixelSize:8]]
[2024.12.07-15.04.32:394][  0]LogConfig: Setting CVar [[r.VolumetricFog.GridSizeZ:128]]
[2024.12.07-15.04.32:394][  0]LogConfig: Setting CVar [[r.VolumetricFog.HistoryMissSupersampleCount:4]]
[2024.12.07-15.04.32:394][  0]LogConfig: Setting CVar [[r.LightMaxDrawDistanceScale:1]]
[2024.12.07-15.04.32:394][  0]LogConfig: Setting CVar [[r.CapsuleShadows:1]]
[2024.12.07-15.04.32:394][  0]LogConfig: Applying CVar settings from Section [PostProcessQuality@3] File [D:/Git/GameDevProject/Content/LAB/LAB1/Saved/Config/Windows/Scalability.ini]
[2024.12.07-15.04.32:394][  0]LogConfig: Setting CVar [[r.MotionBlurQuality:4]]
[2024.12.07-15.04.32:394][  0]LogConfig: Setting CVar [[r.AmbientOcclusionMipLevelFactor:0.4]]
[2024.12.07-15.04.32:394][  0]LogConfig: Setting CVar [[r.AmbientOcclusionMaxQuality:100]]
[2024.12.07-15.04.32:394][  0]LogConfig: Setting CVar [[r.AmbientOcclusionLevels:-1]]
[2024.12.07-15.04.32:394][  0]LogConfig: Setting CVar [[r.AmbientOcclusionRadiusScale:1.0]]
[2024.12.07-15.04.32:394][  0]LogConfig: Setting CVar [[r.DepthOfFieldQuality:2]]
[2024.12.07-15.04.32:394][  0]LogConfig: Setting CVar [[r.RenderTargetPoolMin:400]]
[2024.12.07-15.04.32:394][  0]LogConfig: Setting CVar [[r.LensFlareQuality:2]]
[2024.12.07-15.04.32:394][  0]LogConfig: Setting CVar [[r.SceneColorFringeQuality:1]]
[2024.12.07-15.04.32:394][  0]LogConfig: Setting CVar [[r.EyeAdaptationQuality:2]]
[2024.12.07-15.04.32:394][  0]LogConfig: Setting CVar [[r.BloomQuality:5]]
[2024.12.07-15.04.32:394][  0]LogConfig: Setting CVar [[r.FastBlurThreshold:100]]
[2024.12.07-15.04.32:394][  0]LogConfig: Setting CVar [[r.Upscale.Quality:3]]
[2024.12.07-15.04.32:394][  0]LogConfig: Setting CVar [[r.Tonemapper.GrainQuantization:1]]
[2024.12.07-15.04.32:394][  0]LogConfig: Setting CVar [[r.LightShaftQuality:1]]
[2024.12.07-15.04.32:394][  0]LogConfig: Setting CVar [[r.Filter.SizeScale:1]]
[2024.12.07-15.04.32:394][  0]LogConfig: Setting CVar [[r.Tonemapper.Quality:5]]
[2024.12.07-15.04.32:394][  0]LogConfig: Setting CVar [[r.DOF.Gather.AccumulatorQuality:1        ; higher gathering accumulator quality]]
[2024.12.07-15.04.32:394][  0]LogConfig: Setting CVar [[r.DOF.Gather.PostfilterMethod:1          ; Median3x3 postfilering method]]
[2024.12.07-15.04.32:394][  0]LogConfig: Setting CVar [[r.DOF.Gather.EnableBokehSettings:0       ; no bokeh simulation when gathering]]
[2024.12.07-15.04.32:394][  0]LogConfig: Setting CVar [[r.DOF.Gather.RingCount:4                 ; medium number of samples when gathering]]
[2024.12.07-15.04.32:394][  0]LogConfig: Setting CVar [[r.DOF.Scatter.ForegroundCompositing:1    ; additive foreground scattering]]
[2024.12.07-15.04.32:394][  0]LogConfig: Setting CVar [[r.DOF.Scatter.BackgroundCompositing:2    ; additive background scattering]]
[2024.12.07-15.04.32:394][  0]LogConfig: Setting CVar [[r.DOF.Scatter.EnableBokehSettings:1      ; bokeh simulation when scattering]]
[2024.12.07-15.04.32:394][  0]LogConfig: Setting CVar [[r.DOF.Scatter.MaxSpriteRatio:0.1         ; only a maximum of 10% of scattered bokeh]]
[2024.12.07-15.04.32:394][  0]LogConfig: Setting CVar [[r.DOF.Recombine.Quality:1                ; cheap slight out of focus]]
[2024.12.07-15.04.32:394][  0]LogConfig: Setting CVar [[r.DOF.Recombine.EnableBokehSettings:0    ; no bokeh simulation on slight out of focus]]
[2024.12.07-15.04.32:394][  0]LogConfig: Setting CVar [[r.DOF.TemporalAAQuality:1                ; more stable temporal accumulation]]
[2024.12.07-15.04.32:394][  0]LogConfig: Setting CVar [[r.DOF.Kernel.MaxForegroundRadius:0.025]]
[2024.12.07-15.04.32:394][  0]LogConfig: Setting CVar [[r.DOF.Kernel.MaxBackgroundRadius:0.025]]
[2024.12.07-15.04.32:394][  0]LogConfig: Applying CVar settings from Section [TextureQuality@3] File [D:/Git/GameDevProject/Content/LAB/LAB1/Saved/Config/Windows/Scalability.ini]
[2024.12.07-15.04.32:394][  0]LogConfig: Setting CVar [[r.Streaming.MipBias:0]]
[2024.12.07-15.04.32:394][  0]LogConfig: Setting CVar [[r.Streaming.AmortizeCPUToGPUCopy:0]]
[2024.12.07-15.04.32:394][  0]LogConfig: Setting CVar [[r.Streaming.MaxNumTexturesToStreamPerFrame:0]]
[2024.12.07-15.04.32:394][  0]LogConfig: Setting CVar [[r.Streaming.Boost:1]]
[2024.12.07-15.04.32:394][  0]LogConfig: Setting CVar [[r.MaxAnisotropy:8]]
[2024.12.07-15.04.32:394][  0]LogConfig: Setting CVar [[r.VT.MaxAnisotropy:8]]
[2024.12.07-15.04.32:394][  0]LogConfig: Setting CVar [[r.Streaming.LimitPoolSizeToVRAM:0]]
[2024.12.07-15.04.32:394][  0]LogConfig: Setting CVar [[r.Streaming.PoolSize:1000]]
[2024.12.07-15.04.32:394][  0]LogConfig: Setting CVar [[r.Streaming.MaxEffectiveScreenSize:0]]
[2024.12.07-15.04.32:394][  0]LogConfig: Applying CVar settings from Section [EffectsQuality@3] File [D:/Git/GameDevProject/Content/LAB/LAB1/Saved/Config/Windows/Scalability.ini]
[2024.12.07-15.04.32:394][  0]LogConfig: Setting CVar [[r.TranslucencyLightingVolumeDim:64]]
[2024.12.07-15.04.32:394][  0]LogConfig: Setting CVar [[r.RefractionQuality:2]]
[2024.12.07-15.04.32:394][  0]LogConfig: Setting CVar [[r.SSR.Quality:3]]
[2024.12.07-15.04.32:394][  0]LogConfig: Setting CVar [[r.SSR.HalfResSceneColor:0]]
[2024.12.07-15.04.32:394][  0]LogConfig: Setting CVar [[r.SceneColorFormat:4]]
[2024.12.07-15.04.32:394][  0]LogConfig: Setting CVar [[r.DetailMode:2]]
[2024.12.07-15.04.32:394][  0]LogConfig: Setting CVar [[r.TranslucencyVolumeBlur:1]]
[2024.12.07-15.04.32:394][  0]LogConfig: Setting CVar [[r.MaterialQualityLevel:1 ; High quality]]
[2024.12.07-15.04.32:394][  0]LogConfig: Setting CVar [[r.AnisotropicMaterials:1]]
[2024.12.07-15.04.32:394][  0]LogConfig: Setting CVar [[r.SSS.Scale:1]]
[2024.12.07-15.04.32:394][  0]LogConfig: Setting CVar [[r.SSS.SampleSet:2]]
[2024.12.07-15.04.32:394][  0]LogConfig: Setting CVar [[r.SSS.Quality:1]]
[2024.12.07-15.04.32:394][  0]LogConfig: Setting CVar [[r.SSS.HalfRes:0]]
[2024.12.07-15.04.32:394][  0]LogConfig: Setting CVar [[r.SSGI.Quality:3]]
[2024.12.07-15.04.32:394][  0]LogConfig: Setting CVar [[r.EmitterSpawnRateScale:1.0]]
[2024.12.07-15.04.32:394][  0]LogConfig: Setting CVar [[r.ParticleLightQuality:2]]
[2024.12.07-15.04.32:394][  0]LogConfig: Setting CVar [[r.SkyAtmosphere.AerialPerspectiveLUT.FastApplyOnOpaque:1 ; Always have FastSkyLUT 1 in this case to avoid wrong sky]]
[2024.12.07-15.04.32:394][  0]LogConfig: Setting CVar [[r.SkyAtmosphere.AerialPerspectiveLUT.SampleCountMaxPerSlice:4]]
[2024.12.07-15.04.32:394][  0]LogConfig: Setting CVar [[r.SkyAtmosphere.AerialPerspectiveLUT.DepthResolution:16.0]]
[2024.12.07-15.04.32:394][  0]LogConfig: Setting CVar [[r.SkyAtmosphere.FastSkyLUT:1]]
[2024.12.07-15.04.32:394][  0]LogConfig: Setting CVar [[r.SkyAtmosphere.FastSkyLUT.SampleCountMin:4.0]]
[2024.12.07-15.04.32:394][  0]LogConfig: Setting CVar [[r.SkyAtmosphere.FastSkyLUT.SampleCountMax:128.0]]
[2024.12.07-15.04.32:394][  0]LogConfig: Setting CVar [[r.SkyAtmosphere.SampleCountMin:4.0]]
[2024.12.07-15.04.32:394][  0]LogConfig: Setting CVar [[r.SkyAtmosphere.SampleCountMax:128.0]]
[2024.12.07-15.04.32:394][  0]LogConfig: Setting CVar [[r.SkyAtmosphere.TransmittanceLUT.UseSmallFormat:0]]
[2024.12.07-15.04.32:394][  0]LogConfig: Setting CVar [[r.SkyAtmosphere.TransmittanceLUT.SampleCount:10.0]]
[2024.12.07-15.04.32:394][  0]LogConfig: Setting CVar [[r.SkyAtmosphere.MultiScatteringLUT.SampleCount:15.0]]
[2024.12.07-15.04.32:394][  0]LogConfig: Setting CVar [[r.SkyLight.RealTimeReflectionCapture:1]]
[2024.12.07-15.04.32:394][  0]LogConfig: Applying CVar settings from Section [FoliageQuality@3] File [D:/Git/GameDevProject/Content/LAB/LAB1/Saved/Config/Windows/Scalability.ini]
[2024.12.07-15.04.32:394][  0]LogConfig: Setting CVar [[foliage.DensityScale:1.0]]
[2024.12.07-15.04.32:394][  0]LogConfig: Setting CVar [[grass.DensityScale:1.0]]
[2024.12.07-15.04.32:394][  0]LogConfig: Applying CVar settings from Section [ShadingQuality@3] File [D:/Git/GameDevProject/Content/LAB/LAB1/Saved/Config/Windows/Scalability.ini]
[2024.12.07-15.04.32:394][  0]LogConfig: Setting CVar [[r.HairStrands.SkyLighting.IntegrationType:2]]
[2024.12.07-15.04.32:394][  0]LogConfig: Setting CVar [[r.HairStrands.SkyAO.SampleCount:4]]
[2024.12.07-15.04.32:394][  0]LogConfig: Setting CVar [[r.HairStrands.Visibility.MSAA.SamplePerPixel:4]]
[2024.12.07-15.04.32:394][  0]LogConfig: Applying CVar settings from Section [Startup] File [../../../Engine/Config/ConsoleVariables.ini]
[2024.12.07-15.04.32:394][  0]LogConfig: Setting CVar [[net.UseAdaptiveNetUpdateFrequency:0]]
[2024.12.07-15.04.32:394][  0]LogConfig: Setting CVar [[p.chaos.AllowCreatePhysxBodies:1]]
[2024.12.07-15.04.32:394][  0]LogConfig: Setting CVar [[fx.SkipVectorVMBackendOptimizations:1]]
[2024.12.07-15.04.32:394][  0]LogConfig: Applying CVar settings from Section [ConsoleVariables] File [D:/Git/GameDevProject/Content/LAB/LAB1/Saved/Config/Windows/Engine.ini]
[2024.12.07-15.04.32:394][  0]LogConfig: Applying CVar settings from Section [ConsoleVariables] File [D:/Git/GameDevProject/Content/LAB/LAB1/Saved/Config/Windows/Editor.ini]
[2024.12.07-15.04.32:394][  0]LogInit: Computer: DESKTOP-OQ7SUMD
[2024.12.07-15.04.32:394][  0]LogInit: User: SerTitan
[2024.12.07-15.04.32:394][  0]LogInit: CPU Page size=4096, Cores=14
[2024.12.07-15.04.32:394][  0]LogInit: High frequency timer resolution =10.000000 MHz
[2024.12.07-15.04.32:394][  0]LogMemory: Memory total: Physical=23.7GB (24GB approx)
[2024.12.07-15.04.32:394][  0]LogMemory: Platform Memory Stats for Windows
[2024.12.07-15.04.32:394][  0]LogMemory: Process Physical Memory: 149.54 MB used, 149.54 MB peak
[2024.12.07-15.04.32:394][  0]LogMemory: Process Virtual Memory: 132.81 MB used, 132.81 MB peak
[2024.12.07-15.04.32:394][  0]LogMemory: Physical Memory: 12115.32 MB used,  12168.55 MB free, 24283.87 MB total
[2024.12.07-15.04.32:394][  0]LogMemory: Virtual Memory: 134200144.00 MB used,  17580.19 MB free, 134217728.00 MB total
[2024.12.07-15.04.32:399][  0]LogWindows: WindowsPlatformFeatures enabled
[2024.12.07-15.04.32:429][  0]LogInit: Physics initialised using underlying interface: PhysX
[2024.12.07-15.04.32:430][  0]LogInit: Using OS detected language (ru-RU).
[2024.12.07-15.04.32:430][  0]LogInit: Using OS detected locale (ru-RU).
[2024.12.07-15.04.32:430][  0]LogTextLocalizationManager: No specific localization for 'ru-RU' exists, so the 'ru' localization will be used.
[2024.12.07-15.04.32:431][  0]LogTextLocalizationResource: LocRes '../../../Engine/Content/Localization/Editor/ru/Editor.locres' could not be opened for reading!
[2024.12.07-15.04.32:431][  0]LogTextLocalizationResource: LocRes '../../../Engine/Content/Localization/EditorTutorials/ru/EditorTutorials.locres' could not be opened for reading!
[2024.12.07-15.04.32:431][  0]LogTextLocalizationResource: LocRes '../../../Engine/Content/Localization/Keywords/ru/Keywords.locres' could not be opened for reading!
[2024.12.07-15.04.32:431][  0]LogTextLocalizationResource: LocRes '../../../Engine/Content/Localization/Category/ru/Category.locres' could not be opened for reading!
[2024.12.07-15.04.32:431][  0]LogTextLocalizationResource: LocRes '../../../Engine/Content/Localization/ToolTips/ru/ToolTips.locres' could not be opened for reading!
[2024.12.07-15.04.32:431][  0]LogTextLocalizationResource: LocRes '../../../Engine/Content/Localization/PropertyNames/ru/PropertyNames.locres' could not be opened for reading!
[2024.12.07-15.04.32:431][  0]LogTextLocalizationResource: LocRes '../../../Engine/Content/Localization/Engine/ru/Engine.locres' could not be opened for reading!
[2024.12.07-15.04.32:441][  0]LogWindowsTextInputMethodSystem: Display: IME system deactivated.
[2024.12.07-15.04.32:458][  0]LogSlate: New Slate User Created.  User Index 0, Is Virtual User: 0
[2024.12.07-15.04.32:458][  0]LogSlate: Slate User Registered.  User Index 0, Is Virtual User: 0
[2024.12.07-15.04.32:468][  0]LogD3D11RHI: Loaded GFSDK_Aftermath_Lib.x64.dll
[2024.12.07-15.04.32:499][  0]LogHMD: Failed to initialize OpenVR with code 110
[2024.12.07-15.04.32:499][  0]LogD3D11RHI: D3D11 min allowed feature level: 11_0
[2024.12.07-15.04.32:499][  0]LogD3D11RHI: D3D11 max allowed feature level: 11_0
[2024.12.07-15.04.32:499][  0]LogD3D11RHI: D3D11 adapters:
[2024.12.07-15.04.32:598][  0]LogD3D11RHI:    0. 'NVIDIA GeForce RTX 4060 Laptop GPU' (Feature Level 11_0)
[2024.12.07-15.04.32:598][  0]LogD3D11RHI:       7957/0/12141 MB DedicatedVideo/DedicatedSystem/SharedSystem, Outputs:1, VendorId:0x10de
[2024.12.07-15.04.32:625][  0]LogD3D11RHI:    1. 'Intel(R) UHD Graphics' (Feature Level 11_0)
[2024.12.07-15.04.32:625][  0]LogD3D11RHI:       128/0/12141 MB DedicatedVideo/DedicatedSystem/SharedSystem, Outputs:0, VendorId:0x8086
[2024.12.07-15.04.32:627][  0]LogD3D11RHI:    2. 'Microsoft Basic Render Driver' (Feature Level 11_0)
[2024.12.07-15.04.32:627][  0]LogD3D11RHI:       0/0/12141 MB DedicatedVideo/DedicatedSystem/SharedSystem, Outputs:0, VendorId:0x1414
[2024.12.07-15.04.32:627][  0]LogD3D11RHI: Chosen D3D11 Adapter:
[2024.12.07-15.04.32:627][  0]LogD3D11RHI:     Description : NVIDIA GeForce RTX 4060 Laptop GPU
[2024.12.07-15.04.32:627][  0]LogD3D11RHI:     VendorId    : 10de
[2024.12.07-15.04.32:627][  0]LogD3D11RHI:     DeviceId    : 28e0
[2024.12.07-15.04.32:627][  0]LogD3D11RHI:     SubSysId    : 3d0617aa
[2024.12.07-15.04.32:627][  0]LogD3D11RHI:     Revision    : 00a1
[2024.12.07-15.04.32:627][  0]LogD3D11RHI:     DedicatedVideoMemory : 8343519232 bytes
[2024.12.07-15.04.32:627][  0]LogD3D11RHI:     DedicatedSystemMemory : 0 bytes
[2024.12.07-15.04.32:627][  0]LogD3D11RHI:     SharedSystemMemory : 12731740160 bytes
[2024.12.07-15.04.32:627][  0]LogD3D11RHI:     AdapterLuid : 0 67433
[2024.12.07-15.04.32:634][  0]LogD3D11RHI: Creating new Direct3DDevice
[2024.12.07-15.04.32:635][  0]LogD3D11RHI:     GPU DeviceId: 0x28e0 (for the marketing name, search the web for "GPU Device Id")
[2024.12.07-15.04.32:635][  0]LogWindows: EnumDisplayDevices:
[2024.12.07-15.04.32:635][  0]LogWindows:    0. 'Intel(R) UHD Graphics' (P:1 D:1)
[2024.12.07-15.04.32:635][  0]LogWindows:    1. 'Intel(R) UHD Graphics' (P:0 D:0)
[2024.12.07-15.04.32:635][  0]LogWindows:    2. 'Intel(R) UHD Graphics' (P:0 D:0)
[2024.12.07-15.04.32:635][  0]LogWindows:    3. 'Intel(R) UHD Graphics' (P:0 D:0)
[2024.12.07-15.04.32:635][  0]LogWindows:    4. 'NVIDIA GeForce RTX 4060 Laptop GPU' (P:0 D:0)
[2024.12.07-15.04.32:635][  0]LogWindows:    5. 'NVIDIA GeForce RTX 4060 Laptop GPU' (P:0 D:0)
[2024.12.07-15.04.32:635][  0]LogWindows:    6. 'NVIDIA GeForce RTX 4060 Laptop GPU' (P:0 D:0)
[2024.12.07-15.04.32:636][  0]LogWindows:    7. 'NVIDIA GeForce RTX 4060 Laptop GPU' (P:0 D:0)
[2024.12.07-15.04.32:636][  0]LogWindows: DebugString: PrimaryIsNotTheChoosenAdapter PrimaryIsNotTheChoosenAdapter PrimaryIsNotTheChoosenAdapter PrimaryIsNotTheChoosenAdapter FoundDriverCount:4 
[2024.12.07-15.04.32:636][  0]LogD3D11RHI:     Adapter Name: NVIDIA GeForce RTX 4060 Laptop GPU
[2024.12.07-15.04.32:636][  0]LogD3D11RHI:   Driver Version: 566.14 (internal:32.0.15.6614, unified:566.14)
[2024.12.07-15.04.32:636][  0]LogD3D11RHI:      Driver Date: 11-6-2024
[2024.12.07-15.04.32:636][  0]LogRHI: Texture pool is 5569 MB (70% of 7957 MB)
[2024.12.07-15.04.32:636][  0]LogD3D11RHI: Creating D3DDevice using adapter:
[2024.12.07-15.04.32:636][  0]LogD3D11RHI:     Description : NVIDIA GeForce RTX 4060 Laptop GPU
[2024.12.07-15.04.32:636][  0]LogD3D11RHI:     VendorId    : 10de
[2024.12.07-15.04.32:636][  0]LogD3D11RHI:     DeviceId    : 28e0
[2024.12.07-15.04.32:636][  0]LogD3D11RHI:     SubSysId    : 3d0617aa
[2024.12.07-15.04.32:636][  0]LogD3D11RHI:     Revision    : 00a1
[2024.12.07-15.04.32:636][  0]LogD3D11RHI:     DedicatedVideoMemory : 8343519232 bytes
[2024.12.07-15.04.32:636][  0]LogD3D11RHI:     DedicatedSystemMemory : 0 bytes
[2024.12.07-15.04.32:636][  0]LogD3D11RHI:     SharedSystemMemory : 12731740160 bytes
[2024.12.07-15.04.32:636][  0]LogD3D11RHI:     AdapterLuid : 0 67433
[2024.12.07-15.04.32:689][  0]LogD3D11RHI: RHI has support for 64 bit atomics
[2024.12.07-15.04.32:690][  0]LogD3D11RHI: Async texture creation enabled
[2024.12.07-15.04.32:690][  0]LogD3D11RHI: Array index from any shader is supported
[2024.12.07-15.04.32:708][  0]LogD3D11RHI: GPU Timing Frequency: 1000.000000 (Debug: 2 2)
[2024.12.07-15.04.32:727][  0]LogRHI: GeForceNow SDK initialized: 1
[2024.12.07-15.04.32:935][  0]LogTargetPlatformManager: Display: Loaded TargetPlatform 'WindowsNoEditor'
[2024.12.07-15.04.32:939][  0]LogTargetPlatformManager: Display: Loaded TargetPlatform 'Windows'
[2024.12.07-15.04.32:942][  0]LogTargetPlatformManager: Display: Loaded TargetPlatform 'WindowsClient'
[2024.12.07-15.04.32:945][  0]LogTargetPlatformManager: Display: Loaded TargetPlatform 'WindowsServer'
[2024.12.07-15.04.32:945][  0]LogTargetPlatformManager: Display: Building Assets For Windows
[2024.12.07-15.04.32:951][  0]LogAudioDebug: Display: Lib vorbis DLL was dynamically loaded.
[2024.12.07-15.04.32:972][  0]LogTextureFormatOodle: Display: Oodle Texture 2.9.0 init RDO Off
[2024.12.07-15.04.32:996][  0]LogRendererCore: Ray tracing is disabled. Reason: r.RayTracing=0.
[2024.12.07-15.04.32:996][  0]LogShaderCompilers: Guid format shader working directory is -2 characters bigger than the processId version (../../../../../Git/GameDevProject/Content/LAB/LAB1/Intermediate/Shaders/WorkingDirectory/12816/).
[2024.12.07-15.04.32:996][  0]LogShaderCompilers: Cleaned the shader compiler working directory 'C:/Users/SerTitan/AppData/Local/Temp/UnrealShaderWorkingDir/217A0D684A7A73CE8E32AEB355259CE4/'.
[2024.12.07-15.04.32:996][  0]LogXGEController: Cannot use XGE Controller as Incredibuild is not installed on this machine.
[2024.12.07-15.04.32:996][  0]LogShaderCompilers: Cannot use XGE Shader Compiler as Incredibuild is not installed on this machine.
[2024.12.07-15.04.32:996][  0]LogShaderCompilers: Display: Using Local Shader Compiler.
[2024.12.07-15.04.33:531][  0]LogDerivedDataCache: Display: Max Cache Size: 512 MB
[2024.12.07-15.04.33:582][  0]LogDerivedDataCache: Loaded boot cache 0.05s 94MB C:/Users/SerTitan/AppData/Local/UnrealEngine/4.27/DerivedDataCache/Boot.ddc.
[2024.12.07-15.04.33:582][  0]LogDerivedDataCache: Display: Loaded Boot cache: C:/Users/SerTitan/AppData/Local/UnrealEngine/4.27/DerivedDataCache/Boot.ddc
[2024.12.07-15.04.33:582][  0]LogDerivedDataCache: FDerivedDataBackendGraph:  Pak pak cache file ../../../../../Git/GameDevProject/Content/LAB/LAB1/DerivedDataCache/DDC.ddp not found, will not use a pak cache.
[2024.12.07-15.04.33:582][  0]LogDerivedDataCache: Unable to find inner node Pak for hierarchical cache Hierarchy.
[2024.12.07-15.04.33:582][  0]LogDerivedDataCache: FDerivedDataBackendGraph:  CompressedPak pak cache file ../../../../../Git/GameDevProject/Content/LAB/LAB1/DerivedDataCache/Compressed.ddp not found, will not use a pak cache.
[2024.12.07-15.04.33:582][  0]LogDerivedDataCache: Unable to find inner node CompressedPak for hierarchical cache Hierarchy.
[2024.12.07-15.04.33:595][  0]LogDerivedDataCache: Display: Pak cache opened for reading ../../../Engine/DerivedDataCache/Compressed.ddp.
[2024.12.07-15.04.33:595][  0]LogDerivedDataCache: FDerivedDataBackendGraph:  EnterprisePak pak cache file ../../../Enterprise/DerivedDataCache/Compressed.ddp not found, will not use a pak cache.
[2024.12.07-15.04.33:595][  0]LogDerivedDataCache: Unable to find inner node EnterprisePak for hierarchical cache Hierarchy.
[2024.12.07-15.04.33:600][  0]LogDerivedDataCache: Speed tests for C:/Users/SerTitan/AppData/Local/UnrealEngine/Common/DerivedDataCache took 0.00 seconds
[2024.12.07-15.04.33:600][  0]LogDerivedDataCache: Display: Performance to C:/Users/SerTitan/AppData/Local/UnrealEngine/Common/DerivedDataCache: Latency=0.02ms. RandomReadSpeed=1614.60MBs, RandomWriteSpeed=254.46MBs. Assigned SpeedClass 'Local'
[2024.12.07-15.04.33:600][  0]LogDerivedDataCache: Using Local data cache path C:/Users/SerTitan/AppData/Local/UnrealEngine/Common/DerivedDataCache: Writable
[2024.12.07-15.04.33:600][  0]LogDerivedDataCache: Shared data cache path not found in *engine.ini, will not use an Shared cache.
[2024.12.07-15.04.33:600][  0]LogDerivedDataCache: Unable to find inner node Shared for hierarchical cache Hierarchy.
[2024.12.07-15.04.33:627][  0]LogSlate: Using FreeType 2.10.0
[2024.12.07-15.04.33:627][  0]LogSlate: SlateFontServices - WITH_FREETYPE: 1, WITH_HARFBUZZ: 1
[2024.12.07-15.04.33:705][  0]LogInit: Using OS detected language (ru-RU).
[2024.12.07-15.04.33:705][  0]LogInit: Using OS detected locale (ru-RU).
[2024.12.07-15.04.33:705][  0]LogTextLocalizationManager: No localization for 'ru-RU' exists, so 'en' will be used for the language.
[2024.12.07-15.04.33:705][  0]LogTextLocalizationManager: No localization for 'ru-RU' exists, so 'en' will be used for the locale.
[2024.12.07-15.04.33:705][  0]LogSlate: FontCache flush requested. Reason: Culture for localization was changed
[2024.12.07-15.04.33:705][  0]LogSlate: FontCache flush requested. Reason: Culture for localization was changed
[2024.12.07-15.04.33:708][  0]LogAssetRegistry: FAssetRegistry took 0.0015 seconds to start up
[2024.12.07-15.04.33:816][  0]LogTextLocalizationManager: Compacting localization data took   0.00ms
[2024.12.07-15.04.33:816][  0]LogPackageLocalizationCache: Processed 27 localized package path(s) for 1 prioritized culture(s) in 0.000686 seconds
[2024.12.07-15.04.33:855][  0]LogInit: Selected Device Profile: [Windows]
[2024.12.07-15.04.33:855][  0]LogInit: Active device profile: [000002DDC6272E00][000002DDB5C49040 49] Windows
[2024.12.07-15.04.33:855][  0]LogInit: Profiles: [000002DDC6272E00][000002DDB5C49040 49] Windows, [000002DDC620EA00][000002DDB618F1C0 49] WindowsNoEditor, [000002DDC6271100][000002DDB618B300 49] WindowsServer, [000002DDC620C800][000002DDB6193440 49] WindowsClient, [000002DDC6272700][000002DDB6197580 49] IOS, [000002DDC6271200][000002DDB619B6C0 49] iPadAir, [000002DDC61EDF00][000002DDB69E5840 49] iPadAir2, [000002DDC61B8B00][000002DDB69EDB00 49] IPadPro, [000002DDC61B8C00][000002DDB69E9B40 49] iPadAir3, [000002DDC61EC700][000002DDB69F0140 49] iPadAir4, [000002DDC61B8200][000002DDB69F42C0 49] iPadMini2, [000002DDC61EF600][000002DDB69F8440 49] iPadMini3, [000002DDC61BAE00][000002DDB69FC5C0 49] iPadMini4, [000002DDC61EC600][000002DDB5A18740 49] iPadMini5, [000002DDC620DA00][000002DDB5A20A00 49] iPhone6, [000002DDC620C100][000002DDB5A1CA40 49] iPodTouch6, [000002DDC61B8700][000002DDB5A28D00 49] iPhone7, [000002DDC61BAF00][000002DDB5A24D40 49] iPodTouch7, [000002DDC620D700][000002DDB5A2CEC0 49] iPhone5S, [000002DDC61B8300][000002DDB5A31040 49] iPhone6Plus, [000002DDC620F400][000002DDB5A351C0 49] iPhone6S, [000002DDC61B9600][000002DDB5A39340 49] iPhone6SPlus, [000002DDC620CB00][000002DDB5A3D4C0 49] iPhone7Plus, [000002DDC61BA200][000002DDB69E1600 49] iPhoneSE, [000002DDC620DC00][000002DDB5A41740 49] iPhone8, [000002DDC61B9900][000002DDB5A45880 49] iPhone8Plus, [000002DDC620D200][000002DDB5A4DA00 49] iPhoneX, [000002DDC61BBE00][000002DDB6599B80 49] iPhoneXS, [000002DDC620E300][000002DDB659C180 49] iPhoneXSMax, [000002DDC61B8500][000002DDB65A0300 49] iPhoneXR, [000002DDC620DE00][000002DDB65A4480 49] iPhone11, [000002DDC61B9C00][000002DDB65A8600 49] iPhone11Pro, [000002DDC620C600][000002DDB65AC780 49] iPhone11ProMax, [000002DDC61BAB00][000002DDB65B0900 49] iPhoneSE2, [000002DDC620D300][000002DDB65B4A80 49] iPhone12Mini, [000002DDC61BAA00][000002DDB65B8C00 49] iPhone12, [000002DDC620F300][000002DDB65BCD80 49] iPhone12Pro, [000002DDC61B9800][000002DDB65C0F00 49] iPhone12ProMax, [000002DDC620F800][000002DDB65C5080 49] iPadPro105, [000002DDC61B9E00][000002DDB65C9200 49] iPadPro129, [000002DDC620FE00][000002DDB65CD380 49] iPadPro97, [000002DDC61BB100][000002DDB65D1500 49] iPadPro2_129, [000002DDC620F600][000002DDB65D5680 49] iPad5, [000002DDC61BA000][000002DDB5A497C0 49] iPad6, [000002DDC620E700][000002DDB65D9900 49] iPad7, [000002DDC61BB500][000002DDB65DDA40 49] iPad8, [000002DDC620CE00][000002DDB65E5BC0 49] iPadPro11, [000002DDC61BB900][000002DDB65E81C0 49] iPadPro2_11, [000002DDC620EF00][000002DDB65EC340 49] iPadPro3_129, [000002DDC61BA500][000002DDAFC624C0 49] iPadPro4_129, [000002DDC620E100][000002DDAFC66640 49] AppleTV, [000002DDC61BBF00][000002DDAFC6A7C0 49] AppleTV4K, [000002DDC620FB00][000002DDAFC6E940 49] TVOS, [000002DDC61BB400][000002DDAFC72AC0 49] Mac, [000002DDC620C900][000002DDAFC76C40 49] MacClient, [000002DDC61B9100][000002DDAFC7ADC0 49] MacNoEditor, [000002DDC620E800][000002DDAFC7EF40 49] MacServer, [000002DDC61B9F00][000002DDAFC830C0 49] Linux, [000002DDC620F100][000002DDAFC87240 49] LinuxAArch64, [000002DDC61B8D00][000002DDAFC8B3C0 49] LinuxNoEditor, [000002DDC620EB00][000002DDB506D540 49] LinuxAArch64NoEditor, [000002DDC61B8E00][000002DDB50716C0 49] LinuxClient, [000002DDC620E200][000002DDB5075840 49] LinuxAArch64Client, [000002DDC61BA900][000002DDB65E1980 49] LinuxServer, [000002DDC620F500][000002DDB5079AC0 49] LinuxAArch64Server, [000002DDC61EF400][000002DDB507DC00 49] Android, [000002DDC6270100][000002DDB50801C0 49] Android_Low, [000002DDC61EC300][000002DDB5088340 49] Android_Mid, [000002DDC6271B00][000002DDB508C4C0 49] Android_High, [000002DDC61EE700][000002DDB5090640 49] Android_Default, [000002DDC6272B00][000002DDB50947C0 49] Android_Adreno4xx, [000002DDC61EEE00][000002DDB5098940 49] Android_Adreno5xx_Low, [000002DDC6273200][000002DDB509CAC0 49] Android_Adreno5xx, [000002DDC61EFD00][000002DDB50A0C40 49] Android_Adreno6xx, [000002DDC6272300][000002DDB50A4DC0 49] Android_Adreno6xx_Vulkan, [000002DDC61EE200][000002DDB50A8F40 49] Android_Mali_T6xx, [000002DDC6270D00][000002DDB50AD0C0 49] Android_Mali_T7xx, [000002DDC61ECA00][000002DDB50B1240 49] Android_Mali_T8xx, [000002DDC6271300][000002DDB50B53C0 49] Android_Mali_G71, [000002DDC61EF000][000002DDB57E7540 49] Android_Mali_G72, [000002DDC6273000][000002DDB57EB6C0 49] Android_Mali_G72_Vulkan, [000002DDC61ED500][000002DDB57EF840 49] Android_Mali_G76, [000002DDC6272D00][000002DDB57F39C0 49] Android_Mali_G76_Vulkan, [000002DDC61EFE00][000002DDB5085B00 49] Android_Mali_G77, [000002DDC6273700][000002DDB57F60C0 49] Android_Mali_G77_Vulkan, [000002DDC61ECD00][000002DDB57FA200 49] Android_Mali_G78, [000002DDC6272100][000002DDB57FE340 49] Android_Mali_G78_Vulkan, [000002DDC61EED00][000002DDB58064C0 49] Android_Mali_G710, [000002DDC6271000][000002DDB580A640 49] Android_Mali_G710_Vulkan, [000002DDC61EFB00][000002DDB580E7C0 49] Android_Vulkan_SM5, [000002DDC6272400][000002DDB5812940 49] Android_PowerVR_G6xxx, [000002DDC61ED600][000002DDB5816AC0 49] Android_PowerVR_GT7xxx, [000002DDC6271D00][000002DDB581AC40 49] Android_PowerVR_GE8xxx, [000002DDC620CA00][000002DDB581EDC0 49] Android_PowerVR_GM9xxx, [000002DDC6270500][000002DDB5822F40 49] Android_PowerVR_GM9xxx_Vulkan, [000002DDC620F700][000002DDB58270C0 49] Android_TegraK1, [000002DDC6270200][000002DDB582B240 49] Android_Unknown_Vulkan, [000002DDC620CD00][000002DDB582F3C0 49] Lumin, [000002DDC6273300][000002DDB5833540 49] Lumin_Desktop, [000002DDC620FC00][000002DDB58376C0 49] HoloLens, 
[2024.12.07-15.04.33:884][  0]LogMeshReduction: Using QuadricMeshReduction for automatic static mesh reduction
[2024.12.07-15.04.33:884][  0]LogMeshReduction: Using SimplygonMeshReduction for automatic skeletal mesh reduction
[2024.12.07-15.04.33:884][  0]LogMeshReduction: Using ProxyLODMeshReduction for automatic mesh merging
[2024.12.07-15.04.33:884][  0]LogMeshReduction: No distributed automatic mesh merging module available
[2024.12.07-15.04.33:884][  0]LogMeshMerging: No distributed automatic mesh merging module available
[2024.12.07-15.04.33:952][  0]LogNetVersion: LAB1 1.0.0, NetCL: 17155196, EngineNetVer: 17, GameNetVer: 0 (Checksum: 1850865669)
[2024.12.07-15.04.34:108][  0]LogTexture: Default maximum texture size for cubemaps generated from long-lat sources has been changed from 512 to unlimited. In order to preserve old behaiour for '/Engine/MapTemplates/Sky/DaylightAmbientCubemap.DaylightAmbientCubemap', its maximum texture size has been explicitly set to 512.
[2024.12.07-15.04.34:149][  0]LogHMD: PokeAHoleMaterial loaded successfully
[2024.12.07-15.04.34:227][  0]LogMoviePlayer: Initializing movie player
[2024.12.07-15.04.34:311][  0]LogNiagaraDebuggerClient: Niagara Debugger Client Initialized | Session: F8AE50C14A6A93110C7CBEB9833E42E3 | Instance: 61359112425CB6EA4E0CD88930CC5CFF (DESKTOP-OQ7SUMD-12816).
[2024.12.07-15.04.34:326][  0]LogCollectionManager: Loaded 0 collections in 0.000484 seconds
[2024.12.07-15.04.34:328][  0]LogFileCache: Scanning file cache for directory 'D:/Git/GameDevProject/Content/LAB/LAB1/Saved/Collections/' took 0.00s
[2024.12.07-15.04.34:328][  0]LogFileCache: Scanning file cache for directory 'D:/Git/GameDevProject/Content/LAB/LAB1/Content/Developers/SerTitan/Collections/' took 0.00s
[2024.12.07-15.04.34:328][  0]LogCollectionManager: Fixed up redirectors for 0 collections in 0.000002 seconds (updated 0 objects)
[2024.12.07-15.04.34:359][  0]LogFileCache: Scanning file cache for directory 'D:/Git/GameDevProject/Content/LAB/LAB1/Content/Collections/' took 0.00s
[2024.12.07-15.04.34:359][  0]LogUdpMessaging: Initializing bridge on interface 0.0.0.0:0 to multicast group 230.0.0.1:6666.
[2024.12.07-15.04.34:364][  0]LogTcpMessaging: Initializing TcpMessaging bridge
