Log file open, 12/07/24 17:54:35
LogWindows: Failed to load 'aqProf.dll' (GetLastError=126)
LogWindows: File 'aqProf.dll' does not exist
LogWindows: Failed to load 'VtuneApi.dll' (GetLastError=126)
LogWindows: File 'VtuneApi.dll' does not exist
LogWindows: Failed to load 'VtuneApi32e.dll' (GetLastError=126)
LogWindows: File 'VtuneApi32e.dll' does not exist
LogConsoleResponse: Display: Failed to find resolution value strings in scalability ini. Falling back to default.
LogConsoleResponse: Display: Failed to find resolution value strings in scalability ini. Falling back to default.
LogInit: Display: Running engine for game: LAB1
LogPlatformFile: Not using cached read wrapper
LogTaskGraph: Started task graph with 5 named threads and 59 total threads with 3 sets of task threads.
LogStats: Stats thread started at 0.213772
LogICUInternationalization: ICU TimeZone Detection - Raw Offset: +3:00, Platform Override: ''
LogInit: Display: Loading text-based GConfig....
LogPluginManager: Mounting plugin MeshPainting
LogPluginManager: Mounting plugin XGEController
LogPluginManager: Mounting plugin Paper2D
LogPluginManager: Mounting plugin AISupport
LogPluginManager: Mounting plugin EnvironmentQueryEditor
LogPluginManager: Mounting plugin LightPropagationVolume
LogPluginManager: Mounting plugin LiveLink
LogPluginManager: Mounting plugin CameraShakePreviewer
LogPluginManager: Mounting plugin GameplayCameras
LogPluginManager: Mounting plugin OodleData
LogPluginManager: Mounting plugin AnimationSharing
LogPluginManager: Mounting plugin CodeLiteSourceCodeAccess
LogPluginManager: Mounting plugin CLionSourceCodeAccess
LogPluginManager: Mounting plugin OodleNetwork
LogPluginManager: Mounting plugin GitSourceControl
LogPluginManager: Mounting plugin KDevelopSourceCodeAccess
LogPluginManager: Mounting plugin NullSourceCodeAccess
LogPluginManager: Mounting plugin PerforceSourceControl
LogPluginManager: Mounting plugin PixWinPlugin
LogPluginManager: Mounting plugin PlasticSourceControl
LogPluginManager: Mounting plugin PluginUtils
LogPluginManager: Mounting plugin PropertyAccessNode
LogPluginManager: Mounting plugin RiderSourceCodeAccess
LogPluginManager: Mounting plugin SubversionSourceControl
LogPluginManager: Mounting plugin TextureFormatOodle
LogPluginManager: Mounting plugin DatasmithContent
LogPluginManager: Mounting plugin UObjectPlugin
LogPluginManager: Mounting plugin VisualStudioCodeSourceCodeAccess
LogPluginManager: Mounting plugin VisualStudioSourceCodeAccess
LogPluginManager: Mounting plugin XCodeSourceCodeAccess
LogPluginManager: Mounting plugin AssetManagerEditor
LogPluginManager: Mounting plugin VariantManagerContent
LogPluginManager: Mounting plugin CryptoKeys
LogPluginManager: Mounting plugin CurveEditorTools
LogPluginManager: Mounting plugin DataValidation
LogPluginManager: Mounting plugin FacialAnimation
LogPluginManager: Mounting plugin GameplayTagsEditor
LogPluginManager: Mounting plugin GeometryMode
LogPluginManager: Mounting plugin MacGraphicsSwitching
LogPluginManager: Mounting plugin MaterialAnalyzer
LogPluginManager: Mounting plugin PluginBrowser
LogPluginManager: Mounting plugin SpeedTreeImporter
LogPluginManager: Mounting plugin MobileLauncherProfileWizard
LogPluginManager: Mounting plugin Niagara
LogPluginManager: Mounting plugin LuminPlatformFeatures
LogPluginManager: Mounting plugin MagicLeap
LogPluginManager: Mounting plugin MagicLeapLightEstimation
LogPluginManager: Mounting plugin MagicLeapMedia
LogPluginManager: Mounting plugin MagicLeapPassableWorld
LogPluginManager: Mounting plugin MLSDK
LogPluginManager: Mounting plugin AvfMedia
LogPluginManager: Mounting plugin AndroidMedia
LogPluginManager: Mounting plugin MediaCompositing
LogPluginManager: Mounting plugin MediaPlayerEditor
LogPluginManager: Mounting plugin ImgMedia
LogPluginManager: Mounting plugin WebMMedia
LogPluginManager: Mounting plugin WmfMedia
LogPluginManager: Mounting plugin AlembicImporter
LogPluginManager: Mounting plugin BackChannel
LogPluginManager: Mounting plugin ChaosCloth
LogPluginManager: Mounting plugin ChaosEditor
LogPluginManager: Mounting plugin ChaosNiagara
LogPluginManager: Mounting plugin TcpMessaging
LogPluginManager: Mounting plugin ChaosClothEditor
LogPluginManager: Mounting plugin CharacterAI
LogPluginManager: Mounting plugin ChaosSolverPlugin
LogPluginManager: Mounting plugin UdpMessaging
LogPluginManager: Mounting plugin AutomationUtils
LogPluginManager: Mounting plugin GeometryCache
LogPluginManager: Mounting plugin GeometryCollectionPlugin
LogPluginManager: Mounting plugin LevelSequenceEditor
LogPluginManager: Mounting plugin MatineeToLevelSequence
LogPluginManager: Mounting plugin TemplateSequence
LogPluginManager: Mounting plugin ActorSequence
LogPluginManager: Mounting plugin GeometryProcessing
LogPluginManager: Mounting plugin MotoSynth
LogPluginManager: Mounting plugin OpenImageDenoise
LogPluginManager: Mounting plugin PlanarCut
LogPluginManager: Mounting plugin ProxyLODPlugin
LogPluginManager: Mounting plugin PlatformCrypto
LogPluginManager: Mounting plugin SkeletalReduction
LogPluginManager: Mounting plugin PythonScriptPlugin
LogPluginManager: Mounting plugin OnlineSubsystem
LogPluginManager: Mounting plugin OnlineSubsystemNull
LogPluginManager: Mounting plugin LauncherChunkInstaller
LogPluginManager: Mounting plugin ScreenshotTools
LogPluginManager: Mounting plugin OnlineSubsystemUtils
LogPluginManager: Mounting plugin ActorLayerUtilities
LogPluginManager: Mounting plugin AndroidDeviceProfileSelector
LogPluginManager: Mounting plugin AndroidMoviePlayer
LogPluginManager: Mounting plugin AndroidPermission
LogPluginManager: Mounting plugin AudioCapture
LogPluginManager: Mounting plugin AppleImageUtils
LogPluginManager: Mounting plugin AssetTags
LogPluginManager: Mounting plugin ArchVisCharacter
LogPluginManager: Mounting plugin AppleMoviePlayer
LogPluginManager: Mounting plugin AudioSynesthesia
LogPluginManager: Mounting plugin CableComponent
LogPluginManager: Mounting plugin EditableMesh
LogPluginManager: Mounting plugin ExampleDeviceProfileSelector
LogPluginManager: Mounting plugin ChunkDownloader
LogPluginManager: Mounting plugin GooglePAD
LogPluginManager: Mounting plugin GoogleCloudMessaging
LogPluginManager: Mounting plugin IOSDeviceProfileSelector
LogPluginManager: Mounting plugin LocationServicesBPLibrary
LogPluginManager: Mounting plugin LinuxDeviceProfileSelector
LogPluginManager: Mounting plugin MobilePatchingUtils
LogPluginManager: Mounting plugin CustomMeshComponent
LogPluginManager: Mounting plugin OpenXR
LogPluginManager: Mounting plugin OpenXRHandTracking
LogPluginManager: Mounting plugin OpenXREyeTracker
LogPluginManager: Mounting plugin PostSplashScreen
LogPluginManager: Mounting plugin PhysXVehicles
LogPluginManager: Mounting plugin PropertyAccessEditor
LogPluginManager: Mounting plugin ProceduralMeshComponent
LogPluginManager: Mounting plugin SignificanceManager
LogPluginManager: Mounting plugin SoundFields
LogPluginManager: Mounting plugin WebMMoviePlayer
LogPluginManager: Mounting plugin RuntimePhysXCooking
LogPluginManager: Mounting plugin Synthesis
LogPluginManager: Mounting plugin WindowsMoviePlayer
LogPluginManager: Mounting plugin Takes
LogPluginManager: Mounting plugin ContentBrowserAssetDataSource
LogPluginManager: Mounting plugin ContentBrowserFileDataSource
LogPluginManager: Mounting plugin ContentBrowserClassDataSource
LogPluginManager: Mounting plugin OnlineSubsystemIOS
LogPluginManager: Mounting plugin OnlineSubsystemGooglePlay
LogPluginManager: Mounting plugin OculusVR
LogPluginManager: Mounting plugin SteamVR
PixWinPlugin: PIX capture plugin failed to initialize! Check that the process is launched from PIX.
LogInit: Using libcurl 7.55.1-DEV
LogInit:  - built for x86_64-pc-win32
LogInit:  - supports SSL with OpenSSL/1.1.1
LogInit:  - supports HTTP deflate (compression) using libz 1.2.8
LogInit:  - other features:
LogInit:      CURL_VERSION_SSL
LogInit:      CURL_VERSION_LIBZ
LogInit:      CURL_VERSION_IPV6
LogInit:      CURL_VERSION_ASYNCHDNS
LogInit:      CURL_VERSION_LARGEFILE
LogInit:      CURL_VERSION_IDN
LogInit:  CurlRequestOptions (configurable via config and command line):
LogInit:  - bVerifyPeer = true  - Libcurl will verify peer certificate
LogInit:  - bUseHttpProxy = false  - Libcurl will NOT use HTTP proxy
LogInit:  - bDontReuseConnections = false  - Libcurl will reuse connections
LogInit:  - MaxHostConnections = 16  - Libcurl will limit the number of connections to a host
LogInit:  - LocalHostAddr = Default
LogInit:  - BufferSize = 65536
LogOnline: OSS: Creating online subsystem instance for: NULL
LogInit: WinSock: version 1.1 (2.2), MaxSocks=32767, MaxUdp=65467
LogOnline: OSS: TryLoadSubsystemAndSetDefault: Loaded subsystem for module [NULL]
LogOculusPluginWrapper: OculusPlugin initialized successfully
LogHMD: Failed initializing OVRPlugin 1.59.0
LogInit: Build: ++UE4+Release-4.27-CL-18319896
LogInit: Engine Version: 4.27.2-18319896+++UE4+Release-4.27
LogInit: Compatible Engine Version: 4.27.0-17155196+++UE4+Release-4.27
LogInit: Net CL: 17155196
LogInit: OS: Windows 10 (Release 2009) (), CPU: 13th Gen Intel(R) Core(TM) i7-13650HX, GPU: Intel(R) UHD Graphics
LogInit: Compiled (64-bit): Nov 30 2021 07:12:08
LogInit: Compiled with Visual C++: 19.24.28315.00
LogInit: Build Configuration: Development
LogInit: Branch Name: ++UE4+Release-4.27
LogInit: Command Line:  /Game/ThirdPersonBP/Maps/ThirdPersonExampleMap -game -PIEVIACONSOLE -Multiprocess GameUserSettingsINI=D:/Git/GameDevProject/Content/LAB/LAB1/Saved/Config/Windows/PIEGameUserSettings0.ini -MultiprocessSaveConfig -forcepassthrough -messaging -SessionName="Play in Standalone Game" -windowed -WinX=640 -WinY=390 SAVEWINPOS=1 -ResX=1288 -ResY=752
LogInit: Base Directory: D:/Programs/UE_4.27/Engine/Binaries/Win64/
LogInit: Allocator: TBB
LogInit: Installed Engine Build: 1
LogDevObjectVersion: Number of dev versions registered: 29
LogDevObjectVersion:   Dev-Blueprints (B0D832E4-1F89-4F0D-ACCF-7EB736FD4AA2): 10
LogDevObjectVersion:   Dev-Build (E1C64328-A22C-4D53-A36C-8E866417BD8C): 0
LogDevObjectVersion:   Dev-Core (375EC13C-06E4-48FB-B500-84F0262A717E): 4
LogDevObjectVersion:   Dev-Editor (E4B068ED-F494-42E9-A231-DA0B2E46BB41): 40
LogDevObjectVersion:   Dev-Framework (CFFC743F-43B0-4480-9391-14DF171D2073): 37
LogDevObjectVersion:   Dev-Mobile (B02B49B5-BB20-44E9-A304-32B752E40360): 3
LogDevObjectVersion:   Dev-Networking (A4E4105C-59A1-49B5-A7C5-40C4547EDFEE): 0
LogDevObjectVersion:   Dev-Online (39C831C9-5AE6-47DC-9A44-9C173E1C8E7C): 0
LogDevObjectVersion:   Dev-Physics (78F01B33-EBEA-4F98-B9B4-84EACCB95AA2): 14
LogDevObjectVersion:   Dev-Platform (6631380F-2D4D-43E0-8009-CF276956A95A): 0
LogDevObjectVersion:   Dev-Rendering (12F88B9F-8875-4AFC-A67C-D90C383ABD29): 45
LogDevObjectVersion:   Dev-Sequencer (7B5AE74C-D270-4C10-A958-57980B212A5A): 13
LogDevObjectVersion:   Dev-VR (D7296918-1DD6-4BDD-9DE2-64A83CC13884): 3
LogDevObjectVersion:   Dev-LoadTimes (C2A15278-BFE7-4AFE-6C17-90FF531DF755): 1
LogDevObjectVersion:   Private-Geometry (6EACA3D4-40EC-4CC1-B786-8BED09428FC5): 3
LogDevObjectVersion:   Dev-AnimPhys (29E575DD-E0A3-4627-9D10-D276232CDCEA): 17
LogDevObjectVersion:   Dev-Anim (AF43A65D-7FD3-4947-9873-3E8ED9C1BB05): 15
LogDevObjectVersion:   Dev-ReflectionCapture (6B266CEC-1EC7-4B8F-A30B-E4D90942FC07): 1
LogDevObjectVersion:   Dev-Automation (0DF73D61-A23F-47EA-B727-89E90C41499A): 1
LogDevObjectVersion:   FortniteMain (601D1886-AC64-4F84-AA16-D3DE0DEAC7D6): 47
LogDevObjectVersion:   FortniteRelease (E7086368-6B23-4C58-8439-1B7016265E91): 1
LogDevObjectVersion:   Dev-Enterprise (9DFFBCD6-494F-0158-E221-12823C92A888): 10
LogDevObjectVersion:   Dev-Niagara (F2AED0AC-9AFE-416F-8664-AA7FFA26D6FC): 1
LogDevObjectVersion:   Dev-Destruction (174F1F0B-B4C6-45A5-B13F-2EE8D0FB917D): 10
LogDevObjectVersion:   Dev-Physics-Ext (35F94A83-E258-406C-A318-09F59610247C): 41
LogDevObjectVersion:   Dev-PhysicsMaterial-Chaos (B68FC16E-8B1B-42E2-B453-215C058844FE): 1
LogDevObjectVersion:   Dev-CineCamera (B2E18506-4273-CFC2-A54E-F4BB758BBA07): 1
LogDevObjectVersion:   Dev-VirtualProduction (64F58936-FD1B-42BA-BA96-7289D5D0FA4E): 1
LogDevObjectVersion:   Dev-MediaFramework (6F0ED827-A609-4895-9C91-998D90180EA4): 2
LogInit: Presizing for max 25165824 objects, including 0 objects not considered by GC, pre-allocating 0 bytes for permanent pool.
LogConfig: Applying CVar settings from Section [/Script/Engine.StreamingSettings] File [D:/Git/GameDevProject/Content/LAB/LAB1/Saved/Config/Windows/Engine.ini]
LogConfig: Setting CVar [[s.MinBulkDataSizeForAsyncLoading:131072]]
LogConfig: Setting CVar [[s.AsyncLoadingThreadEnabled:0]]
LogConfig: Setting CVar [[s.EventDrivenLoaderEnabled:1]]
LogConfig: Setting CVar [[s.WarnIfTimeLimitExceeded:0]]
LogConfig: Setting CVar [[s.TimeLimitExceededMultiplier:1.5]]
LogConfig: Setting CVar [[s.TimeLimitExceededMinTime:0.005]]
LogConfig: Setting CVar [[s.UseBackgroundLevelStreaming:1]]
LogConfig: Setting CVar [[s.PriorityAsyncLoadingExtraTime:15.0]]
LogConfig: Setting CVar [[s.LevelStreamingActorsUpdateTimeLimit:5.0]]
LogConfig: Setting CVar [[s.PriorityLevelStreamingActorsUpdateExtraTime:5.0]]
LogConfig: Setting CVar [[s.LevelStreamingComponentsRegistrationGranularity:10]]
LogConfig: Setting CVar [[s.UnregisterComponentsTimeLimit:1.0]]
LogConfig: Setting CVar [[s.LevelStreamingComponentsUnregistrationGranularity:5]]
LogConfig: Setting CVar [[s.FlushStreamingOnExit:1]]
LogInit: Object subsystem initialized
LogConfig: Setting CVar [[con.DebugEarlyDefault:1]]
LogConfig: Setting CVar [[r.setres:1280x720]]
[2024.12.07-14.54.35:789][  0]LogConfig: Setting CVar [[con.DebugEarlyDefault:1]]
[2024.12.07-14.54.35:789][  0]LogConfig: Setting CVar [[r.setres:1280x720]]
[2024.12.07-14.54.35:789][  0]LogConfig: Applying CVar settings from Section [/Script/Engine.RendererSettings] File [D:/Git/GameDevProject/Content/LAB/LAB1/Saved/Config/Windows/Engine.ini]
[2024.12.07-14.54.35:789][  0]LogConfig: Setting CVar [[r.GPUCrashDebugging:0]]
[2024.12.07-14.54.35:789][  0]LogConfig: Applying CVar settings from Section [/Script/Engine.RendererOverrideSettings] File [D:/Git/GameDevProject/Content/LAB/LAB1/Saved/Config/Windows/Engine.ini]
[2024.12.07-14.54.35:789][  0]LogConfig: Applying CVar settings from Section [/Script/Engine.StreamingSettings] File [D:/Git/GameDevProject/Content/LAB/LAB1/Saved/Config/Windows/Engine.ini]
[2024.12.07-14.54.35:789][  0]LogConfig: Setting CVar [[s.MinBulkDataSizeForAsyncLoading:131072]]
[2024.12.07-14.54.35:789][  0]LogConfig: Setting CVar [[s.AsyncLoadingThreadEnabled:0]]
[2024.12.07-14.54.35:789][  0]LogConfig: Setting CVar [[s.EventDrivenLoaderEnabled:1]]
[2024.12.07-14.54.35:789][  0]LogConfig: Setting CVar [[s.WarnIfTimeLimitExceeded:0]]
[2024.12.07-14.54.35:789][  0]LogConfig: Setting CVar [[s.TimeLimitExceededMultiplier:1.5]]
[2024.12.07-14.54.35:789][  0]LogConfig: Setting CVar [[s.TimeLimitExceededMinTime:0.005]]
[2024.12.07-14.54.35:789][  0]LogConfig: Setting CVar [[s.UseBackgroundLevelStreaming:1]]
[2024.12.07-14.54.35:789][  0]LogConfig: Setting CVar [[s.PriorityAsyncLoadingExtraTime:15.0]]
[2024.12.07-14.54.35:789][  0]LogConfig: Setting CVar [[s.LevelStreamingActorsUpdateTimeLimit:5.0]]
[2024.12.07-14.54.35:789][  0]LogConfig: Setting CVar [[s.PriorityLevelStreamingActorsUpdateExtraTime:5.0]]
[2024.12.07-14.54.35:789][  0]LogConfig: Setting CVar [[s.LevelStreamingComponentsRegistrationGranularity:10]]
[2024.12.07-14.54.35:789][  0]LogConfig: Setting CVar [[s.UnregisterComponentsTimeLimit:1.0]]
[2024.12.07-14.54.35:789][  0]LogConfig: Setting CVar [[s.LevelStreamingComponentsUnregistrationGranularity:5]]
[2024.12.07-14.54.35:789][  0]LogConfig: Setting CVar [[s.FlushStreamingOnExit:1]]
[2024.12.07-14.54.35:789][  0]LogConfig: Applying CVar settings from Section [/Script/Engine.GarbageCollectionSettings] File [D:/Git/GameDevProject/Content/LAB/LAB1/Saved/Config/Windows/Engine.ini]
[2024.12.07-14.54.35:789][  0]LogConfig: Setting CVar [[gc.MaxObjectsNotConsideredByGC:1]]
[2024.12.07-14.54.35:789][  0]LogConfig: Setting CVar [[gc.SizeOfPermanentObjectPool:0]]
[2024.12.07-14.54.35:789][  0]LogConfig: Setting CVar [[gc.FlushStreamingOnGC:0]]
[2024.12.07-14.54.35:789][  0]LogConfig: Setting CVar [[gc.NumRetriesBeforeForcingGC:10]]
[2024.12.07-14.54.35:789][  0]LogConfig: Setting CVar [[gc.AllowParallelGC:1]]
[2024.12.07-14.54.35:789][  0]LogConfig: Setting CVar [[gc.TimeBetweenPurgingPendingKillObjects:61.1]]
[2024.12.07-14.54.35:789][  0]LogConfig: Setting CVar [[gc.MaxObjectsInEditor:25165824]]
[2024.12.07-14.54.35:789][  0]LogConfig: Setting CVar [[gc.IncrementalBeginDestroyEnabled:1]]
[2024.12.07-14.54.35:789][  0]LogConfig: Setting CVar [[gc.CreateGCClusters:1]]
[2024.12.07-14.54.35:789][  0]LogConfig: Setting CVar [[gc.MinGCClusterSize:5]]
[2024.12.07-14.54.35:789][  0]LogConfig: Setting CVar [[gc.ActorClusteringEnabled:0]]
[2024.12.07-14.54.35:789][  0]LogConfig: Setting CVar [[gc.BlueprintClusteringEnabled:0]]
[2024.12.07-14.54.35:789][  0]LogConfig: Setting CVar [[gc.UseDisregardForGCOnDedicatedServers:0]]
[2024.12.07-14.54.35:789][  0]LogConfig: Setting CVar [[gc.MultithreadedDestructionEnabled:1]]
[2024.12.07-14.54.35:789][  0]LogConfig: Applying CVar settings from Section [/Script/Engine.NetworkSettings] File [D:/Git/GameDevProject/Content/LAB/LAB1/Saved/Config/Windows/Engine.ini]
[2024.12.07-14.54.35:789][  0]LogConfig: Applying CVar settings from Section [/Script/UnrealEd.CookerSettings] File [D:/Git/GameDevProject/Content/LAB/LAB1/Saved/Config/Windows/Engine.ini]
[2024.12.07-14.54.35:795][  0]LogConfig: Applying CVar settings from Section [ViewDistanceQuality@3] File [D:/Git/GameDevProject/Content/LAB/LAB1/Saved/Config/Windows/Scalability.ini]
[2024.12.07-14.54.35:795][  0]LogConfig: Setting CVar [[r.SkeletalMeshLODBias:0]]
[2024.12.07-14.54.35:795][  0]LogConfig: Setting CVar [[r.ViewDistanceScale:1.0]]
[2024.12.07-14.54.35:795][  0]LogConfig: Applying CVar settings from Section [AntiAliasingQuality@3] File [D:/Git/GameDevProject/Content/LAB/LAB1/Saved/Config/Windows/Scalability.ini]
[2024.12.07-14.54.35:795][  0]LogConfig: Setting CVar [[r.PostProcessAAQuality:4]]
[2024.12.07-14.54.35:795][  0]LogConfig: Applying CVar settings from Section [ShadowQuality@3] File [D:/Git/GameDevProject/Content/LAB/LAB1/Saved/Config/Windows/Scalability.ini]
[2024.12.07-14.54.35:795][  0]LogConfig: Setting CVar [[r.LightFunctionQuality:1]]
[2024.12.07-14.54.35:795][  0]LogConfig: Setting CVar [[r.ShadowQuality:5]]
[2024.12.07-14.54.35:795][  0]LogConfig: Setting CVar [[r.Shadow.CSM.MaxCascades:10]]
[2024.12.07-14.54.35:795][  0]LogConfig: Setting CVar [[r.Shadow.MaxResolution:2048]]
[2024.12.07-14.54.35:795][  0]LogConfig: Setting CVar [[r.Shadow.MaxCSMResolution:2048]]
[2024.12.07-14.54.35:795][  0]LogConfig: Setting CVar [[r.Shadow.RadiusThreshold:0.01]]
[2024.12.07-14.54.35:795][  0]LogConfig: Setting CVar [[r.Shadow.DistanceScale:1.0]]
[2024.12.07-14.54.35:795][  0]LogConfig: Setting CVar [[r.Shadow.CSM.TransitionScale:1.0]]
[2024.12.07-14.54.35:795][  0]LogConfig: Setting CVar [[r.Shadow.PreShadowResolutionFactor:1.0]]
[2024.12.07-14.54.35:795][  0]LogConfig: Setting CVar [[r.DistanceFieldShadowing:1]]
[2024.12.07-14.54.35:795][  0]LogConfig: Setting CVar [[r.DistanceFieldAO:1]]
[2024.12.07-14.54.35:795][  0]LogConfig: Setting CVar [[r.AOQuality:2]]
[2024.12.07-14.54.35:795][  0]LogConfig: Setting CVar [[r.VolumetricFog:1]]
[2024.12.07-14.54.35:795][  0]LogConfig: Setting CVar [[r.VolumetricFog.GridPixelSize:8]]
[2024.12.07-14.54.35:795][  0]LogConfig: Setting CVar [[r.VolumetricFog.GridSizeZ:128]]
[2024.12.07-14.54.35:795][  0]LogConfig: Setting CVar [[r.VolumetricFog.HistoryMissSupersampleCount:4]]
[2024.12.07-14.54.35:795][  0]LogConfig: Setting CVar [[r.LightMaxDrawDistanceScale:1]]
[2024.12.07-14.54.35:795][  0]LogConfig: Setting CVar [[r.CapsuleShadows:1]]
[2024.12.07-14.54.35:795][  0]LogConfig: Applying CVar settings from Section [PostProcessQuality@3] File [D:/Git/GameDevProject/Content/LAB/LAB1/Saved/Config/Windows/Scalability.ini]
[2024.12.07-14.54.35:795][  0]LogConfig: Setting CVar [[r.MotionBlurQuality:4]]
[2024.12.07-14.54.35:795][  0]LogConfig: Setting CVar [[r.AmbientOcclusionMipLevelFactor:0.4]]
[2024.12.07-14.54.35:795][  0]LogConfig: Setting CVar [[r.AmbientOcclusionMaxQuality:100]]
[2024.12.07-14.54.35:795][  0]LogConfig: Setting CVar [[r.AmbientOcclusionLevels:-1]]
[2024.12.07-14.54.35:795][  0]LogConfig: Setting CVar [[r.AmbientOcclusionRadiusScale:1.0]]
[2024.12.07-14.54.35:795][  0]LogConfig: Setting CVar [[r.DepthOfFieldQuality:2]]
[2024.12.07-14.54.35:795][  0]LogConfig: Setting CVar [[r.RenderTargetPoolMin:400]]
[2024.12.07-14.54.35:795][  0]LogConfig: Setting CVar [[r.LensFlareQuality:2]]
[2024.12.07-14.54.35:795][  0]LogConfig: Setting CVar [[r.SceneColorFringeQuality:1]]
[2024.12.07-14.54.35:795][  0]LogConfig: Setting CVar [[r.EyeAdaptationQuality:2]]
[2024.12.07-14.54.35:795][  0]LogConfig: Setting CVar [[r.BloomQuality:5]]
[2024.12.07-14.54.35:795][  0]LogConfig: Setting CVar [[r.FastBlurThreshold:100]]
[2024.12.07-14.54.35:795][  0]LogConfig: Setting CVar [[r.Upscale.Quality:3]]
[2024.12.07-14.54.35:795][  0]LogConfig: Setting CVar [[r.Tonemapper.GrainQuantization:1]]
[2024.12.07-14.54.35:795][  0]LogConfig: Setting CVar [[r.LightShaftQuality:1]]
[2024.12.07-14.54.35:795][  0]LogConfig: Setting CVar [[r.Filter.SizeScale:1]]
[2024.12.07-14.54.35:795][  0]LogConfig: Setting CVar [[r.Tonemapper.Quality:5]]
[2024.12.07-14.54.35:796][  0]LogConfig: Setting CVar [[r.DOF.Gather.AccumulatorQuality:1        ; higher gathering accumulator quality]]
[2024.12.07-14.54.35:796][  0]LogConfig: Setting CVar [[r.DOF.Gather.PostfilterMethod:1          ; Median3x3 postfilering method]]
[2024.12.07-14.54.35:796][  0]LogConfig: Setting CVar [[r.DOF.Gather.EnableBokehSettings:0       ; no bokeh simulation when gathering]]
[2024.12.07-14.54.35:796][  0]LogConfig: Setting CVar [[r.DOF.Gather.RingCount:4                 ; medium number of samples when gathering]]
[2024.12.07-14.54.35:796][  0]LogConfig: Setting CVar [[r.DOF.Scatter.ForegroundCompositing:1    ; additive foreground scattering]]
[2024.12.07-14.54.35:796][  0]LogConfig: Setting CVar [[r.DOF.Scatter.BackgroundCompositing:2    ; additive background scattering]]
[2024.12.07-14.54.35:796][  0]LogConfig: Setting CVar [[r.DOF.Scatter.EnableBokehSettings:1      ; bokeh simulation when scattering]]
[2024.12.07-14.54.35:796][  0]LogConfig: Setting CVar [[r.DOF.Scatter.MaxSpriteRatio:0.1         ; only a maximum of 10% of scattered bokeh]]
[2024.12.07-14.54.35:796][  0]LogConfig: Setting CVar [[r.DOF.Recombine.Quality:1                ; cheap slight out of focus]]
[2024.12.07-14.54.35:796][  0]LogConfig: Setting CVar [[r.DOF.Recombine.EnableBokehSettings:0    ; no bokeh simulation on slight out of focus]]
[2024.12.07-14.54.35:796][  0]LogConfig: Setting CVar [[r.DOF.TemporalAAQuality:1                ; more stable temporal accumulation]]
[2024.12.07-14.54.35:796][  0]LogConfig: Setting CVar [[r.DOF.Kernel.MaxForegroundRadius:0.025]]
[2024.12.07-14.54.35:796][  0]LogConfig: Setting CVar [[r.DOF.Kernel.MaxBackgroundRadius:0.025]]
[2024.12.07-14.54.35:796][  0]LogConfig: Applying CVar settings from Section [TextureQuality@3] File [D:/Git/GameDevProject/Content/LAB/LAB1/Saved/Config/Windows/Scalability.ini]
[2024.12.07-14.54.35:796][  0]LogConfig: Setting CVar [[r.Streaming.MipBias:0]]
[2024.12.07-14.54.35:796][  0]LogConfig: Setting CVar [[r.Streaming.AmortizeCPUToGPUCopy:0]]
[2024.12.07-14.54.35:796][  0]LogConfig: Setting CVar [[r.Streaming.MaxNumTexturesToStreamPerFrame:0]]
[2024.12.07-14.54.35:796][  0]LogConfig: Setting CVar [[r.Streaming.Boost:1]]
[2024.12.07-14.54.35:796][  0]LogConfig: Setting CVar [[r.MaxAnisotropy:8]]
[2024.12.07-14.54.35:796][  0]LogConfig: Setting CVar [[r.VT.MaxAnisotropy:8]]
[2024.12.07-14.54.35:796][  0]LogConfig: Setting CVar [[r.Streaming.LimitPoolSizeToVRAM:0]]
[2024.12.07-14.54.35:796][  0]LogConfig: Setting CVar [[r.Streaming.PoolSize:1000]]
[2024.12.07-14.54.35:796][  0]LogConfig: Setting CVar [[r.Streaming.MaxEffectiveScreenSize:0]]
[2024.12.07-14.54.35:796][  0]LogConfig: Applying CVar settings from Section [EffectsQuality@3] File [D:/Git/GameDevProject/Content/LAB/LAB1/Saved/Config/Windows/Scalability.ini]
[2024.12.07-14.54.35:796][  0]LogConfig: Setting CVar [[r.TranslucencyLightingVolumeDim:64]]
[2024.12.07-14.54.35:796][  0]LogConfig: Setting CVar [[r.RefractionQuality:2]]
[2024.12.07-14.54.35:796][  0]LogConfig: Setting CVar [[r.SSR.Quality:3]]
[2024.12.07-14.54.35:796][  0]LogConfig: Setting CVar [[r.SSR.HalfResSceneColor:0]]
[2024.12.07-14.54.35:796][  0]LogConfig: Setting CVar [[r.SceneColorFormat:4]]
[2024.12.07-14.54.35:796][  0]LogConfig: Setting CVar [[r.DetailMode:2]]
[2024.12.07-14.54.35:796][  0]LogConfig: Setting CVar [[r.TranslucencyVolumeBlur:1]]
[2024.12.07-14.54.35:796][  0]LogConfig: Setting CVar [[r.MaterialQualityLevel:1 ; High quality]]
[2024.12.07-14.54.35:796][  0]LogConfig: Setting CVar [[r.AnisotropicMaterials:1]]
[2024.12.07-14.54.35:796][  0]LogConfig: Setting CVar [[r.SSS.Scale:1]]
[2024.12.07-14.54.35:796][  0]LogConfig: Setting CVar [[r.SSS.SampleSet:2]]
[2024.12.07-14.54.35:796][  0]LogConfig: Setting CVar [[r.SSS.Quality:1]]
[2024.12.07-14.54.35:796][  0]LogConfig: Setting CVar [[r.SSS.HalfRes:0]]
[2024.12.07-14.54.35:796][  0]LogConfig: Setting CVar [[r.SSGI.Quality:3]]
[2024.12.07-14.54.35:796][  0]LogConfig: Setting CVar [[r.EmitterSpawnRateScale:1.0]]
[2024.12.07-14.54.35:796][  0]LogConfig: Setting CVar [[r.ParticleLightQuality:2]]
[2024.12.07-14.54.35:796][  0]LogConfig: Setting CVar [[r.SkyAtmosphere.AerialPerspectiveLUT.FastApplyOnOpaque:1 ; Always have FastSkyLUT 1 in this case to avoid wrong sky]]
[2024.12.07-14.54.35:796][  0]LogConfig: Setting CVar [[r.SkyAtmosphere.AerialPerspectiveLUT.SampleCountMaxPerSlice:4]]
[2024.12.07-14.54.35:796][  0]LogConfig: Setting CVar [[r.SkyAtmosphere.AerialPerspectiveLUT.DepthResolution:16.0]]
[2024.12.07-14.54.35:796][  0]LogConfig: Setting CVar [[r.SkyAtmosphere.FastSkyLUT:1]]
[2024.12.07-14.54.35:796][  0]LogConfig: Setting CVar [[r.SkyAtmosphere.FastSkyLUT.SampleCountMin:4.0]]
[2024.12.07-14.54.35:796][  0]LogConfig: Setting CVar [[r.SkyAtmosphere.FastSkyLUT.SampleCountMax:128.0]]
[2024.12.07-14.54.35:796][  0]LogConfig: Setting CVar [[r.SkyAtmosphere.SampleCountMin:4.0]]
[2024.12.07-14.54.35:796][  0]LogConfig: Setting CVar [[r.SkyAtmosphere.SampleCountMax:128.0]]
[2024.12.07-14.54.35:796][  0]LogConfig: Setting CVar [[r.SkyAtmosphere.TransmittanceLUT.UseSmallFormat:0]]
[2024.12.07-14.54.35:796][  0]LogConfig: Setting CVar [[r.SkyAtmosphere.TransmittanceLUT.SampleCount:10.0]]
[2024.12.07-14.54.35:796][  0]LogConfig: Setting CVar [[r.SkyAtmosphere.MultiScatteringLUT.SampleCount:15.0]]
[2024.12.07-14.54.35:796][  0]LogConfig: Setting CVar [[r.SkyLight.RealTimeReflectionCapture:1]]
[2024.12.07-14.54.35:796][  0]LogConfig: Applying CVar settings from Section [FoliageQuality@3] File [D:/Git/GameDevProject/Content/LAB/LAB1/Saved/Config/Windows/Scalability.ini]
[2024.12.07-14.54.35:796][  0]LogConfig: Setting CVar [[foliage.DensityScale:1.0]]
[2024.12.07-14.54.35:796][  0]LogConfig: Setting CVar [[grass.DensityScale:1.0]]
[2024.12.07-14.54.35:796][  0]LogConfig: Applying CVar settings from Section [ShadingQuality@3] File [D:/Git/GameDevProject/Content/LAB/LAB1/Saved/Config/Windows/Scalability.ini]
[2024.12.07-14.54.35:796][  0]LogConfig: Setting CVar [[r.HairStrands.SkyLighting.IntegrationType:2]]
[2024.12.07-14.54.35:796][  0]LogConfig: Setting CVar [[r.HairStrands.SkyAO.SampleCount:4]]
[2024.12.07-14.54.35:796][  0]LogConfig: Setting CVar [[r.HairStrands.Visibility.MSAA.SamplePerPixel:4]]
[2024.12.07-14.54.35:796][  0]LogInit: Selected Device Profile: [Windows]
[2024.12.07-14.54.35:796][  0]LogInit: Applying CVar settings loaded from the selected device profile: [Windows]
[2024.12.07-14.54.35:796][  0]LogHAL: Display: Platform has ~ 24 GB [25463480320 / 34359738368 / 24], which maps to Larger [LargestMinGB=32, LargerMinGB=12, DefaultMinGB=8, SmallerMinGB=6, SmallestMinGB=0)
[2024.12.07-14.54.35:796][  0]LogInit: Going up to parent DeviceProfile []
[2024.12.07-14.54.35:796][  0]LogConfig: Applying CVar settings from Section [ViewDistanceQuality@3] File [D:/Git/GameDevProject/Content/LAB/LAB1/Saved/Config/Windows/Scalability.ini]
[2024.12.07-14.54.35:796][  0]LogConfig: Setting CVar [[r.SkeletalMeshLODBias:0]]
[2024.12.07-14.54.35:796][  0]LogConfig: Setting CVar [[r.ViewDistanceScale:1.0]]
[2024.12.07-14.54.35:796][  0]LogConfig: Applying CVar settings from Section [AntiAliasingQuality@3] File [D:/Git/GameDevProject/Content/LAB/LAB1/Saved/Config/Windows/Scalability.ini]
[2024.12.07-14.54.35:796][  0]LogConfig: Setting CVar [[r.PostProcessAAQuality:4]]
[2024.12.07-14.54.35:796][  0]LogConfig: Applying CVar settings from Section [ShadowQuality@3] File [D:/Git/GameDevProject/Content/LAB/LAB1/Saved/Config/Windows/Scalability.ini]
[2024.12.07-14.54.35:796][  0]LogConfig: Setting CVar [[r.LightFunctionQuality:1]]
[2024.12.07-14.54.35:796][  0]LogConfig: Setting CVar [[r.ShadowQuality:5]]
[2024.12.07-14.54.35:796][  0]LogConfig: Setting CVar [[r.Shadow.CSM.MaxCascades:10]]
[2024.12.07-14.54.35:796][  0]LogConfig: Setting CVar [[r.Shadow.MaxResolution:2048]]
[2024.12.07-14.54.35:796][  0]LogConfig: Setting CVar [[r.Shadow.MaxCSMResolution:2048]]
[2024.12.07-14.54.35:796][  0]LogConfig: Setting CVar [[r.Shadow.RadiusThreshold:0.01]]
[2024.12.07-14.54.35:796][  0]LogConfig: Setting CVar [[r.Shadow.DistanceScale:1.0]]
[2024.12.07-14.54.35:796][  0]LogConfig: Setting CVar [[r.Shadow.CSM.TransitionScale:1.0]]
[2024.12.07-14.54.35:796][  0]LogConfig: Setting CVar [[r.Shadow.PreShadowResolutionFactor:1.0]]
[2024.12.07-14.54.35:796][  0]LogConfig: Setting CVar [[r.DistanceFieldShadowing:1]]
[2024.12.07-14.54.35:796][  0]LogConfig: Setting CVar [[r.DistanceFieldAO:1]]
[2024.12.07-14.54.35:796][  0]LogConfig: Setting CVar [[r.AOQuality:2]]
[2024.12.07-14.54.35:796][  0]LogConfig: Setting CVar [[r.VolumetricFog:1]]
[2024.12.07-14.54.35:796][  0]LogConfig: Setting CVar [[r.VolumetricFog.GridPixelSize:8]]
[2024.12.07-14.54.35:796][  0]LogConfig: Setting CVar [[r.VolumetricFog.GridSizeZ:128]]
[2024.12.07-14.54.35:796][  0]LogConfig: Setting CVar [[r.VolumetricFog.HistoryMissSupersampleCount:4]]
[2024.12.07-14.54.35:796][  0]LogConfig: Setting CVar [[r.LightMaxDrawDistanceScale:1]]
[2024.12.07-14.54.35:796][  0]LogConfig: Setting CVar [[r.CapsuleShadows:1]]
[2024.12.07-14.54.35:796][  0]LogConfig: Applying CVar settings from Section [PostProcessQuality@3] File [D:/Git/GameDevProject/Content/LAB/LAB1/Saved/Config/Windows/Scalability.ini]
[2024.12.07-14.54.35:796][  0]LogConfig: Setting CVar [[r.MotionBlurQuality:4]]
[2024.12.07-14.54.35:796][  0]LogConfig: Setting CVar [[r.AmbientOcclusionMipLevelFactor:0.4]]
[2024.12.07-14.54.35:796][  0]LogConfig: Setting CVar [[r.AmbientOcclusionMaxQuality:100]]
[2024.12.07-14.54.35:796][  0]LogConfig: Setting CVar [[r.AmbientOcclusionLevels:-1]]
[2024.12.07-14.54.35:796][  0]LogConfig: Setting CVar [[r.AmbientOcclusionRadiusScale:1.0]]
[2024.12.07-14.54.35:796][  0]LogConfig: Setting CVar [[r.DepthOfFieldQuality:2]]
[2024.12.07-14.54.35:796][  0]LogConfig: Setting CVar [[r.RenderTargetPoolMin:400]]
[2024.12.07-14.54.35:796][  0]LogConfig: Setting CVar [[r.LensFlareQuality:2]]
[2024.12.07-14.54.35:796][  0]LogConfig: Setting CVar [[r.SceneColorFringeQuality:1]]
[2024.12.07-14.54.35:796][  0]LogConfig: Setting CVar [[r.EyeAdaptationQuality:2]]
[2024.12.07-14.54.35:796][  0]LogConfig: Setting CVar [[r.BloomQuality:5]]
[2024.12.07-14.54.35:796][  0]LogConfig: Setting CVar [[r.FastBlurThreshold:100]]
[2024.12.07-14.54.35:796][  0]LogConfig: Setting CVar [[r.Upscale.Quality:3]]
[2024.12.07-14.54.35:796][  0]LogConfig: Setting CVar [[r.Tonemapper.GrainQuantization:1]]
[2024.12.07-14.54.35:796][  0]LogConfig: Setting CVar [[r.LightShaftQuality:1]]
[2024.12.07-14.54.35:796][  0]LogConfig: Setting CVar [[r.Filter.SizeScale:1]]
[2024.12.07-14.54.35:796][  0]LogConfig: Setting CVar [[r.Tonemapper.Quality:5]]
[2024.12.07-14.54.35:796][  0]LogConfig: Setting CVar [[r.DOF.Gather.AccumulatorQuality:1        ; higher gathering accumulator quality]]
[2024.12.07-14.54.35:796][  0]LogConfig: Setting CVar [[r.DOF.Gather.PostfilterMethod:1          ; Median3x3 postfilering method]]
[2024.12.07-14.54.35:796][  0]LogConfig: Setting CVar [[r.DOF.Gather.EnableBokehSettings:0       ; no bokeh simulation when gathering]]
[2024.12.07-14.54.35:796][  0]LogConfig: Setting CVar [[r.DOF.Gather.RingCount:4                 ; medium number of samples when gathering]]
[2024.12.07-14.54.35:796][  0]LogConfig: Setting CVar [[r.DOF.Scatter.ForegroundCompositing:1    ; additive foreground scattering]]
[2024.12.07-14.54.35:796][  0]LogConfig: Setting CVar [[r.DOF.Scatter.BackgroundCompositing:2    ; additive background scattering]]
[2024.12.07-14.54.35:796][  0]LogConfig: Setting CVar [[r.DOF.Scatter.EnableBokehSettings:1      ; bokeh simulation when scattering]]
[2024.12.07-14.54.35:796][  0]LogConfig: Setting CVar [[r.DOF.Scatter.MaxSpriteRatio:0.1         ; only a maximum of 10% of scattered bokeh]]
[2024.12.07-14.54.35:796][  0]LogConfig: Setting CVar [[r.DOF.Recombine.Quality:1                ; cheap slight out of focus]]
[2024.12.07-14.54.35:796][  0]LogConfig: Setting CVar [[r.DOF.Recombine.EnableBokehSettings:0    ; no bokeh simulation on slight out of focus]]
[2024.12.07-14.54.35:796][  0]LogConfig: Setting CVar [[r.DOF.TemporalAAQuality:1                ; more stable temporal accumulation]]
[2024.12.07-14.54.35:796][  0]LogConfig: Setting CVar [[r.DOF.Kernel.MaxForegroundRadius:0.025]]
[2024.12.07-14.54.35:796][  0]LogConfig: Setting CVar [[r.DOF.Kernel.MaxBackgroundRadius:0.025]]
[2024.12.07-14.54.35:796][  0]LogConfig: Applying CVar settings from Section [TextureQuality@3] File [D:/Git/GameDevProject/Content/LAB/LAB1/Saved/Config/Windows/Scalability.ini]
[2024.12.07-14.54.35:796][  0]LogConfig: Setting CVar [[r.Streaming.MipBias:0]]
[2024.12.07-14.54.35:796][  0]LogConfig: Setting CVar [[r.Streaming.AmortizeCPUToGPUCopy:0]]
[2024.12.07-14.54.35:796][  0]LogConfig: Setting CVar [[r.Streaming.MaxNumTexturesToStreamPerFrame:0]]
[2024.12.07-14.54.35:796][  0]LogConfig: Setting CVar [[r.Streaming.Boost:1]]
[2024.12.07-14.54.35:796][  0]LogConfig: Setting CVar [[r.MaxAnisotropy:8]]
[2024.12.07-14.54.35:796][  0]LogConfig: Setting CVar [[r.VT.MaxAnisotropy:8]]
[2024.12.07-14.54.35:796][  0]LogConfig: Setting CVar [[r.Streaming.LimitPoolSizeToVRAM:0]]
[2024.12.07-14.54.35:796][  0]LogConfig: Setting CVar [[r.Streaming.PoolSize:1000]]
[2024.12.07-14.54.35:796][  0]LogConfig: Setting CVar [[r.Streaming.MaxEffectiveScreenSize:0]]
[2024.12.07-14.54.35:796][  0]LogConfig: Applying CVar settings from Section [EffectsQuality@3] File [D:/Git/GameDevProject/Content/LAB/LAB1/Saved/Config/Windows/Scalability.ini]
[2024.12.07-14.54.35:796][  0]LogConfig: Setting CVar [[r.TranslucencyLightingVolumeDim:64]]
[2024.12.07-14.54.35:796][  0]LogConfig: Setting CVar [[r.RefractionQuality:2]]
[2024.12.07-14.54.35:796][  0]LogConfig: Setting CVar [[r.SSR.Quality:3]]
[2024.12.07-14.54.35:796][  0]LogConfig: Setting CVar [[r.SSR.HalfResSceneColor:0]]
[2024.12.07-14.54.35:796][  0]LogConfig: Setting CVar [[r.SceneColorFormat:4]]
[2024.12.07-14.54.35:796][  0]LogConfig: Setting CVar [[r.DetailMode:2]]
[2024.12.07-14.54.35:796][  0]LogConfig: Setting CVar [[r.TranslucencyVolumeBlur:1]]
[2024.12.07-14.54.35:796][  0]LogConfig: Setting CVar [[r.MaterialQualityLevel:1 ; High quality]]
[2024.12.07-14.54.35:796][  0]LogConfig: Setting CVar [[r.AnisotropicMaterials:1]]
[2024.12.07-14.54.35:796][  0]LogConfig: Setting CVar [[r.SSS.Scale:1]]
[2024.12.07-14.54.35:796][  0]LogConfig: Setting CVar [[r.SSS.SampleSet:2]]
[2024.12.07-14.54.35:796][  0]LogConfig: Setting CVar [[r.SSS.Quality:1]]
[2024.12.07-14.54.35:796][  0]LogConfig: Setting CVar [[r.SSS.HalfRes:0]]
[2024.12.07-14.54.35:796][  0]LogConfig: Setting CVar [[r.SSGI.Quality:3]]
[2024.12.07-14.54.35:796][  0]LogConfig: Setting CVar [[r.EmitterSpawnRateScale:1.0]]
[2024.12.07-14.54.35:796][  0]LogConfig: Setting CVar [[r.ParticleLightQuality:2]]
[2024.12.07-14.54.35:796][  0]LogConfig: Setting CVar [[r.SkyAtmosphere.AerialPerspectiveLUT.FastApplyOnOpaque:1 ; Always have FastSkyLUT 1 in this case to avoid wrong sky]]
[2024.12.07-14.54.35:796][  0]LogConfig: Setting CVar [[r.SkyAtmosphere.AerialPerspectiveLUT.SampleCountMaxPerSlice:4]]
[2024.12.07-14.54.35:796][  0]LogConfig: Setting CVar [[r.SkyAtmosphere.AerialPerspectiveLUT.DepthResolution:16.0]]
[2024.12.07-14.54.35:797][  0]LogConfig: Setting CVar [[r.SkyAtmosphere.FastSkyLUT:1]]
[2024.12.07-14.54.35:797][  0]LogConfig: Setting CVar [[r.SkyAtmosphere.FastSkyLUT.SampleCountMin:4.0]]
[2024.12.07-14.54.35:797][  0]LogConfig: Setting CVar [[r.SkyAtmosphere.FastSkyLUT.SampleCountMax:128.0]]
[2024.12.07-14.54.35:797][  0]LogConfig: Setting CVar [[r.SkyAtmosphere.SampleCountMin:4.0]]
[2024.12.07-14.54.35:797][  0]LogConfig: Setting CVar [[r.SkyAtmosphere.SampleCountMax:128.0]]
[2024.12.07-14.54.35:797][  0]LogConfig: Setting CVar [[r.SkyAtmosphere.TransmittanceLUT.UseSmallFormat:0]]
[2024.12.07-14.54.35:797][  0]LogConfig: Setting CVar [[r.SkyAtmosphere.TransmittanceLUT.SampleCount:10.0]]
[2024.12.07-14.54.35:797][  0]LogConfig: Setting CVar [[r.SkyAtmosphere.MultiScatteringLUT.SampleCount:15.0]]
[2024.12.07-14.54.35:797][  0]LogConfig: Setting CVar [[r.SkyLight.RealTimeReflectionCapture:1]]
[2024.12.07-14.54.35:797][  0]LogConfig: Applying CVar settings from Section [FoliageQuality@3] File [D:/Git/GameDevProject/Content/LAB/LAB1/Saved/Config/Windows/Scalability.ini]
[2024.12.07-14.54.35:797][  0]LogConfig: Setting CVar [[foliage.DensityScale:1.0]]
[2024.12.07-14.54.35:797][  0]LogConfig: Setting CVar [[grass.DensityScale:1.0]]
[2024.12.07-14.54.35:797][  0]LogConfig: Applying CVar settings from Section [ShadingQuality@3] File [D:/Git/GameDevProject/Content/LAB/LAB1/Saved/Config/Windows/Scalability.ini]
[2024.12.07-14.54.35:797][  0]LogConfig: Setting CVar [[r.HairStrands.SkyLighting.IntegrationType:2]]
[2024.12.07-14.54.35:797][  0]LogConfig: Setting CVar [[r.HairStrands.SkyAO.SampleCount:4]]
[2024.12.07-14.54.35:797][  0]LogConfig: Setting CVar [[r.HairStrands.Visibility.MSAA.SamplePerPixel:4]]
[2024.12.07-14.54.35:797][  0]LogConfig: Applying CVar settings from Section [Startup] File [../../../Engine/Config/ConsoleVariables.ini]
[2024.12.07-14.54.35:797][  0]LogConfig: Setting CVar [[net.UseAdaptiveNetUpdateFrequency:0]]
[2024.12.07-14.54.35:797][  0]LogConfig: Setting CVar [[p.chaos.AllowCreatePhysxBodies:1]]
[2024.12.07-14.54.35:797][  0]LogConfig: Setting CVar [[fx.SkipVectorVMBackendOptimizations:1]]
[2024.12.07-14.54.35:797][  0]LogConfig: Applying CVar settings from Section [ConsoleVariables] File [D:/Git/GameDevProject/Content/LAB/LAB1/Saved/Config/Windows/Engine.ini]
[2024.12.07-14.54.35:797][  0]LogConfig: Applying CVar settings from Section [ConsoleVariables] File [D:/Git/GameDevProject/Content/LAB/LAB1/Saved/Config/Windows/Editor.ini]
[2024.12.07-14.54.35:797][  0]LogInit: Computer: DESKTOP-OQ7SUMD
[2024.12.07-14.54.35:797][  0]LogInit: User: SerTitan
[2024.12.07-14.54.35:797][  0]LogInit: CPU Page size=4096, Cores=14
[2024.12.07-14.54.35:797][  0]LogInit: High frequency timer resolution =10.000000 MHz
[2024.12.07-14.54.35:797][  0]LogMemory: Memory total: Physical=23.7GB (24GB approx)
[2024.12.07-14.54.35:797][  0]LogMemory: Platform Memory Stats for Windows
[2024.12.07-14.54.35:797][  0]LogMemory: Process Physical Memory: 149.77 MB used, 149.77 MB peak
[2024.12.07-14.54.35:797][  0]LogMemory: Process Virtual Memory: 134.71 MB used, 134.71 MB peak
[2024.12.07-14.54.35:797][  0]LogMemory: Physical Memory: 12182.30 MB used,  12101.57 MB free, 24283.87 MB total
[2024.12.07-14.54.35:797][  0]LogMemory: Virtual Memory: 134199704.00 MB used,  18023.29 MB free, 134217728.00 MB total
[2024.12.07-14.54.35:801][  0]LogWindows: WindowsPlatformFeatures enabled
[2024.12.07-14.54.35:833][  0]LogInit: Physics initialised using underlying interface: PhysX
[2024.12.07-14.54.35:833][  0]LogInit: Using OS detected language (ru-RU).
[2024.12.07-14.54.35:833][  0]LogInit: Using OS detected locale (ru-RU).
[2024.12.07-14.54.35:834][  0]LogTextLocalizationManager: No specific localization for 'ru-RU' exists, so the 'ru' localization will be used.
[2024.12.07-14.54.35:835][  0]LogTextLocalizationResource: LocRes '../../../Engine/Content/Localization/Editor/ru/Editor.locres' could not be opened for reading!
[2024.12.07-14.54.35:835][  0]LogTextLocalizationResource: LocRes '../../../Engine/Content/Localization/EditorTutorials/ru/EditorTutorials.locres' could not be opened for reading!
[2024.12.07-14.54.35:835][  0]LogTextLocalizationResource: LocRes '../../../Engine/Content/Localization/Keywords/ru/Keywords.locres' could not be opened for reading!
[2024.12.07-14.54.35:835][  0]LogTextLocalizationResource: LocRes '../../../Engine/Content/Localization/Category/ru/Category.locres' could not be opened for reading!
[2024.12.07-14.54.35:835][  0]LogTextLocalizationResource: LocRes '../../../Engine/Content/Localization/ToolTips/ru/ToolTips.locres' could not be opened for reading!
[2024.12.07-14.54.35:835][  0]LogTextLocalizationResource: LocRes '../../../Engine/Content/Localization/PropertyNames/ru/PropertyNames.locres' could not be opened for reading!
[2024.12.07-14.54.35:835][  0]LogTextLocalizationResource: LocRes '../../../Engine/Content/Localization/Engine/ru/Engine.locres' could not be opened for reading!
[2024.12.07-14.54.35:842][  0]LogWindowsTextInputMethodSystem: Display: IME system deactivated.
[2024.12.07-14.54.35:860][  0]LogSlate: New Slate User Created.  User Index 0, Is Virtual User: 0
[2024.12.07-14.54.35:860][  0]LogSlate: Slate User Registered.  User Index 0, Is Virtual User: 0
[2024.12.07-14.54.35:868][  0]LogD3D11RHI: Loaded GFSDK_Aftermath_Lib.x64.dll
[2024.12.07-14.54.35:899][  0]LogHMD: Failed to initialize OpenVR with code 110
[2024.12.07-14.54.35:899][  0]LogD3D11RHI: D3D11 min allowed feature level: 11_0
[2024.12.07-14.54.35:899][  0]LogD3D11RHI: D3D11 max allowed feature level: 11_0
[2024.12.07-14.54.35:899][  0]LogD3D11RHI: D3D11 adapters:
[2024.12.07-14.54.36:021][  0]LogD3D11RHI:    0. 'NVIDIA GeForce RTX 4060 Laptop GPU' (Feature Level 11_0)
[2024.12.07-14.54.36:021][  0]LogD3D11RHI:       7957/0/12141 MB DedicatedVideo/DedicatedSystem/SharedSystem, Outputs:1, VendorId:0x10de
[2024.12.07-14.54.36:050][  0]LogD3D11RHI:    1. 'Intel(R) UHD Graphics' (Feature Level 11_0)
[2024.12.07-14.54.36:050][  0]LogD3D11RHI:       128/0/12141 MB DedicatedVideo/DedicatedSystem/SharedSystem, Outputs:0, VendorId:0x8086
[2024.12.07-14.54.36:053][  0]LogD3D11RHI:    2. 'Microsoft Basic Render Driver' (Feature Level 11_0)
[2024.12.07-14.54.36:053][  0]LogD3D11RHI:       0/0/12141 MB DedicatedVideo/DedicatedSystem/SharedSystem, Outputs:0, VendorId:0x1414
[2024.12.07-14.54.36:053][  0]LogD3D11RHI: Chosen D3D11 Adapter:
[2024.12.07-14.54.36:053][  0]LogD3D11RHI:     Description : NVIDIA GeForce RTX 4060 Laptop GPU
[2024.12.07-14.54.36:053][  0]LogD3D11RHI:     VendorId    : 10de
[2024.12.07-14.54.36:053][  0]LogD3D11RHI:     DeviceId    : 28e0
[2024.12.07-14.54.36:053][  0]LogD3D11RHI:     SubSysId    : 3d0617aa
[2024.12.07-14.54.36:053][  0]LogD3D11RHI:     Revision    : 00a1
[2024.12.07-14.54.36:053][  0]LogD3D11RHI:     DedicatedVideoMemory : 8343519232 bytes
[2024.12.07-14.54.36:053][  0]LogD3D11RHI:     DedicatedSystemMemory : 0 bytes
[2024.12.07-14.54.36:053][  0]LogD3D11RHI:     SharedSystemMemory : 12731740160 bytes
[2024.12.07-14.54.36:053][  0]LogD3D11RHI:     AdapterLuid : 0 67433
[2024.12.07-14.54.36:060][  0]LogD3D11RHI: Creating new Direct3DDevice
[2024.12.07-14.54.36:060][  0]LogD3D11RHI:     GPU DeviceId: 0x28e0 (for the marketing name, search the web for "GPU Device Id")
[2024.12.07-14.54.36:060][  0]LogWindows: EnumDisplayDevices:
[2024.12.07-14.54.36:060][  0]LogWindows:    0. 'Intel(R) UHD Graphics' (P:1 D:1)
[2024.12.07-14.54.36:060][  0]LogWindows:    1. 'Intel(R) UHD Graphics' (P:0 D:0)
[2024.12.07-14.54.36:061][  0]LogWindows:    2. 'Intel(R) UHD Graphics' (P:0 D:0)
[2024.12.07-14.54.36:061][  0]LogWindows:    3. 'Intel(R) UHD Graphics' (P:0 D:0)
[2024.12.07-14.54.36:061][  0]LogWindows:    4. 'NVIDIA GeForce RTX 4060 Laptop GPU' (P:0 D:0)
[2024.12.07-14.54.36:061][  0]LogWindows:    5. 'NVIDIA GeForce RTX 4060 Laptop GPU' (P:0 D:0)
[2024.12.07-14.54.36:061][  0]LogWindows:    6. 'NVIDIA GeForce RTX 4060 Laptop GPU' (P:0 D:0)
[2024.12.07-14.54.36:061][  0]LogWindows:    7. 'NVIDIA GeForce RTX 4060 Laptop GPU' (P:0 D:0)
[2024.12.07-14.54.36:062][  0]LogWindows: DebugString: PrimaryIsNotTheChoosenAdapter PrimaryIsNotTheChoosenAdapter PrimaryIsNotTheChoosenAdapter PrimaryIsNotTheChoosenAdapter FoundDriverCount:4 
[2024.12.07-14.54.36:062][  0]LogD3D11RHI:     Adapter Name: NVIDIA GeForce RTX 4060 Laptop GPU
[2024.12.07-14.54.36:062][  0]LogD3D11RHI:   Driver Version: 566.14 (internal:32.0.15.6614, unified:566.14)
[2024.12.07-14.54.36:062][  0]LogD3D11RHI:      Driver Date: 11-6-2024
[2024.12.07-14.54.36:062][  0]LogRHI: Texture pool is 5569 MB (70% of 7957 MB)
[2024.12.07-14.54.36:062][  0]LogD3D11RHI: Creating D3DDevice using adapter:
[2024.12.07-14.54.36:062][  0]LogD3D11RHI:     Description : NVIDIA GeForce RTX 4060 Laptop GPU
[2024.12.07-14.54.36:062][  0]LogD3D11RHI:     VendorId    : 10de
[2024.12.07-14.54.36:062][  0]LogD3D11RHI:     DeviceId    : 28e0
[2024.12.07-14.54.36:062][  0]LogD3D11RHI:     SubSysId    : 3d0617aa
[2024.12.07-14.54.36:062][  0]LogD3D11RHI:     Revision    : 00a1
[2024.12.07-14.54.36:062][  0]LogD3D11RHI:     DedicatedVideoMemory : 8343519232 bytes
[2024.12.07-14.54.36:062][  0]LogD3D11RHI:     DedicatedSystemMemory : 0 bytes
[2024.12.07-14.54.36:062][  0]LogD3D11RHI:     SharedSystemMemory : 12731740160 bytes
[2024.12.07-14.54.36:062][  0]LogD3D11RHI:     AdapterLuid : 0 67433
[2024.12.07-14.54.36:126][  0]LogD3D11RHI: RHI has support for 64 bit atomics
[2024.12.07-14.54.36:126][  0]LogD3D11RHI: Async texture creation enabled
[2024.12.07-14.54.36:126][  0]LogD3D11RHI: Array index from any shader is supported
[2024.12.07-14.54.36:145][  0]LogD3D11RHI: GPU Timing Frequency: 1000.000000 (Debug: 2 2)
[2024.12.07-14.54.36:162][  0]LogRHI: GeForceNow SDK initialized: 1
[2024.12.07-14.54.36:381][  0]LogTargetPlatformManager: Display: Loaded TargetPlatform 'WindowsNoEditor'
[2024.12.07-14.54.36:384][  0]LogTargetPlatformManager: Display: Loaded TargetPlatform 'Windows'
[2024.12.07-14.54.36:387][  0]LogTargetPlatformManager: Display: Loaded TargetPlatform 'WindowsClient'
[2024.12.07-14.54.36:390][  0]LogTargetPlatformManager: Display: Loaded TargetPlatform 'WindowsServer'
[2024.12.07-14.54.36:390][  0]LogTargetPlatformManager: Display: Building Assets For Windows
[2024.12.07-14.54.36:396][  0]LogAudioDebug: Display: Lib vorbis DLL was dynamically loaded.
[2024.12.07-14.54.36:418][  0]LogTextureFormatOodle: Display: Oodle Texture 2.9.0 init RDO Off
[2024.12.07-14.54.36:443][  0]LogRendererCore: Ray tracing is disabled. Reason: r.RayTracing=0.
[2024.12.07-14.54.36:443][  0]LogShaderCompilers: Guid format shader working directory is -1 characters bigger than the processId version (../../../../../Git/GameDevProject/Content/LAB/LAB1/Intermediate/Shaders/WorkingDirectory/8016/).
[2024.12.07-14.54.36:443][  0]LogShaderCompilers: Cleaned the shader compiler working directory 'C:/Users/SerTitan/AppData/Local/Temp/UnrealShaderWorkingDir/9ED98A5445858669D4D8E7AB7642F10F/'.
[2024.12.07-14.54.36:443][  0]LogXGEController: Cannot use XGE Controller as Incredibuild is not installed on this machine.
[2024.12.07-14.54.36:444][  0]LogShaderCompilers: Cannot use XGE Shader Compiler as Incredibuild is not installed on this machine.
[2024.12.07-14.54.36:444][  0]LogShaderCompilers: Display: Using Local Shader Compiler.
[2024.12.07-14.54.36:992][  0]LogDerivedDataCache: Display: Max Cache Size: 512 MB
[2024.12.07-14.54.37:044][  0]LogDerivedDataCache: Loaded boot cache 0.05s 94MB C:/Users/SerTitan/AppData/Local/UnrealEngine/4.27/DerivedDataCache/Boot.ddc.
[2024.12.07-14.54.37:045][  0]LogDerivedDataCache: Display: Loaded Boot cache: C:/Users/SerTitan/AppData/Local/UnrealEngine/4.27/DerivedDataCache/Boot.ddc
[2024.12.07-14.54.37:045][  0]LogDerivedDataCache: FDerivedDataBackendGraph:  Pak pak cache file ../../../../../Git/GameDevProject/Content/LAB/LAB1/DerivedDataCache/DDC.ddp not found, will not use a pak cache.
[2024.12.07-14.54.37:045][  0]LogDerivedDataCache: Unable to find inner node Pak for hierarchical cache Hierarchy.
[2024.12.07-14.54.37:045][  0]LogDerivedDataCache: FDerivedDataBackendGraph:  CompressedPak pak cache file ../../../../../Git/GameDevProject/Content/LAB/LAB1/DerivedDataCache/Compressed.ddp not found, will not use a pak cache.
[2024.12.07-14.54.37:045][  0]LogDerivedDataCache: Unable to find inner node CompressedPak for hierarchical cache Hierarchy.
[2024.12.07-14.54.37:058][  0]LogDerivedDataCache: Display: Pak cache opened for reading ../../../Engine/DerivedDataCache/Compressed.ddp.
[2024.12.07-14.54.37:058][  0]LogDerivedDataCache: FDerivedDataBackendGraph:  EnterprisePak pak cache file ../../../Enterprise/DerivedDataCache/Compressed.ddp not found, will not use a pak cache.
[2024.12.07-14.54.37:058][  0]LogDerivedDataCache: Unable to find inner node EnterprisePak for hierarchical cache Hierarchy.
[2024.12.07-14.54.37:065][  0]LogDerivedDataCache: Speed tests for C:/Users/SerTitan/AppData/Local/UnrealEngine/Common/DerivedDataCache took 0.01 seconds
[2024.12.07-14.54.37:065][  0]LogDerivedDataCache: Display: Performance to C:/Users/SerTitan/AppData/Local/UnrealEngine/Common/DerivedDataCache: Latency=0.02ms. RandomReadSpeed=1612.64MBs, RandomWriteSpeed=139.29MBs. Assigned SpeedClass 'Local'
[2024.12.07-14.54.37:066][  0]LogDerivedDataCache: Using Local data cache path C:/Users/SerTitan/AppData/Local/UnrealEngine/Common/DerivedDataCache: Writable
[2024.12.07-14.54.37:067][  0]LogDerivedDataCache: Shared data cache path not found in *engine.ini, will not use an Shared cache.
[2024.12.07-14.54.37:067][  0]LogDerivedDataCache: Unable to find inner node Shared for hierarchical cache Hierarchy.
[2024.12.07-14.54.37:093][  0]LogSlate: Using FreeType 2.10.0
[2024.12.07-14.54.37:093][  0]LogSlate: SlateFontServices - WITH_FREETYPE: 1, WITH_HARFBUZZ: 1
[2024.12.07-14.54.37:170][  0]LogInit: Using OS detected language (ru-RU).
[2024.12.07-14.54.37:170][  0]LogInit: Using OS detected locale (ru-RU).
[2024.12.07-14.54.37:170][  0]LogTextLocalizationManager: No localization for 'ru-RU' exists, so 'en' will be used for the language.
[2024.12.07-14.54.37:170][  0]LogTextLocalizationManager: No localization for 'ru-RU' exists, so 'en' will be used for the locale.
[2024.12.07-14.54.37:171][  0]LogSlate: FontCache flush requested. Reason: Culture for localization was changed
[2024.12.07-14.54.37:171][  0]LogSlate: FontCache flush requested. Reason: Culture for localization was changed
[2024.12.07-14.54.37:172][  0]LogAssetRegistry: FAssetRegistry took 0.0012 seconds to start up
[2024.12.07-14.54.37:283][  0]LogTextLocalizationManager: Compacting localization data took   0.00ms
[2024.12.07-14.54.37:283][  0]LogPackageLocalizationCache: Processed 27 localized package path(s) for 1 prioritized culture(s) in 0.000540 seconds
[2024.12.07-14.54.37:322][  0]LogInit: Selected Device Profile: [Windows]
[2024.12.07-14.54.37:322][  0]LogInit: Active device profile: [000001A8C4024D00][000001A8B2B35580 49] Windows
[2024.12.07-14.54.37:322][  0]LogInit: Profiles: [000001A8C4024D00][000001A8B2B35580 49] Windows, [000001A8C3FEE300][000001A8B30516C0 49] WindowsNoEditor, [000001A8C4025C00][000001A8B443D840 49] WindowsServer, [000001A8C3FEF100][000001A8B30079C0 49] WindowsClient, [000001A8C4026900][000001A8B300BB40 49] IOS, [000001A8C3FEDA00][000001A8B300E140 49] iPadAir, [000001A8C4027E00][000001A8B30122C0 49] iPadAir2, [000001A8C3F99100][000001A8B301A580 49] IPadPro, [000001A8C3F99200][000001A8B30165C0 49] iPadAir3, [000001A8C3FECC00][000001A8B301E740 49] iPadAir4, [000001A8C3F99E00][000001A8B30228C0 49] iPadMini2, [000001A8C3FEF300][000001A8B3026A40 49] iPadMini3, [000001A8C3F9B900][000001A8B302ABC0 49] iPadMini4, [000001A8C3FED000][000001A8B302ED40 49] iPadMini5, [000001A8C3F9C900][000001A8B3037000 49] iPhone6, [000001A8C3F9CA00][000001A8B3033040 49] iPodTouch6, [000001A8C4026E00][000001A8C3BA1300 49] iPhone7, [000001A8C4026F00][000001A8B303B340 49] iPodTouch7, [000001A8C3F9BE00][000001A8C3BA54C0 49] iPhone5S, [000001A8C4025000][000001A8B4439600 49] iPhone6Plus, [000001A8C3F9C100][000001A8C3BA9740 49] iPhone6S, [000001A8C3F98300][000001A8C3BAD880 49] iPhone6SPlus, [000001A8C3F9E800][000001A8C3BB5A00 49] iPhone7Plus, [000001A8C3F9A400][000001A8C3BB9B80 49] iPhoneSE, [000001A8C3F9E600][000001A8C3BBC180 49] iPhone8, [000001A8C3F98400][000001A8C3BC0300 49] iPhone8Plus, [000001A8C3F9F100][000001A8C3BC4480 49] iPhoneX, [000001A8C4025500][000001A8C3BC8600 49] iPhoneXS, [000001A8C3F9EB00][000001A8C3BCC780 49] iPhoneXSMax, [000001A8C4024700][000001A8C3BD0900 49] iPhoneXR, [000001A8C3F9C800][000001A8C3BD4A80 49] iPhone11, [000001A8C4025100][000001A8C3BD8C00 49] iPhone11Pro, [000001A8C3F9DA00][000001A8C3BDCD80 49] iPhone11ProMax, [000001A8C4027700][000001A8C3BE0F00 49] iPhoneSE2, [000001A8C3F9F800][000001A8C3BE5080 49] iPhone12Mini, [000001A8C4026300][000001A8C3BE9200 49] iPhone12, [000001A8C3F9F200][000001A8C3BED380 49] iPhone12Pro, [000001A8C4025300][000001A8C3BF1500 49] iPhone12ProMax, [000001A8C3F9D500][000001A8C3BF5680 49] iPadPro105, [000001A8C4024A00][000001A8C3BB17C0 49] iPadPro129, [000001A8C3F9FD00][000001A8C3BF9900 49] iPadPro97, [000001A8C4026A00][000001A8C3BFDA40 49] iPadPro2_129, [000001A8C3F9CE00][000001A8C3C05BC0 49] iPad5, [000001A8C4025F00][000001A8C3C081C0 49] iPad6, [000001A8C3F9D300][000001A8C3C0C340 49] iPad7, [000001A8C4024200][000001A8C3C104C0 49] iPad8, [000001A8C3F9FA00][000001A8C3C14640 49] iPadPro11, [000001A8C4025400][000001A8C3C187C0 49] iPadPro2_11, [000001A8C3F9FE00][000001A8C3C1C940 49] iPadPro3_129, [000001A8C4026700][000001A8C3C20AC0 49] iPadPro4_129, [000001A8C3F9C200][000001A8C3C24C40 49] AppleTV, [000001A8C4024900][000001A8C3C28DC0 49] AppleTV4K, [000001A8C3F9E300][000001A8C3C2CF40 49] TVOS, [000001A8C4026D00][000001A8C3C310C0 49] Mac, [000001A8C3F9F600][000001A8C3C35240 49] MacClient, [000001A8C4026100][000001A8C3C393C0 49] MacNoEditor, [000001A8C3F9F000][000001A8C3C3D540 49] MacServer, [000001A8C4026600][000001A8C3C416C0 49] Linux, [000001A8C3F9DD00][000001A8C3C45840 49] LinuxAArch64, [000001A8C4025A00][000001A8C3C01980 49] LinuxNoEditor, [000001A8C3F9FB00][000001A8C3C49AC0 49] LinuxAArch64NoEditor, [000001A8C4025200][000001A8C3C4DC00 49] LinuxClient, [000001A8C3F9ED00][000001A8C3C501C0 49] LinuxAArch64Client, [000001A8C4024100][000001A8C3C58340 49] LinuxServer, [000001A8C3F9FF00][000001A8C3C5C4C0 49] LinuxAArch64Server, [000001A8C4026C00][000001A8C3C60640 49] Android, [000001A8C3F9DC00][000001A8C3C647C0 49] Android_Low, [000001A8C4027300][000001A8C3C68940 49] Android_Mid, [000001A8C3F9E200][000001A8C3C6CAC0 49] Android_High, [000001A8C4027400][000001A8C3C70C40 49] Android_Default, [000001A8C3F9DF00][000001A8C3C74DC0 49] Android_Adreno4xx, [000001A8C4027F00][000001A8C3C78F40 49] Android_Adreno5xx_Low, [000001A8C3F9CB00][000001A8C3C7D0C0 49] Android_Adreno5xx, [000001A8C4027D00][000001A8C3C81240 49] Android_Adreno6xx, [000001A8C3FEC500][000001A8C3C853C0 49] Android_Adreno6xx_Vulkan, [000001A8C3F9B600][000001A8C3C89540 49] Android_Mali_T6xx, [000001A8C3FED100][000001A8C3C8D6C0 49] Android_Mali_T7xx, [000001A8C3F9B300][000001A8C3C91840 49] Android_Mali_T8xx, [000001A8C3FEEF00][000001A8C3C959C0 49] Android_Mali_G71, [000001A8C3F98100][000001A8C3C55B00 49] Android_Mali_G72, [000001A8C3FED600][000001A8C3C980C0 49] Android_Mali_G72_Vulkan, [000001A8C3F99300][000001A8C3C9C200 49] Android_Mali_G76, [000001A8C3FEFD00][000001A8C3CA0340 49] Android_Mali_G76_Vulkan, [000001A8C3F9AC00][000001A8C3CA84C0 49] Android_Mali_G77, [000001A8C3FED500][000001A8C3CAC640 49] Android_Mali_G77_Vulkan, [000001A8C3F99800][000001A8C3CB07C0 49] Android_Mali_G78, [000001A8C3FEE200][000001A8C3CB4940 49] Android_Mali_G78_Vulkan, [000001A8C3F9BD00][000001A8C3CB8AC0 49] Android_Mali_G710, [000001A8C3FEC300][000001A8C3CBCC40 49] Android_Mali_G710_Vulkan, [000001A8C3F98200][000001A8C3CC0DC0 49] Android_Vulkan_SM5, [000001A8C3FEC800][000001A8C3CC4F40 49] Android_PowerVR_G6xxx, [000001A8C3F9A500][000001A8C3CC90C0 49] Android_PowerVR_GT7xxx, [000001A8C3FECE00][000001A8C3CCD240 49] Android_PowerVR_GE8xxx, [000001A8C3F99400][000001A8C3CD13C0 49] Android_PowerVR_GM9xxx, [000001A8C3FECD00][000001A8C3CD5540 49] Android_PowerVR_GM9xxx_Vulkan, [000001A8C3F9A600][000001A8C3CD96C0 49] Android_TegraK1, [000001A8C3FEDE00][000001A8C3CDD840 49] Android_Unknown_Vulkan, [000001A8C3F9BC00][000001A8C3CE19C0 49] Lumin, [000001A8C3FECA00][000001A8C3CE5B40 49] Lumin_Desktop, [000001A8C3F9BB00][000001A8C3CE8140 49] HoloLens, 
[2024.12.07-14.54.37:352][  0]LogMeshReduction: Using QuadricMeshReduction for automatic static mesh reduction
[2024.12.07-14.54.37:352][  0]LogMeshReduction: Using SimplygonMeshReduction for automatic skeletal mesh reduction
[2024.12.07-14.54.37:352][  0]LogMeshReduction: Using ProxyLODMeshReduction for automatic mesh merging
[2024.12.07-14.54.37:352][  0]LogMeshReduction: No distributed automatic mesh merging module available
[2024.12.07-14.54.37:352][  0]LogMeshMerging: No distributed automatic mesh merging module available
[2024.12.07-14.54.37:421][  0]LogNetVersion: LAB1 1.0.0, NetCL: 17155196, EngineNetVer: 17, GameNetVer: 0 (Checksum: 1850865669)
[2024.12.07-14.54.37:585][  0]LogTexture: Default maximum texture size for cubemaps generated from long-lat sources has been changed from 512 to unlimited. In order to preserve old behaiour for '/Engine/MapTemplates/Sky/DaylightAmbientCubemap.DaylightAmbientCubemap', its maximum texture size has been explicitly set to 512.
[2024.12.07-14.54.37:625][  0]LogHMD: PokeAHoleMaterial loaded successfully
[2024.12.07-14.54.37:705][  0]LogMoviePlayer: Initializing movie player
[2024.12.07-14.54.37:808][  0]LogNiagaraDebuggerClient: Niagara Debugger Client Initialized | Session: C19E814245DF747C37645CBAF78618AD | Instance: 215227A2435DFA5314F8029666EFE353 (DESKTOP-OQ7SUMD-8016).
[2024.12.07-14.54.37:822][  0]LogCollectionManager: Loaded 0 collections in 0.000442 seconds
[2024.12.07-14.54.37:824][  0]LogFileCache: Scanning file cache for directory 'D:/Git/GameDevProject/Content/LAB/LAB1/Saved/Collections/' took 0.00s
[2024.12.07-14.54.37:824][  0]LogFileCache: Scanning file cache for directory 'D:/Git/GameDevProject/Content/LAB/LAB1/Content/Developers/SerTitan/Collections/' took 0.00s
[2024.12.07-14.54.37:824][  0]LogFileCache: Scanning file cache for directory 'D:/Git/GameDevProject/Content/LAB/LAB1/Content/Collections/' took 0.00s
[2024.12.07-14.54.37:824][  0]LogCollectionManager: Fixed up redirectors for 0 collections in 0.000001 seconds (updated 0 objects)
[2024.12.07-14.54.37:898][  0]LogTcpMessaging: Initializing TcpMessaging bridge
[2024.12.07-14.54.37:901][  0]LogUdpMessaging: Initializing bridge on interface 0.0.0.0:0 to multicast group 230.0.0.1:6666.
[2024.12.07-14.54.37:913][  0]LogPython: Using Python 3.7.7
[2024.12.07-14.54.38:267][  0]SourceControl: Source control is disabled
[2024.12.07-14.54.38:267][  0]SourceControl: Source control is disabled
[2024.12.07-14.54.38:269][  0]SourceControl: Source control is disabled
[2024.12.07-14.54.38:275][  0]LogUProjectInfo: Found projects:
[2024.12.07-14.54.38:281][  0]LogVSAccessor: Display: Unable to create Visual Studio setup instance: 80040154
[2024.12.07-14.54.38:281][  0]LogVSAccessor: Display: Unable to create Visual Studio setup instance: 80040154
[2024.12.07-14.54.38:282][  0]LogVSAccessor: Display: Unable to create Visual Studio setup instance: 80040154
[2024.12.07-14.54.38:361][  0]LogOpenImageDenoise: OIDN starting up
[2024.12.07-14.54.38:365][  0]LogAndroidPermission: UAndroidPermissionCallbackProxy::GetInstance
[2024.12.07-14.54.38:370][  0]LogAudioCaptureCore: Display: No Audio Capture implementations found. Audio input will be silent.
[2024.12.07-14.54.38:370][  0]LogAudioCaptureCore: Display: No Audio Capture implementations found. Audio input will be silent.
[2024.12.07-14.54.38:434][  0]LogOcInput: OculusInput pre-init called
[2024.12.07-14.54.38:440][  0]LogUObjectArray: 22121 objects as part of root set at end of initial load.
[2024.12.07-14.54.38:440][  0]LogUObjectAllocator: 5975632 out of 0 bytes used by permanent object pool.
[2024.12.07-14.54.38:440][  0]LogUObjectArray: CloseDisregardForGC: 0/0 objects in disregard for GC pool
[2024.12.07-14.54.38:478][  0]LogEngine: Initializing Engine...
[2024.12.07-14.54.38:480][  0]LogHMD: Failed to enumerate extensions. Please check that you have a valid OpenXR runtime installed.
[2024.12.07-14.54.38:481][  0]LogHMD: Failed to initialize OpenVR with code 110
[2024.12.07-14.54.38:481][  0]LogMagicLeap: Warning: VR disabled because ZI is not enabled.  To enable, in the editor, Edit -> Project Settings -> Plugins -> Magic Leap Plugin -> Enable Zero Iteration
[2024.12.07-14.54.38:481][  0]LogStats: UGameplayTagsManager::InitializeManager -  0.000 s
[2024.12.07-14.54.38:547][  0]LogInit: Initializing FReadOnlyCVARCache
[2024.12.07-14.54.38:547][  0]LogAudio: Display: Initializing Audio Device Manager...
[2024.12.07-14.54.38:550][  0]LogAudio: Display: Loading Default Audio Settings Objects...
[2024.12.07-14.54.38:550][  0]LogAudio: Display: No default SoundConcurrencyObject specified (or failed to load).
[2024.12.07-14.54.38:551][  0]LogAudio: Display: Audio Device Manager Initialized
[2024.12.07-14.54.38:551][  0]LogAudio: Display: Creating Audio Device:                 Id: 1, Scope: Shared, Realtime: True
[2024.12.07-14.54.38:551][  0]LogAudioMixer: Display: Audio Mixer Platform Settings:
[2024.12.07-14.54.38:551][  0]LogAudioMixer: Display: 	Sample Rate:						  48000
[2024.12.07-14.54.38:551][  0]LogAudioMixer: Display: 	Callback Buffer Frame Size Requested: 1024
[2024.12.07-14.54.38:551][  0]LogAudioMixer: Display: 	Callback Buffer Frame Size To Use:	  1024
[2024.12.07-14.54.38:551][  0]LogAudioMixer: Display: 	Number of buffers to queue:			  2
[2024.12.07-14.54.38:551][  0]LogAudioMixer: Display: 	Max Channels (voices):				  32
[2024.12.07-14.54.38:551][  0]LogAudioMixer: Display: 	Number of Async Source Workers:		  0
[2024.12.07-14.54.38:551][  0]LogAudio: Display: AudioDevice MaxSources: 32
[2024.12.07-14.54.38:551][  0]LogAudio: Display: Audio Spatialization Plugin: None (built-in).
[2024.12.07-14.54.38:551][  0]LogAudio: Display: Audio Reverb Plugin: None (built-in).
[2024.12.07-14.54.38:551][  0]LogAudio: Display: Audio Occlusion Plugin: None (built-in).
[2024.12.07-14.54.38:551][  0]LogAudioMixer: Display: Initializing audio mixer.
[2024.12.07-14.54.38:559][  0]LogAudioMixer: Display: 0: FrontLeft
[2024.12.07-14.54.38:559][  0]LogAudioMixer: Display: 1: FrontRight
[2024.12.07-14.54.38:611][  0]LogAudioMixer: Display: Using Audio Device Динамики (Realtek(R) Audio)
[2024.12.07-14.54.38:616][  0]LogAudioMixer: Display: Initializing Sound Submixes...
[2024.12.07-14.54.38:617][  0]LogAudioMixer: Display: Creating Master Submix 'MasterSubmixDefault'
[2024.12.07-14.54.38:617][  0]LogAudioMixer: Display: Creating Master Submix 'MasterReverbSubmixDefault'
[2024.12.07-14.54.38:618][  0]LogAudioMixer: Display: Creating Master Submix 'MasterEQSubmixDefault'
[2024.12.07-14.54.38:618][  0]LogAudioMixer: FMixerPlatformXAudio2::StartAudioStream() called
[2024.12.07-14.54.38:618][  0]LogAudioMixer: Display: Output buffers initialized: Frames=1024, Channels=2, Samples=2048
[2024.12.07-14.54.38:619][  0]LogAudioMixer: Display: Starting AudioMixerPlatformInterface::RunInternal()
[2024.12.07-14.54.38:619][  0]LogAudioMixer: Display: FMixerPlatformXAudio2::SubmitBuffer() called for the first time
[2024.12.07-14.54.38:619][  0]LogInit: FAudioDevice initialized.
[2024.12.07-14.54.38:620][  0]LogNetVersion: Set ProjectVersion to 1.0.0.0. Version Checksum will be recalculated on next use.
[2024.12.07-14.54.38:621][  0]LogInit: Texture streaming: Enabled
[2024.12.07-14.54.38:664][  0]LogAudio: Display: Audio Device (ID: 1) registered with world 'Untitled'.
[2024.12.07-14.54.38:664][  0]LogSlate: Updating window title bar state: overlay mode, drag disabled, window buttons hidden, title bar hidden
[2024.12.07-14.54.38:664][  0]LogInit: Display: Game Engine Initialized.
[2024.12.07-14.54.38:664][  0]LogNiagaraEditor: GEditor isn't valid! Particle reset commands will not work for Niagara components!
[2024.12.07-14.54.38:746][  0]LogInit: Display: Starting Game.
[2024.12.07-14.54.38:746][  0]LogNet: Browse: /Game/ThirdPersonBP/Maps/ThirdPersonExampleMap?Name=Player
[2024.12.07-14.54.38:746][  0]LogLoad: LoadMap: /Game/ThirdPersonBP/Maps/ThirdPersonExampleMap?Name=Player
[2024.12.07-14.54.38:746][  0]LogWorld: BeginTearingDown for /Temp/Untitled_0
[2024.12.07-14.54.38:747][  0]LogWorld: UWorld::CleanupWorld for Untitled, bSessionEnded=true, bCleanupResources=true
[2024.12.07-14.54.38:747][  0]LogSlate: InvalidateAllWidgets triggered.  All widgets were invalidated
[2024.12.07-14.54.38:750][  0]LogAudio: Display: Audio Device unregistered from world 'None'.
[2024.12.07-14.54.38:753][  0]LogUObjectHash: Compacting FUObjectHashTables data took   0.52ms
[2024.12.07-14.54.38:862][  0]LogTexture: Display: Building textures: HQ_Lightmap0_4 (OODLE_AutoDXT, 256X256)
[2024.12.07-14.54.38:863][  0]LogTexture: Display: Building textures: HQ_Lightmap0_5 (OODLE_AutoDXT, 64X64)
[2024.12.07-14.54.38:877][  0]LogTexture: Display: Building textures: HQ_Lightmap1_1 (OODLE_AutoDXT, 1024X1024)
[2024.12.07-14.54.38:898][  0]LogTextureFormatOodle: Display: non-RDO encode 1024 x 1024 x 1 to format OODLE_AutoDXT (Oodle OodleTex_BC3) lambda=0 effort=20 
[2024.12.07-14.54.38:898][  0]LogTexture: Display: Building textures: HQ_Lightmap1_2 (OODLE_AutoDXT, 1024X1024)
[2024.12.07-14.54.38:915][  0]LogTextureFormatOodle: Display: non-RDO encode 1024 x 1024 x 1 to format OODLE_AutoDXT (Oodle OodleTex_BC3) lambda=0 effort=20 
[2024.12.07-14.54.38:915][  0]LogTexture: Display: Building textures: HQ_Lightmap1_3 (OODLE_AutoDXT, 1024X1024)
[2024.12.07-14.54.38:923][  0]LogTextureFormatOodle: Display: non-RDO encode 1024 x 1024 x 1 to format OODLE_AutoDXT (Oodle OodleTex_BC3) lambda=0 effort=20 
[2024.12.07-14.54.38:923][  0]LogTexture: Display: Building textures: LQ_Lightmap_0_4 (OODLE_DXT1, 256X256)
[2024.12.07-14.54.38:929][  0]LogTexture: Display: Building textures: LQ_Lightmap_0_5 (OODLE_DXT1, 64X64)
[2024.12.07-14.54.38:941][  0]LogTexture: Display: Building textures: LQ_Lightmap_1_1 (OODLE_DXT1, 1024X1024)
[2024.12.07-14.54.38:961][  0]LogTextureFormatOodle: Display: non-RDO encode 1024 x 1024 x 1 to format OODLE_DXT1 (Oodle OodleTex_BC1_WithTransparency) lambda=0 effort=20 
[2024.12.07-14.54.38:961][  0]LogTexture: Display: Building textures: LQ_Lightmap_1_2 (OODLE_DXT1, 1024X1024)
[2024.12.07-14.54.38:977][  0]LogTextureFormatOodle: Display: non-RDO encode 1024 x 1024 x 1 to format OODLE_DXT1 (Oodle OodleTex_BC1_WithTransparency) lambda=0 effort=20 
[2024.12.07-14.54.38:977][  0]LogTexture: Display: Building textures: LQ_Lightmap_1_3 (OODLE_DXT1, 1024X1024)
[2024.12.07-14.54.38:986][  0]LogTextureFormatOodle: Display: non-RDO encode 1024 x 1024 x 1 to format OODLE_DXT1 (Oodle OodleTex_BC1_WithTransparency) lambda=0 effort=20 
[2024.12.07-14.54.38:986][  0]LogTexture: Display: Building textures: SkyOcclusion0_4 (OODLE_AutoDXT, 256X128)
[2024.12.07-14.54.38:988][  0]LogTexture: Display: Building textures: SkyOcclusion0_5 (OODLE_AutoDXT, 64X32)
[2024.12.07-14.54.38:994][  0]LogTexture: Display: Building textures: SkyOcclusion1_1 (OODLE_AutoDXT, 1024X512)
[2024.12.07-14.54.39:005][  0]LogTextureFormatOodle: Display: non-RDO encode 1024 x 512 x 1 to format OODLE_AutoDXT (Oodle OodleTex_BC3) lambda=0 effort=20 
[2024.12.07-14.54.39:005][  0]LogTexture: Display: Building textures: SkyOcclusion1_2 (OODLE_AutoDXT, 1024X512)
[2024.12.07-14.54.39:016][  0]LogTextureFormatOodle: Display: non-RDO encode 1024 x 512 x 1 to format OODLE_AutoDXT (Oodle OodleTex_BC3) lambda=0 effort=20 
[2024.12.07-14.54.39:016][  0]LogTexture: Display: Building textures: SkyOcclusion1_3 (OODLE_AutoDXT, 1024X512)
[2024.12.07-14.54.39:074][  0]LogTextureFormatOodle: Display: non-RDO encode 1024 x 512 x 1 to format OODLE_AutoDXT (Oodle OodleTex_BC3) lambda=0 effort=20 
[2024.12.07-14.54.39:074][  0]LogAudio: Display: Audio Device (ID: 1) registered with world 'ThirdPersonExampleMap'.
[2024.12.07-14.54.39:079][  0]LogAIModule: Creating AISystem for world ThirdPersonExampleMap
[2024.12.07-14.54.39:080][  0]LogLoad: Game class is 'MyGameMode_C'
[2024.12.07-14.54.39:084][  0]LogWorld: Bringing World /Game/ThirdPersonBP/Maps/ThirdPersonExampleMap.ThirdPersonExampleMap up for play (max tick rate 0) at 2024.12.07-17.54.39
[2024.12.07-14.54.39:085][  0]LogWorld: Bringing up level for play took: 0.004124
[2024.12.07-14.54.39:087][  0]LogLoad: Took 0.340941 seconds to LoadMap(/Game/ThirdPersonBP/Maps/ThirdPersonExampleMap)
[2024.12.07-14.54.39:118][  0]LogSlate: Took 0.000161 seconds to synchronously load lazily loaded font '../../../Engine/Content/Slate/Fonts/Roboto-Regular.ttf' (155K)
[2024.12.07-14.54.39:142][  0]LogRenderer: Reallocating scene render targets to support 1288x752 Format 10 NumSamples 1 (Frame:1).
[2024.12.07-14.54.39:143][  0]LogInit: Display: Engine is initialized. Leaving FEngineLoop::Init()
[2024.12.07-14.54.39:143][  0]LogLoad: (Engine Initialization) Total time: 4.04 seconds
[2024.12.07-14.54.39:143][  0]LogLoad: (Engine Initialization) Total Blueprint compile time: 0.00 seconds
[2024.12.07-14.54.39:145][  0]LogContentStreaming: Texture pool size now 1000 MB
[2024.12.07-14.54.39:147][  0]LogSlate: InvalidateAllWidgets triggered.  All widgets were invalidated
[2024.12.07-14.54.39:162][  0]LogRenderer: Reallocating scene render targets to support 128x128 Format 10 NumSamples 1 (Frame:1).
[2024.12.07-14.54.39:183][  0]LogRenderer: Reallocating scene render targets to support 1288x752 Format 10 NumSamples 1 (Frame:2).
[2024.12.07-14.54.39:189][  1]LogSlate: Took 0.000131 seconds to synchronously load lazily loaded font '../../../Engine/Content/Slate/Fonts/Roboto-Regular.ttf' (155K)
