Log file open, 12/07/24 18:19:39
LogWindows: Failed to load 'aqProf.dll' (GetLastError=126)
LogWindows: File 'aqProf.dll' does not exist
LogWindows: Failed to load 'VtuneApi.dll' (GetLastError=126)
LogWindows: File 'VtuneApi.dll' does not exist
LogWindows: Failed to load 'VtuneApi32e.dll' (GetLastError=126)
LogWindows: File 'VtuneApi32e.dll' does not exist
LogConsoleResponse: Display: Failed to find resolution value strings in scalability ini. Falling back to default.
LogConsoleResponse: Display: Failed to find resolution value strings in scalability ini. Falling back to default.
LogInit: Display: Running engine for game: LAB1
LogPlatformFile: Not using cached read wrapper
LogTaskGraph: Started task graph with 5 named threads and 59 total threads with 3 sets of task threads.
LogStats: Stats thread started at 0.179420
LogICUInternationalization: ICU TimeZone Detection - Raw Offset: +3:00, Platform Override: ''
LogInit: Display: Loading text-based GConfig....
LogPluginManager: Mounting plugin MeshPainting
LogPluginManager: Mounting plugin XGEController
LogPluginManager: Mounting plugin AISupport
LogPluginManager: Mounting plugin EnvironmentQueryEditor
LogPluginManager: Mounting plugin Paper2D
LogPluginManager: Mounting plugin LiveLink
LogPluginManager: Mounting plugin CameraShakePreviewer
LogPluginManager: Mounting plugin LightPropagationVolume
LogPluginManager: Mounting plugin GameplayCameras
LogPluginManager: Mounting plugin CLionSourceCodeAccess
LogPluginManager: Mounting plugin AnimationSharing
LogPluginManager: Mounting plugin KDevelopSourceCodeAccess
LogPluginManager: Mounting plugin GitSourceControl
LogPluginManager: Mounting plugin NullSourceCodeAccess
LogPluginManager: Mounting plugin OodleData
LogPluginManager: Mounting plugin PixWinPlugin
LogPluginManager: Mounting plugin PerforceSourceControl
LogPluginManager: Mounting plugin PropertyAccessNode
LogPluginManager: Mounting plugin PlasticSourceControl
LogPluginManager: Mounting plugin RiderSourceCodeAccess
LogPluginManager: Mounting plugin CodeLiteSourceCodeAccess
LogPluginManager: Mounting plugin SubversionSourceControl
LogPluginManager: Mounting plugin UObjectPlugin
LogPluginManager: Mounting plugin VisualStudioCodeSourceCodeAccess
LogPluginManager: Mounting plugin TextureFormatOodle
LogPluginManager: Mounting plugin XCodeSourceCodeAccess
LogPluginManager: Mounting plugin PluginUtils
LogPluginManager: Mounting plugin AssetManagerEditor
LogPluginManager: Mounting plugin VisualStudioSourceCodeAccess
LogPluginManager: Mounting plugin CurveEditorTools
LogPluginManager: Mounting plugin GameplayTagsEditor
LogPluginManager: Mounting plugin GeometryMode
LogPluginManager: Mounting plugin CryptoKeys
LogPluginManager: Mounting plugin MacGraphicsSwitching
LogPluginManager: Mounting plugin MaterialAnalyzer
LogPluginManager: Mounting plugin FacialAnimation
LogPluginManager: Mounting plugin MobileLauncherProfileWizard
LogPluginManager: Mounting plugin PluginBrowser
LogPluginManager: Mounting plugin DataValidation
LogPluginManager: Mounting plugin AlembicImporter
LogPluginManager: Mounting plugin SpeedTreeImporter
LogPluginManager: Mounting plugin BackChannel
LogPluginManager: Mounting plugin AutomationUtils
LogPluginManager: Mounting plugin ChaosClothEditor
LogPluginManager: Mounting plugin ChaosCloth
LogPluginManager: Mounting plugin CharacterAI
LogPluginManager: Mounting plugin ChaosSolverPlugin
LogPluginManager: Mounting plugin ChaosEditor
LogPluginManager: Mounting plugin GeometryCache
LogPluginManager: Mounting plugin ChaosNiagara
LogPluginManager: Mounting plugin GeometryCollectionPlugin
LogPluginManager: Mounting plugin MotoSynth
LogPluginManager: Mounting plugin OpenImageDenoise
LogPluginManager: Mounting plugin GeometryProcessing
LogPluginManager: Mounting plugin PlatformCrypto
LogPluginManager: Mounting plugin PythonScriptPlugin
LogPluginManager: Mounting plugin ProxyLODPlugin
LogPluginManager: Mounting plugin PlanarCut
LogPluginManager: Mounting plugin SkeletalReduction
LogPluginManager: Mounting plugin Niagara
LogPluginManager: Mounting plugin LuminPlatformFeatures
LogPluginManager: Mounting plugin MagicLeap
LogPluginManager: Mounting plugin MagicLeapMedia
LogPluginManager: Mounting plugin DatasmithContent
LogPluginManager: Mounting plugin MagicLeapPassableWorld
LogPluginManager: Mounting plugin AndroidMedia
LogPluginManager: Mounting plugin MagicLeapLightEstimation
LogPluginManager: Mounting plugin MLSDK
LogPluginManager: Mounting plugin AvfMedia
LogPluginManager: Mounting plugin ImgMedia
LogPluginManager: Mounting plugin MediaPlayerEditor
LogPluginManager: Mounting plugin VariantManagerContent
LogPluginManager: Mounting plugin MediaCompositing
LogPluginManager: Mounting plugin WebMMedia
LogPluginManager: Mounting plugin TcpMessaging
LogPluginManager: Mounting plugin UdpMessaging
LogPluginManager: Mounting plugin WmfMedia
LogPluginManager: Mounting plugin OnlineSubsystemNull
LogPluginManager: Mounting plugin ActorSequence
LogPluginManager: Mounting plugin OnlineSubsystemUtils
LogPluginManager: Mounting plugin MatineeToLevelSequence
LogPluginManager: Mounting plugin LevelSequenceEditor
LogPluginManager: Mounting plugin TemplateSequence
LogPluginManager: Mounting plugin AndroidDeviceProfileSelector
LogPluginManager: Mounting plugin ActorLayerUtilities
LogPluginManager: Mounting plugin AndroidPermission
LogPluginManager: Mounting plugin AppleImageUtils
LogPluginManager: Mounting plugin AudioCapture
LogPluginManager: Mounting plugin OnlineSubsystem
LogPluginManager: Mounting plugin AssetTags
LogPluginManager: Mounting plugin ArchVisCharacter
LogPluginManager: Mounting plugin AudioSynesthesia
LogPluginManager: Mounting plugin CableComponent
LogPluginManager: Mounting plugin ChunkDownloader
LogPluginManager: Mounting plugin AppleMoviePlayer
LogPluginManager: Mounting plugin CustomMeshComponent
LogPluginManager: Mounting plugin AndroidMoviePlayer
LogPluginManager: Mounting plugin EditableMesh
LogPluginManager: Mounting plugin ExampleDeviceProfileSelector
LogPluginManager: Mounting plugin GooglePAD
LogPluginManager: Mounting plugin GoogleCloudMessaging
LogPluginManager: Mounting plugin LinuxDeviceProfileSelector
LogPluginManager: Mounting plugin IOSDeviceProfileSelector
LogPluginManager: Mounting plugin MobilePatchingUtils
LogPluginManager: Mounting plugin LocationServicesBPLibrary
LogPluginManager: Mounting plugin OpenXR
LogPluginManager: Mounting plugin OpenXREyeTracker
LogPluginManager: Mounting plugin PhysXVehicles
LogPluginManager: Mounting plugin ProceduralMeshComponent
LogPluginManager: Mounting plugin PropertyAccessEditor
LogPluginManager: Mounting plugin OpenXRHandTracking
LogPluginManager: Mounting plugin RuntimePhysXCooking
LogPluginManager: Mounting plugin PostSplashScreen
LogPluginManager: Mounting plugin SoundFields
LogPluginManager: Mounting plugin SignificanceManager
LogPluginManager: Mounting plugin Synthesis
LogPluginManager: Mounting plugin WebMMoviePlayer
LogPluginManager: Mounting plugin WindowsMoviePlayer
LogPluginManager: Mounting plugin Takes
LogPluginManager: Mounting plugin ScreenshotTools
LogPluginManager: Mounting plugin LauncherChunkInstaller
LogPluginManager: Mounting plugin OodleNetwork
LogPluginManager: Mounting plugin ContentBrowserAssetDataSource
LogPluginManager: Mounting plugin ContentBrowserClassDataSource
LogPluginManager: Mounting plugin ContentBrowserFileDataSource
LogPluginManager: Mounting plugin OnlineSubsystemGooglePlay
LogPluginManager: Mounting plugin OnlineSubsystemIOS
LogPluginManager: Mounting plugin OculusVR
LogPluginManager: Mounting plugin SteamVR
PixWinPlugin: PIX capture plugin failed to initialize! Check that the process is launched from PIX.
LogInit: Using libcurl 7.55.1-DEV
LogInit:  - built for x86_64-pc-win32
LogInit:  - supports SSL with OpenSSL/1.1.1
LogInit:  - supports HTTP deflate (compression) using libz 1.2.8
LogInit:  - other features:
LogInit:      CURL_VERSION_SSL
LogInit:      CURL_VERSION_LIBZ
LogInit:      CURL_VERSION_IPV6
LogInit:      CURL_VERSION_ASYNCHDNS
LogInit:      CURL_VERSION_LARGEFILE
LogInit:      CURL_VERSION_IDN
LogInit:  CurlRequestOptions (configurable via config and command line):
LogInit:  - bVerifyPeer = true  - Libcurl will verify peer certificate
LogInit:  - bUseHttpProxy = false  - Libcurl will NOT use HTTP proxy
LogInit:  - bDontReuseConnections = false  - Libcurl will reuse connections
LogInit:  - MaxHostConnections = 16  - Libcurl will limit the number of connections to a host
LogInit:  - LocalHostAddr = Default
LogInit:  - BufferSize = 65536
LogOnline: OSS: Creating online subsystem instance for: NULL
LogInit: WinSock: version 1.1 (2.2), MaxSocks=32767, MaxUdp=65467
LogOnline: OSS: TryLoadSubsystemAndSetDefault: Loaded subsystem for module [NULL]
LogOculusPluginWrapper: OculusPlugin initialized successfully
LogHMD: Failed initializing OVRPlugin 1.59.0
LogInit: Build: ++UE4+Release-4.27-CL-18319896
LogInit: Engine Version: 4.27.2-18319896+++UE4+Release-4.27
LogInit: Compatible Engine Version: 4.27.0-17155196+++UE4+Release-4.27
LogInit: Net CL: 17155196
LogInit: OS: Windows 10 (Release 2009) (), CPU: 13th Gen Intel(R) Core(TM) i7-13650HX, GPU: Intel(R) UHD Graphics
LogInit: Compiled (64-bit): Nov 30 2021 07:12:08
LogInit: Compiled with Visual C++: 19.24.28315.00
LogInit: Build Configuration: Development
LogInit: Branch Name: ++UE4+Release-4.27
LogInit: Command Line:  /Game/ThirdPersonBP/Maps/ThirdPersonExampleMap -game -PIEVIACONSOLE -Multiprocess GameUserSettingsINI=D:/Git/GameDevProject/Content/LAB/LAB1/Saved/Config/Windows/PIEGameUserSettings0.ini -MultiprocessSaveConfig -forcepassthrough -messaging -SessionName="Play in Standalone Game" -windowed -WinX=640 -WinY=390 SAVEWINPOS=1 -ResX=1288 -ResY=752
LogInit: Base Directory: D:/Programs/UE_4.27/Engine/Binaries/Win64/
LogInit: Allocator: TBB
LogInit: Installed Engine Build: 1
LogDevObjectVersion: Number of dev versions registered: 29
LogDevObjectVersion:   Dev-Blueprints (B0D832E4-1F89-4F0D-ACCF-7EB736FD4AA2): 10
LogDevObjectVersion:   Dev-Build (E1C64328-A22C-4D53-A36C-8E866417BD8C): 0
LogDevObjectVersion:   Dev-Core (375EC13C-06E4-48FB-B500-84F0262A717E): 4
LogDevObjectVersion:   Dev-Editor (E4B068ED-F494-42E9-A231-DA0B2E46BB41): 40
LogDevObjectVersion:   Dev-Framework (CFFC743F-43B0-4480-9391-14DF171D2073): 37
LogDevObjectVersion:   Dev-Mobile (B02B49B5-BB20-44E9-A304-32B752E40360): 3
LogDevObjectVersion:   Dev-Networking (A4E4105C-59A1-49B5-A7C5-40C4547EDFEE): 0
LogDevObjectVersion:   Dev-Online (39C831C9-5AE6-47DC-9A44-9C173E1C8E7C): 0
LogDevObjectVersion:   Dev-Physics (78F01B33-EBEA-4F98-B9B4-84EACCB95AA2): 14
LogDevObjectVersion:   Dev-Platform (6631380F-2D4D-43E0-8009-CF276956A95A): 0
LogDevObjectVersion:   Dev-Rendering (12F88B9F-8875-4AFC-A67C-D90C383ABD29): 45
LogDevObjectVersion:   Dev-Sequencer (7B5AE74C-D270-4C10-A958-57980B212A5A): 13
LogDevObjectVersion:   Dev-VR (D7296918-1DD6-4BDD-9DE2-64A83CC13884): 3
LogDevObjectVersion:   Dev-LoadTimes (C2A15278-BFE7-4AFE-6C17-90FF531DF755): 1
LogDevObjectVersion:   Private-Geometry (6EACA3D4-40EC-4CC1-B786-8BED09428FC5): 3
LogDevObjectVersion:   Dev-AnimPhys (29E575DD-E0A3-4627-9D10-D276232CDCEA): 17
LogDevObjectVersion:   Dev-Anim (AF43A65D-7FD3-4947-9873-3E8ED9C1BB05): 15
LogDevObjectVersion:   Dev-ReflectionCapture (6B266CEC-1EC7-4B8F-A30B-E4D90942FC07): 1
LogDevObjectVersion:   Dev-Automation (0DF73D61-A23F-47EA-B727-89E90C41499A): 1
LogDevObjectVersion:   FortniteMain (601D1886-AC64-4F84-AA16-D3DE0DEAC7D6): 47
LogDevObjectVersion:   FortniteRelease (E7086368-6B23-4C58-8439-1B7016265E91): 1
LogDevObjectVersion:   Dev-Enterprise (9DFFBCD6-494F-0158-E221-12823C92A888): 10
LogDevObjectVersion:   Dev-Niagara (F2AED0AC-9AFE-416F-8664-AA7FFA26D6FC): 1
LogDevObjectVersion:   Dev-Destruction (174F1F0B-B4C6-45A5-B13F-2EE8D0FB917D): 10
LogDevObjectVersion:   Dev-Physics-Ext (35F94A83-E258-406C-A318-09F59610247C): 41
LogDevObjectVersion:   Dev-PhysicsMaterial-Chaos (B68FC16E-8B1B-42E2-B453-215C058844FE): 1
LogDevObjectVersion:   Dev-CineCamera (B2E18506-4273-CFC2-A54E-F4BB758BBA07): 1
LogDevObjectVersion:   Dev-VirtualProduction (64F58936-FD1B-42BA-BA96-7289D5D0FA4E): 1
LogDevObjectVersion:   Dev-MediaFramework (6F0ED827-A609-4895-9C91-998D90180EA4): 2
LogInit: Presizing for max 25165824 objects, including 0 objects not considered by GC, pre-allocating 0 bytes for permanent pool.
LogConfig: Applying CVar settings from Section [/Script/Engine.StreamingSettings] File [D:/Git/GameDevProject/Content/LAB/LAB1/Saved/Config/Windows/Engine.ini]
LogConfig: Setting CVar [[s.MinBulkDataSizeForAsyncLoading:131072]]
LogConfig: Setting CVar [[s.AsyncLoadingThreadEnabled:0]]
LogConfig: Setting CVar [[s.EventDrivenLoaderEnabled:1]]
LogConfig: Setting CVar [[s.WarnIfTimeLimitExceeded:0]]
LogConfig: Setting CVar [[s.TimeLimitExceededMultiplier:1.5]]
LogConfig: Setting CVar [[s.TimeLimitExceededMinTime:0.005]]
LogConfig: Setting CVar [[s.UseBackgroundLevelStreaming:1]]
LogConfig: Setting CVar [[s.PriorityAsyncLoadingExtraTime:15.0]]
LogConfig: Setting CVar [[s.LevelStreamingActorsUpdateTimeLimit:5.0]]
LogConfig: Setting CVar [[s.PriorityLevelStreamingActorsUpdateExtraTime:5.0]]
LogConfig: Setting CVar [[s.LevelStreamingComponentsRegistrationGranularity:10]]
LogConfig: Setting CVar [[s.UnregisterComponentsTimeLimit:1.0]]
LogConfig: Setting CVar [[s.LevelStreamingComponentsUnregistrationGranularity:5]]
LogConfig: Setting CVar [[s.FlushStreamingOnExit:1]]
LogInit: Object subsystem initialized
LogConfig: Setting CVar [[con.DebugEarlyDefault:1]]
LogConfig: Setting CVar [[r.setres:1280x720]]
[2024.12.07-15.19.40:052][  0]LogConfig: Setting CVar [[con.DebugEarlyDefault:1]]
[2024.12.07-15.19.40:052][  0]LogConfig: Setting CVar [[r.setres:1280x720]]
[2024.12.07-15.19.40:052][  0]LogConfig: Applying CVar settings from Section [/Script/Engine.RendererSettings] File [D:/Git/GameDevProject/Content/LAB/LAB1/Saved/Config/Windows/Engine.ini]
[2024.12.07-15.19.40:052][  0]LogConfig: Setting CVar [[r.GPUCrashDebugging:0]]
[2024.12.07-15.19.40:052][  0]LogConfig: Applying CVar settings from Section [/Script/Engine.RendererOverrideSettings] File [D:/Git/GameDevProject/Content/LAB/LAB1/Saved/Config/Windows/Engine.ini]
[2024.12.07-15.19.40:052][  0]LogConfig: Applying CVar settings from Section [/Script/Engine.StreamingSettings] File [D:/Git/GameDevProject/Content/LAB/LAB1/Saved/Config/Windows/Engine.ini]
[2024.12.07-15.19.40:052][  0]LogConfig: Setting CVar [[s.MinBulkDataSizeForAsyncLoading:131072]]
[2024.12.07-15.19.40:052][  0]LogConfig: Setting CVar [[s.AsyncLoadingThreadEnabled:0]]
[2024.12.07-15.19.40:052][  0]LogConfig: Setting CVar [[s.EventDrivenLoaderEnabled:1]]
[2024.12.07-15.19.40:052][  0]LogConfig: Setting CVar [[s.WarnIfTimeLimitExceeded:0]]
[2024.12.07-15.19.40:052][  0]LogConfig: Setting CVar [[s.TimeLimitExceededMultiplier:1.5]]
[2024.12.07-15.19.40:052][  0]LogConfig: Setting CVar [[s.TimeLimitExceededMinTime:0.005]]
[2024.12.07-15.19.40:052][  0]LogConfig: Setting CVar [[s.UseBackgroundLevelStreaming:1]]
[2024.12.07-15.19.40:052][  0]LogConfig: Setting CVar [[s.PriorityAsyncLoadingExtraTime:15.0]]
[2024.12.07-15.19.40:052][  0]LogConfig: Setting CVar [[s.LevelStreamingActorsUpdateTimeLimit:5.0]]
[2024.12.07-15.19.40:052][  0]LogConfig: Setting CVar [[s.PriorityLevelStreamingActorsUpdateExtraTime:5.0]]
[2024.12.07-15.19.40:052][  0]LogConfig: Setting CVar [[s.LevelStreamingComponentsRegistrationGranularity:10]]
[2024.12.07-15.19.40:052][  0]LogConfig: Setting CVar [[s.UnregisterComponentsTimeLimit:1.0]]
[2024.12.07-15.19.40:052][  0]LogConfig: Setting CVar [[s.LevelStreamingComponentsUnregistrationGranularity:5]]
[2024.12.07-15.19.40:052][  0]LogConfig: Setting CVar [[s.FlushStreamingOnExit:1]]
[2024.12.07-15.19.40:052][  0]LogConfig: Applying CVar settings from Section [/Script/Engine.GarbageCollectionSettings] File [D:/Git/GameDevProject/Content/LAB/LAB1/Saved/Config/Windows/Engine.ini]
[2024.12.07-15.19.40:052][  0]LogConfig: Setting CVar [[gc.MaxObjectsNotConsideredByGC:1]]
[2024.12.07-15.19.40:052][  0]LogConfig: Setting CVar [[gc.SizeOfPermanentObjectPool:0]]
[2024.12.07-15.19.40:052][  0]LogConfig: Setting CVar [[gc.FlushStreamingOnGC:0]]
[2024.12.07-15.19.40:052][  0]LogConfig: Setting CVar [[gc.NumRetriesBeforeForcingGC:10]]
[2024.12.07-15.19.40:052][  0]LogConfig: Setting CVar [[gc.AllowParallelGC:1]]
[2024.12.07-15.19.40:052][  0]LogConfig: Setting CVar [[gc.TimeBetweenPurgingPendingKillObjects:61.1]]
[2024.12.07-15.19.40:052][  0]LogConfig: Setting CVar [[gc.MaxObjectsInEditor:25165824]]
[2024.12.07-15.19.40:052][  0]LogConfig: Setting CVar [[gc.IncrementalBeginDestroyEnabled:1]]
[2024.12.07-15.19.40:052][  0]LogConfig: Setting CVar [[gc.CreateGCClusters:1]]
[2024.12.07-15.19.40:052][  0]LogConfig: Setting CVar [[gc.MinGCClusterSize:5]]
[2024.12.07-15.19.40:052][  0]LogConfig: Setting CVar [[gc.ActorClusteringEnabled:0]]
[2024.12.07-15.19.40:052][  0]LogConfig: Setting CVar [[gc.BlueprintClusteringEnabled:0]]
[2024.12.07-15.19.40:052][  0]LogConfig: Setting CVar [[gc.UseDisregardForGCOnDedicatedServers:0]]
[2024.12.07-15.19.40:052][  0]LogConfig: Setting CVar [[gc.MultithreadedDestructionEnabled:1]]
[2024.12.07-15.19.40:052][  0]LogConfig: Applying CVar settings from Section [/Script/Engine.NetworkSettings] File [D:/Git/GameDevProject/Content/LAB/LAB1/Saved/Config/Windows/Engine.ini]
[2024.12.07-15.19.40:052][  0]LogConfig: Applying CVar settings from Section [/Script/UnrealEd.CookerSettings] File [D:/Git/GameDevProject/Content/LAB/LAB1/Saved/Config/Windows/Engine.ini]
[2024.12.07-15.19.40:060][  0]LogConfig: Applying CVar settings from Section [ViewDistanceQuality@3] File [D:/Git/GameDevProject/Content/LAB/LAB1/Saved/Config/Windows/Scalability.ini]
[2024.12.07-15.19.40:060][  0]LogConfig: Setting CVar [[r.SkeletalMeshLODBias:0]]
[2024.12.07-15.19.40:060][  0]LogConfig: Setting CVar [[r.ViewDistanceScale:1.0]]
[2024.12.07-15.19.40:060][  0]LogConfig: Applying CVar settings from Section [AntiAliasingQuality@3] File [D:/Git/GameDevProject/Content/LAB/LAB1/Saved/Config/Windows/Scalability.ini]
[2024.12.07-15.19.40:060][  0]LogConfig: Setting CVar [[r.PostProcessAAQuality:4]]
[2024.12.07-15.19.40:060][  0]LogConfig: Applying CVar settings from Section [ShadowQuality@3] File [D:/Git/GameDevProject/Content/LAB/LAB1/Saved/Config/Windows/Scalability.ini]
[2024.12.07-15.19.40:060][  0]LogConfig: Setting CVar [[r.LightFunctionQuality:1]]
[2024.12.07-15.19.40:060][  0]LogConfig: Setting CVar [[r.ShadowQuality:5]]
[2024.12.07-15.19.40:060][  0]LogConfig: Setting CVar [[r.Shadow.CSM.MaxCascades:10]]
[2024.12.07-15.19.40:060][  0]LogConfig: Setting CVar [[r.Shadow.MaxResolution:2048]]
[2024.12.07-15.19.40:060][  0]LogConfig: Setting CVar [[r.Shadow.MaxCSMResolution:2048]]
[2024.12.07-15.19.40:060][  0]LogConfig: Setting CVar [[r.Shadow.RadiusThreshold:0.01]]
[2024.12.07-15.19.40:060][  0]LogConfig: Setting CVar [[r.Shadow.DistanceScale:1.0]]
[2024.12.07-15.19.40:060][  0]LogConfig: Setting CVar [[r.Shadow.CSM.TransitionScale:1.0]]
[2024.12.07-15.19.40:060][  0]LogConfig: Setting CVar [[r.Shadow.PreShadowResolutionFactor:1.0]]
[2024.12.07-15.19.40:060][  0]LogConfig: Setting CVar [[r.DistanceFieldShadowing:1]]
[2024.12.07-15.19.40:060][  0]LogConfig: Setting CVar [[r.DistanceFieldAO:1]]
[2024.12.07-15.19.40:060][  0]LogConfig: Setting CVar [[r.AOQuality:2]]
[2024.12.07-15.19.40:060][  0]LogConfig: Setting CVar [[r.VolumetricFog:1]]
[2024.12.07-15.19.40:060][  0]LogConfig: Setting CVar [[r.VolumetricFog.GridPixelSize:8]]
[2024.12.07-15.19.40:060][  0]LogConfig: Setting CVar [[r.VolumetricFog.GridSizeZ:128]]
[2024.12.07-15.19.40:060][  0]LogConfig: Setting CVar [[r.VolumetricFog.HistoryMissSupersampleCount:4]]
[2024.12.07-15.19.40:060][  0]LogConfig: Setting CVar [[r.LightMaxDrawDistanceScale:1]]
[2024.12.07-15.19.40:060][  0]LogConfig: Setting CVar [[r.CapsuleShadows:1]]
[2024.12.07-15.19.40:060][  0]LogConfig: Applying CVar settings from Section [PostProcessQuality@3] File [D:/Git/GameDevProject/Content/LAB/LAB1/Saved/Config/Windows/Scalability.ini]
[2024.12.07-15.19.40:060][  0]LogConfig: Setting CVar [[r.MotionBlurQuality:4]]
[2024.12.07-15.19.40:060][  0]LogConfig: Setting CVar [[r.AmbientOcclusionMipLevelFactor:0.4]]
[2024.12.07-15.19.40:060][  0]LogConfig: Setting CVar [[r.AmbientOcclusionMaxQuality:100]]
[2024.12.07-15.19.40:060][  0]LogConfig: Setting CVar [[r.AmbientOcclusionLevels:-1]]
[2024.12.07-15.19.40:060][  0]LogConfig: Setting CVar [[r.AmbientOcclusionRadiusScale:1.0]]
[2024.12.07-15.19.40:060][  0]LogConfig: Setting CVar [[r.DepthOfFieldQuality:2]]
[2024.12.07-15.19.40:060][  0]LogConfig: Setting CVar [[r.RenderTargetPoolMin:400]]
[2024.12.07-15.19.40:061][  0]LogConfig: Setting CVar [[r.LensFlareQuality:2]]
[2024.12.07-15.19.40:061][  0]LogConfig: Setting CVar [[r.SceneColorFringeQuality:1]]
[2024.12.07-15.19.40:061][  0]LogConfig: Setting CVar [[r.EyeAdaptationQuality:2]]
[2024.12.07-15.19.40:061][  0]LogConfig: Setting CVar [[r.BloomQuality:5]]
[2024.12.07-15.19.40:061][  0]LogConfig: Setting CVar [[r.FastBlurThreshold:100]]
[2024.12.07-15.19.40:061][  0]LogConfig: Setting CVar [[r.Upscale.Quality:3]]
[2024.12.07-15.19.40:061][  0]LogConfig: Setting CVar [[r.Tonemapper.GrainQuantization:1]]
[2024.12.07-15.19.40:061][  0]LogConfig: Setting CVar [[r.LightShaftQuality:1]]
[2024.12.07-15.19.40:061][  0]LogConfig: Setting CVar [[r.Filter.SizeScale:1]]
[2024.12.07-15.19.40:061][  0]LogConfig: Setting CVar [[r.Tonemapper.Quality:5]]
[2024.12.07-15.19.40:061][  0]LogConfig: Setting CVar [[r.DOF.Gather.AccumulatorQuality:1        ; higher gathering accumulator quality]]
[2024.12.07-15.19.40:061][  0]LogConfig: Setting CVar [[r.DOF.Gather.PostfilterMethod:1          ; Median3x3 postfilering method]]
[2024.12.07-15.19.40:061][  0]LogConfig: Setting CVar [[r.DOF.Gather.EnableBokehSettings:0       ; no bokeh simulation when gathering]]
[2024.12.07-15.19.40:061][  0]LogConfig: Setting CVar [[r.DOF.Gather.RingCount:4                 ; medium number of samples when gathering]]
[2024.12.07-15.19.40:061][  0]LogConfig: Setting CVar [[r.DOF.Scatter.ForegroundCompositing:1    ; additive foreground scattering]]
[2024.12.07-15.19.40:061][  0]LogConfig: Setting CVar [[r.DOF.Scatter.BackgroundCompositing:2    ; additive background scattering]]
[2024.12.07-15.19.40:061][  0]LogConfig: Setting CVar [[r.DOF.Scatter.EnableBokehSettings:1      ; bokeh simulation when scattering]]
[2024.12.07-15.19.40:061][  0]LogConfig: Setting CVar [[r.DOF.Scatter.MaxSpriteRatio:0.1         ; only a maximum of 10% of scattered bokeh]]
[2024.12.07-15.19.40:061][  0]LogConfig: Setting CVar [[r.DOF.Recombine.Quality:1                ; cheap slight out of focus]]
[2024.12.07-15.19.40:061][  0]LogConfig: Setting CVar [[r.DOF.Recombine.EnableBokehSettings:0    ; no bokeh simulation on slight out of focus]]
[2024.12.07-15.19.40:061][  0]LogConfig: Setting CVar [[r.DOF.TemporalAAQuality:1                ; more stable temporal accumulation]]
[2024.12.07-15.19.40:061][  0]LogConfig: Setting CVar [[r.DOF.Kernel.MaxForegroundRadius:0.025]]
[2024.12.07-15.19.40:061][  0]LogConfig: Setting CVar [[r.DOF.Kernel.MaxBackgroundRadius:0.025]]
[2024.12.07-15.19.40:061][  0]LogConfig: Applying CVar settings from Section [TextureQuality@3] File [D:/Git/GameDevProject/Content/LAB/LAB1/Saved/Config/Windows/Scalability.ini]
[2024.12.07-15.19.40:061][  0]LogConfig: Setting CVar [[r.Streaming.MipBias:0]]
[2024.12.07-15.19.40:061][  0]LogConfig: Setting CVar [[r.Streaming.AmortizeCPUToGPUCopy:0]]
[2024.12.07-15.19.40:061][  0]LogConfig: Setting CVar [[r.Streaming.MaxNumTexturesToStreamPerFrame:0]]
[2024.12.07-15.19.40:061][  0]LogConfig: Setting CVar [[r.Streaming.Boost:1]]
[2024.12.07-15.19.40:061][  0]LogConfig: Setting CVar [[r.MaxAnisotropy:8]]
[2024.12.07-15.19.40:061][  0]LogConfig: Setting CVar [[r.VT.MaxAnisotropy:8]]
[2024.12.07-15.19.40:061][  0]LogConfig: Setting CVar [[r.Streaming.LimitPoolSizeToVRAM:0]]
[2024.12.07-15.19.40:061][  0]LogConfig: Setting CVar [[r.Streaming.PoolSize:1000]]
[2024.12.07-15.19.40:061][  0]LogConfig: Setting CVar [[r.Streaming.MaxEffectiveScreenSize:0]]
[2024.12.07-15.19.40:061][  0]LogConfig: Applying CVar settings from Section [EffectsQuality@3] File [D:/Git/GameDevProject/Content/LAB/LAB1/Saved/Config/Windows/Scalability.ini]
[2024.12.07-15.19.40:061][  0]LogConfig: Setting CVar [[r.TranslucencyLightingVolumeDim:64]]
[2024.12.07-15.19.40:061][  0]LogConfig: Setting CVar [[r.RefractionQuality:2]]
[2024.12.07-15.19.40:061][  0]LogConfig: Setting CVar [[r.SSR.Quality:3]]
[2024.12.07-15.19.40:061][  0]LogConfig: Setting CVar [[r.SSR.HalfResSceneColor:0]]
[2024.12.07-15.19.40:061][  0]LogConfig: Setting CVar [[r.SceneColorFormat:4]]
[2024.12.07-15.19.40:061][  0]LogConfig: Setting CVar [[r.DetailMode:2]]
[2024.12.07-15.19.40:061][  0]LogConfig: Setting CVar [[r.TranslucencyVolumeBlur:1]]
[2024.12.07-15.19.40:061][  0]LogConfig: Setting CVar [[r.MaterialQualityLevel:1 ; High quality]]
[2024.12.07-15.19.40:061][  0]LogConfig: Setting CVar [[r.AnisotropicMaterials:1]]
[2024.12.07-15.19.40:061][  0]LogConfig: Setting CVar [[r.SSS.Scale:1]]
[2024.12.07-15.19.40:061][  0]LogConfig: Setting CVar [[r.SSS.SampleSet:2]]
[2024.12.07-15.19.40:061][  0]LogConfig: Setting CVar [[r.SSS.Quality:1]]
[2024.12.07-15.19.40:061][  0]LogConfig: Setting CVar [[r.SSS.HalfRes:0]]
[2024.12.07-15.19.40:061][  0]LogConfig: Setting CVar [[r.SSGI.Quality:3]]
[2024.12.07-15.19.40:061][  0]LogConfig: Setting CVar [[r.EmitterSpawnRateScale:1.0]]
[2024.12.07-15.19.40:061][  0]LogConfig: Setting CVar [[r.ParticleLightQuality:2]]
[2024.12.07-15.19.40:061][  0]LogConfig: Setting CVar [[r.SkyAtmosphere.AerialPerspectiveLUT.FastApplyOnOpaque:1 ; Always have FastSkyLUT 1 in this case to avoid wrong sky]]
[2024.12.07-15.19.40:061][  0]LogConfig: Setting CVar [[r.SkyAtmosphere.AerialPerspectiveLUT.SampleCountMaxPerSlice:4]]
[2024.12.07-15.19.40:061][  0]LogConfig: Setting CVar [[r.SkyAtmosphere.AerialPerspectiveLUT.DepthResolution:16.0]]
[2024.12.07-15.19.40:061][  0]LogConfig: Setting CVar [[r.SkyAtmosphere.FastSkyLUT:1]]
[2024.12.07-15.19.40:061][  0]LogConfig: Setting CVar [[r.SkyAtmosphere.FastSkyLUT.SampleCountMin:4.0]]
[2024.12.07-15.19.40:061][  0]LogConfig: Setting CVar [[r.SkyAtmosphere.FastSkyLUT.SampleCountMax:128.0]]
[2024.12.07-15.19.40:061][  0]LogConfig: Setting CVar [[r.SkyAtmosphere.SampleCountMin:4.0]]
[2024.12.07-15.19.40:061][  0]LogConfig: Setting CVar [[r.SkyAtmosphere.SampleCountMax:128.0]]
[2024.12.07-15.19.40:061][  0]LogConfig: Setting CVar [[r.SkyAtmosphere.TransmittanceLUT.UseSmallFormat:0]]
[2024.12.07-15.19.40:061][  0]LogConfig: Setting CVar [[r.SkyAtmosphere.TransmittanceLUT.SampleCount:10.0]]
[2024.12.07-15.19.40:061][  0]LogConfig: Setting CVar [[r.SkyAtmosphere.MultiScatteringLUT.SampleCount:15.0]]
[2024.12.07-15.19.40:061][  0]LogConfig: Setting CVar [[r.SkyLight.RealTimeReflectionCapture:1]]
[2024.12.07-15.19.40:061][  0]LogConfig: Applying CVar settings from Section [FoliageQuality@3] File [D:/Git/GameDevProject/Content/LAB/LAB1/Saved/Config/Windows/Scalability.ini]
[2024.12.07-15.19.40:061][  0]LogConfig: Setting CVar [[foliage.DensityScale:1.0]]
[2024.12.07-15.19.40:061][  0]LogConfig: Setting CVar [[grass.DensityScale:1.0]]
[2024.12.07-15.19.40:061][  0]LogConfig: Applying CVar settings from Section [ShadingQuality@3] File [D:/Git/GameDevProject/Content/LAB/LAB1/Saved/Config/Windows/Scalability.ini]
[2024.12.07-15.19.40:061][  0]LogConfig: Setting CVar [[r.HairStrands.SkyLighting.IntegrationType:2]]
[2024.12.07-15.19.40:061][  0]LogConfig: Setting CVar [[r.HairStrands.SkyAO.SampleCount:4]]
[2024.12.07-15.19.40:061][  0]LogConfig: Setting CVar [[r.HairStrands.Visibility.MSAA.SamplePerPixel:4]]
[2024.12.07-15.19.40:061][  0]LogInit: Selected Device Profile: [Windows]
[2024.12.07-15.19.40:061][  0]LogInit: Applying CVar settings loaded from the selected device profile: [Windows]
[2024.12.07-15.19.40:061][  0]LogHAL: Display: Platform has ~ 24 GB [25463480320 / 34359738368 / 24], which maps to Larger [LargestMinGB=32, LargerMinGB=12, DefaultMinGB=8, SmallerMinGB=6, SmallestMinGB=0)
[2024.12.07-15.19.40:061][  0]LogInit: Going up to parent DeviceProfile []
[2024.12.07-15.19.40:061][  0]LogConfig: Applying CVar settings from Section [ViewDistanceQuality@3] File [D:/Git/GameDevProject/Content/LAB/LAB1/Saved/Config/Windows/Scalability.ini]
[2024.12.07-15.19.40:061][  0]LogConfig: Setting CVar [[r.SkeletalMeshLODBias:0]]
[2024.12.07-15.19.40:061][  0]LogConfig: Setting CVar [[r.ViewDistanceScale:1.0]]
[2024.12.07-15.19.40:061][  0]LogConfig: Applying CVar settings from Section [AntiAliasingQuality@3] File [D:/Git/GameDevProject/Content/LAB/LAB1/Saved/Config/Windows/Scalability.ini]
[2024.12.07-15.19.40:061][  0]LogConfig: Setting CVar [[r.PostProcessAAQuality:4]]
[2024.12.07-15.19.40:061][  0]LogConfig: Applying CVar settings from Section [ShadowQuality@3] File [D:/Git/GameDevProject/Content/LAB/LAB1/Saved/Config/Windows/Scalability.ini]
[2024.12.07-15.19.40:061][  0]LogConfig: Setting CVar [[r.LightFunctionQuality:1]]
[2024.12.07-15.19.40:061][  0]LogConfig: Setting CVar [[r.ShadowQuality:5]]
[2024.12.07-15.19.40:061][  0]LogConfig: Setting CVar [[r.Shadow.CSM.MaxCascades:10]]
[2024.12.07-15.19.40:061][  0]LogConfig: Setting CVar [[r.Shadow.MaxResolution:2048]]
[2024.12.07-15.19.40:061][  0]LogConfig: Setting CVar [[r.Shadow.MaxCSMResolution:2048]]
[2024.12.07-15.19.40:061][  0]LogConfig: Setting CVar [[r.Shadow.RadiusThreshold:0.01]]
[2024.12.07-15.19.40:061][  0]LogConfig: Setting CVar [[r.Shadow.DistanceScale:1.0]]
[2024.12.07-15.19.40:061][  0]LogConfig: Setting CVar [[r.Shadow.CSM.TransitionScale:1.0]]
[2024.12.07-15.19.40:061][  0]LogConfig: Setting CVar [[r.Shadow.PreShadowResolutionFactor:1.0]]
[2024.12.07-15.19.40:061][  0]LogConfig: Setting CVar [[r.DistanceFieldShadowing:1]]
[2024.12.07-15.19.40:061][  0]LogConfig: Setting CVar [[r.DistanceFieldAO:1]]
[2024.12.07-15.19.40:061][  0]LogConfig: Setting CVar [[r.AOQuality:2]]
[2024.12.07-15.19.40:061][  0]LogConfig: Setting CVar [[r.VolumetricFog:1]]
[2024.12.07-15.19.40:061][  0]LogConfig: Setting CVar [[r.VolumetricFog.GridPixelSize:8]]
[2024.12.07-15.19.40:061][  0]LogConfig: Setting CVar [[r.VolumetricFog.GridSizeZ:128]]
[2024.12.07-15.19.40:061][  0]LogConfig: Setting CVar [[r.VolumetricFog.HistoryMissSupersampleCount:4]]
[2024.12.07-15.19.40:061][  0]LogConfig: Setting CVar [[r.LightMaxDrawDistanceScale:1]]
[2024.12.07-15.19.40:061][  0]LogConfig: Setting CVar [[r.CapsuleShadows:1]]
[2024.12.07-15.19.40:061][  0]LogConfig: Applying CVar settings from Section [PostProcessQuality@3] File [D:/Git/GameDevProject/Content/LAB/LAB1/Saved/Config/Windows/Scalability.ini]
[2024.12.07-15.19.40:061][  0]LogConfig: Setting CVar [[r.MotionBlurQuality:4]]
[2024.12.07-15.19.40:061][  0]LogConfig: Setting CVar [[r.AmbientOcclusionMipLevelFactor:0.4]]
[2024.12.07-15.19.40:061][  0]LogConfig: Setting CVar [[r.AmbientOcclusionMaxQuality:100]]
[2024.12.07-15.19.40:061][  0]LogConfig: Setting CVar [[r.AmbientOcclusionLevels:-1]]
[2024.12.07-15.19.40:061][  0]LogConfig: Setting CVar [[r.AmbientOcclusionRadiusScale:1.0]]
[2024.12.07-15.19.40:061][  0]LogConfig: Setting CVar [[r.DepthOfFieldQuality:2]]
[2024.12.07-15.19.40:061][  0]LogConfig: Setting CVar [[r.RenderTargetPoolMin:400]]
[2024.12.07-15.19.40:061][  0]LogConfig: Setting CVar [[r.LensFlareQuality:2]]
[2024.12.07-15.19.40:061][  0]LogConfig: Setting CVar [[r.SceneColorFringeQuality:1]]
[2024.12.07-15.19.40:061][  0]LogConfig: Setting CVar [[r.EyeAdaptationQuality:2]]
[2024.12.07-15.19.40:061][  0]LogConfig: Setting CVar [[r.BloomQuality:5]]
[2024.12.07-15.19.40:061][  0]LogConfig: Setting CVar [[r.FastBlurThreshold:100]]
[2024.12.07-15.19.40:061][  0]LogConfig: Setting CVar [[r.Upscale.Quality:3]]
[2024.12.07-15.19.40:061][  0]LogConfig: Setting CVar [[r.Tonemapper.GrainQuantization:1]]
[2024.12.07-15.19.40:061][  0]LogConfig: Setting CVar [[r.LightShaftQuality:1]]
[2024.12.07-15.19.40:061][  0]LogConfig: Setting CVar [[r.Filter.SizeScale:1]]
[2024.12.07-15.19.40:061][  0]LogConfig: Setting CVar [[r.Tonemapper.Quality:5]]
[2024.12.07-15.19.40:061][  0]LogConfig: Setting CVar [[r.DOF.Gather.AccumulatorQuality:1        ; higher gathering accumulator quality]]
[2024.12.07-15.19.40:061][  0]LogConfig: Setting CVar [[r.DOF.Gather.PostfilterMethod:1          ; Median3x3 postfilering method]]
[2024.12.07-15.19.40:061][  0]LogConfig: Setting CVar [[r.DOF.Gather.EnableBokehSettings:0       ; no bokeh simulation when gathering]]
[2024.12.07-15.19.40:061][  0]LogConfig: Setting CVar [[r.DOF.Gather.RingCount:4                 ; medium number of samples when gathering]]
[2024.12.07-15.19.40:061][  0]LogConfig: Setting CVar [[r.DOF.Scatter.ForegroundCompositing:1    ; additive foreground scattering]]
[2024.12.07-15.19.40:061][  0]LogConfig: Setting CVar [[r.DOF.Scatter.BackgroundCompositing:2    ; additive background scattering]]
[2024.12.07-15.19.40:061][  0]LogConfig: Setting CVar [[r.DOF.Scatter.EnableBokehSettings:1      ; bokeh simulation when scattering]]
[2024.12.07-15.19.40:061][  0]LogConfig: Setting CVar [[r.DOF.Scatter.MaxSpriteRatio:0.1         ; only a maximum of 10% of scattered bokeh]]
[2024.12.07-15.19.40:061][  0]LogConfig: Setting CVar [[r.DOF.Recombine.Quality:1                ; cheap slight out of focus]]
[2024.12.07-15.19.40:061][  0]LogConfig: Setting CVar [[r.DOF.Recombine.EnableBokehSettings:0    ; no bokeh simulation on slight out of focus]]
[2024.12.07-15.19.40:061][  0]LogConfig: Setting CVar [[r.DOF.TemporalAAQuality:1                ; more stable temporal accumulation]]
[2024.12.07-15.19.40:061][  0]LogConfig: Setting CVar [[r.DOF.Kernel.MaxForegroundRadius:0.025]]
[2024.12.07-15.19.40:061][  0]LogConfig: Setting CVar [[r.DOF.Kernel.MaxBackgroundRadius:0.025]]
[2024.12.07-15.19.40:061][  0]LogConfig: Applying CVar settings from Section [TextureQuality@3] File [D:/Git/GameDevProject/Content/LAB/LAB1/Saved/Config/Windows/Scalability.ini]
[2024.12.07-15.19.40:061][  0]LogConfig: Setting CVar [[r.Streaming.MipBias:0]]
[2024.12.07-15.19.40:061][  0]LogConfig: Setting CVar [[r.Streaming.AmortizeCPUToGPUCopy:0]]
[2024.12.07-15.19.40:061][  0]LogConfig: Setting CVar [[r.Streaming.MaxNumTexturesToStreamPerFrame:0]]
[2024.12.07-15.19.40:061][  0]LogConfig: Setting CVar [[r.Streaming.Boost:1]]
[2024.12.07-15.19.40:061][  0]LogConfig: Setting CVar [[r.MaxAnisotropy:8]]
[2024.12.07-15.19.40:061][  0]LogConfig: Setting CVar [[r.VT.MaxAnisotropy:8]]
[2024.12.07-15.19.40:061][  0]LogConfig: Setting CVar [[r.Streaming.LimitPoolSizeToVRAM:0]]
[2024.12.07-15.19.40:061][  0]LogConfig: Setting CVar [[r.Streaming.PoolSize:1000]]
[2024.12.07-15.19.40:061][  0]LogConfig: Setting CVar [[r.Streaming.MaxEffectiveScreenSize:0]]
[2024.12.07-15.19.40:061][  0]LogConfig: Applying CVar settings from Section [EffectsQuality@3] File [D:/Git/GameDevProject/Content/LAB/LAB1/Saved/Config/Windows/Scalability.ini]
[2024.12.07-15.19.40:061][  0]LogConfig: Setting CVar [[r.TranslucencyLightingVolumeDim:64]]
[2024.12.07-15.19.40:061][  0]LogConfig: Setting CVar [[r.RefractionQuality:2]]
[2024.12.07-15.19.40:061][  0]LogConfig: Setting CVar [[r.SSR.Quality:3]]
[2024.12.07-15.19.40:061][  0]LogConfig: Setting CVar [[r.SSR.HalfResSceneColor:0]]
[2024.12.07-15.19.40:061][  0]LogConfig: Setting CVar [[r.SceneColorFormat:4]]
[2024.12.07-15.19.40:061][  0]LogConfig: Setting CVar [[r.DetailMode:2]]
[2024.12.07-15.19.40:062][  0]LogConfig: Setting CVar [[r.TranslucencyVolumeBlur:1]]
[2024.12.07-15.19.40:062][  0]LogConfig: Setting CVar [[r.MaterialQualityLevel:1 ; High quality]]
[2024.12.07-15.19.40:062][  0]LogConfig: Setting CVar [[r.AnisotropicMaterials:1]]
[2024.12.07-15.19.40:062][  0]LogConfig: Setting CVar [[r.SSS.Scale:1]]
[2024.12.07-15.19.40:062][  0]LogConfig: Setting CVar [[r.SSS.SampleSet:2]]
[2024.12.07-15.19.40:062][  0]LogConfig: Setting CVar [[r.SSS.Quality:1]]
[2024.12.07-15.19.40:062][  0]LogConfig: Setting CVar [[r.SSS.HalfRes:0]]
[2024.12.07-15.19.40:062][  0]LogConfig: Setting CVar [[r.SSGI.Quality:3]]
[2024.12.07-15.19.40:062][  0]LogConfig: Setting CVar [[r.EmitterSpawnRateScale:1.0]]
[2024.12.07-15.19.40:062][  0]LogConfig: Setting CVar [[r.ParticleLightQuality:2]]
[2024.12.07-15.19.40:062][  0]LogConfig: Setting CVar [[r.SkyAtmosphere.AerialPerspectiveLUT.FastApplyOnOpaque:1 ; Always have FastSkyLUT 1 in this case to avoid wrong sky]]
[2024.12.07-15.19.40:062][  0]LogConfig: Setting CVar [[r.SkyAtmosphere.AerialPerspectiveLUT.SampleCountMaxPerSlice:4]]
[2024.12.07-15.19.40:062][  0]LogConfig: Setting CVar [[r.SkyAtmosphere.AerialPerspectiveLUT.DepthResolution:16.0]]
[2024.12.07-15.19.40:062][  0]LogConfig: Setting CVar [[r.SkyAtmosphere.FastSkyLUT:1]]
[2024.12.07-15.19.40:062][  0]LogConfig: Setting CVar [[r.SkyAtmosphere.FastSkyLUT.SampleCountMin:4.0]]
[2024.12.07-15.19.40:062][  0]LogConfig: Setting CVar [[r.SkyAtmosphere.FastSkyLUT.SampleCountMax:128.0]]
[2024.12.07-15.19.40:062][  0]LogConfig: Setting CVar [[r.SkyAtmosphere.SampleCountMin:4.0]]
[2024.12.07-15.19.40:062][  0]LogConfig: Setting CVar [[r.SkyAtmosphere.SampleCountMax:128.0]]
[2024.12.07-15.19.40:062][  0]LogConfig: Setting CVar [[r.SkyAtmosphere.TransmittanceLUT.UseSmallFormat:0]]
[2024.12.07-15.19.40:062][  0]LogConfig: Setting CVar [[r.SkyAtmosphere.TransmittanceLUT.SampleCount:10.0]]
[2024.12.07-15.19.40:062][  0]LogConfig: Setting CVar [[r.SkyAtmosphere.MultiScatteringLUT.SampleCount:15.0]]
[2024.12.07-15.19.40:062][  0]LogConfig: Setting CVar [[r.SkyLight.RealTimeReflectionCapture:1]]
[2024.12.07-15.19.40:062][  0]LogConfig: Applying CVar settings from Section [FoliageQuality@3] File [D:/Git/GameDevProject/Content/LAB/LAB1/Saved/Config/Windows/Scalability.ini]
[2024.12.07-15.19.40:062][  0]LogConfig: Setting CVar [[foliage.DensityScale:1.0]]
[2024.12.07-15.19.40:062][  0]LogConfig: Setting CVar [[grass.DensityScale:1.0]]
[2024.12.07-15.19.40:062][  0]LogConfig: Applying CVar settings from Section [ShadingQuality@3] File [D:/Git/GameDevProject/Content/LAB/LAB1/Saved/Config/Windows/Scalability.ini]
[2024.12.07-15.19.40:062][  0]LogConfig: Setting CVar [[r.HairStrands.SkyLighting.IntegrationType:2]]
[2024.12.07-15.19.40:062][  0]LogConfig: Setting CVar [[r.HairStrands.SkyAO.SampleCount:4]]
[2024.12.07-15.19.40:062][  0]LogConfig: Setting CVar [[r.HairStrands.Visibility.MSAA.SamplePerPixel:4]]
[2024.12.07-15.19.40:062][  0]LogConfig: Applying CVar settings from Section [Startup] File [../../../Engine/Config/ConsoleVariables.ini]
[2024.12.07-15.19.40:062][  0]LogConfig: Setting CVar [[net.UseAdaptiveNetUpdateFrequency:0]]
[2024.12.07-15.19.40:062][  0]LogConfig: Setting CVar [[p.chaos.AllowCreatePhysxBodies:1]]
[2024.12.07-15.19.40:062][  0]LogConfig: Setting CVar [[fx.SkipVectorVMBackendOptimizations:1]]
[2024.12.07-15.19.40:062][  0]LogConfig: Applying CVar settings from Section [ConsoleVariables] File [D:/Git/GameDevProject/Content/LAB/LAB1/Saved/Config/Windows/Engine.ini]
[2024.12.07-15.19.40:062][  0]LogConfig: Applying CVar settings from Section [ConsoleVariables] File [D:/Git/GameDevProject/Content/LAB/LAB1/Saved/Config/Windows/Editor.ini]
[2024.12.07-15.19.40:062][  0]LogInit: Computer: DESKTOP-OQ7SUMD
[2024.12.07-15.19.40:062][  0]LogInit: User: SerTitan
[2024.12.07-15.19.40:062][  0]LogInit: CPU Page size=4096, Cores=14
[2024.12.07-15.19.40:062][  0]LogInit: High frequency timer resolution =10.000000 MHz
[2024.12.07-15.19.40:063][  0]LogMemory: Memory total: Physical=23.7GB (24GB approx)
[2024.12.07-15.19.40:063][  0]LogMemory: Platform Memory Stats for Windows
[2024.12.07-15.19.40:063][  0]LogMemory: Process Physical Memory: 149.60 MB used, 149.60 MB peak
[2024.12.07-15.19.40:063][  0]LogMemory: Process Virtual Memory: 132.77 MB used, 132.77 MB peak
[2024.12.07-15.19.40:063][  0]LogMemory: Physical Memory: 12003.64 MB used,  12280.22 MB free, 24283.87 MB total
[2024.12.07-15.19.40:063][  0]LogMemory: Virtual Memory: 134200248.00 MB used,  17477.81 MB free, 134217728.00 MB total
[2024.12.07-15.19.40:066][  0]LogWindows: WindowsPlatformFeatures enabled
[2024.12.07-15.19.40:099][  0]LogInit: Physics initialised using underlying interface: PhysX
[2024.12.07-15.19.40:099][  0]LogInit: Using OS detected language (ru-RU).
[2024.12.07-15.19.40:100][  0]LogInit: Using OS detected locale (ru-RU).
[2024.12.07-15.19.40:101][  0]LogTextLocalizationManager: No specific localization for 'ru-RU' exists, so the 'ru' localization will be used.
[2024.12.07-15.19.40:101][  0]LogTextLocalizationResource: LocRes '../../../Engine/Content/Localization/Editor/ru/Editor.locres' could not be opened for reading!
[2024.12.07-15.19.40:101][  0]LogTextLocalizationResource: LocRes '../../../Engine/Content/Localization/EditorTutorials/ru/EditorTutorials.locres' could not be opened for reading!
[2024.12.07-15.19.40:101][  0]LogTextLocalizationResource: LocRes '../../../Engine/Content/Localization/Keywords/ru/Keywords.locres' could not be opened for reading!
[2024.12.07-15.19.40:101][  0]LogTextLocalizationResource: LocRes '../../../Engine/Content/Localization/Category/ru/Category.locres' could not be opened for reading!
[2024.12.07-15.19.40:101][  0]LogTextLocalizationResource: LocRes '../../../Engine/Content/Localization/ToolTips/ru/ToolTips.locres' could not be opened for reading!
[2024.12.07-15.19.40:102][  0]LogTextLocalizationResource: LocRes '../../../Engine/Content/Localization/PropertyNames/ru/PropertyNames.locres' could not be opened for reading!
[2024.12.07-15.19.40:102][  0]LogTextLocalizationResource: LocRes '../../../Engine/Content/Localization/Engine/ru/Engine.locres' could not be opened for reading!
[2024.12.07-15.19.40:111][  0]LogWindowsTextInputMethodSystem: Display: IME system deactivated.
[2024.12.07-15.19.40:130][  0]LogSlate: New Slate User Created.  User Index 0, Is Virtual User: 0
[2024.12.07-15.19.40:130][  0]LogSlate: Slate User Registered.  User Index 0, Is Virtual User: 0
[2024.12.07-15.19.40:140][  0]LogD3D11RHI: Loaded GFSDK_Aftermath_Lib.x64.dll
[2024.12.07-15.19.40:169][  0]LogHMD: Failed to initialize OpenVR with code 110
[2024.12.07-15.19.40:169][  0]LogD3D11RHI: D3D11 min allowed feature level: 11_0
[2024.12.07-15.19.40:169][  0]LogD3D11RHI: D3D11 max allowed feature level: 11_0
[2024.12.07-15.19.40:169][  0]LogD3D11RHI: D3D11 adapters:
[2024.12.07-15.19.40:278][  0]LogD3D11RHI:    0. 'NVIDIA GeForce RTX 4060 Laptop GPU' (Feature Level 11_0)
[2024.12.07-15.19.40:278][  0]LogD3D11RHI:       7957/0/12141 MB DedicatedVideo/DedicatedSystem/SharedSystem, Outputs:1, VendorId:0x10de
[2024.12.07-15.19.40:306][  0]LogD3D11RHI:    1. 'Intel(R) UHD Graphics' (Feature Level 11_0)
[2024.12.07-15.19.40:306][  0]LogD3D11RHI:       128/0/12141 MB DedicatedVideo/DedicatedSystem/SharedSystem, Outputs:0, VendorId:0x8086
[2024.12.07-15.19.40:308][  0]LogD3D11RHI:    2. 'Microsoft Basic Render Driver' (Feature Level 11_0)
[2024.12.07-15.19.40:308][  0]LogD3D11RHI:       0/0/12141 MB DedicatedVideo/DedicatedSystem/SharedSystem, Outputs:0, VendorId:0x1414
[2024.12.07-15.19.40:308][  0]LogD3D11RHI: Chosen D3D11 Adapter:
[2024.12.07-15.19.40:308][  0]LogD3D11RHI:     Description : NVIDIA GeForce RTX 4060 Laptop GPU
[2024.12.07-15.19.40:308][  0]LogD3D11RHI:     VendorId    : 10de
[2024.12.07-15.19.40:308][  0]LogD3D11RHI:     DeviceId    : 28e0
[2024.12.07-15.19.40:308][  0]LogD3D11RHI:     SubSysId    : 3d0617aa
[2024.12.07-15.19.40:308][  0]LogD3D11RHI:     Revision    : 00a1
[2024.12.07-15.19.40:308][  0]LogD3D11RHI:     DedicatedVideoMemory : 8343519232 bytes
[2024.12.07-15.19.40:308][  0]LogD3D11RHI:     DedicatedSystemMemory : 0 bytes
[2024.12.07-15.19.40:308][  0]LogD3D11RHI:     SharedSystemMemory : 12731740160 bytes
[2024.12.07-15.19.40:308][  0]LogD3D11RHI:     AdapterLuid : 0 67433
[2024.12.07-15.19.40:315][  0]LogD3D11RHI: Creating new Direct3DDevice
[2024.12.07-15.19.40:316][  0]LogD3D11RHI:     GPU DeviceId: 0x28e0 (for the marketing name, search the web for "GPU Device Id")
[2024.12.07-15.19.40:316][  0]LogWindows: EnumDisplayDevices:
[2024.12.07-15.19.40:316][  0]LogWindows:    0. 'Intel(R) UHD Graphics' (P:1 D:1)
[2024.12.07-15.19.40:316][  0]LogWindows:    1. 'Intel(R) UHD Graphics' (P:0 D:0)
[2024.12.07-15.19.40:316][  0]LogWindows:    2. 'Intel(R) UHD Graphics' (P:0 D:0)
[2024.12.07-15.19.40:316][  0]LogWindows:    3. 'Intel(R) UHD Graphics' (P:0 D:0)
[2024.12.07-15.19.40:316][  0]LogWindows:    4. 'NVIDIA GeForce RTX 4060 Laptop GPU' (P:0 D:0)
[2024.12.07-15.19.40:316][  0]LogWindows:    5. 'NVIDIA GeForce RTX 4060 Laptop GPU' (P:0 D:0)
[2024.12.07-15.19.40:316][  0]LogWindows:    6. 'NVIDIA GeForce RTX 4060 Laptop GPU' (P:0 D:0)
[2024.12.07-15.19.40:317][  0]LogWindows:    7. 'NVIDIA GeForce RTX 4060 Laptop GPU' (P:0 D:0)
[2024.12.07-15.19.40:317][  0]LogWindows: DebugString: PrimaryIsNotTheChoosenAdapter PrimaryIsNotTheChoosenAdapter PrimaryIsNotTheChoosenAdapter PrimaryIsNotTheChoosenAdapter FoundDriverCount:4 
[2024.12.07-15.19.40:317][  0]LogD3D11RHI:     Adapter Name: NVIDIA GeForce RTX 4060 Laptop GPU
[2024.12.07-15.19.40:317][  0]LogD3D11RHI:   Driver Version: 566.14 (internal:32.0.15.6614, unified:566.14)
[2024.12.07-15.19.40:317][  0]LogD3D11RHI:      Driver Date: 11-6-2024
[2024.12.07-15.19.40:317][  0]LogRHI: Texture pool is 5569 MB (70% of 7957 MB)
[2024.12.07-15.19.40:317][  0]LogD3D11RHI: Creating D3DDevice using adapter:
[2024.12.07-15.19.40:317][  0]LogD3D11RHI:     Description : NVIDIA GeForce RTX 4060 Laptop GPU
[2024.12.07-15.19.40:317][  0]LogD3D11RHI:     VendorId    : 10de
[2024.12.07-15.19.40:317][  0]LogD3D11RHI:     DeviceId    : 28e0
[2024.12.07-15.19.40:317][  0]LogD3D11RHI:     SubSysId    : 3d0617aa
[2024.12.07-15.19.40:317][  0]LogD3D11RHI:     Revision    : 00a1
[2024.12.07-15.19.40:317][  0]LogD3D11RHI:     DedicatedVideoMemory : 8343519232 bytes
[2024.12.07-15.19.40:317][  0]LogD3D11RHI:     DedicatedSystemMemory : 0 bytes
[2024.12.07-15.19.40:317][  0]LogD3D11RHI:     SharedSystemMemory : 12731740160 bytes
[2024.12.07-15.19.40:317][  0]LogD3D11RHI:     AdapterLuid : 0 67433
[2024.12.07-15.19.40:372][  0]LogD3D11RHI: RHI has support for 64 bit atomics
[2024.12.07-15.19.40:373][  0]LogD3D11RHI: Async texture creation enabled
[2024.12.07-15.19.40:373][  0]LogD3D11RHI: Array index from any shader is supported
[2024.12.07-15.19.40:392][  0]LogD3D11RHI: GPU Timing Frequency: 1000.000000 (Debug: 2 2)
[2024.12.07-15.19.40:410][  0]LogRHI: GeForceNow SDK initialized: 1
[2024.12.07-15.19.40:620][  0]LogTargetPlatformManager: Display: Loaded TargetPlatform 'WindowsNoEditor'
[2024.12.07-15.19.40:623][  0]LogTargetPlatformManager: Display: Loaded TargetPlatform 'Windows'
[2024.12.07-15.19.40:627][  0]LogTargetPlatformManager: Display: Loaded TargetPlatform 'WindowsClient'
[2024.12.07-15.19.40:630][  0]LogTargetPlatformManager: Display: Loaded TargetPlatform 'WindowsServer'
[2024.12.07-15.19.40:630][  0]LogTargetPlatformManager: Display: Building Assets For Windows
[2024.12.07-15.19.40:635][  0]LogAudioDebug: Display: Lib vorbis DLL was dynamically loaded.
[2024.12.07-15.19.40:656][  0]LogTextureFormatOodle: Display: Oodle Texture 2.9.0 init RDO Off
[2024.12.07-15.19.40:681][  0]LogRendererCore: Ray tracing is disabled. Reason: r.RayTracing=0.
[2024.12.07-15.19.40:681][  0]LogShaderCompilers: Guid format shader working directory is -1 characters bigger than the processId version (../../../../../Git/GameDevProject/Content/LAB/LAB1/Intermediate/Shaders/WorkingDirectory/1460/).
[2024.12.07-15.19.40:681][  0]LogShaderCompilers: Cleaned the shader compiler working directory 'C:/Users/SerTitan/AppData/Local/Temp/UnrealShaderWorkingDir/C76D73514E70220C867F76BF06B3284D/'.
[2024.12.07-15.19.40:681][  0]LogXGEController: Cannot use XGE Controller as Incredibuild is not installed on this machine.
[2024.12.07-15.19.40:681][  0]LogShaderCompilers: Cannot use XGE Shader Compiler as Incredibuild is not installed on this machine.
[2024.12.07-15.19.40:681][  0]LogShaderCompilers: Display: Using Local Shader Compiler.
[2024.12.07-15.19.41:219][  0]LogDerivedDataCache: Display: Max Cache Size: 512 MB
[2024.12.07-15.19.41:270][  0]LogDerivedDataCache: Loaded boot cache 0.05s 94MB C:/Users/SerTitan/AppData/Local/UnrealEngine/4.27/DerivedDataCache/Boot.ddc.
[2024.12.07-15.19.41:270][  0]LogDerivedDataCache: Display: Loaded Boot cache: C:/Users/SerTitan/AppData/Local/UnrealEngine/4.27/DerivedDataCache/Boot.ddc
[2024.12.07-15.19.41:271][  0]LogDerivedDataCache: FDerivedDataBackendGraph:  Pak pak cache file ../../../../../Git/GameDevProject/Content/LAB/LAB1/DerivedDataCache/DDC.ddp not found, will not use a pak cache.
[2024.12.07-15.19.41:271][  0]LogDerivedDataCache: Unable to find inner node Pak for hierarchical cache Hierarchy.
[2024.12.07-15.19.41:271][  0]LogDerivedDataCache: FDerivedDataBackendGraph:  CompressedPak pak cache file ../../../../../Git/GameDevProject/Content/LAB/LAB1/DerivedDataCache/Compressed.ddp not found, will not use a pak cache.
[2024.12.07-15.19.41:271][  0]LogDerivedDataCache: Unable to find inner node CompressedPak for hierarchical cache Hierarchy.
[2024.12.07-15.19.41:283][  0]LogDerivedDataCache: Display: Pak cache opened for reading ../../../Engine/DerivedDataCache/Compressed.ddp.
[2024.12.07-15.19.41:283][  0]LogDerivedDataCache: FDerivedDataBackendGraph:  EnterprisePak pak cache file ../../../Enterprise/DerivedDataCache/Compressed.ddp not found, will not use a pak cache.
[2024.12.07-15.19.41:283][  0]LogDerivedDataCache: Unable to find inner node EnterprisePak for hierarchical cache Hierarchy.
[2024.12.07-15.19.41:291][  0]LogDerivedDataCache: Speed tests for C:/Users/SerTitan/AppData/Local/UnrealEngine/Common/DerivedDataCache took 0.01 seconds
[2024.12.07-15.19.41:291][  0]LogDerivedDataCache: Display: Performance to C:/Users/SerTitan/AppData/Local/UnrealEngine/Common/DerivedDataCache: Latency=0.02ms. RandomReadSpeed=1481.57MBs, RandomWriteSpeed=133.88MBs. Assigned SpeedClass 'Local'
[2024.12.07-15.19.41:293][  0]LogDerivedDataCache: Using Local data cache path C:/Users/SerTitan/AppData/Local/UnrealEngine/Common/DerivedDataCache: Writable
[2024.12.07-15.19.41:293][  0]LogDerivedDataCache: Shared data cache path not found in *engine.ini, will not use an Shared cache.
[2024.12.07-15.19.41:293][  0]LogDerivedDataCache: Unable to find inner node Shared for hierarchical cache Hierarchy.
[2024.12.07-15.19.41:318][  0]LogSlate: Using FreeType 2.10.0
[2024.12.07-15.19.41:318][  0]LogSlate: SlateFontServices - WITH_FREETYPE: 1, WITH_HARFBUZZ: 1
[2024.12.07-15.19.41:393][  0]LogInit: Using OS detected language (ru-RU).
[2024.12.07-15.19.41:393][  0]LogInit: Using OS detected locale (ru-RU).
[2024.12.07-15.19.41:393][  0]LogTextLocalizationManager: No localization for 'ru-RU' exists, so 'en' will be used for the language.
[2024.12.07-15.19.41:393][  0]LogTextLocalizationManager: No localization for 'ru-RU' exists, so 'en' will be used for the locale.
[2024.12.07-15.19.41:393][  0]LogSlate: FontCache flush requested. Reason: Culture for localization was changed
[2024.12.07-15.19.41:393][  0]LogSlate: FontCache flush requested. Reason: Culture for localization was changed
[2024.12.07-15.19.41:395][  0]LogAssetRegistry: FAssetRegistry took 0.0011 seconds to start up
[2024.12.07-15.19.41:507][  0]LogTextLocalizationManager: Compacting localization data took   0.01ms
[2024.12.07-15.19.41:507][  0]LogPackageLocalizationCache: Processed 27 localized package path(s) for 1 prioritized culture(s) in 0.000545 seconds
[2024.12.07-15.19.41:547][  0]LogInit: Selected Device Profile: [Windows]
[2024.12.07-15.19.41:547][  0]LogInit: Active device profile: [00000298F411F300][00000298DE09D600 49] Windows
[2024.12.07-15.19.41:547][  0]LogInit: Profiles: [00000298F411F300][00000298DE09D600 49] Windows, [00000298F40D4F00][00000298DE0A1740 49] WindowsNoEditor, [00000298F411CF00][00000298DE0A98C0 49] WindowsServer, [00000298F40D6A00][00000298E3E11A40 49] WindowsClient, [00000298F411E900][00000298E3E15BC0 49] IOS, [00000298F40D5900][00000298E3E181C0 49] iPadAir, [00000298F411D800][00000298E3E1C340 49] iPadAir2, [00000298F408B800][00000298E3E24600 49] IPadPro, [00000298F408B900][00000298E3E20640 49] iPadAir3, [00000298F411E200][00000298E3E287C0 49] iPadAir4, [00000298F4089400][00000298E3E2C940 49] iPadMini2, [00000298F411FC00][00000298E3E30AC0 49] iPadMini3, [00000298F408A400][00000298E3E34C40 49] iPadMini4, [00000298F411D100][00000298E3E38DC0 49] iPadMini5, [00000298F40BF100][00000298E3E41080 49] iPhone6, [00000298F40BF200][00000298E3E3D0C0 49] iPodTouch6, [00000298F4088600][00000298E355B380 49] iPhone7, [00000298F4088400][00000298E3E453C0 49] iPodTouch7, [00000298F40BD300][00000298DE0A5500 49] iPhone5S, [00000298F4088D00][00000298E355F640 49] iPhone6Plus, [00000298F40BE500][00000298E3563780 49] iPhone6S, [00000298F408BF00][00000298E35678C0 49] iPhone6SPlus, [00000298F40BFA00][00000298E356FA40 49] iPhone7Plus, [00000298F4089900][00000298E3573BC0 49] iPhoneSE, [00000298F40BC900][00000298E35761C0 49] iPhone8, [00000298F408A800][00000298E357A340 49] iPhone8Plus, [00000298F40BE300][00000298E357E4C0 49] iPhoneX, [00000298F408B500][00000298E3582640 49] iPhoneXS, [00000298F40BFB00][00000298E35867C0 49] iPhoneXSMax, [00000298F408A500][00000298E358A940 49] iPhoneXR, [00000298F40BF700][00000298E358EAC0 49] iPhone11, [00000298F408B000][00000298E3592C40 49] iPhone11Pro, [00000298F40BDE00][00000298E3596DC0 49] iPhone11ProMax, [00000298F4089500][00000298E359AF40 49] iPhoneSE2, [00000298F40BD000][00000298E359F0C0 49] iPhone12Mini, [00000298F408AB00][00000298E35A3240 49] iPhone12, [00000298F40BCF00][00000298E35A73C0 49] iPhone12Pro, [00000298F4088700][00000298E35AB540 49] iPhone12ProMax, [00000298F40BCB00][00000298E35AF6C0 49] iPadPro105, [00000298F4089000][00000298E356B800 49] iPadPro129, [00000298F40BFC00][00000298E35B3940 49] iPadPro97, [00000298F408B400][00000298E35B7A80 49] iPadPro2_129, [00000298F40BEC00][00000298E40A1C00 49] iPad5, [00000298F408B700][00000298E40A4200 49] iPad6, [00000298F40BF800][00000298E40A8380 49] iPad7, [00000298F4089C00][00000298E40AC500 49] iPad8, [00000298F40BDC00][00000298E40B0680 49] iPadPro11, [00000298F408BC00][00000298E40B4800 49] iPadPro2_11, [00000298F40BE100][00000298E40B8980 49] iPadPro3_129, [00000298F4089200][00000298E40BCB00 49] iPadPro4_129, [00000298F40BF500][00000298E40C0C80 49] AppleTV, [00000298F4088300][00000298E40C4E00 49] AppleTV4K, [00000298F40BED00][00000298E40C8F80 49] TVOS, [00000298F408B200][00000298E40CD100 49] Mac, [00000298F40BCE00][00000298E40D1280 49] MacClient, [00000298F408B100][00000298E40D5400 49] MacNoEditor, [00000298F40BFD00][00000298E40D9580 49] MacServer, [00000298F408A900][00000298E40DD700 49] Linux, [00000298F40BCC00][00000298E40E1880 49] LinuxAArch64, [00000298F408AE00][00000298E409D9C0 49] LinuxNoEditor, [00000298F40D6500][00000298E40E5B00 49] LinuxAArch64NoEditor, [00000298F4162000][00000298E40E80C0 49] LinuxClient, [00000298F40D5A00][00000298E40F0240 49] LinuxAArch64Client, [00000298F4161B00][00000298E40F43C0 49] LinuxServer, [00000298F40D6D00][00000298E40F8540 49] LinuxAArch64Server, [00000298F4160300][00000298E40FC6C0 49] Android, [00000298F40D7500][00000298E4100840 49] Android_Low, [00000298F4161C00][00000298E41049C0 49] Android_Mid, [00000298F40D5300][00000298E4108B40 49] Android_High, [00000298F4160A00][00000298E410CCC0 49] Android_Default, [00000298F40D7200][00000298E4110E40 49] Android_Adreno4xx, [00000298F4161800][00000298E4114FC0 49] Android_Adreno5xx_Low, [00000298F40D6800][00000298E4119140 49] Android_Adreno5xx, [00000298F4161F00][00000298E411D2C0 49] Android_Adreno6xx, [00000298F40D4B00][00000298E4121440 49] Android_Adreno6xx_Vulkan, [00000298F4162500][00000298E41255C0 49] Android_Mali_T6xx, [00000298F40D6E00][00000298E4129740 49] Android_Mali_T7xx, [00000298F4162100][00000298E412D8C0 49] Android_Mali_T8xx, [00000298F40D5800][00000298E4131A40 49] Android_Mali_G71, [00000298F4162600][00000298E40EDB80 49] Android_Mali_G72, [00000298F4089F00][00000298E4134140 49] Android_Mali_G72_Vulkan, [00000298F40BE400][00000298E4138280 49] Android_Mali_G76, [00000298F4088C00][00000298E413C3C0 49] Android_Mali_G76_Vulkan, [00000298F40BE900][00000298E4144540 49] Android_Mali_G77, [00000298F408A600][00000298E41486C0 49] Android_Mali_G77_Vulkan, [00000298F40BC400][00000298E414C840 49] Android_Mali_G78, [00000298F4088B00][00000298E41509C0 49] Android_Mali_G78_Vulkan, [00000298F4160E00][00000298E4154B40 49] Android_Mali_G710, [00000298F4089300][00000298E4158CC0 49] Android_Mali_G710_Vulkan, [00000298F4160F00][00000298E415CE40 49] Android_Vulkan_SM5, [00000298F4089D00][00000298E4160FC0 49] Android_PowerVR_G6xxx, [00000298F4160100][00000298E4165140 49] Android_PowerVR_GT7xxx, [00000298F4088E00][00000298E41692C0 49] Android_PowerVR_GE8xxx, [00000298F4161600][00000298E416D440 49] Android_PowerVR_GM9xxx, [00000298F408BD00][00000298E41715C0 49] Android_PowerVR_GM9xxx_Vulkan, [00000298F4162400][00000298E4175740 49] Android_TegraK1, [00000298F408AD00][00000298E41798C0 49] Android_Unknown_Vulkan, [00000298F4161000][00000298E417DA40 49] Lumin, [00000298F4089800][00000298E4181BC0 49] Lumin_Desktop, [00000298F4160B00][00000298E4140180 49] HoloLens, 
[2024.12.07-15.19.41:576][  0]LogMeshReduction: Using QuadricMeshReduction for automatic static mesh reduction
[2024.12.07-15.19.41:576][  0]LogMeshReduction: Using SimplygonMeshReduction for automatic skeletal mesh reduction
[2024.12.07-15.19.41:576][  0]LogMeshReduction: Using ProxyLODMeshReduction for automatic mesh merging
[2024.12.07-15.19.41:576][  0]LogMeshReduction: No distributed automatic mesh merging module available
[2024.12.07-15.19.41:576][  0]LogMeshMerging: No distributed automatic mesh merging module available
[2024.12.07-15.19.41:645][  0]LogNetVersion: LAB1 1.0.0, NetCL: 17155196, EngineNetVer: 17, GameNetVer: 0 (Checksum: 1850865669)
[2024.12.07-15.19.41:814][  0]LogTexture: Default maximum texture size for cubemaps generated from long-lat sources has been changed from 512 to unlimited. In order to preserve old behaiour for '/Engine/MapTemplates/Sky/DaylightAmbientCubemap.DaylightAmbientCubemap', its maximum texture size has been explicitly set to 512.
[2024.12.07-15.19.41:854][  0]LogHMD: PokeAHoleMaterial loaded successfully
[2024.12.07-15.19.41:930][  0]LogMoviePlayer: Initializing movie player
[2024.12.07-15.19.42:024][  0]LogPython: Using Python 3.7.7
[2024.12.07-15.19.42:310][  0]LogNiagaraDebuggerClient: Niagara Debugger Client Initialized | Session: 9C956F924118B8AA4923ECBB468221C0 | Instance: 5D9E718C437CB31F2E6B7F9E66219DF5 (DESKTOP-OQ7SUMD-1460).
[2024.12.07-15.19.42:325][  0]LogCollectionManager: Loaded 0 collections in 0.000447 seconds
[2024.12.07-15.19.42:327][  0]LogFileCache: Scanning file cache for directory 'D:/Git/GameDevProject/Content/LAB/LAB1/Saved/Collections/' took 0.00s
[2024.12.07-15.19.42:327][  0]LogFileCache: Scanning file cache for directory 'D:/Git/GameDevProject/Content/LAB/LAB1/Content/Developers/SerTitan/Collections/' took 0.00s
[2024.12.07-15.19.42:327][  0]LogFileCache: Scanning file cache for directory 'D:/Git/GameDevProject/Content/LAB/LAB1/Content/Collections/' took 0.00s
[2024.12.07-15.19.42:327][  0]LogCollectionManager: Fixed up redirectors for 0 collections in 0.000001 seconds (updated 0 objects)
[2024.12.07-15.19.42:417][  0]LogTcpMessaging: Initializing TcpMessaging bridge
[2024.12.07-15.19.42:420][  0]LogUdpMessaging: Initializing bridge on interface 0.0.0.0:0 to multicast group 230.0.0.1:6666.
[2024.12.07-15.19.42:486][  0]SourceControl: Source control is disabled
[2024.12.07-15.19.42:486][  0]SourceControl: Source control is disabled
[2024.12.07-15.19.42:488][  0]SourceControl: Source control is disabled
[2024.12.07-15.19.42:492][  0]LogUProjectInfo: Found projects:
[2024.12.07-15.19.42:498][  0]LogVSAccessor: Display: Unable to create Visual Studio setup instance: 80040154
[2024.12.07-15.19.42:498][  0]LogVSAccessor: Display: Unable to create Visual Studio setup instance: 80040154
[2024.12.07-15.19.42:499][  0]LogVSAccessor: Display: Unable to create Visual Studio setup instance: 80040154
[2024.12.07-15.19.42:546][  0]LogOpenImageDenoise: OIDN starting up
[2024.12.07-15.19.42:583][  0]LogAndroidPermission: UAndroidPermissionCallbackProxy::GetInstance
[2024.12.07-15.19.42:592][  0]LogAudioCaptureCore: Display: No Audio Capture implementations found. Audio input will be silent.
[2024.12.07-15.19.42:593][  0]LogAudioCaptureCore: Display: No Audio Capture implementations found. Audio input will be silent.
[2024.12.07-15.19.42:652][  0]LogOcInput: OculusInput pre-init called
[2024.12.07-15.19.42:659][  0]LogUObjectArray: 22121 objects as part of root set at end of initial load.
[2024.12.07-15.19.42:659][  0]LogUObjectAllocator: 5975632 out of 0 bytes used by permanent object pool.
[2024.12.07-15.19.42:659][  0]LogUObjectArray: CloseDisregardForGC: 0/0 objects in disregard for GC pool
[2024.12.07-15.19.42:697][  0]LogEngine: Initializing Engine...
[2024.12.07-15.19.42:699][  0]LogHMD: Failed to enumerate extensions. Please check that you have a valid OpenXR runtime installed.
[2024.12.07-15.19.42:699][  0]LogHMD: Failed to initialize OpenVR with code 110
[2024.12.07-15.19.42:699][  0]LogMagicLeap: Warning: VR disabled because ZI is not enabled.  To enable, in the editor, Edit -> Project Settings -> Plugins -> Magic Leap Plugin -> Enable Zero Iteration
[2024.12.07-15.19.42:700][  0]LogStats: UGameplayTagsManager::InitializeManager -  0.000 s
[2024.12.07-15.19.42:771][  0]LogInit: Initializing FReadOnlyCVARCache
[2024.12.07-15.19.42:771][  0]LogAudio: Display: Initializing Audio Device Manager...
[2024.12.07-15.19.42:775][  0]LogAudio: Display: Loading Default Audio Settings Objects...
[2024.12.07-15.19.42:775][  0]LogAudio: Display: No default SoundConcurrencyObject specified (or failed to load).
[2024.12.07-15.19.42:775][  0]LogAudio: Display: Audio Device Manager Initialized
[2024.12.07-15.19.42:775][  0]LogAudio: Display: Creating Audio Device:                 Id: 1, Scope: Shared, Realtime: True
[2024.12.07-15.19.42:775][  0]LogAudioMixer: Display: Audio Mixer Platform Settings:
[2024.12.07-15.19.42:775][  0]LogAudioMixer: Display: 	Sample Rate:						  48000
[2024.12.07-15.19.42:775][  0]LogAudioMixer: Display: 	Callback Buffer Frame Size Requested: 1024
[2024.12.07-15.19.42:775][  0]LogAudioMixer: Display: 	Callback Buffer Frame Size To Use:	  1024
[2024.12.07-15.19.42:775][  0]LogAudioMixer: Display: 	Number of buffers to queue:			  2
[2024.12.07-15.19.42:775][  0]LogAudioMixer: Display: 	Max Channels (voices):				  32
[2024.12.07-15.19.42:775][  0]LogAudioMixer: Display: 	Number of Async Source Workers:		  0
[2024.12.07-15.19.42:775][  0]LogAudio: Display: AudioDevice MaxSources: 32
[2024.12.07-15.19.42:776][  0]LogAudio: Display: Audio Spatialization Plugin: None (built-in).
[2024.12.07-15.19.42:776][  0]LogAudio: Display: Audio Reverb Plugin: None (built-in).
[2024.12.07-15.19.42:776][  0]LogAudio: Display: Audio Occlusion Plugin: None (built-in).
[2024.12.07-15.19.42:776][  0]LogAudioMixer: Display: Initializing audio mixer.
[2024.12.07-15.19.42:784][  0]LogAudioMixer: Display: 0: FrontLeft
[2024.12.07-15.19.42:784][  0]LogAudioMixer: Display: 1: FrontRight
[2024.12.07-15.19.42:838][  0]LogAudioMixer: Display: Using Audio Device Динамики (Realtek(R) Audio)
[2024.12.07-15.19.42:841][  0]LogAudioMixer: Display: Initializing Sound Submixes...
[2024.12.07-15.19.42:842][  0]LogAudioMixer: Display: Creating Master Submix 'MasterSubmixDefault'
[2024.12.07-15.19.42:842][  0]LogAudioMixer: Display: Creating Master Submix 'MasterReverbSubmixDefault'
[2024.12.07-15.19.42:843][  0]LogAudioMixer: Display: Creating Master Submix 'MasterEQSubmixDefault'
[2024.12.07-15.19.42:843][  0]LogAudioMixer: FMixerPlatformXAudio2::StartAudioStream() called
[2024.12.07-15.19.42:843][  0]LogAudioMixer: Display: Output buffers initialized: Frames=1024, Channels=2, Samples=2048
[2024.12.07-15.19.42:844][  0]LogAudioMixer: Display: Starting AudioMixerPlatformInterface::RunInternal()
[2024.12.07-15.19.42:844][  0]LogAudioMixer: Display: FMixerPlatformXAudio2::SubmitBuffer() called for the first time
[2024.12.07-15.19.42:844][  0]LogInit: FAudioDevice initialized.
[2024.12.07-15.19.42:846][  0]LogNetVersion: Set ProjectVersion to 1.0.0.0. Version Checksum will be recalculated on next use.
[2024.12.07-15.19.42:847][  0]LogInit: Texture streaming: Enabled
[2024.12.07-15.19.42:893][  0]LogAudio: Display: Audio Device (ID: 1) registered with world 'Untitled'.
[2024.12.07-15.19.42:893][  0]LogSlate: Updating window title bar state: overlay mode, drag disabled, window buttons hidden, title bar hidden
[2024.12.07-15.19.42:894][  0]LogInit: Display: Game Engine Initialized.
[2024.12.07-15.19.42:894][  0]LogNiagaraEditor: GEditor isn't valid! Particle reset commands will not work for Niagara components!
[2024.12.07-15.19.42:974][  0]LogInit: Display: Starting Game.
[2024.12.07-15.19.42:974][  0]LogNet: Browse: /Game/ThirdPersonBP/Maps/ThirdPersonExampleMap?Name=Player
[2024.12.07-15.19.42:974][  0]LogLoad: LoadMap: /Game/ThirdPersonBP/Maps/ThirdPersonExampleMap?Name=Player
[2024.12.07-15.19.42:974][  0]LogWorld: BeginTearingDown for /Temp/Untitled_0
[2024.12.07-15.19.42:975][  0]LogWorld: UWorld::CleanupWorld for Untitled, bSessionEnded=true, bCleanupResources=true
[2024.12.07-15.19.42:975][  0]LogSlate: InvalidateAllWidgets triggered.  All widgets were invalidated
[2024.12.07-15.19.42:978][  0]LogAudio: Display: Audio Device unregistered from world 'None'.
[2024.12.07-15.19.42:980][  0]LogUObjectHash: Compacting FUObjectHashTables data took   0.54ms
[2024.12.07-15.19.43:141][  0]LogAudio: Display: Audio Device (ID: 1) registered with world 'ThirdPersonExampleMap'.
[2024.12.07-15.19.43:147][  0]LogAIModule: Creating AISystem for world ThirdPersonExampleMap
[2024.12.07-15.19.43:148][  0]LogLoad: Game class is 'MyGameMode_C'
[2024.12.07-15.19.43:152][  0]LogWorld: Bringing World /Game/ThirdPersonBP/Maps/ThirdPersonExampleMap.ThirdPersonExampleMap up for play (max tick rate 0) at 2024.12.07-18.19.43
[2024.12.07-15.19.43:152][  0]LogWorld: Bringing up level for play took: 0.003838
[2024.12.07-15.19.43:154][  0]LogLoad: Took 0.180140 seconds to LoadMap(/Game/ThirdPersonBP/Maps/ThirdPersonExampleMap)
[2024.12.07-15.19.43:189][  0]LogSlate: Took 0.000214 seconds to synchronously load lazily loaded font '../../../Engine/Content/Slate/Fonts/Roboto-Regular.ttf' (155K)
[2024.12.07-15.19.43:213][  0]LogRenderer: Reallocating scene render targets to support 1288x752 Format 10 NumSamples 1 (Frame:1).
[2024.12.07-15.19.43:213][  0]LogInit: Display: Engine is initialized. Leaving FEngineLoop::Init()
[2024.12.07-15.19.43:213][  0]LogLoad: (Engine Initialization) Total time: 3.81 seconds
[2024.12.07-15.19.43:213][  0]LogLoad: (Engine Initialization) Total Blueprint compile time: 0.00 seconds
[2024.12.07-15.19.43:215][  0]LogContentStreaming: Texture pool size now 1000 MB
[2024.12.07-15.19.43:216][  0]LogSlate: InvalidateAllWidgets triggered.  All widgets were invalidated
[2024.12.07-15.19.43:229][  0]LogRenderer: Reallocating scene render targets to support 128x128 Format 10 NumSamples 1 (Frame:1).
[2024.12.07-15.19.43:245][  0]LogRenderer: Reallocating scene render targets to support 1288x752 Format 10 NumSamples 1 (Frame:2).
[2024.12.07-15.19.43:255][  1]LogSlate: Took 0.000127 seconds to synchronously load lazily loaded font '../../../Engine/Content/Slate/Fonts/Roboto-Regular.ttf' (155K)
