Log file open, 12/02/24 03:53:39
LogWindows: Failed to load 'aqProf.dll' (GetLastError=126)
LogWindows: File 'aqProf.dll' does not exist
LogWindows: Failed to load 'VtuneApi.dll' (GetLastError=126)
LogWindows: File 'VtuneApi.dll' does not exist
LogWindows: Failed to load 'VtuneApi32e.dll' (GetLastError=126)
LogWindows: File 'VtuneApi32e.dll' does not exist
LogConsoleResponse: Display: Failed to find resolution value strings in scalability ini. Falling back to default.
LogConsoleResponse: Display: Failed to find resolution value strings in scalability ini. Falling back to default.
LogInit: Display: Running engine for game: LAB1
LogPlatformFile: Not using cached read wrapper
LogTaskGraph: Started task graph with 5 named threads and 17 total threads with 3 sets of task threads.
LogStats: Stats thread started at 0.180785
LogICUInternationalization: ICU TimeZone Detection - Raw Offset: +3:00, Platform Override: ''
LogInit: Display: Loading text-based GConfig....
LogPluginManager: Mounting plugin MeshPainting
LogPluginManager: Mounting plugin XGEController
LogPluginManager: Mounting plugin Paper2D
LogPluginManager: Mounting plugin AISupport
LogPluginManager: Mounting plugin EnvironmentQueryEditor
LogPluginManager: Mounting plugin LiveLink
LogPluginManager: Mounting plugin LightPropagationVolume
LogPluginManager: Mounting plugin CameraShakePreviewer
LogPluginManager: Mounting plugin GameplayCameras
LogPluginManager: Mounting plugin OodleData
LogPluginManager: Mounting plugin OodleNetwork
LogPluginManager: Mounting plugin AnimationSharing
LogPluginManager: Mounting plugin CLionSourceCodeAccess
LogPluginManager: Mounting plugin CodeLiteSourceCodeAccess
LogPluginManager: Mounting plugin GitSourceControl
LogPluginManager: Mounting plugin KDevelopSourceCodeAccess
LogPluginManager: Mounting plugin NullSourceCodeAccess
LogPluginManager: Mounting plugin PerforceSourceControl
LogPluginManager: Mounting plugin PixWinPlugin
LogPluginManager: Mounting plugin PlasticSourceControl
LogPluginManager: Mounting plugin PluginUtils
LogPluginManager: Mounting plugin PropertyAccessNode
LogPluginManager: Mounting plugin RiderSourceCodeAccess
LogPluginManager: Mounting plugin SubversionSourceControl
LogPluginManager: Mounting plugin TextureFormatOodle
LogPluginManager: Mounting plugin UObjectPlugin
LogPluginManager: Mounting plugin VisualStudioCodeSourceCodeAccess
LogPluginManager: Mounting plugin VisualStudioSourceCodeAccess
LogPluginManager: Mounting plugin XCodeSourceCodeAccess
LogPluginManager: Mounting plugin AssetManagerEditor
LogPluginManager: Mounting plugin CryptoKeys
LogPluginManager: Mounting plugin CurveEditorTools
LogPluginManager: Mounting plugin DataValidation
LogPluginManager: Mounting plugin FacialAnimation
LogPluginManager: Mounting plugin GameplayTagsEditor
LogPluginManager: Mounting plugin GeometryMode
LogPluginManager: Mounting plugin MacGraphicsSwitching
LogPluginManager: Mounting plugin MaterialAnalyzer
LogPluginManager: Mounting plugin MobileLauncherProfileWizard
LogPluginManager: Mounting plugin PluginBrowser
LogPluginManager: Mounting plugin SpeedTreeImporter
LogPluginManager: Mounting plugin DatasmithContent
LogPluginManager: Mounting plugin VariantManagerContent
LogPluginManager: Mounting plugin AlembicImporter
LogPluginManager: Mounting plugin AutomationUtils
LogPluginManager: Mounting plugin BackChannel
LogPluginManager: Mounting plugin ChaosCloth
LogPluginManager: Mounting plugin ChaosClothEditor
LogPluginManager: Mounting plugin ChaosEditor
LogPluginManager: Mounting plugin ChaosNiagara
LogPluginManager: Mounting plugin ChaosSolverPlugin
LogPluginManager: Mounting plugin CharacterAI
LogPluginManager: Mounting plugin GeometryCache
LogPluginManager: Mounting plugin GeometryCollectionPlugin
LogPluginManager: Mounting plugin GeometryProcessing
LogPluginManager: Mounting plugin MotoSynth
LogPluginManager: Mounting plugin OpenImageDenoise
LogPluginManager: Mounting plugin PlanarCut
LogPluginManager: Mounting plugin PlatformCrypto
LogPluginManager: Mounting plugin ProxyLODPlugin
LogPluginManager: Mounting plugin PythonScriptPlugin
LogPluginManager: Mounting plugin SkeletalReduction
LogPluginManager: Mounting plugin Niagara
LogPluginManager: Mounting plugin LuminPlatformFeatures
LogPluginManager: Mounting plugin MagicLeap
LogPluginManager: Mounting plugin MagicLeapLightEstimation
LogPluginManager: Mounting plugin MagicLeapMedia
LogPluginManager: Mounting plugin MagicLeapPassableWorld
LogPluginManager: Mounting plugin MLSDK
LogPluginManager: Mounting plugin AndroidMedia
LogPluginManager: Mounting plugin AvfMedia
LogPluginManager: Mounting plugin ImgMedia
LogPluginManager: Mounting plugin MediaCompositing
LogPluginManager: Mounting plugin MediaPlayerEditor
LogPluginManager: Mounting plugin WebMMedia
LogPluginManager: Mounting plugin WmfMedia
LogPluginManager: Mounting plugin TcpMessaging
LogPluginManager: Mounting plugin UdpMessaging
LogPluginManager: Mounting plugin ActorSequence
LogPluginManager: Mounting plugin LevelSequenceEditor
LogPluginManager: Mounting plugin MatineeToLevelSequence
LogPluginManager: Mounting plugin TemplateSequence
LogPluginManager: Mounting plugin OnlineSubsystem
LogPluginManager: Mounting plugin OnlineSubsystemNull
LogPluginManager: Mounting plugin OnlineSubsystemUtils
LogPluginManager: Mounting plugin LauncherChunkInstaller
LogPluginManager: Mounting plugin ActorLayerUtilities
LogPluginManager: Mounting plugin AndroidDeviceProfileSelector
LogPluginManager: Mounting plugin AndroidMoviePlayer
LogPluginManager: Mounting plugin AndroidPermission
LogPluginManager: Mounting plugin AppleImageUtils
LogPluginManager: Mounting plugin AppleMoviePlayer
LogPluginManager: Mounting plugin ArchVisCharacter
LogPluginManager: Mounting plugin AssetTags
LogPluginManager: Mounting plugin AudioCapture
LogPluginManager: Mounting plugin AudioSynesthesia
LogPluginManager: Mounting plugin CableComponent
LogPluginManager: Mounting plugin ChunkDownloader
LogPluginManager: Mounting plugin CustomMeshComponent
LogPluginManager: Mounting plugin EditableMesh
LogPluginManager: Mounting plugin ExampleDeviceProfileSelector
LogPluginManager: Mounting plugin GoogleCloudMessaging
LogPluginManager: Mounting plugin GooglePAD
LogPluginManager: Mounting plugin IOSDeviceProfileSelector
LogPluginManager: Mounting plugin LinuxDeviceProfileSelector
LogPluginManager: Mounting plugin LocationServicesBPLibrary
LogPluginManager: Mounting plugin MobilePatchingUtils
LogPluginManager: Mounting plugin OpenXR
LogPluginManager: Mounting plugin OpenXREyeTracker
LogPluginManager: Mounting plugin OpenXRHandTracking
LogPluginManager: Mounting plugin PhysXVehicles
LogPluginManager: Mounting plugin PostSplashScreen
LogPluginManager: Mounting plugin ProceduralMeshComponent
LogPluginManager: Mounting plugin PropertyAccessEditor
LogPluginManager: Mounting plugin RuntimePhysXCooking
LogPluginManager: Mounting plugin SignificanceManager
LogPluginManager: Mounting plugin SoundFields
LogPluginManager: Mounting plugin Synthesis
LogPluginManager: Mounting plugin WebMMoviePlayer
LogPluginManager: Mounting plugin WindowsMoviePlayer
LogPluginManager: Mounting plugin ScreenshotTools
LogPluginManager: Mounting plugin Takes
LogPluginManager: Mounting plugin ContentBrowserAssetDataSource
LogPluginManager: Mounting plugin ContentBrowserClassDataSource
LogPluginManager: Mounting plugin ContentBrowserFileDataSource
LogPluginManager: Mounting plugin OnlineSubsystemGooglePlay
LogPluginManager: Mounting plugin OnlineSubsystemIOS
LogPluginManager: Mounting plugin OculusVR
LogPluginManager: Mounting plugin SteamVR
PixWinPlugin: PIX capture plugin failed to initialize! Check that the process is launched from PIX.
LogInit: Using libcurl 7.55.1-DEV
LogInit:  - built for x86_64-pc-win32
LogInit:  - supports SSL with OpenSSL/1.1.1
LogInit:  - supports HTTP deflate (compression) using libz 1.2.8
LogInit:  - other features:
LogInit:      CURL_VERSION_SSL
LogInit:      CURL_VERSION_LIBZ
LogInit:      CURL_VERSION_IPV6
LogInit:      CURL_VERSION_ASYNCHDNS
LogInit:      CURL_VERSION_LARGEFILE
LogInit:      CURL_VERSION_IDN
LogInit:  CurlRequestOptions (configurable via config and command line):
LogInit:  - bVerifyPeer = true  - Libcurl will verify peer certificate
LogInit:  - bUseHttpProxy = false  - Libcurl will NOT use HTTP proxy
LogInit:  - bDontReuseConnections = false  - Libcurl will reuse connections
LogInit:  - MaxHostConnections = 16  - Libcurl will limit the number of connections to a host
LogInit:  - LocalHostAddr = Default
LogInit:  - BufferSize = 65536
LogOnline: OSS: Creating online subsystem instance for: NULL
LogInit: WinSock: version 1.1 (2.2), MaxSocks=32767, MaxUdp=65467
LogOnline: OSS: TryLoadSubsystemAndSetDefault: Loaded subsystem for module [NULL]
LogInit: Build: ++UE4+Release-4.27-CL-18319896
LogInit: Engine Version: 4.27.2-18319896+++UE4+Release-4.27
LogInit: Compatible Engine Version: 4.27.0-17155196+++UE4+Release-4.27
LogInit: Net CL: 17155196
LogInit: OS: Windows 10 (Release 2009) (), CPU: 13th Gen Intel(R) Core(TM) i7-13650HX, GPU: Intel(R) UHD Graphics
LogInit: Compiled (64-bit): Nov 30 2021 07:12:08
LogInit: Compiled with Visual C++: 19.24.28315.00
LogInit: Build Configuration: Development
LogInit: Branch Name: ++UE4+Release-4.27
LogInit: Command Line:  /Game/ThirdPersonBP/Maps/ThirdPersonExampleMap -game -PIEVIACONSOLE -Multiprocess -server -log GameUserSettingsINI=D:/Git/GameDevProject/Content/LAB1/LAB1/Saved/Config/Windows/PIEGameUserSettings0.ini -MultiprocessSaveConfig -forcepassthrough -messaging -SessionName="Play in Standalone Game" -port=17777 -windowed
LogInit: Base Directory: D:/Programs/UE_4.27/Engine/Binaries/Win64/
LogInit: Allocator: TBB
LogInit: Installed Engine Build: 1
LogDevObjectVersion: Number of dev versions registered: 29
LogDevObjectVersion:   Dev-Blueprints (B0D832E4-1F89-4F0D-ACCF-7EB736FD4AA2): 10
LogDevObjectVersion:   Dev-Build (E1C64328-A22C-4D53-A36C-8E866417BD8C): 0
LogDevObjectVersion:   Dev-Core (375EC13C-06E4-48FB-B500-84F0262A717E): 4
LogDevObjectVersion:   Dev-Editor (E4B068ED-F494-42E9-A231-DA0B2E46BB41): 40
LogDevObjectVersion:   Dev-Framework (CFFC743F-43B0-4480-9391-14DF171D2073): 37
LogDevObjectVersion:   Dev-Mobile (B02B49B5-BB20-44E9-A304-32B752E40360): 3
LogDevObjectVersion:   Dev-Networking (A4E4105C-59A1-49B5-A7C5-40C4547EDFEE): 0
LogDevObjectVersion:   Dev-Online (39C831C9-5AE6-47DC-9A44-9C173E1C8E7C): 0
LogDevObjectVersion:   Dev-Physics (78F01B33-EBEA-4F98-B9B4-84EACCB95AA2): 14
LogDevObjectVersion:   Dev-Platform (6631380F-2D4D-43E0-8009-CF276956A95A): 0
LogDevObjectVersion:   Dev-Rendering (12F88B9F-8875-4AFC-A67C-D90C383ABD29): 45
LogDevObjectVersion:   Dev-Sequencer (7B5AE74C-D270-4C10-A958-57980B212A5A): 13
LogDevObjectVersion:   Dev-VR (D7296918-1DD6-4BDD-9DE2-64A83CC13884): 3
LogDevObjectVersion:   Dev-LoadTimes (C2A15278-BFE7-4AFE-6C17-90FF531DF755): 1
LogDevObjectVersion:   Private-Geometry (6EACA3D4-40EC-4CC1-B786-8BED09428FC5): 3
LogDevObjectVersion:   Dev-AnimPhys (29E575DD-E0A3-4627-9D10-D276232CDCEA): 17
LogDevObjectVersion:   Dev-Anim (AF43A65D-7FD3-4947-9873-3E8ED9C1BB05): 15
LogDevObjectVersion:   Dev-ReflectionCapture (6B266CEC-1EC7-4B8F-A30B-E4D90942FC07): 1
LogDevObjectVersion:   Dev-Automation (0DF73D61-A23F-47EA-B727-89E90C41499A): 1
LogDevObjectVersion:   FortniteMain (601D1886-AC64-4F84-AA16-D3DE0DEAC7D6): 47
LogDevObjectVersion:   FortniteRelease (E7086368-6B23-4C58-8439-1B7016265E91): 1
LogDevObjectVersion:   Dev-Enterprise (9DFFBCD6-494F-0158-E221-12823C92A888): 10
LogDevObjectVersion:   Dev-Niagara (F2AED0AC-9AFE-416F-8664-AA7FFA26D6FC): 1
LogDevObjectVersion:   Dev-Destruction (174F1F0B-B4C6-45A5-B13F-2EE8D0FB917D): 10
LogDevObjectVersion:   Dev-Physics-Ext (35F94A83-E258-406C-A318-09F59610247C): 41
LogDevObjectVersion:   Dev-PhysicsMaterial-Chaos (B68FC16E-8B1B-42E2-B453-215C058844FE): 1
LogDevObjectVersion:   Dev-CineCamera (B2E18506-4273-CFC2-A54E-F4BB758BBA07): 1
LogDevObjectVersion:   Dev-VirtualProduction (64F58936-FD1B-42BA-BA96-7289D5D0FA4E): 1
LogDevObjectVersion:   Dev-MediaFramework (6F0ED827-A609-4895-9C91-998D90180EA4): 2
LogInit: Presizing for max 25165824 objects, including 0 objects not considered by GC, pre-allocating 0 bytes for permanent pool.
LogConfig: Applying CVar settings from Section [/Script/Engine.StreamingSettings] File [D:/Git/GameDevProject/Content/LAB1/LAB1/Saved/Config/Windows/Engine.ini]
LogConfig: Setting CVar [[s.MinBulkDataSizeForAsyncLoading:131072]]
LogConfig: Setting CVar [[s.AsyncLoadingThreadEnabled:0]]
LogConfig: Setting CVar [[s.EventDrivenLoaderEnabled:1]]
LogConfig: Setting CVar [[s.WarnIfTimeLimitExceeded:0]]
LogConfig: Setting CVar [[s.TimeLimitExceededMultiplier:1.5]]
LogConfig: Setting CVar [[s.TimeLimitExceededMinTime:0.005]]
LogConfig: Setting CVar [[s.UseBackgroundLevelStreaming:1]]
LogConfig: Setting CVar [[s.PriorityAsyncLoadingExtraTime:15.0]]
LogConfig: Setting CVar [[s.LevelStreamingActorsUpdateTimeLimit:5.0]]
LogConfig: Setting CVar [[s.PriorityLevelStreamingActorsUpdateExtraTime:5.0]]
LogConfig: Setting CVar [[s.LevelStreamingComponentsRegistrationGranularity:10]]
LogConfig: Setting CVar [[s.UnregisterComponentsTimeLimit:1.0]]
LogConfig: Setting CVar [[s.LevelStreamingComponentsUnregistrationGranularity:5]]
LogConfig: Setting CVar [[s.FlushStreamingOnExit:1]]
LogInit: Object subsystem initialized
LogConfig: Setting CVar [[con.DebugEarlyDefault:1]]
LogConfig: Setting CVar [[r.setres:1280x720]]
[2024.12.02-00.53.40:147][  0]LogConfig: Setting CVar [[con.DebugEarlyDefault:1]]
[2024.12.02-00.53.40:147][  0]LogConfig: Setting CVar [[r.setres:1280x720]]
[2024.12.02-00.53.40:147][  0]LogConfig: Applying CVar settings from Section [/Script/Engine.RendererSettings] File [D:/Git/GameDevProject/Content/LAB1/LAB1/Saved/Config/Windows/Engine.ini]
[2024.12.02-00.53.40:147][  0]LogConfig: Setting CVar [[r.GPUCrashDebugging:0]]
[2024.12.02-00.53.40:147][  0]LogConfig: Applying CVar settings from Section [/Script/Engine.RendererOverrideSettings] File [D:/Git/GameDevProject/Content/LAB1/LAB1/Saved/Config/Windows/Engine.ini]
[2024.12.02-00.53.40:148][  0]LogConfig: Applying CVar settings from Section [/Script/Engine.StreamingSettings] File [D:/Git/GameDevProject/Content/LAB1/LAB1/Saved/Config/Windows/Engine.ini]
[2024.12.02-00.53.40:150][  0]LogConfig: Setting CVar [[s.MinBulkDataSizeForAsyncLoading:131072]]
[2024.12.02-00.53.40:150][  0]LogConfig: Setting CVar [[s.AsyncLoadingThreadEnabled:0]]
[2024.12.02-00.53.40:150][  0]LogConfig: Setting CVar [[s.EventDrivenLoaderEnabled:1]]
[2024.12.02-00.53.40:150][  0]LogConfig: Setting CVar [[s.WarnIfTimeLimitExceeded:0]]
[2024.12.02-00.53.40:150][  0]LogConfig: Setting CVar [[s.TimeLimitExceededMultiplier:1.5]]
[2024.12.02-00.53.40:152][  0]LogConfig: Setting CVar [[s.TimeLimitExceededMinTime:0.005]]
[2024.12.02-00.53.40:152][  0]LogConfig: Setting CVar [[s.UseBackgroundLevelStreaming:1]]
[2024.12.02-00.53.40:153][  0]LogConfig: Setting CVar [[s.PriorityAsyncLoadingExtraTime:15.0]]
[2024.12.02-00.53.40:153][  0]LogConfig: Setting CVar [[s.LevelStreamingActorsUpdateTimeLimit:5.0]]
[2024.12.02-00.53.40:153][  0]LogConfig: Setting CVar [[s.PriorityLevelStreamingActorsUpdateExtraTime:5.0]]
[2024.12.02-00.53.40:153][  0]LogConfig: Setting CVar [[s.LevelStreamingComponentsRegistrationGranularity:10]]
[2024.12.02-00.53.40:153][  0]LogConfig: Setting CVar [[s.UnregisterComponentsTimeLimit:1.0]]
[2024.12.02-00.53.40:153][  0]LogConfig: Setting CVar [[s.LevelStreamingComponentsUnregistrationGranularity:5]]
[2024.12.02-00.53.40:154][  0]LogConfig: Setting CVar [[s.FlushStreamingOnExit:1]]
[2024.12.02-00.53.40:154][  0]LogConfig: Applying CVar settings from Section [/Script/Engine.GarbageCollectionSettings] File [D:/Git/GameDevProject/Content/LAB1/LAB1/Saved/Config/Windows/Engine.ini]
[2024.12.02-00.53.40:154][  0]LogConfig: Setting CVar [[gc.MaxObjectsNotConsideredByGC:1]]
[2024.12.02-00.53.40:154][  0]LogConfig: Setting CVar [[gc.SizeOfPermanentObjectPool:0]]
[2024.12.02-00.53.40:154][  0]LogConfig: Setting CVar [[gc.FlushStreamingOnGC:0]]
[2024.12.02-00.53.40:154][  0]LogConfig: Setting CVar [[gc.NumRetriesBeforeForcingGC:10]]
[2024.12.02-00.53.40:155][  0]LogConfig: Setting CVar [[gc.AllowParallelGC:1]]
[2024.12.02-00.53.40:155][  0]LogConfig: Setting CVar [[gc.TimeBetweenPurgingPendingKillObjects:61.1]]
[2024.12.02-00.53.40:155][  0]LogConfig: Setting CVar [[gc.MaxObjectsInEditor:25165824]]
[2024.12.02-00.53.40:155][  0]LogConfig: Setting CVar [[gc.IncrementalBeginDestroyEnabled:1]]
[2024.12.02-00.53.40:155][  0]LogConfig: Setting CVar [[gc.CreateGCClusters:1]]
[2024.12.02-00.53.40:156][  0]LogConfig: Setting CVar [[gc.MinGCClusterSize:5]]
[2024.12.02-00.53.40:156][  0]LogConfig: Setting CVar [[gc.ActorClusteringEnabled:0]]
[2024.12.02-00.53.40:156][  0]LogConfig: Setting CVar [[gc.BlueprintClusteringEnabled:0]]
[2024.12.02-00.53.40:156][  0]LogConfig: Setting CVar [[gc.UseDisregardForGCOnDedicatedServers:0]]
[2024.12.02-00.53.40:156][  0]LogConfig: Setting CVar [[gc.MultithreadedDestructionEnabled:1]]
[2024.12.02-00.53.40:156][  0]LogConfig: Applying CVar settings from Section [/Script/Engine.NetworkSettings] File [D:/Git/GameDevProject/Content/LAB1/LAB1/Saved/Config/Windows/Engine.ini]
[2024.12.02-00.53.40:157][  0]LogConfig: Applying CVar settings from Section [/Script/UnrealEd.CookerSettings] File [D:/Git/GameDevProject/Content/LAB1/LAB1/Saved/Config/Windows/Engine.ini]
[2024.12.02-00.53.40:157][  0]LogConfig: Applying CVar settings from Section [ViewDistanceQuality@3] File [D:/Git/GameDevProject/Content/LAB1/LAB1/Saved/Config/Windows/Scalability.ini]
[2024.12.02-00.53.40:157][  0]LogConfig: Setting CVar [[r.SkeletalMeshLODBias:0]]
[2024.12.02-00.53.40:157][  0]LogConfig: Setting CVar [[r.ViewDistanceScale:1.0]]
[2024.12.02-00.53.40:157][  0]LogConfig: Applying CVar settings from Section [AntiAliasingQuality@3] File [D:/Git/GameDevProject/Content/LAB1/LAB1/Saved/Config/Windows/Scalability.ini]
[2024.12.02-00.53.40:157][  0]LogConfig: Setting CVar [[r.PostProcessAAQuality:4]]
[2024.12.02-00.53.40:158][  0]LogConfig: Applying CVar settings from Section [ShadowQuality@3] File [D:/Git/GameDevProject/Content/LAB1/LAB1/Saved/Config/Windows/Scalability.ini]
[2024.12.02-00.53.40:158][  0]LogConfig: Setting CVar [[r.LightFunctionQuality:1]]
[2024.12.02-00.53.40:158][  0]LogConfig: Setting CVar [[r.ShadowQuality:5]]
[2024.12.02-00.53.40:158][  0]LogConfig: Setting CVar [[r.Shadow.CSM.MaxCascades:10]]
[2024.12.02-00.53.40:158][  0]LogConfig: Setting CVar [[r.Shadow.MaxResolution:2048]]
[2024.12.02-00.53.40:158][  0]LogConfig: Setting CVar [[r.Shadow.MaxCSMResolution:2048]]
[2024.12.02-00.53.40:159][  0]LogConfig: Setting CVar [[r.Shadow.RadiusThreshold:0.01]]
[2024.12.02-00.53.40:159][  0]LogConfig: Setting CVar [[r.Shadow.DistanceScale:1.0]]
[2024.12.02-00.53.40:159][  0]LogConfig: Setting CVar [[r.Shadow.CSM.TransitionScale:1.0]]
[2024.12.02-00.53.40:159][  0]LogConfig: Setting CVar [[r.Shadow.PreShadowResolutionFactor:1.0]]
[2024.12.02-00.53.40:159][  0]LogConfig: Setting CVar [[r.DistanceFieldShadowing:1]]
[2024.12.02-00.53.40:159][  0]LogConfig: Setting CVar [[r.DistanceFieldAO:1]]
[2024.12.02-00.53.40:160][  0]LogConfig: Setting CVar [[r.AOQuality:2]]
[2024.12.02-00.53.40:160][  0]LogConfig: Setting CVar [[r.VolumetricFog:1]]
[2024.12.02-00.53.40:160][  0]LogConfig: Setting CVar [[r.VolumetricFog.GridPixelSize:8]]
[2024.12.02-00.53.40:160][  0]LogConfig: Setting CVar [[r.VolumetricFog.GridSizeZ:128]]
[2024.12.02-00.53.40:160][  0]LogConfig: Setting CVar [[r.VolumetricFog.HistoryMissSupersampleCount:4]]
[2024.12.02-00.53.40:160][  0]LogConfig: Setting CVar [[r.LightMaxDrawDistanceScale:1]]
[2024.12.02-00.53.40:161][  0]LogConfig: Setting CVar [[r.CapsuleShadows:1]]
[2024.12.02-00.53.40:161][  0]LogConfig: Applying CVar settings from Section [PostProcessQuality@3] File [D:/Git/GameDevProject/Content/LAB1/LAB1/Saved/Config/Windows/Scalability.ini]
[2024.12.02-00.53.40:161][  0]LogConfig: Setting CVar [[r.MotionBlurQuality:4]]
[2024.12.02-00.53.40:161][  0]LogConfig: Setting CVar [[r.AmbientOcclusionMipLevelFactor:0.4]]
[2024.12.02-00.53.40:161][  0]LogConfig: Setting CVar [[r.AmbientOcclusionMaxQuality:100]]
[2024.12.02-00.53.40:161][  0]LogConfig: Setting CVar [[r.AmbientOcclusionLevels:-1]]
[2024.12.02-00.53.40:162][  0]LogConfig: Setting CVar [[r.AmbientOcclusionRadiusScale:1.0]]
[2024.12.02-00.53.40:162][  0]LogConfig: Setting CVar [[r.DepthOfFieldQuality:2]]
[2024.12.02-00.53.40:162][  0]LogConfig: Setting CVar [[r.RenderTargetPoolMin:400]]
[2024.12.02-00.53.40:165][  0]LogConfig: Setting CVar [[r.LensFlareQuality:2]]
[2024.12.02-00.53.40:165][  0]LogConfig: Setting CVar [[r.SceneColorFringeQuality:1]]
[2024.12.02-00.53.40:166][  0]LogConfig: Setting CVar [[r.EyeAdaptationQuality:2]]
[2024.12.02-00.53.40:166][  0]LogConfig: Setting CVar [[r.BloomQuality:5]]
[2024.12.02-00.53.40:166][  0]LogConfig: Setting CVar [[r.FastBlurThreshold:100]]
[2024.12.02-00.53.40:166][  0]LogConfig: Setting CVar [[r.Upscale.Quality:3]]
[2024.12.02-00.53.40:167][  0]LogConfig: Setting CVar [[r.Tonemapper.GrainQuantization:1]]
[2024.12.02-00.53.40:167][  0]LogConfig: Setting CVar [[r.LightShaftQuality:1]]
[2024.12.02-00.53.40:167][  0]LogConfig: Setting CVar [[r.Filter.SizeScale:1]]
[2024.12.02-00.53.40:168][  0]LogConfig: Setting CVar [[r.Tonemapper.Quality:5]]
[2024.12.02-00.53.40:168][  0]LogConfig: Setting CVar [[r.DOF.Gather.AccumulatorQuality:1        ; higher gathering accumulator quality]]
[2024.12.02-00.53.40:168][  0]LogConfig: Setting CVar [[r.DOF.Gather.PostfilterMethod:1          ; Median3x3 postfilering method]]
[2024.12.02-00.53.40:168][  0]LogConfig: Setting CVar [[r.DOF.Gather.EnableBokehSettings:0       ; no bokeh simulation when gathering]]
[2024.12.02-00.53.40:168][  0]LogConfig: Setting CVar [[r.DOF.Gather.RingCount:4                 ; medium number of samples when gathering]]
[2024.12.02-00.53.40:169][  0]LogConfig: Setting CVar [[r.DOF.Scatter.ForegroundCompositing:1    ; additive foreground scattering]]
[2024.12.02-00.53.40:169][  0]LogConfig: Setting CVar [[r.DOF.Scatter.BackgroundCompositing:2    ; additive background scattering]]
[2024.12.02-00.53.40:169][  0]LogConfig: Setting CVar [[r.DOF.Scatter.EnableBokehSettings:1      ; bokeh simulation when scattering]]
[2024.12.02-00.53.40:169][  0]LogConfig: Setting CVar [[r.DOF.Scatter.MaxSpriteRatio:0.1         ; only a maximum of 10% of scattered bokeh]]
[2024.12.02-00.53.40:170][  0]LogConfig: Setting CVar [[r.DOF.Recombine.Quality:1                ; cheap slight out of focus]]
[2024.12.02-00.53.40:170][  0]LogConfig: Setting CVar [[r.DOF.Recombine.EnableBokehSettings:0    ; no bokeh simulation on slight out of focus]]
[2024.12.02-00.53.40:170][  0]LogConfig: Setting CVar [[r.DOF.TemporalAAQuality:1                ; more stable temporal accumulation]]
[2024.12.02-00.53.40:170][  0]LogConfig: Setting CVar [[r.DOF.Kernel.MaxForegroundRadius:0.025]]
[2024.12.02-00.53.40:170][  0]LogConfig: Setting CVar [[r.DOF.Kernel.MaxBackgroundRadius:0.025]]
[2024.12.02-00.53.40:170][  0]LogConfig: Applying CVar settings from Section [TextureQuality@3] File [D:/Git/GameDevProject/Content/LAB1/LAB1/Saved/Config/Windows/Scalability.ini]
[2024.12.02-00.53.40:170][  0]LogConfig: Setting CVar [[r.Streaming.MipBias:0]]
[2024.12.02-00.53.40:170][  0]LogConfig: Setting CVar [[r.Streaming.AmortizeCPUToGPUCopy:0]]
[2024.12.02-00.53.40:172][  0]LogConfig: Setting CVar [[r.Streaming.MaxNumTexturesToStreamPerFrame:0]]
[2024.12.02-00.53.40:172][  0]LogConfig: Setting CVar [[r.Streaming.Boost:1]]
[2024.12.02-00.53.40:172][  0]LogConfig: Setting CVar [[r.MaxAnisotropy:8]]
[2024.12.02-00.53.40:172][  0]LogConfig: Setting CVar [[r.VT.MaxAnisotropy:8]]
[2024.12.02-00.53.40:172][  0]LogConfig: Setting CVar [[r.Streaming.LimitPoolSizeToVRAM:0]]
[2024.12.02-00.53.40:172][  0]LogConfig: Setting CVar [[r.Streaming.PoolSize:1000]]
[2024.12.02-00.53.40:173][  0]LogConfig: Setting CVar [[r.Streaming.MaxEffectiveScreenSize:0]]
[2024.12.02-00.53.40:173][  0]LogConfig: Applying CVar settings from Section [EffectsQuality@3] File [D:/Git/GameDevProject/Content/LAB1/LAB1/Saved/Config/Windows/Scalability.ini]
[2024.12.02-00.53.40:173][  0]LogConfig: Setting CVar [[r.TranslucencyLightingVolumeDim:64]]
[2024.12.02-00.53.40:173][  0]LogConfig: Setting CVar [[r.RefractionQuality:2]]
[2024.12.02-00.53.40:174][  0]LogConfig: Setting CVar [[r.SSR.Quality:3]]
[2024.12.02-00.53.40:174][  0]LogConfig: Setting CVar [[r.SSR.HalfResSceneColor:0]]
[2024.12.02-00.53.40:174][  0]LogConfig: Setting CVar [[r.SceneColorFormat:4]]
[2024.12.02-00.53.40:174][  0]LogConfig: Setting CVar [[r.DetailMode:2]]
[2024.12.02-00.53.40:174][  0]LogConfig: Setting CVar [[r.TranslucencyVolumeBlur:1]]
[2024.12.02-00.53.40:174][  0]LogConfig: Setting CVar [[r.MaterialQualityLevel:1 ; High quality]]
[2024.12.02-00.53.40:174][  0]LogConfig: Setting CVar [[r.AnisotropicMaterials:1]]
[2024.12.02-00.53.40:175][  0]LogConfig: Setting CVar [[r.SSS.Scale:1]]
[2024.12.02-00.53.40:176][  0]LogConfig: Setting CVar [[r.SSS.SampleSet:2]]
[2024.12.02-00.53.40:176][  0]LogConfig: Setting CVar [[r.SSS.Quality:1]]
[2024.12.02-00.53.40:176][  0]LogConfig: Setting CVar [[r.SSS.HalfRes:0]]
[2024.12.02-00.53.40:176][  0]LogConfig: Setting CVar [[r.SSGI.Quality:3]]
[2024.12.02-00.53.40:176][  0]LogConfig: Setting CVar [[r.EmitterSpawnRateScale:1.0]]
[2024.12.02-00.53.40:177][  0]LogConfig: Setting CVar [[r.ParticleLightQuality:2]]
[2024.12.02-00.53.40:178][  0]LogConfig: Setting CVar [[r.SkyAtmosphere.AerialPerspectiveLUT.FastApplyOnOpaque:1 ; Always have FastSkyLUT 1 in this case to avoid wrong sky]]
[2024.12.02-00.53.40:179][  0]LogConfig: Setting CVar [[r.SkyAtmosphere.AerialPerspectiveLUT.SampleCountMaxPerSlice:4]]
[2024.12.02-00.53.40:182][  0]LogConfig: Setting CVar [[r.SkyAtmosphere.AerialPerspectiveLUT.DepthResolution:16.0]]
[2024.12.02-00.53.40:183][  0]LogConfig: Setting CVar [[r.SkyAtmosphere.FastSkyLUT:1]]
[2024.12.02-00.53.40:183][  0]LogConfig: Setting CVar [[r.SkyAtmosphere.FastSkyLUT.SampleCountMin:4.0]]
[2024.12.02-00.53.40:183][  0]LogConfig: Setting CVar [[r.SkyAtmosphere.FastSkyLUT.SampleCountMax:128.0]]
[2024.12.02-00.53.40:183][  0]LogConfig: Setting CVar [[r.SkyAtmosphere.SampleCountMin:4.0]]
[2024.12.02-00.53.40:183][  0]LogConfig: Setting CVar [[r.SkyAtmosphere.SampleCountMax:128.0]]
[2024.12.02-00.53.40:185][  0]LogConfig: Setting CVar [[r.SkyAtmosphere.TransmittanceLUT.UseSmallFormat:0]]
[2024.12.02-00.53.40:185][  0]LogConfig: Setting CVar [[r.SkyAtmosphere.TransmittanceLUT.SampleCount:10.0]]
[2024.12.02-00.53.40:186][  0]LogConfig: Setting CVar [[r.SkyAtmosphere.MultiScatteringLUT.SampleCount:15.0]]
[2024.12.02-00.53.40:187][  0]LogConfig: Setting CVar [[r.SkyLight.RealTimeReflectionCapture:1]]
[2024.12.02-00.53.40:187][  0]LogConfig: Applying CVar settings from Section [FoliageQuality@3] File [D:/Git/GameDevProject/Content/LAB1/LAB1/Saved/Config/Windows/Scalability.ini]
[2024.12.02-00.53.40:187][  0]LogConfig: Setting CVar [[foliage.DensityScale:1.0]]
[2024.12.02-00.53.40:187][  0]LogConfig: Setting CVar [[grass.DensityScale:1.0]]
[2024.12.02-00.53.40:188][  0]LogConfig: Applying CVar settings from Section [ShadingQuality@3] File [D:/Git/GameDevProject/Content/LAB1/LAB1/Saved/Config/Windows/Scalability.ini]
[2024.12.02-00.53.40:188][  0]LogConfig: Setting CVar [[r.HairStrands.SkyLighting.IntegrationType:2]]
[2024.12.02-00.53.40:188][  0]LogConfig: Setting CVar [[r.HairStrands.SkyAO.SampleCount:4]]
[2024.12.02-00.53.40:188][  0]LogConfig: Setting CVar [[r.HairStrands.Visibility.MSAA.SamplePerPixel:4]]
[2024.12.02-00.53.40:189][  0]LogInit: Selected Device Profile: [Windows]
[2024.12.02-00.53.40:189][  0]LogInit: Applying CVar settings loaded from the selected device profile: [Windows]
[2024.12.02-00.53.40:189][  0]LogHAL: Display: Platform has ~ 24 GB [25463480320 / 34359738368 / 24], which maps to Larger [LargestMinGB=32, LargerMinGB=12, DefaultMinGB=8, SmallerMinGB=6, SmallestMinGB=0)
[2024.12.02-00.53.40:189][  0]LogInit: Going up to parent DeviceProfile []
[2024.12.02-00.53.40:189][  0]LogConfig: Applying CVar settings from Section [ViewDistanceQuality@3] File [D:/Git/GameDevProject/Content/LAB1/LAB1/Saved/Config/Windows/Scalability.ini]
[2024.12.02-00.53.40:190][  0]LogConfig: Setting CVar [[r.SkeletalMeshLODBias:0]]
[2024.12.02-00.53.40:190][  0]LogConfig: Setting CVar [[r.ViewDistanceScale:1.0]]
[2024.12.02-00.53.40:190][  0]LogConfig: Applying CVar settings from Section [AntiAliasingQuality@3] File [D:/Git/GameDevProject/Content/LAB1/LAB1/Saved/Config/Windows/Scalability.ini]
[2024.12.02-00.53.40:190][  0]LogConfig: Setting CVar [[r.PostProcessAAQuality:4]]
[2024.12.02-00.53.40:190][  0]LogConfig: Applying CVar settings from Section [ShadowQuality@3] File [D:/Git/GameDevProject/Content/LAB1/LAB1/Saved/Config/Windows/Scalability.ini]
[2024.12.02-00.53.40:190][  0]LogConfig: Setting CVar [[r.LightFunctionQuality:1]]
[2024.12.02-00.53.40:196][  0]LogConfig: Setting CVar [[r.ShadowQuality:5]]
[2024.12.02-00.53.40:199][  0]LogConfig: Setting CVar [[r.Shadow.CSM.MaxCascades:10]]
[2024.12.02-00.53.40:199][  0]LogConfig: Setting CVar [[r.Shadow.MaxResolution:2048]]
[2024.12.02-00.53.40:199][  0]LogConfig: Setting CVar [[r.Shadow.MaxCSMResolution:2048]]
[2024.12.02-00.53.40:200][  0]LogConfig: Setting CVar [[r.Shadow.RadiusThreshold:0.01]]
[2024.12.02-00.53.40:200][  0]LogConfig: Setting CVar [[r.Shadow.DistanceScale:1.0]]
[2024.12.02-00.53.40:201][  0]LogConfig: Setting CVar [[r.Shadow.CSM.TransitionScale:1.0]]
[2024.12.02-00.53.40:201][  0]LogConfig: Setting CVar [[r.Shadow.PreShadowResolutionFactor:1.0]]
[2024.12.02-00.53.40:202][  0]LogConfig: Setting CVar [[r.DistanceFieldShadowing:1]]
[2024.12.02-00.53.40:202][  0]LogConfig: Setting CVar [[r.DistanceFieldAO:1]]
[2024.12.02-00.53.40:204][  0]LogConfig: Setting CVar [[r.AOQuality:2]]
[2024.12.02-00.53.40:204][  0]LogConfig: Setting CVar [[r.VolumetricFog:1]]
[2024.12.02-00.53.40:204][  0]LogConfig: Setting CVar [[r.VolumetricFog.GridPixelSize:8]]
[2024.12.02-00.53.40:204][  0]LogConfig: Setting CVar [[r.VolumetricFog.GridSizeZ:128]]
[2024.12.02-00.53.40:204][  0]LogConfig: Setting CVar [[r.VolumetricFog.HistoryMissSupersampleCount:4]]
[2024.12.02-00.53.40:206][  0]LogConfig: Setting CVar [[r.LightMaxDrawDistanceScale:1]]
[2024.12.02-00.53.40:206][  0]LogConfig: Setting CVar [[r.CapsuleShadows:1]]
[2024.12.02-00.53.40:206][  0]LogConfig: Applying CVar settings from Section [PostProcessQuality@3] File [D:/Git/GameDevProject/Content/LAB1/LAB1/Saved/Config/Windows/Scalability.ini]
[2024.12.02-00.53.40:206][  0]LogConfig: Setting CVar [[r.MotionBlurQuality:4]]
[2024.12.02-00.53.40:206][  0]LogConfig: Setting CVar [[r.AmbientOcclusionMipLevelFactor:0.4]]
[2024.12.02-00.53.40:207][  0]LogConfig: Setting CVar [[r.AmbientOcclusionMaxQuality:100]]
[2024.12.02-00.53.40:207][  0]LogConfig: Setting CVar [[r.AmbientOcclusionLevels:-1]]
[2024.12.02-00.53.40:207][  0]LogConfig: Setting CVar [[r.AmbientOcclusionRadiusScale:1.0]]
[2024.12.02-00.53.40:207][  0]LogConfig: Setting CVar [[r.DepthOfFieldQuality:2]]
[2024.12.02-00.53.40:207][  0]LogConfig: Setting CVar [[r.RenderTargetPoolMin:400]]
[2024.12.02-00.53.40:208][  0]LogConfig: Setting CVar [[r.LensFlareQuality:2]]
[2024.12.02-00.53.40:208][  0]LogConfig: Setting CVar [[r.SceneColorFringeQuality:1]]
[2024.12.02-00.53.40:208][  0]LogConfig: Setting CVar [[r.EyeAdaptationQuality:2]]
[2024.12.02-00.53.40:208][  0]LogConfig: Setting CVar [[r.BloomQuality:5]]
[2024.12.02-00.53.40:208][  0]LogConfig: Setting CVar [[r.FastBlurThreshold:100]]
[2024.12.02-00.53.40:209][  0]LogConfig: Setting CVar [[r.Upscale.Quality:3]]
[2024.12.02-00.53.40:212][  0]LogConfig: Setting CVar [[r.Tonemapper.GrainQuantization:1]]
[2024.12.02-00.53.40:212][  0]LogConfig: Setting CVar [[r.LightShaftQuality:1]]
[2024.12.02-00.53.40:213][  0]LogConfig: Setting CVar [[r.Filter.SizeScale:1]]
[2024.12.02-00.53.40:213][  0]LogConfig: Setting CVar [[r.Tonemapper.Quality:5]]
[2024.12.02-00.53.40:214][  0]LogConfig: Setting CVar [[r.DOF.Gather.AccumulatorQuality:1        ; higher gathering accumulator quality]]
[2024.12.02-00.53.40:214][  0]LogConfig: Setting CVar [[r.DOF.Gather.PostfilterMethod:1          ; Median3x3 postfilering method]]
[2024.12.02-00.53.40:214][  0]LogConfig: Setting CVar [[r.DOF.Gather.EnableBokehSettings:0       ; no bokeh simulation when gathering]]
[2024.12.02-00.53.40:215][  0]LogConfig: Setting CVar [[r.DOF.Gather.RingCount:4                 ; medium number of samples when gathering]]
[2024.12.02-00.53.40:215][  0]LogConfig: Setting CVar [[r.DOF.Scatter.ForegroundCompositing:1    ; additive foreground scattering]]
[2024.12.02-00.53.40:215][  0]LogConfig: Setting CVar [[r.DOF.Scatter.BackgroundCompositing:2    ; additive background scattering]]
[2024.12.02-00.53.40:215][  0]LogConfig: Setting CVar [[r.DOF.Scatter.EnableBokehSettings:1      ; bokeh simulation when scattering]]
[2024.12.02-00.53.40:215][  0]LogConfig: Setting CVar [[r.DOF.Scatter.MaxSpriteRatio:0.1         ; only a maximum of 10% of scattered bokeh]]
[2024.12.02-00.53.40:215][  0]LogConfig: Setting CVar [[r.DOF.Recombine.Quality:1                ; cheap slight out of focus]]
[2024.12.02-00.53.40:216][  0]LogConfig: Setting CVar [[r.DOF.Recombine.EnableBokehSettings:0    ; no bokeh simulation on slight out of focus]]
[2024.12.02-00.53.40:216][  0]LogConfig: Setting CVar [[r.DOF.TemporalAAQuality:1                ; more stable temporal accumulation]]
[2024.12.02-00.53.40:216][  0]LogConfig: Setting CVar [[r.DOF.Kernel.MaxForegroundRadius:0.025]]
[2024.12.02-00.53.40:216][  0]LogConfig: Setting CVar [[r.DOF.Kernel.MaxBackgroundRadius:0.025]]
[2024.12.02-00.53.40:216][  0]LogConfig: Applying CVar settings from Section [TextureQuality@3] File [D:/Git/GameDevProject/Content/LAB1/LAB1/Saved/Config/Windows/Scalability.ini]
[2024.12.02-00.53.40:217][  0]LogConfig: Setting CVar [[r.Streaming.MipBias:0]]
[2024.12.02-00.53.40:217][  0]LogConfig: Setting CVar [[r.Streaming.AmortizeCPUToGPUCopy:0]]
[2024.12.02-00.53.40:217][  0]LogConfig: Setting CVar [[r.Streaming.MaxNumTexturesToStreamPerFrame:0]]
[2024.12.02-00.53.40:217][  0]LogConfig: Setting CVar [[r.Streaming.Boost:1]]
[2024.12.02-00.53.40:218][  0]LogConfig: Setting CVar [[r.MaxAnisotropy:8]]
[2024.12.02-00.53.40:218][  0]LogConfig: Setting CVar [[r.VT.MaxAnisotropy:8]]
[2024.12.02-00.53.40:218][  0]LogConfig: Setting CVar [[r.Streaming.LimitPoolSizeToVRAM:0]]
[2024.12.02-00.53.40:218][  0]LogConfig: Setting CVar [[r.Streaming.PoolSize:1000]]
[2024.12.02-00.53.40:218][  0]LogConfig: Setting CVar [[r.Streaming.MaxEffectiveScreenSize:0]]
[2024.12.02-00.53.40:219][  0]LogConfig: Applying CVar settings from Section [EffectsQuality@3] File [D:/Git/GameDevProject/Content/LAB1/LAB1/Saved/Config/Windows/Scalability.ini]
[2024.12.02-00.53.40:219][  0]LogConfig: Setting CVar [[r.TranslucencyLightingVolumeDim:64]]
[2024.12.02-00.53.40:219][  0]LogConfig: Setting CVar [[r.RefractionQuality:2]]
[2024.12.02-00.53.40:219][  0]LogConfig: Setting CVar [[r.SSR.Quality:3]]
[2024.12.02-00.53.40:219][  0]LogConfig: Setting CVar [[r.SSR.HalfResSceneColor:0]]
[2024.12.02-00.53.40:220][  0]LogConfig: Setting CVar [[r.SceneColorFormat:4]]
[2024.12.02-00.53.40:220][  0]LogConfig: Setting CVar [[r.DetailMode:2]]
[2024.12.02-00.53.40:220][  0]LogConfig: Setting CVar [[r.TranslucencyVolumeBlur:1]]
[2024.12.02-00.53.40:220][  0]LogConfig: Setting CVar [[r.MaterialQualityLevel:1 ; High quality]]
[2024.12.02-00.53.40:220][  0]LogConfig: Setting CVar [[r.AnisotropicMaterials:1]]
[2024.12.02-00.53.40:220][  0]LogConfig: Setting CVar [[r.SSS.Scale:1]]
[2024.12.02-00.53.40:220][  0]LogConfig: Setting CVar [[r.SSS.SampleSet:2]]
[2024.12.02-00.53.40:220][  0]LogConfig: Setting CVar [[r.SSS.Quality:1]]
[2024.12.02-00.53.40:222][  0]LogConfig: Setting CVar [[r.SSS.HalfRes:0]]
[2024.12.02-00.53.40:222][  0]LogConfig: Setting CVar [[r.SSGI.Quality:3]]
[2024.12.02-00.53.40:222][  0]LogConfig: Setting CVar [[r.EmitterSpawnRateScale:1.0]]
[2024.12.02-00.53.40:222][  0]LogConfig: Setting CVar [[r.ParticleLightQuality:2]]
[2024.12.02-00.53.40:222][  0]LogConfig: Setting CVar [[r.SkyAtmosphere.AerialPerspectiveLUT.FastApplyOnOpaque:1 ; Always have FastSkyLUT 1 in this case to avoid wrong sky]]
[2024.12.02-00.53.40:223][  0]LogConfig: Setting CVar [[r.SkyAtmosphere.AerialPerspectiveLUT.SampleCountMaxPerSlice:4]]
[2024.12.02-00.53.40:223][  0]LogConfig: Setting CVar [[r.SkyAtmosphere.AerialPerspectiveLUT.DepthResolution:16.0]]
[2024.12.02-00.53.40:223][  0]LogConfig: Setting CVar [[r.SkyAtmosphere.FastSkyLUT:1]]
[2024.12.02-00.53.40:223][  0]LogConfig: Setting CVar [[r.SkyAtmosphere.FastSkyLUT.SampleCountMin:4.0]]
[2024.12.02-00.53.40:224][  0]LogConfig: Setting CVar [[r.SkyAtmosphere.FastSkyLUT.SampleCountMax:128.0]]
[2024.12.02-00.53.40:227][  0]LogConfig: Setting CVar [[r.SkyAtmosphere.SampleCountMin:4.0]]
[2024.12.02-00.53.40:227][  0]LogConfig: Setting CVar [[r.SkyAtmosphere.SampleCountMax:128.0]]
[2024.12.02-00.53.40:227][  0]LogConfig: Setting CVar [[r.SkyAtmosphere.TransmittanceLUT.UseSmallFormat:0]]
[2024.12.02-00.53.40:228][  0]LogConfig: Setting CVar [[r.SkyAtmosphere.TransmittanceLUT.SampleCount:10.0]]
[2024.12.02-00.53.40:228][  0]LogConfig: Setting CVar [[r.SkyAtmosphere.MultiScatteringLUT.SampleCount:15.0]]
[2024.12.02-00.53.40:228][  0]LogConfig: Setting CVar [[r.SkyLight.RealTimeReflectionCapture:1]]
[2024.12.02-00.53.40:228][  0]LogConfig: Applying CVar settings from Section [FoliageQuality@3] File [D:/Git/GameDevProject/Content/LAB1/LAB1/Saved/Config/Windows/Scalability.ini]
[2024.12.02-00.53.40:229][  0]LogConfig: Setting CVar [[foliage.DensityScale:1.0]]
[2024.12.02-00.53.40:229][  0]LogConfig: Setting CVar [[grass.DensityScale:1.0]]
[2024.12.02-00.53.40:229][  0]LogConfig: Applying CVar settings from Section [ShadingQuality@3] File [D:/Git/GameDevProject/Content/LAB1/LAB1/Saved/Config/Windows/Scalability.ini]
[2024.12.02-00.53.40:229][  0]LogConfig: Setting CVar [[r.HairStrands.SkyLighting.IntegrationType:2]]
[2024.12.02-00.53.40:229][  0]LogConfig: Setting CVar [[r.HairStrands.SkyAO.SampleCount:4]]
[2024.12.02-00.53.40:230][  0]LogConfig: Setting CVar [[r.HairStrands.Visibility.MSAA.SamplePerPixel:4]]
[2024.12.02-00.53.40:230][  0]LogConfig: Applying CVar settings from Section [Startup] File [../../../Engine/Config/ConsoleVariables.ini]
[2024.12.02-00.53.40:230][  0]LogConfig: Setting CVar [[net.UseAdaptiveNetUpdateFrequency:0]]
[2024.12.02-00.53.40:230][  0]LogConfig: Setting CVar [[p.chaos.AllowCreatePhysxBodies:1]]
[2024.12.02-00.53.40:231][  0]LogConfig: Setting CVar [[fx.SkipVectorVMBackendOptimizations:1]]
[2024.12.02-00.53.40:231][  0]LogConfig: Applying CVar settings from Section [ConsoleVariables] File [D:/Git/GameDevProject/Content/LAB1/LAB1/Saved/Config/Windows/Engine.ini]
[2024.12.02-00.53.40:231][  0]LogConfig: Applying CVar settings from Section [ConsoleVariables] File [D:/Git/GameDevProject/Content/LAB1/LAB1/Saved/Config/Windows/Editor.ini]
[2024.12.02-00.53.40:231][  0]LogInit: Computer: DESKTOP-OQ7SUMD
[2024.12.02-00.53.40:231][  0]LogInit: User: SerTitan
[2024.12.02-00.53.40:232][  0]LogInit: CPU Page size=4096, Cores=14
[2024.12.02-00.53.40:232][  0]LogInit: High frequency timer resolution =10.000000 MHz
[2024.12.02-00.53.40:232][  0]LogMemory: Memory total: Physical=23.7GB (24GB approx)
[2024.12.02-00.53.40:232][  0]LogMemory: Platform Memory Stats for Windows
[2024.12.02-00.53.40:232][  0]LogMemory: Process Physical Memory: 140.19 MB used, 140.19 MB peak
[2024.12.02-00.53.40:232][  0]LogMemory: Process Virtual Memory: 122.09 MB used, 122.09 MB peak
[2024.12.02-00.53.40:232][  0]LogMemory: Physical Memory: 16318.45 MB used,  7965.42 MB free, 24283.87 MB total
[2024.12.02-00.53.40:232][  0]LogMemory: Virtual Memory: 134212984.00 MB used,  4744.18 MB free, 134217728.00 MB total
[2024.12.02-00.53.40:236][  0]LogWindows: WindowsPlatformFeatures disabled or dedicated server build
[2024.12.02-00.53.40:258][  0]LogInit: Physics initialised using underlying interface: PhysX
[2024.12.02-00.53.40:258][  0]LogInit: Using OS detected language (ru-RU).
[2024.12.02-00.53.40:258][  0]LogInit: Using OS detected locale (ru-RU).
[2024.12.02-00.53.40:259][  0]LogTextLocalizationManager: No specific localization for 'ru-RU' exists, so the 'ru' localization will be used.
[2024.12.02-00.53.40:260][  0]LogTextLocalizationResource: LocRes '../../../Engine/Content/Localization/Editor/ru/Editor.locres' could not be opened for reading!
[2024.12.02-00.53.40:261][  0]LogTextLocalizationResource: LocRes '../../../Engine/Content/Localization/EditorTutorials/ru/EditorTutorials.locres' could not be opened for reading!
[2024.12.02-00.53.40:261][  0]LogTextLocalizationResource: LocRes '../../../Engine/Content/Localization/Keywords/ru/Keywords.locres' could not be opened for reading!
[2024.12.02-00.53.40:261][  0]LogTextLocalizationResource: LocRes '../../../Engine/Content/Localization/Category/ru/Category.locres' could not be opened for reading!
[2024.12.02-00.53.40:261][  0]LogTextLocalizationResource: LocRes '../../../Engine/Content/Localization/ToolTips/ru/ToolTips.locres' could not be opened for reading!
[2024.12.02-00.53.40:261][  0]LogTextLocalizationResource: LocRes '../../../Engine/Content/Localization/PropertyNames/ru/PropertyNames.locres' could not be opened for reading!
[2024.12.02-00.53.40:261][  0]LogTextLocalizationResource: LocRes '../../../Engine/Content/Localization/Engine/ru/Engine.locres' could not be opened for reading!
[2024.12.02-00.53.40:444][  0]LogTargetPlatformManager: Display: Loaded TargetPlatform 'WindowsNoEditor'
[2024.12.02-00.53.40:446][  0]LogTargetPlatformManager: Display: Loaded TargetPlatform 'Windows'
[2024.12.02-00.53.40:447][  0]LogTargetPlatformManager: Display: Loaded TargetPlatform 'WindowsClient'
[2024.12.02-00.53.40:449][  0]LogTargetPlatformManager: Display: Loaded TargetPlatform 'WindowsServer'
[2024.12.02-00.53.40:449][  0]LogTargetPlatformManager: Display: Building Assets For Windows
[2024.12.02-00.53.40:452][  0]LogAudioDebug: Display: Lib vorbis DLL was dynamically loaded.
[2024.12.02-00.53.40:460][  0]LogTextureFormatOodle: Display: Oodle Texture 2.9.0 init RDO Off
[2024.12.02-00.53.40:469][  0]LogRendererCore: Ray tracing is disabled. Reason: r.RayTracing=0.
[2024.12.02-00.53.40:469][  0]LogShaderCompilers: Guid format shader working directory is -2 characters bigger than the processId version (../../../../../Git/GameDevProject/Content/LAB1/LAB1/Intermediate/Shaders/WorkingDirectory/1752/).
[2024.12.02-00.53.40:470][  0]LogShaderCompilers: Cleaned the shader compiler working directory 'C:/Users/SerTitan/AppData/Local/Temp/UnrealShaderWorkingDir/D1A667094206ECB966329B90A2177B1C/'.
[2024.12.02-00.53.40:470][  0]LogXGEController: Cannot use XGE Controller as Incredibuild is not installed on this machine.
[2024.12.02-00.53.40:470][  0]LogShaderCompilers: Cannot use XGE Shader Compiler as Incredibuild is not installed on this machine.
[2024.12.02-00.53.40:470][  0]LogShaderCompilers: Display: Using Local Shader Compiler.
[2024.12.02-00.53.40:860][  0]LogDerivedDataCache: Display: Max Cache Size: 512 MB
[2024.12.02-00.53.40:910][  0]LogDerivedDataCache: Loaded boot cache 0.05s 94MB C:/Users/SerTitan/AppData/Local/UnrealEngine/4.27/DerivedDataCache/Boot.ddc.
[2024.12.02-00.53.40:910][  0]LogDerivedDataCache: Display: Loaded Boot cache: C:/Users/SerTitan/AppData/Local/UnrealEngine/4.27/DerivedDataCache/Boot.ddc
[2024.12.02-00.53.40:910][  0]LogDerivedDataCache: FDerivedDataBackendGraph:  Pak pak cache file ../../../../../Git/GameDevProject/Content/LAB1/LAB1/DerivedDataCache/DDC.ddp not found, will not use a pak cache.
[2024.12.02-00.53.40:910][  0]LogDerivedDataCache: Unable to find inner node Pak for hierarchical cache Hierarchy.
[2024.12.02-00.53.40:911][  0]LogDerivedDataCache: FDerivedDataBackendGraph:  CompressedPak pak cache file ../../../../../Git/GameDevProject/Content/LAB1/LAB1/DerivedDataCache/Compressed.ddp not found, will not use a pak cache.
[2024.12.02-00.53.40:911][  0]LogDerivedDataCache: Unable to find inner node CompressedPak for hierarchical cache Hierarchy.
[2024.12.02-00.53.40:924][  0]LogDerivedDataCache: Display: Pak cache opened for reading ../../../Engine/DerivedDataCache/Compressed.ddp.
[2024.12.02-00.53.40:924][  0]LogDerivedDataCache: FDerivedDataBackendGraph:  EnterprisePak pak cache file ../../../Enterprise/DerivedDataCache/Compressed.ddp not found, will not use a pak cache.
[2024.12.02-00.53.40:925][  0]LogDerivedDataCache: Unable to find inner node EnterprisePak for hierarchical cache Hierarchy.
[2024.12.02-00.53.40:934][  0]LogDerivedDataCache: Speed tests for C:/Users/SerTitan/AppData/Local/UnrealEngine/Common/DerivedDataCache took 0.01 seconds
[2024.12.02-00.53.40:935][  0]LogDerivedDataCache: Display: Performance to C:/Users/SerTitan/AppData/Local/UnrealEngine/Common/DerivedDataCache: Latency=0.02ms. RandomReadSpeed=1758.44MBs, RandomWriteSpeed=128.64MBs. Assigned SpeedClass 'Local'
[2024.12.02-00.53.40:936][  0]LogDerivedDataCache: Using Local data cache path C:/Users/SerTitan/AppData/Local/UnrealEngine/Common/DerivedDataCache: Writable
[2024.12.02-00.53.40:936][  0]LogDerivedDataCache: Shared data cache path not found in *engine.ini, will not use an Shared cache.
[2024.12.02-00.53.40:936][  0]LogDerivedDataCache: Unable to find inner node Shared for hierarchical cache Hierarchy.
[2024.12.02-00.53.40:939][  0]LogInit: Using OS detected language (ru-RU).
[2024.12.02-00.53.40:939][  0]LogInit: Using OS detected locale (ru-RU).
[2024.12.02-00.53.40:940][  0]LogTextLocalizationManager: No localization for 'ru-RU' exists, so 'en' will be used for the language.
[2024.12.02-00.53.40:940][  0]LogTextLocalizationManager: No localization for 'ru-RU' exists, so 'en' will be used for the locale.
[2024.12.02-00.53.40:942][  0]LogAssetRegistry: FAssetRegistry took 0.0012 seconds to start up
[2024.12.02-00.53.41:060][  0]LogTextLocalizationManager: Compacting localization data took   0.01ms
[2024.12.02-00.53.41:060][  0]LogPackageLocalizationCache: Processed 27 localized package path(s) for 1 prioritized culture(s) in 0.000621 seconds
[2024.12.02-00.53.41:112][  0]LogInit: Selected Device Profile: [Windows]
[2024.12.02-00.53.41:112][  0]LogInit: Active device profile: [0000020C55228F00][0000020C4BFD28C0 49] Windows
[2024.12.02-00.53.41:112][  0]LogInit: Profiles: [0000020C55228F00][0000020C4BFD28C0 49] Windows, [0000020C5520A500][0000020C50F18B80 49] WindowsNoEditor, [0000020C55228500][0000020C50F1CE40 49] WindowsServer, [0000020C5520BF00][0000020C50F21100 49] WindowsClient, [0000020C55228B00][0000020C50F253C0 49] IOS, [0000020C55208900][0000020C50F29680 49] iPadAir, [0000020C55228800][0000020C50F2D940 49] iPadAir2, [0000020C551B0500][0000020C50F422C0 49] IPadPro, [0000020C551B0600][0000020C50F30300 49] iPadAir3, [0000020C55288F00][0000020C4BFD6580 49] iPadAir4, [0000020C551B3900][0000020C50F3A840 49] iPadMini2, [0000020C5522B600][0000020C50F4CB00 49] iPadMini3, [0000020C551B3F00][0000020C50F50DC0 49] iPadMini4, [0000020C5522B400][0000020C50F55080 49] iPadMini5, [0000020C551E1400][0000020C50F695C0 49] iPhone6, [0000020C551E1500][0000020C50F59600 49] iPodTouch6, [0000020C5523A100][0000020C50F71B40 49] iPhone7, [0000020C5523A200][0000020C50F61B80 49] iPodTouch7, [0000020C551E2400][0000020C50F642C0 49] iPhone5S, [0000020C5523B200][0000020C50F3E540 49] iPhone6Plus, [0000020C551E2200][0000020C50F5C7C0 49] iPhone6S, [0000020C5523AD00][0000020C50F74A80 49] iPhone6SPlus, [0000020C551E0100][0000020C50F78D40 49] iPhone7Plus, [0000020C55238100][0000020C50F7D000 49] iPhoneSE, [0000020C551E2A00][0000020C50F812C0 49] iPhone8, [0000020C5523B700][0000020C50F85580 49] iPhone8Plus, [0000020C551E2700][0000020C50F89840 49] iPhoneX, [0000020C5523A300][0000020C50F8DB00 49] iPhoneXS, [0000020C551E3A00][0000020C553B0240 49] iPhoneXSMax, [0000020C55239800][0000020C553B4500 49] iPhoneXR, [0000020C551E1800][0000020C50F6C780 49] iPhone11, [0000020C5523AC00][0000020C553B8A00 49] iPhone11Pro, [0000020C551E3C00][0000020C553C0CC0 49] iPhone11ProMax, [0000020C55239600][0000020C553C4F80 49] iPhoneSE2, [0000020C551E1100][0000020C553C9240 49] iPhone12Mini, [0000020C55239200][0000020C553CD500 49] iPhone12, [0000020C551E3E00][0000020C553D17C0 49] iPhone12Pro, [0000020C55239400][0000020C553D5A80 49] iPhone12ProMax, [0000020C551E1300][0000020C553D81C0 49] iPadPro105, [0000020C55238F00][0000020C553DC480 49] iPadPro129, [0000020C551E3800][0000020C553E0740 49] iPadPro97, [0000020C55239F00][0000020C553BC9C0 49] iPadPro2_129, [0000020C551E3B00][0000020C553E4C40 49] iPad5, [0000020C55239000][0000020C553ECF00 49] iPad6, [0000020C551E3100][0000020C553F11C0 49] iPad7, [0000020C55239D00][0000020C553F5480 49] iPad8, [0000020C551E0900][0000020C553F9740 49] iPadPro11, [0000020C55239B00][0000020C553FDA00 49] iPadPro2_11, [0000020C551E0A00][0000020C55400140 49] iPadPro3_129, [0000020C5523B000][0000020C55404400 49] iPadPro4_129, [0000020C551E3000][0000020C554086C0 49] AppleTV, [0000020C55239300][0000020C5540C980 49] AppleTV4K, [0000020C551E3400][0000020C553E8C00 49] TVOS, [0000020C55239500][0000020C55414EC0 49] Mac, [0000020C551E1200][0000020C55419180 49] MacClient, [0000020C5523BD00][0000020C5541D440 49] MacNoEditor, [0000020C551E3500][0000020C55421700 49] MacServer, [0000020C551B1300][0000020C554259C0 49] Linux, [0000020C55208E00][0000020C55428100 49] LinuxAArch64, [0000020C551B2400][0000020C5542C3C0 49] LinuxNoEditor, [0000020C5520AC00][0000020C55430680 49] LinuxAArch64NoEditor, [0000020C551B0900][0000020C55434940 49] LinuxClient, [0000020C5520A200][0000020C55410BC0 49] LinuxAArch64Client, [0000020C551B3200][0000020C55438E40 49] LinuxServer, [0000020C5520A800][0000020C55441100 49] LinuxAArch64Server, [0000020C551B2B00][0000020C554453C0 49] Android, [0000020C55209700][0000020C55449680 49] Android_Low, [0000020C551B1000][0000020C5544D940 49] Android_Mid, [0000020C55208400][0000020C55451C00 49] Android_High, [0000020C551B3C00][0000020C55454340 49] Android_Default, [0000020C55209000][0000020C55458600 49] Android_Adreno4xx, [0000020C551B3000][0000020C5545C8C0 49] Android_Adreno5xx_Low, [0000020C55209600][0000020C55460B80 49] Android_Adreno5xx, [0000020C551B0300][0000020C5543CE00 49] Android_Adreno6xx, [0000020C5520A000][0000020C55465080 49] Android_Adreno6xx_Vulkan, [0000020C551B0700][0000020C5546D340 49] Android_Mali_T6xx, [0000020C55209F00][0000020C55471600 49] Android_Mali_T7xx, [0000020C551B2800][0000020C554758C0 49] Android_Mali_T8xx, [0000020C551E1900][0000020C55479B80 49] Android_Mali_G71, [0000020C551B3400][0000020C5547C2C0 49] Android_Mali_G72, [0000020C551E1B00][0000020C55480580 49] Android_Mali_G72_Vulkan, [0000020C551B2600][0000020C55484840 49] Android_Mali_G76, [0000020C551E0700][0000020C55488B00 49] Android_Mali_G76_Vulkan, [0000020C551B3E00][0000020C5548CDC0 49] Android_Mali_G77, [0000020C551E1A00][0000020C55469040 49] Android_Mali_G77_Vulkan, [0000020C551B2D00][0000020C554912C0 49] Android_Mali_G78, [0000020C551E3700][0000020C55499580 49] Android_Mali_G78_Vulkan, [0000020C551B1900][0000020C5549D840 49] Android_Mali_G710, [0000020C551E2B00][0000020C554A1B00 49] Android_Mali_G710_Vulkan, [0000020C551B0100][0000020C554A4240 49] Android_Vulkan_SM5, [0000020C551E2D00][0000020C554A8500 49] Android_PowerVR_G6xxx, [0000020C551B0D00][0000020C554AC7C0 49] Android_PowerVR_GT7xxx, [0000020C551E2300][0000020C554B0A80 49] Android_PowerVR_GE8xxx, [0000020C551B3600][0000020C554B4D40 49] Android_PowerVR_GM9xxx, [0000020C551E1600][0000020C554B9000 49] Android_PowerVR_GM9xxx_Vulkan, [0000020C551B0E00][0000020C55495280 49] Android_TegraK1, [0000020C551E1700][0000020C554BD500 49] Android_Unknown_Vulkan, [0000020C551B1C00][0000020C554C57C0 49] Lumin, [0000020C551E3600][0000020C554C9A80 49] Lumin_Desktop, [0000020C551B1800][0000020C554CC1C0 49] HoloLens, 
[2024.12.02-00.53.41:141][  0]LogMeshReduction: Using QuadricMeshReduction for automatic static mesh reduction
[2024.12.02-00.53.41:141][  0]LogMeshReduction: Using SimplygonMeshReduction for automatic skeletal mesh reduction
[2024.12.02-00.53.41:141][  0]LogMeshReduction: Using ProxyLODMeshReduction for automatic mesh merging
[2024.12.02-00.53.41:141][  0]LogMeshReduction: No distributed automatic mesh merging module available
[2024.12.02-00.53.41:142][  0]LogMeshMerging: No distributed automatic mesh merging module available
[2024.12.02-00.53.41:152][  0]LogNetVersion: LAB1 1.0.0, NetCL: 17155196, EngineNetVer: 17, GameNetVer: 0 (Checksum: 1850865669)
[2024.12.02-00.53.41:218][  0]LogTexture: Default maximum texture size for cubemaps generated from long-lat sources has been changed from 512 to unlimited. In order to preserve old behaiour for '/Engine/MapTemplates/Sky/DaylightAmbientCubemap.DaylightAmbientCubemap', its maximum texture size has been explicitly set to 512.
[2024.12.02-00.53.41:228][  0]LogHMD: PokeAHoleMaterial loaded successfully
[2024.12.02-00.53.41:337][  0]LogPython: Using Python 3.7.7
[2024.12.02-00.53.41:666][  0]LogNiagaraDebuggerClient: Niagara Debugger Client Initialized | Session: 523403A0428AF7242EF205909D1F3774 | Instance: 2F7295DE4922B4364100FC9BCA2B3672 (DESKTOP-OQ7SUMD-1752).
[2024.12.02-00.53.41:682][  0]LogCollectionManager: Loaded 0 collections in 0.000475 seconds
[2024.12.02-00.53.41:685][  0]LogFileCache: Scanning file cache for directory 'D:/Git/GameDevProject/Content/LAB1/LAB1/Saved/Collections/' took 0.00s
[2024.12.02-00.53.41:686][  0]LogFileCache: Scanning file cache for directory 'D:/Git/GameDevProject/Content/LAB1/LAB1/Content/Developers/SerTitan/Collections/' took 0.00s
[2024.12.02-00.53.41:686][  0]LogFileCache: Scanning file cache for directory 'D:/Git/GameDevProject/Content/LAB1/LAB1/Content/Collections/' took 0.00s
[2024.12.02-00.53.41:686][  0]LogCollectionManager: Fixed up redirectors for 0 collections in 0.000001 seconds (updated 0 objects)
[2024.12.02-00.53.41:909][  0]LogTcpMessaging: Initializing TcpMessaging bridge
[2024.12.02-00.53.41:933][  0]LogUdpMessaging: Initializing bridge on interface 0.0.0.0:0 to multicast group 230.0.0.1:6666.
[2024.12.02-00.53.42:471][  0]SourceControl: Source control is disabled
[2024.12.02-00.53.42:472][  0]SourceControl: Source control is disabled
[2024.12.02-00.53.42:494][  0]SourceControl: Source control is disabled
[2024.12.02-00.53.42:518][  0]LogUProjectInfo: Found projects:
[2024.12.02-00.53.42:571][  0]LogVSAccessor: Display: Unable to create Visual Studio setup instance: 80040154
[2024.12.02-00.53.42:572][  0]LogVSAccessor: Display: Unable to create Visual Studio setup instance: 80040154
[2024.12.02-00.53.42:572][  0]LogVSAccessor: Display: Unable to create Visual Studio setup instance: 80040154
[2024.12.02-00.53.42:920][  0]LogOpenImageDenoise: OIDN starting up
[2024.12.02-00.53.43:137][  0]LogAndroidPermission: UAndroidPermissionCallbackProxy::GetInstance
[2024.12.02-00.53.43:280][  0]LogAudioCaptureCore: Display: No Audio Capture implementations found. Audio input will be silent.
[2024.12.02-00.53.43:281][  0]LogAudioCaptureCore: Display: No Audio Capture implementations found. Audio input will be silent.
[2024.12.02-00.53.43:552][  0]LogOcInput: OculusInput pre-init called
[2024.12.02-00.53.43:559][  0]LogUObjectArray: 21886 objects as part of root set at end of initial load.
[2024.12.02-00.53.43:559][  0]LogUObjectAllocator: 5893904 out of 0 bytes used by permanent object pool.
[2024.12.02-00.53.43:560][  0]LogUObjectArray: CloseDisregardForGC: 0/0 objects in disregard for GC pool
[2024.12.02-00.53.43:654][  0]LogEngine: Initializing Engine...
[2024.12.02-00.53.43:656][  0]LogStats: UGameplayTagsManager::InitializeManager -  0.000 s
[2024.12.02-00.53.43:804][  0]LogInit: Initializing FReadOnlyCVARCache
[2024.12.02-00.53.43:805][  0]LogNetVersion: Set ProjectVersion to 1.0.0.0. Version Checksum will be recalculated on next use.
[2024.12.02-00.53.43:808][  0]LogInit: Texture streaming: Disabled
[2024.12.02-00.53.44:018][  0]LogInit: Display: Game Engine Initialized.
[2024.12.02-00.53.44:018][  0]LogNiagaraEditor: GEditor isn't valid! Particle reset commands will not work for Niagara components!
[2024.12.02-00.53.44:325][  0]LogInit: Display: Starting Game.
[2024.12.02-00.53.44:325][  0]LogNet: Browse: /Game/ThirdPersonBP/Maps/ThirdPersonExampleMap?Name=Player
[2024.12.02-00.53.44:328][  0]LogLoad: LoadMap: /Game/ThirdPersonBP/Maps/ThirdPersonExampleMap?Name=Player
[2024.12.02-00.53.44:329][  0]LogWorld: BeginTearingDown for /Temp/Untitled_0
[2024.12.02-00.53.44:332][  0]LogWorld: UWorld::CleanupWorld for Untitled, bSessionEnded=true, bCleanupResources=true
[2024.12.02-00.53.44:337][  0]LogUObjectHash: Compacting FUObjectHashTables data took   0.55ms
[2024.12.02-00.53.44:915][  0]LogAIModule: Creating AISystem for world ThirdPersonExampleMap
[2024.12.02-00.53.44:916][  0]LogLoad: Game class is 'MyGameMode_C'
[2024.12.02-00.53.44:916][  0]LogNet: ReplicationDriverClass is null! Not using ReplicationDriver.
[2024.12.02-00.53.44:917][  0]LogNetCore: DDoS detection status: detection enabled: 0 analytics enabled: 0
[2024.12.02-00.53.44:917][  0]LogInit: WinSock: Socket queue. Rx: 131072 (config 131072) Tx: 131072 (config 131072)
[2024.12.02-00.53.44:917][  0]LogNet: Created socket for bind address: 0.0.0.0 on port 17777
[2024.12.02-00.53.44:918][  0]PacketHandlerLog: Loaded PacketHandler component: Engine.EngineHandlerComponentFactory (StatelessConnectHandlerComponent)
[2024.12.02-00.53.44:918][  0]LogNet: GameNetDriver IpNetDriver_0 IpNetDriver listening on port 17777
[2024.12.02-00.53.44:922][  0]LogWorld: Bringing World /Game/ThirdPersonBP/Maps/ThirdPersonExampleMap.ThirdPersonExampleMap up for play (max tick rate 30) at 2024.12.02-03.53.44
[2024.12.02-00.53.44:923][  0]LogWorld: Bringing up level for play took: 0.003943
[2024.12.02-00.53.44:924][  0]LogLoad: Took 0.595894 seconds to LoadMap(/Game/ThirdPersonBP/Maps/ThirdPersonExampleMap)
[2024.12.02-00.53.44:929][  0]LogInit: Display: Engine is initialized. Leaving FEngineLoop::Init()
[2024.12.02-00.53.44:931][  0]LogLoad: (Engine Initialization) Total time: 5.90 seconds
[2024.12.02-00.53.44:932][  0]LogLoad: (Engine Initialization) Total Blueprint compile time: 0.00 seconds
[2024.12.02-00.53.45:398][ 13]LogNet: NotifyAcceptingConnection accepted from: 127.0.0.1:55994
[2024.12.02-00.53.45:398][ 13]LogHandshake: SendConnectChallenge. Timestamp: 0.465395, Cookie: 079209246063240043131078201202207073077150247122108022057067
[2024.12.02-00.53.45:431][ 14]LogNet: NotifyAcceptingConnection accepted from: 127.0.0.1:55994
[2024.12.02-00.53.45:431][ 14]LogHandshake: SendChallengeAck. InCookie: 079209246063240043131078201202207073077150247122108022057067
[2024.12.02-00.53.45:431][ 14]LogNet: Server accepting post-challenge connection from: 127.0.0.1:55994
[2024.12.02-00.53.45:432][ 14]PacketHandlerLog: Loaded PacketHandler component: Engine.EngineHandlerComponentFactory (StatelessConnectHandlerComponent)
[2024.12.02-00.53.45:432][ 14]LogNet: NotifyAcceptedConnection: Name: ThirdPersonExampleMap, TimeStamp: 12/02/24 03:53:45, [UNetConnection] RemoteAddr: 127.0.0.1:55994, Name: IpConnection_0, Driver: GameNetDriver IpNetDriver_0, IsServer: YES, PC: NULL, Owner: NULL, UniqueId: INVALID
[2024.12.02-00.53.45:432][ 14]LogNet: AddClientConnection: Added client connection: [UNetConnection] RemoteAddr: 127.0.0.1:55994, Name: IpConnection_0, Driver: GameNetDriver IpNetDriver_0, IsServer: YES, PC: NULL, Owner: NULL, UniqueId: INVALID
[2024.12.02-00.53.45:464][ 15]LogNet: NotifyAcceptingChannel Control 0 server World /Game/ThirdPersonBP/Maps/ThirdPersonExampleMap.ThirdPersonExampleMap: Accepted
[2024.12.02-00.53.45:464][ 15]LogNet: Remote platform little endian=1
[2024.12.02-00.53.45:464][ 15]LogNet: This platform little endian=1
[2024.12.02-00.53.45:464][ 15]LogNetVersion: LAB1 1.0.0.0, NetCL: 17155196, EngineNetVer: 17, GameNetVer: 0 (Checksum: 3646203524)
[2024.12.02-00.53.45:497][ 16]LogNet: Login request: ?Name=DESKTOP-OQ7SUMD-B79E1B9945BE00FEFDE224B731542FA0 userId: NULL:DESKTOP-OQ7SUMD-B79E1B9945BE00FEFDE224B731542FA0 platform: NULL
[2024.12.02-00.53.45:699][ 22]LogNet: Client netspeed is 100000
[2024.12.02-00.53.45:699][ 22]LogNet: Join request: /Engine/Maps/Entry?Name=DESKTOP-OQ7SUMD-B79E1B9945BE00FEFDE224B731542FA0?SplitscreenCount=1
[2024.12.02-00.53.45:699][ 22]LogOnlineSession: Warning: OSS: No game present to join for session (GameSession)
[2024.12.02-00.53.45:701][ 22]LogNet: Join succeeded: DESKTOP-OQ7SUMD-B79E
[2024.12.02-00.53.51:674][201]LogNet: UChannel::ReceivedSequencedBunch: Bunch.bClose == true. ChIndex == 0. Calling ConditionalCleanUp.
[2024.12.02-00.53.51:675][201]LogNet: UChannel::CleanUp: ChIndex == 0. Closing connection. [UChannel] ChIndex: 0, Closing: 0 [UNetConnection] RemoteAddr: 127.0.0.1:55994, Name: IpConnection_0, Driver: GameNetDriver IpNetDriver_0, IsServer: YES, PC: MyPlayerController_C_0, Owner: MyPlayerController_C_0, UniqueId: NULL:DESKTOP-OQ7SUMD-B79E1B9945BE00FEFDE224B731542FA0
[2024.12.02-00.53.51:675][201]LogNet: UNetConnection::Close: [UNetConnection] RemoteAddr: 127.0.0.1:55994, Name: IpConnection_0, Driver: GameNetDriver IpNetDriver_0, IsServer: YES, PC: MyPlayerController_C_0, Owner: MyPlayerController_C_0, UniqueId: NULL:DESKTOP-OQ7SUMD-B79E1B9945BE00FEFDE224B731542FA0, Channels: 12, Time: 2024.12.02-00.53.51
[2024.12.02-00.53.51:676][201]LogNet: UChannel::Close: Sending CloseBunch. ChIndex == 0. Name: [UChannel] ChIndex: 0, Closing: 0 [UNetConnection] RemoteAddr: 127.0.0.1:55994, Name: IpConnection_0, Driver: GameNetDriver IpNetDriver_0, IsServer: YES, PC: MyPlayerController_C_0, Owner: MyPlayerController_C_0, UniqueId: NULL:DESKTOP-OQ7SUMD-B79E1B9945BE00FEFDE224B731542FA0
[2024.12.02-00.53.51:677][201]LogOnlineSession: Warning: OSS: No game present to leave for session (GameSession)
