Log file open, 12/02/24 03:57:23
LogWindows: Failed to load 'aqProf.dll' (GetLastError=126)
LogWindows: File 'aqProf.dll' does not exist
LogWindows: Failed to load 'VtuneApi.dll' (GetLastError=126)
LogWindows: File 'VtuneApi.dll' does not exist
LogWindows: Failed to load 'VtuneApi32e.dll' (GetLastError=126)
LogWindows: File 'VtuneApi32e.dll' does not exist
LogConsoleResponse: Display: Failed to find resolution value strings in scalability ini. Falling back to default.
LogConsoleResponse: Display: Failed to find resolution value strings in scalability ini. Falling back to default.
LogInit: Display: Running engine for game: LAB1
LogPlatformFile: Not using cached read wrapper
LogTaskGraph: Started task graph with 5 named threads and 17 total threads with 3 sets of task threads.
LogStats: Stats thread started at 0.193335
LogICUInternationalization: ICU TimeZone Detection - Raw Offset: +3:00, Platform Override: ''
LogInit: Display: Loading text-based GConfig....
LogPluginManager: Mounting plugin MeshPainting
LogPluginManager: Mounting plugin XGEController
LogPluginManager: Mounting plugin Paper2D
LogPluginManager: Mounting plugin AISupport
LogPluginManager: Mounting plugin EnvironmentQueryEditor
LogPluginManager: Mounting plugin LiveLink
LogPluginManager: Mounting plugin LightPropagationVolume
LogPluginManager: Mounting plugin CameraShakePreviewer
LogPluginManager: Mounting plugin GameplayCameras
LogPluginManager: Mounting plugin OodleData
LogPluginManager: Mounting plugin OodleNetwork
LogPluginManager: Mounting plugin AnimationSharing
LogPluginManager: Mounting plugin CLionSourceCodeAccess
LogPluginManager: Mounting plugin CodeLiteSourceCodeAccess
LogPluginManager: Mounting plugin GitSourceControl
LogPluginManager: Mounting plugin KDevelopSourceCodeAccess
LogPluginManager: Mounting plugin NullSourceCodeAccess
LogPluginManager: Mounting plugin PerforceSourceControl
LogPluginManager: Mounting plugin PixWinPlugin
LogPluginManager: Mounting plugin PlasticSourceControl
LogPluginManager: Mounting plugin PluginUtils
LogPluginManager: Mounting plugin PropertyAccessNode
LogPluginManager: Mounting plugin RiderSourceCodeAccess
LogPluginManager: Mounting plugin SubversionSourceControl
LogPluginManager: Mounting plugin TextureFormatOodle
LogPluginManager: Mounting plugin UObjectPlugin
LogPluginManager: Mounting plugin VisualStudioCodeSourceCodeAccess
LogPluginManager: Mounting plugin VisualStudioSourceCodeAccess
LogPluginManager: Mounting plugin XCodeSourceCodeAccess
LogPluginManager: Mounting plugin AssetManagerEditor
LogPluginManager: Mounting plugin CryptoKeys
LogPluginManager: Mounting plugin CurveEditorTools
LogPluginManager: Mounting plugin DataValidation
LogPluginManager: Mounting plugin FacialAnimation
LogPluginManager: Mounting plugin GameplayTagsEditor
LogPluginManager: Mounting plugin GeometryMode
LogPluginManager: Mounting plugin MacGraphicsSwitching
LogPluginManager: Mounting plugin MaterialAnalyzer
LogPluginManager: Mounting plugin MobileLauncherProfileWizard
LogPluginManager: Mounting plugin PluginBrowser
LogPluginManager: Mounting plugin SpeedTreeImporter
LogPluginManager: Mounting plugin DatasmithContent
LogPluginManager: Mounting plugin VariantManagerContent
LogPluginManager: Mounting plugin AlembicImporter
LogPluginManager: Mounting plugin AutomationUtils
LogPluginManager: Mounting plugin BackChannel
LogPluginManager: Mounting plugin ChaosCloth
LogPluginManager: Mounting plugin ChaosClothEditor
LogPluginManager: Mounting plugin ChaosEditor
LogPluginManager: Mounting plugin ChaosNiagara
LogPluginManager: Mounting plugin ChaosSolverPlugin
LogPluginManager: Mounting plugin CharacterAI
LogPluginManager: Mounting plugin GeometryCache
LogPluginManager: Mounting plugin GeometryCollectionPlugin
LogPluginManager: Mounting plugin GeometryProcessing
LogPluginManager: Mounting plugin MotoSynth
LogPluginManager: Mounting plugin OpenImageDenoise
LogPluginManager: Mounting plugin PlanarCut
LogPluginManager: Mounting plugin PlatformCrypto
LogPluginManager: Mounting plugin ProxyLODPlugin
LogPluginManager: Mounting plugin PythonScriptPlugin
LogPluginManager: Mounting plugin SkeletalReduction
LogPluginManager: Mounting plugin Niagara
LogPluginManager: Mounting plugin LuminPlatformFeatures
LogPluginManager: Mounting plugin MagicLeap
LogPluginManager: Mounting plugin MagicLeapLightEstimation
LogPluginManager: Mounting plugin MagicLeapMedia
LogPluginManager: Mounting plugin MagicLeapPassableWorld
LogPluginManager: Mounting plugin MLSDK
LogPluginManager: Mounting plugin AndroidMedia
LogPluginManager: Mounting plugin AvfMedia
LogPluginManager: Mounting plugin ImgMedia
LogPluginManager: Mounting plugin MediaCompositing
LogPluginManager: Mounting plugin MediaPlayerEditor
LogPluginManager: Mounting plugin WebMMedia
LogPluginManager: Mounting plugin WmfMedia
LogPluginManager: Mounting plugin TcpMessaging
LogPluginManager: Mounting plugin UdpMessaging
LogPluginManager: Mounting plugin ActorSequence
LogPluginManager: Mounting plugin LevelSequenceEditor
LogPluginManager: Mounting plugin MatineeToLevelSequence
LogPluginManager: Mounting plugin TemplateSequence
LogPluginManager: Mounting plugin OnlineSubsystem
LogPluginManager: Mounting plugin OnlineSubsystemNull
LogPluginManager: Mounting plugin OnlineSubsystemUtils
LogPluginManager: Mounting plugin LauncherChunkInstaller
LogPluginManager: Mounting plugin ActorLayerUtilities
LogPluginManager: Mounting plugin AndroidDeviceProfileSelector
LogPluginManager: Mounting plugin AndroidMoviePlayer
LogPluginManager: Mounting plugin AndroidPermission
LogPluginManager: Mounting plugin AppleImageUtils
LogPluginManager: Mounting plugin AppleMoviePlayer
LogPluginManager: Mounting plugin ArchVisCharacter
LogPluginManager: Mounting plugin AssetTags
LogPluginManager: Mounting plugin AudioCapture
LogPluginManager: Mounting plugin AudioSynesthesia
LogPluginManager: Mounting plugin CableComponent
LogPluginManager: Mounting plugin ChunkDownloader
LogPluginManager: Mounting plugin CustomMeshComponent
LogPluginManager: Mounting plugin EditableMesh
LogPluginManager: Mounting plugin ExampleDeviceProfileSelector
LogPluginManager: Mounting plugin GoogleCloudMessaging
LogPluginManager: Mounting plugin GooglePAD
LogPluginManager: Mounting plugin IOSDeviceProfileSelector
LogPluginManager: Mounting plugin LinuxDeviceProfileSelector
LogPluginManager: Mounting plugin LocationServicesBPLibrary
LogPluginManager: Mounting plugin MobilePatchingUtils
LogPluginManager: Mounting plugin OpenXR
LogPluginManager: Mounting plugin OpenXREyeTracker
LogPluginManager: Mounting plugin OpenXRHandTracking
LogPluginManager: Mounting plugin PhysXVehicles
LogPluginManager: Mounting plugin PostSplashScreen
LogPluginManager: Mounting plugin ProceduralMeshComponent
LogPluginManager: Mounting plugin PropertyAccessEditor
LogPluginManager: Mounting plugin RuntimePhysXCooking
LogPluginManager: Mounting plugin SignificanceManager
LogPluginManager: Mounting plugin SoundFields
LogPluginManager: Mounting plugin Synthesis
LogPluginManager: Mounting plugin WebMMoviePlayer
LogPluginManager: Mounting plugin WindowsMoviePlayer
LogPluginManager: Mounting plugin ScreenshotTools
LogPluginManager: Mounting plugin Takes
LogPluginManager: Mounting plugin ContentBrowserAssetDataSource
LogPluginManager: Mounting plugin ContentBrowserClassDataSource
LogPluginManager: Mounting plugin ContentBrowserFileDataSource
LogPluginManager: Mounting plugin OnlineSubsystemGooglePlay
LogPluginManager: Mounting plugin OnlineSubsystemIOS
LogPluginManager: Mounting plugin OculusVR
LogPluginManager: Mounting plugin SteamVR
PixWinPlugin: PIX capture plugin failed to initialize! Check that the process is launched from PIX.
LogInit: Using libcurl 7.55.1-DEV
LogInit:  - built for x86_64-pc-win32
LogInit:  - supports SSL with OpenSSL/1.1.1
LogInit:  - supports HTTP deflate (compression) using libz 1.2.8
LogInit:  - other features:
LogInit:      CURL_VERSION_SSL
LogInit:      CURL_VERSION_LIBZ
LogInit:      CURL_VERSION_IPV6
LogInit:      CURL_VERSION_ASYNCHDNS
LogInit:      CURL_VERSION_LARGEFILE
LogInit:      CURL_VERSION_IDN
LogInit:  CurlRequestOptions (configurable via config and command line):
LogInit:  - bVerifyPeer = true  - Libcurl will verify peer certificate
LogInit:  - bUseHttpProxy = false  - Libcurl will NOT use HTTP proxy
LogInit:  - bDontReuseConnections = false  - Libcurl will reuse connections
LogInit:  - MaxHostConnections = 16  - Libcurl will limit the number of connections to a host
LogInit:  - LocalHostAddr = Default
LogInit:  - BufferSize = 65536
LogOnline: OSS: Creating online subsystem instance for: NULL
LogInit: WinSock: version 1.1 (2.2), MaxSocks=32767, MaxUdp=65467
LogOnline: OSS: TryLoadSubsystemAndSetDefault: Loaded subsystem for module [NULL]
LogInit: Build: ++UE4+Release-4.27-CL-18319896
LogInit: Engine Version: 4.27.2-18319896+++UE4+Release-4.27
LogInit: Compatible Engine Version: 4.27.0-17155196+++UE4+Release-4.27
LogInit: Net CL: 17155196
LogInit: OS: Windows 10 (Release 2009) (), CPU: 13th Gen Intel(R) Core(TM) i7-13650HX, GPU: Intel(R) UHD Graphics
LogInit: Compiled (64-bit): Nov 30 2021 07:12:08
LogInit: Compiled with Visual C++: 19.24.28315.00
LogInit: Build Configuration: Development
LogInit: Branch Name: ++UE4+Release-4.27
LogInit: Command Line:  /Game/ThirdPersonBP/Maps/ThirdPersonExampleMap -game -PIEVIACONSOLE -Multiprocess -server -log GameUserSettingsINI=D:/Git/GameDevProject/Content/LAB1/LAB1/Saved/Config/Windows/PIEGameUserSettings0.ini -MultiprocessSaveConfig -forcepassthrough -messaging -SessionName="Play in Standalone Game" -port=17777 -windowed
LogInit: Base Directory: D:/Programs/UE_4.27/Engine/Binaries/Win64/
LogInit: Allocator: TBB
LogInit: Installed Engine Build: 1
LogDevObjectVersion: Number of dev versions registered: 29
LogDevObjectVersion:   Dev-Blueprints (B0D832E4-1F89-4F0D-ACCF-7EB736FD4AA2): 10
LogDevObjectVersion:   Dev-Build (E1C64328-A22C-4D53-A36C-8E866417BD8C): 0
LogDevObjectVersion:   Dev-Core (375EC13C-06E4-48FB-B500-84F0262A717E): 4
LogDevObjectVersion:   Dev-Editor (E4B068ED-F494-42E9-A231-DA0B2E46BB41): 40
LogDevObjectVersion:   Dev-Framework (CFFC743F-43B0-4480-9391-14DF171D2073): 37
LogDevObjectVersion:   Dev-Mobile (B02B49B5-BB20-44E9-A304-32B752E40360): 3
LogDevObjectVersion:   Dev-Networking (A4E4105C-59A1-49B5-A7C5-40C4547EDFEE): 0
LogDevObjectVersion:   Dev-Online (39C831C9-5AE6-47DC-9A44-9C173E1C8E7C): 0
LogDevObjectVersion:   Dev-Physics (78F01B33-EBEA-4F98-B9B4-84EACCB95AA2): 14
LogDevObjectVersion:   Dev-Platform (6631380F-2D4D-43E0-8009-CF276956A95A): 0
LogDevObjectVersion:   Dev-Rendering (12F88B9F-8875-4AFC-A67C-D90C383ABD29): 45
LogDevObjectVersion:   Dev-Sequencer (7B5AE74C-D270-4C10-A958-57980B212A5A): 13
LogDevObjectVersion:   Dev-VR (D7296918-1DD6-4BDD-9DE2-64A83CC13884): 3
LogDevObjectVersion:   Dev-LoadTimes (C2A15278-BFE7-4AFE-6C17-90FF531DF755): 1
LogDevObjectVersion:   Private-Geometry (6EACA3D4-40EC-4CC1-B786-8BED09428FC5): 3
LogDevObjectVersion:   Dev-AnimPhys (29E575DD-E0A3-4627-9D10-D276232CDCEA): 17
LogDevObjectVersion:   Dev-Anim (AF43A65D-7FD3-4947-9873-3E8ED9C1BB05): 15
LogDevObjectVersion:   Dev-ReflectionCapture (6B266CEC-1EC7-4B8F-A30B-E4D90942FC07): 1
LogDevObjectVersion:   Dev-Automation (0DF73D61-A23F-47EA-B727-89E90C41499A): 1
LogDevObjectVersion:   FortniteMain (601D1886-AC64-4F84-AA16-D3DE0DEAC7D6): 47
LogDevObjectVersion:   FortniteRelease (E7086368-6B23-4C58-8439-1B7016265E91): 1
LogDevObjectVersion:   Dev-Enterprise (9DFFBCD6-494F-0158-E221-12823C92A888): 10
LogDevObjectVersion:   Dev-Niagara (F2AED0AC-9AFE-416F-8664-AA7FFA26D6FC): 1
LogDevObjectVersion:   Dev-Destruction (174F1F0B-B4C6-45A5-B13F-2EE8D0FB917D): 10
LogDevObjectVersion:   Dev-Physics-Ext (35F94A83-E258-406C-A318-09F59610247C): 41
LogDevObjectVersion:   Dev-PhysicsMaterial-Chaos (B68FC16E-8B1B-42E2-B453-215C058844FE): 1
LogDevObjectVersion:   Dev-CineCamera (B2E18506-4273-CFC2-A54E-F4BB758BBA07): 1
LogDevObjectVersion:   Dev-VirtualProduction (64F58936-FD1B-42BA-BA96-7289D5D0FA4E): 1
LogDevObjectVersion:   Dev-MediaFramework (6F0ED827-A609-4895-9C91-998D90180EA4): 2
LogInit: Presizing for max 25165824 objects, including 0 objects not considered by GC, pre-allocating 0 bytes for permanent pool.
LogConfig: Applying CVar settings from Section [/Script/Engine.StreamingSettings] File [D:/Git/GameDevProject/Content/LAB1/LAB1/Saved/Config/Windows/Engine.ini]
LogConfig: Setting CVar [[s.MinBulkDataSizeForAsyncLoading:131072]]
LogConfig: Setting CVar [[s.AsyncLoadingThreadEnabled:0]]
LogConfig: Setting CVar [[s.EventDrivenLoaderEnabled:1]]
LogConfig: Setting CVar [[s.WarnIfTimeLimitExceeded:0]]
LogConfig: Setting CVar [[s.TimeLimitExceededMultiplier:1.5]]
LogConfig: Setting CVar [[s.TimeLimitExceededMinTime:0.005]]
LogConfig: Setting CVar [[s.UseBackgroundLevelStreaming:1]]
LogConfig: Setting CVar [[s.PriorityAsyncLoadingExtraTime:15.0]]
LogConfig: Setting CVar [[s.LevelStreamingActorsUpdateTimeLimit:5.0]]
LogConfig: Setting CVar [[s.PriorityLevelStreamingActorsUpdateExtraTime:5.0]]
LogConfig: Setting CVar [[s.LevelStreamingComponentsRegistrationGranularity:10]]
LogConfig: Setting CVar [[s.UnregisterComponentsTimeLimit:1.0]]
LogConfig: Setting CVar [[s.LevelStreamingComponentsUnregistrationGranularity:5]]
LogConfig: Setting CVar [[s.FlushStreamingOnExit:1]]
LogInit: Object subsystem initialized
LogConfig: Setting CVar [[con.DebugEarlyDefault:1]]
LogConfig: Setting CVar [[r.setres:1280x720]]
[2024.12.02-00.57.24:255][  0]LogConfig: Setting CVar [[con.DebugEarlyDefault:1]]
[2024.12.02-00.57.24:255][  0]LogConfig: Setting CVar [[r.setres:1280x720]]
[2024.12.02-00.57.24:255][  0]LogConfig: Applying CVar settings from Section [/Script/Engine.RendererSettings] File [D:/Git/GameDevProject/Content/LAB1/LAB1/Saved/Config/Windows/Engine.ini]
[2024.12.02-00.57.24:255][  0]LogConfig: Setting CVar [[r.GPUCrashDebugging:0]]
[2024.12.02-00.57.24:255][  0]LogConfig: Applying CVar settings from Section [/Script/Engine.RendererOverrideSettings] File [D:/Git/GameDevProject/Content/LAB1/LAB1/Saved/Config/Windows/Engine.ini]
[2024.12.02-00.57.24:256][  0]LogConfig: Applying CVar settings from Section [/Script/Engine.StreamingSettings] File [D:/Git/GameDevProject/Content/LAB1/LAB1/Saved/Config/Windows/Engine.ini]
[2024.12.02-00.57.24:258][  0]LogConfig: Setting CVar [[s.MinBulkDataSizeForAsyncLoading:131072]]
[2024.12.02-00.57.24:258][  0]LogConfig: Setting CVar [[s.AsyncLoadingThreadEnabled:0]]
[2024.12.02-00.57.24:258][  0]LogConfig: Setting CVar [[s.EventDrivenLoaderEnabled:1]]
[2024.12.02-00.57.24:258][  0]LogConfig: Setting CVar [[s.WarnIfTimeLimitExceeded:0]]
[2024.12.02-00.57.24:259][  0]LogConfig: Setting CVar [[s.TimeLimitExceededMultiplier:1.5]]
[2024.12.02-00.57.24:259][  0]LogConfig: Setting CVar [[s.TimeLimitExceededMinTime:0.005]]
[2024.12.02-00.57.24:259][  0]LogConfig: Setting CVar [[s.UseBackgroundLevelStreaming:1]]
[2024.12.02-00.57.24:259][  0]LogConfig: Setting CVar [[s.PriorityAsyncLoadingExtraTime:15.0]]
[2024.12.02-00.57.24:260][  0]LogConfig: Setting CVar [[s.LevelStreamingActorsUpdateTimeLimit:5.0]]
[2024.12.02-00.57.24:260][  0]LogConfig: Setting CVar [[s.PriorityLevelStreamingActorsUpdateExtraTime:5.0]]
[2024.12.02-00.57.24:261][  0]LogConfig: Setting CVar [[s.LevelStreamingComponentsRegistrationGranularity:10]]
[2024.12.02-00.57.24:265][  0]LogConfig: Setting CVar [[s.UnregisterComponentsTimeLimit:1.0]]
[2024.12.02-00.57.24:265][  0]LogConfig: Setting CVar [[s.LevelStreamingComponentsUnregistrationGranularity:5]]
[2024.12.02-00.57.24:265][  0]LogConfig: Setting CVar [[s.FlushStreamingOnExit:1]]
[2024.12.02-00.57.24:266][  0]LogConfig: Applying CVar settings from Section [/Script/Engine.GarbageCollectionSettings] File [D:/Git/GameDevProject/Content/LAB1/LAB1/Saved/Config/Windows/Engine.ini]
[2024.12.02-00.57.24:266][  0]LogConfig: Setting CVar [[gc.MaxObjectsNotConsideredByGC:1]]
[2024.12.02-00.57.24:266][  0]LogConfig: Setting CVar [[gc.SizeOfPermanentObjectPool:0]]
[2024.12.02-00.57.24:266][  0]LogConfig: Setting CVar [[gc.FlushStreamingOnGC:0]]
[2024.12.02-00.57.24:266][  0]LogConfig: Setting CVar [[gc.NumRetriesBeforeForcingGC:10]]
[2024.12.02-00.57.24:266][  0]LogConfig: Setting CVar [[gc.AllowParallelGC:1]]
[2024.12.02-00.57.24:267][  0]LogConfig: Setting CVar [[gc.TimeBetweenPurgingPendingKillObjects:61.1]]
[2024.12.02-00.57.24:267][  0]LogConfig: Setting CVar [[gc.MaxObjectsInEditor:25165824]]
[2024.12.02-00.57.24:267][  0]LogConfig: Setting CVar [[gc.IncrementalBeginDestroyEnabled:1]]
[2024.12.02-00.57.24:267][  0]LogConfig: Setting CVar [[gc.CreateGCClusters:1]]
[2024.12.02-00.57.24:267][  0]LogConfig: Setting CVar [[gc.MinGCClusterSize:5]]
[2024.12.02-00.57.24:268][  0]LogConfig: Setting CVar [[gc.ActorClusteringEnabled:0]]
[2024.12.02-00.57.24:268][  0]LogConfig: Setting CVar [[gc.BlueprintClusteringEnabled:0]]
[2024.12.02-00.57.24:268][  0]LogConfig: Setting CVar [[gc.UseDisregardForGCOnDedicatedServers:0]]
[2024.12.02-00.57.24:268][  0]LogConfig: Setting CVar [[gc.MultithreadedDestructionEnabled:1]]
[2024.12.02-00.57.24:268][  0]LogConfig: Applying CVar settings from Section [/Script/Engine.NetworkSettings] File [D:/Git/GameDevProject/Content/LAB1/LAB1/Saved/Config/Windows/Engine.ini]
[2024.12.02-00.57.24:269][  0]LogConfig: Applying CVar settings from Section [/Script/UnrealEd.CookerSettings] File [D:/Git/GameDevProject/Content/LAB1/LAB1/Saved/Config/Windows/Engine.ini]
[2024.12.02-00.57.24:269][  0]LogConfig: Applying CVar settings from Section [ViewDistanceQuality@3] File [D:/Git/GameDevProject/Content/LAB1/LAB1/Saved/Config/Windows/Scalability.ini]
[2024.12.02-00.57.24:269][  0]LogConfig: Setting CVar [[r.SkeletalMeshLODBias:0]]
[2024.12.02-00.57.24:269][  0]LogConfig: Setting CVar [[r.ViewDistanceScale:1.0]]
[2024.12.02-00.57.24:269][  0]LogConfig: Applying CVar settings from Section [AntiAliasingQuality@3] File [D:/Git/GameDevProject/Content/LAB1/LAB1/Saved/Config/Windows/Scalability.ini]
[2024.12.02-00.57.24:269][  0]LogConfig: Setting CVar [[r.PostProcessAAQuality:4]]
[2024.12.02-00.57.24:270][  0]LogConfig: Applying CVar settings from Section [ShadowQuality@3] File [D:/Git/GameDevProject/Content/LAB1/LAB1/Saved/Config/Windows/Scalability.ini]
[2024.12.02-00.57.24:270][  0]LogConfig: Setting CVar [[r.LightFunctionQuality:1]]
[2024.12.02-00.57.24:270][  0]LogConfig: Setting CVar [[r.ShadowQuality:5]]
[2024.12.02-00.57.24:270][  0]LogConfig: Setting CVar [[r.Shadow.CSM.MaxCascades:10]]
[2024.12.02-00.57.24:270][  0]LogConfig: Setting CVar [[r.Shadow.MaxResolution:2048]]
[2024.12.02-00.57.24:271][  0]LogConfig: Setting CVar [[r.Shadow.MaxCSMResolution:2048]]
[2024.12.02-00.57.24:271][  0]LogConfig: Setting CVar [[r.Shadow.RadiusThreshold:0.01]]
[2024.12.02-00.57.24:271][  0]LogConfig: Setting CVar [[r.Shadow.DistanceScale:1.0]]
[2024.12.02-00.57.24:271][  0]LogConfig: Setting CVar [[r.Shadow.CSM.TransitionScale:1.0]]
[2024.12.02-00.57.24:271][  0]LogConfig: Setting CVar [[r.Shadow.PreShadowResolutionFactor:1.0]]
[2024.12.02-00.57.24:271][  0]LogConfig: Setting CVar [[r.DistanceFieldShadowing:1]]
[2024.12.02-00.57.24:271][  0]LogConfig: Setting CVar [[r.DistanceFieldAO:1]]
[2024.12.02-00.57.24:272][  0]LogConfig: Setting CVar [[r.AOQuality:2]]
[2024.12.02-00.57.24:272][  0]LogConfig: Setting CVar [[r.VolumetricFog:1]]
[2024.12.02-00.57.24:272][  0]LogConfig: Setting CVar [[r.VolumetricFog.GridPixelSize:8]]
[2024.12.02-00.57.24:272][  0]LogConfig: Setting CVar [[r.VolumetricFog.GridSizeZ:128]]
[2024.12.02-00.57.24:272][  0]LogConfig: Setting CVar [[r.VolumetricFog.HistoryMissSupersampleCount:4]]
[2024.12.02-00.57.24:273][  0]LogConfig: Setting CVar [[r.LightMaxDrawDistanceScale:1]]
[2024.12.02-00.57.24:273][  0]LogConfig: Setting CVar [[r.CapsuleShadows:1]]
[2024.12.02-00.57.24:273][  0]LogConfig: Applying CVar settings from Section [PostProcessQuality@3] File [D:/Git/GameDevProject/Content/LAB1/LAB1/Saved/Config/Windows/Scalability.ini]
[2024.12.02-00.57.24:273][  0]LogConfig: Setting CVar [[r.MotionBlurQuality:4]]
[2024.12.02-00.57.24:273][  0]LogConfig: Setting CVar [[r.AmbientOcclusionMipLevelFactor:0.4]]
[2024.12.02-00.57.24:274][  0]LogConfig: Setting CVar [[r.AmbientOcclusionMaxQuality:100]]
[2024.12.02-00.57.24:274][  0]LogConfig: Setting CVar [[r.AmbientOcclusionLevels:-1]]
[2024.12.02-00.57.24:274][  0]LogConfig: Setting CVar [[r.AmbientOcclusionRadiusScale:1.0]]
[2024.12.02-00.57.24:274][  0]LogConfig: Setting CVar [[r.DepthOfFieldQuality:2]]
[2024.12.02-00.57.24:274][  0]LogConfig: Setting CVar [[r.RenderTargetPoolMin:400]]
[2024.12.02-00.57.24:274][  0]LogConfig: Setting CVar [[r.LensFlareQuality:2]]
[2024.12.02-00.57.24:274][  0]LogConfig: Setting CVar [[r.SceneColorFringeQuality:1]]
[2024.12.02-00.57.24:275][  0]LogConfig: Setting CVar [[r.EyeAdaptationQuality:2]]
[2024.12.02-00.57.24:275][  0]LogConfig: Setting CVar [[r.BloomQuality:5]]
[2024.12.02-00.57.24:275][  0]LogConfig: Setting CVar [[r.FastBlurThreshold:100]]
[2024.12.02-00.57.24:275][  0]LogConfig: Setting CVar [[r.Upscale.Quality:3]]
[2024.12.02-00.57.24:275][  0]LogConfig: Setting CVar [[r.Tonemapper.GrainQuantization:1]]
[2024.12.02-00.57.24:275][  0]LogConfig: Setting CVar [[r.LightShaftQuality:1]]
[2024.12.02-00.57.24:276][  0]LogConfig: Setting CVar [[r.Filter.SizeScale:1]]
[2024.12.02-00.57.24:279][  0]LogConfig: Setting CVar [[r.Tonemapper.Quality:5]]
[2024.12.02-00.57.24:279][  0]LogConfig: Setting CVar [[r.DOF.Gather.AccumulatorQuality:1        ; higher gathering accumulator quality]]
[2024.12.02-00.57.24:280][  0]LogConfig: Setting CVar [[r.DOF.Gather.PostfilterMethod:1          ; Median3x3 postfilering method]]
[2024.12.02-00.57.24:280][  0]LogConfig: Setting CVar [[r.DOF.Gather.EnableBokehSettings:0       ; no bokeh simulation when gathering]]
[2024.12.02-00.57.24:280][  0]LogConfig: Setting CVar [[r.DOF.Gather.RingCount:4                 ; medium number of samples when gathering]]
[2024.12.02-00.57.24:280][  0]LogConfig: Setting CVar [[r.DOF.Scatter.ForegroundCompositing:1    ; additive foreground scattering]]
[2024.12.02-00.57.24:280][  0]LogConfig: Setting CVar [[r.DOF.Scatter.BackgroundCompositing:2    ; additive background scattering]]
[2024.12.02-00.57.24:280][  0]LogConfig: Setting CVar [[r.DOF.Scatter.EnableBokehSettings:1      ; bokeh simulation when scattering]]
[2024.12.02-00.57.24:280][  0]LogConfig: Setting CVar [[r.DOF.Scatter.MaxSpriteRatio:0.1         ; only a maximum of 10% of scattered bokeh]]
[2024.12.02-00.57.24:280][  0]LogConfig: Setting CVar [[r.DOF.Recombine.Quality:1                ; cheap slight out of focus]]
[2024.12.02-00.57.24:282][  0]LogConfig: Setting CVar [[r.DOF.Recombine.EnableBokehSettings:0    ; no bokeh simulation on slight out of focus]]
[2024.12.02-00.57.24:282][  0]LogConfig: Setting CVar [[r.DOF.TemporalAAQuality:1                ; more stable temporal accumulation]]
[2024.12.02-00.57.24:282][  0]LogConfig: Setting CVar [[r.DOF.Kernel.MaxForegroundRadius:0.025]]
[2024.12.02-00.57.24:282][  0]LogConfig: Setting CVar [[r.DOF.Kernel.MaxBackgroundRadius:0.025]]
[2024.12.02-00.57.24:282][  0]LogConfig: Applying CVar settings from Section [TextureQuality@3] File [D:/Git/GameDevProject/Content/LAB1/LAB1/Saved/Config/Windows/Scalability.ini]
[2024.12.02-00.57.24:282][  0]LogConfig: Setting CVar [[r.Streaming.MipBias:0]]
[2024.12.02-00.57.24:283][  0]LogConfig: Setting CVar [[r.Streaming.AmortizeCPUToGPUCopy:0]]
[2024.12.02-00.57.24:283][  0]LogConfig: Setting CVar [[r.Streaming.MaxNumTexturesToStreamPerFrame:0]]
[2024.12.02-00.57.24:283][  0]LogConfig: Setting CVar [[r.Streaming.Boost:1]]
[2024.12.02-00.57.24:283][  0]LogConfig: Setting CVar [[r.MaxAnisotropy:8]]
[2024.12.02-00.57.24:283][  0]LogConfig: Setting CVar [[r.VT.MaxAnisotropy:8]]
[2024.12.02-00.57.24:284][  0]LogConfig: Setting CVar [[r.Streaming.LimitPoolSizeToVRAM:0]]
[2024.12.02-00.57.24:284][  0]LogConfig: Setting CVar [[r.Streaming.PoolSize:1000]]
[2024.12.02-00.57.24:284][  0]LogConfig: Setting CVar [[r.Streaming.MaxEffectiveScreenSize:0]]
[2024.12.02-00.57.24:284][  0]LogConfig: Applying CVar settings from Section [EffectsQuality@3] File [D:/Git/GameDevProject/Content/LAB1/LAB1/Saved/Config/Windows/Scalability.ini]
[2024.12.02-00.57.24:284][  0]LogConfig: Setting CVar [[r.TranslucencyLightingVolumeDim:64]]
[2024.12.02-00.57.24:284][  0]LogConfig: Setting CVar [[r.RefractionQuality:2]]
[2024.12.02-00.57.24:284][  0]LogConfig: Setting CVar [[r.SSR.Quality:3]]
[2024.12.02-00.57.24:284][  0]LogConfig: Setting CVar [[r.SSR.HalfResSceneColor:0]]
[2024.12.02-00.57.24:285][  0]LogConfig: Setting CVar [[r.SceneColorFormat:4]]
[2024.12.02-00.57.24:285][  0]LogConfig: Setting CVar [[r.DetailMode:2]]
[2024.12.02-00.57.24:285][  0]LogConfig: Setting CVar [[r.TranslucencyVolumeBlur:1]]
[2024.12.02-00.57.24:285][  0]LogConfig: Setting CVar [[r.MaterialQualityLevel:1 ; High quality]]
[2024.12.02-00.57.24:285][  0]LogConfig: Setting CVar [[r.AnisotropicMaterials:1]]
[2024.12.02-00.57.24:285][  0]LogConfig: Setting CVar [[r.SSS.Scale:1]]
[2024.12.02-00.57.24:286][  0]LogConfig: Setting CVar [[r.SSS.SampleSet:2]]
[2024.12.02-00.57.24:293][  0]LogConfig: Setting CVar [[r.SSS.Quality:1]]
[2024.12.02-00.57.24:296][  0]LogConfig: Setting CVar [[r.SSS.HalfRes:0]]
[2024.12.02-00.57.24:296][  0]LogConfig: Setting CVar [[r.SSGI.Quality:3]]
[2024.12.02-00.57.24:296][  0]LogConfig: Setting CVar [[r.EmitterSpawnRateScale:1.0]]
[2024.12.02-00.57.24:297][  0]LogConfig: Setting CVar [[r.ParticleLightQuality:2]]
[2024.12.02-00.57.24:297][  0]LogConfig: Setting CVar [[r.SkyAtmosphere.AerialPerspectiveLUT.FastApplyOnOpaque:1 ; Always have FastSkyLUT 1 in this case to avoid wrong sky]]
[2024.12.02-00.57.24:299][  0]LogConfig: Setting CVar [[r.SkyAtmosphere.AerialPerspectiveLUT.SampleCountMaxPerSlice:4]]
[2024.12.02-00.57.24:299][  0]LogConfig: Setting CVar [[r.SkyAtmosphere.AerialPerspectiveLUT.DepthResolution:16.0]]
[2024.12.02-00.57.24:300][  0]LogConfig: Setting CVar [[r.SkyAtmosphere.FastSkyLUT:1]]
[2024.12.02-00.57.24:300][  0]LogConfig: Setting CVar [[r.SkyAtmosphere.FastSkyLUT.SampleCountMin:4.0]]
[2024.12.02-00.57.24:300][  0]LogConfig: Setting CVar [[r.SkyAtmosphere.FastSkyLUT.SampleCountMax:128.0]]
[2024.12.02-00.57.24:300][  0]LogConfig: Setting CVar [[r.SkyAtmosphere.SampleCountMin:4.0]]
[2024.12.02-00.57.24:300][  0]LogConfig: Setting CVar [[r.SkyAtmosphere.SampleCountMax:128.0]]
[2024.12.02-00.57.24:301][  0]LogConfig: Setting CVar [[r.SkyAtmosphere.TransmittanceLUT.UseSmallFormat:0]]
[2024.12.02-00.57.24:301][  0]LogConfig: Setting CVar [[r.SkyAtmosphere.TransmittanceLUT.SampleCount:10.0]]
[2024.12.02-00.57.24:301][  0]LogConfig: Setting CVar [[r.SkyAtmosphere.MultiScatteringLUT.SampleCount:15.0]]
[2024.12.02-00.57.24:301][  0]LogConfig: Setting CVar [[r.SkyLight.RealTimeReflectionCapture:1]]
[2024.12.02-00.57.24:301][  0]LogConfig: Applying CVar settings from Section [FoliageQuality@3] File [D:/Git/GameDevProject/Content/LAB1/LAB1/Saved/Config/Windows/Scalability.ini]
[2024.12.02-00.57.24:301][  0]LogConfig: Setting CVar [[foliage.DensityScale:1.0]]
[2024.12.02-00.57.24:302][  0]LogConfig: Setting CVar [[grass.DensityScale:1.0]]
[2024.12.02-00.57.24:302][  0]LogConfig: Applying CVar settings from Section [ShadingQuality@3] File [D:/Git/GameDevProject/Content/LAB1/LAB1/Saved/Config/Windows/Scalability.ini]
[2024.12.02-00.57.24:302][  0]LogConfig: Setting CVar [[r.HairStrands.SkyLighting.IntegrationType:2]]
[2024.12.02-00.57.24:302][  0]LogConfig: Setting CVar [[r.HairStrands.SkyAO.SampleCount:4]]
[2024.12.02-00.57.24:302][  0]LogConfig: Setting CVar [[r.HairStrands.Visibility.MSAA.SamplePerPixel:4]]
[2024.12.02-00.57.24:303][  0]LogInit: Selected Device Profile: [Windows]
[2024.12.02-00.57.24:303][  0]LogInit: Applying CVar settings loaded from the selected device profile: [Windows]
[2024.12.02-00.57.24:304][  0]LogHAL: Display: Platform has ~ 24 GB [25463480320 / 34359738368 / 24], which maps to Larger [LargestMinGB=32, LargerMinGB=12, DefaultMinGB=8, SmallerMinGB=6, SmallestMinGB=0)
[2024.12.02-00.57.24:304][  0]LogInit: Going up to parent DeviceProfile []
[2024.12.02-00.57.24:304][  0]LogConfig: Applying CVar settings from Section [ViewDistanceQuality@3] File [D:/Git/GameDevProject/Content/LAB1/LAB1/Saved/Config/Windows/Scalability.ini]
[2024.12.02-00.57.24:304][  0]LogConfig: Setting CVar [[r.SkeletalMeshLODBias:0]]
[2024.12.02-00.57.24:306][  0]LogConfig: Setting CVar [[r.ViewDistanceScale:1.0]]
[2024.12.02-00.57.24:306][  0]LogConfig: Applying CVar settings from Section [AntiAliasingQuality@3] File [D:/Git/GameDevProject/Content/LAB1/LAB1/Saved/Config/Windows/Scalability.ini]
[2024.12.02-00.57.24:306][  0]LogConfig: Setting CVar [[r.PostProcessAAQuality:4]]
[2024.12.02-00.57.24:306][  0]LogConfig: Applying CVar settings from Section [ShadowQuality@3] File [D:/Git/GameDevProject/Content/LAB1/LAB1/Saved/Config/Windows/Scalability.ini]
[2024.12.02-00.57.24:306][  0]LogConfig: Setting CVar [[r.LightFunctionQuality:1]]
[2024.12.02-00.57.24:306][  0]LogConfig: Setting CVar [[r.ShadowQuality:5]]
[2024.12.02-00.57.24:306][  0]LogConfig: Setting CVar [[r.Shadow.CSM.MaxCascades:10]]
[2024.12.02-00.57.24:307][  0]LogConfig: Setting CVar [[r.Shadow.MaxResolution:2048]]
[2024.12.02-00.57.24:307][  0]LogConfig: Setting CVar [[r.Shadow.MaxCSMResolution:2048]]
[2024.12.02-00.57.24:312][  0]LogConfig: Setting CVar [[r.Shadow.RadiusThreshold:0.01]]
[2024.12.02-00.57.24:325][  0]LogConfig: Setting CVar [[r.Shadow.DistanceScale:1.0]]
[2024.12.02-00.57.24:327][  0]LogConfig: Setting CVar [[r.Shadow.CSM.TransitionScale:1.0]]
[2024.12.02-00.57.24:327][  0]LogConfig: Setting CVar [[r.Shadow.PreShadowResolutionFactor:1.0]]
[2024.12.02-00.57.24:327][  0]LogConfig: Setting CVar [[r.DistanceFieldShadowing:1]]
[2024.12.02-00.57.24:328][  0]LogConfig: Setting CVar [[r.DistanceFieldAO:1]]
[2024.12.02-00.57.24:328][  0]LogConfig: Setting CVar [[r.AOQuality:2]]
[2024.12.02-00.57.24:328][  0]LogConfig: Setting CVar [[r.VolumetricFog:1]]
[2024.12.02-00.57.24:329][  0]LogConfig: Setting CVar [[r.VolumetricFog.GridPixelSize:8]]
[2024.12.02-00.57.24:329][  0]LogConfig: Setting CVar [[r.VolumetricFog.GridSizeZ:128]]
[2024.12.02-00.57.24:329][  0]LogConfig: Setting CVar [[r.VolumetricFog.HistoryMissSupersampleCount:4]]
[2024.12.02-00.57.24:330][  0]LogConfig: Setting CVar [[r.LightMaxDrawDistanceScale:1]]
[2024.12.02-00.57.24:330][  0]LogConfig: Setting CVar [[r.CapsuleShadows:1]]
[2024.12.02-00.57.24:330][  0]LogConfig: Applying CVar settings from Section [PostProcessQuality@3] File [D:/Git/GameDevProject/Content/LAB1/LAB1/Saved/Config/Windows/Scalability.ini]
[2024.12.02-00.57.24:331][  0]LogConfig: Setting CVar [[r.MotionBlurQuality:4]]
[2024.12.02-00.57.24:331][  0]LogConfig: Setting CVar [[r.AmbientOcclusionMipLevelFactor:0.4]]
[2024.12.02-00.57.24:331][  0]LogConfig: Setting CVar [[r.AmbientOcclusionMaxQuality:100]]
[2024.12.02-00.57.24:331][  0]LogConfig: Setting CVar [[r.AmbientOcclusionLevels:-1]]
[2024.12.02-00.57.24:331][  0]LogConfig: Setting CVar [[r.AmbientOcclusionRadiusScale:1.0]]
[2024.12.02-00.57.24:331][  0]LogConfig: Setting CVar [[r.DepthOfFieldQuality:2]]
[2024.12.02-00.57.24:331][  0]LogConfig: Setting CVar [[r.RenderTargetPoolMin:400]]
[2024.12.02-00.57.24:332][  0]LogConfig: Setting CVar [[r.LensFlareQuality:2]]
[2024.12.02-00.57.24:332][  0]LogConfig: Setting CVar [[r.SceneColorFringeQuality:1]]
[2024.12.02-00.57.24:332][  0]LogConfig: Setting CVar [[r.EyeAdaptationQuality:2]]
[2024.12.02-00.57.24:332][  0]LogConfig: Setting CVar [[r.BloomQuality:5]]
[2024.12.02-00.57.24:332][  0]LogConfig: Setting CVar [[r.FastBlurThreshold:100]]
[2024.12.02-00.57.24:333][  0]LogConfig: Setting CVar [[r.Upscale.Quality:3]]
[2024.12.02-00.57.24:333][  0]LogConfig: Setting CVar [[r.Tonemapper.GrainQuantization:1]]
[2024.12.02-00.57.24:333][  0]LogConfig: Setting CVar [[r.LightShaftQuality:1]]
[2024.12.02-00.57.24:333][  0]LogConfig: Setting CVar [[r.Filter.SizeScale:1]]
[2024.12.02-00.57.24:333][  0]LogConfig: Setting CVar [[r.Tonemapper.Quality:5]]
[2024.12.02-00.57.24:334][  0]LogConfig: Setting CVar [[r.DOF.Gather.AccumulatorQuality:1        ; higher gathering accumulator quality]]
[2024.12.02-00.57.24:334][  0]LogConfig: Setting CVar [[r.DOF.Gather.PostfilterMethod:1          ; Median3x3 postfilering method]]
[2024.12.02-00.57.24:334][  0]LogConfig: Setting CVar [[r.DOF.Gather.EnableBokehSettings:0       ; no bokeh simulation when gathering]]
[2024.12.02-00.57.24:334][  0]LogConfig: Setting CVar [[r.DOF.Gather.RingCount:4                 ; medium number of samples when gathering]]
[2024.12.02-00.57.24:335][  0]LogConfig: Setting CVar [[r.DOF.Scatter.ForegroundCompositing:1    ; additive foreground scattering]]
[2024.12.02-00.57.24:335][  0]LogConfig: Setting CVar [[r.DOF.Scatter.BackgroundCompositing:2    ; additive background scattering]]
[2024.12.02-00.57.24:335][  0]LogConfig: Setting CVar [[r.DOF.Scatter.EnableBokehSettings:1      ; bokeh simulation when scattering]]
[2024.12.02-00.57.24:335][  0]LogConfig: Setting CVar [[r.DOF.Scatter.MaxSpriteRatio:0.1         ; only a maximum of 10% of scattered bokeh]]
[2024.12.02-00.57.24:336][  0]LogConfig: Setting CVar [[r.DOF.Recombine.Quality:1                ; cheap slight out of focus]]
[2024.12.02-00.57.24:336][  0]LogConfig: Setting CVar [[r.DOF.Recombine.EnableBokehSettings:0    ; no bokeh simulation on slight out of focus]]
[2024.12.02-00.57.24:336][  0]LogConfig: Setting CVar [[r.DOF.TemporalAAQuality:1                ; more stable temporal accumulation]]
[2024.12.02-00.57.24:337][  0]LogConfig: Setting CVar [[r.DOF.Kernel.MaxForegroundRadius:0.025]]
[2024.12.02-00.57.24:337][  0]LogConfig: Setting CVar [[r.DOF.Kernel.MaxBackgroundRadius:0.025]]
[2024.12.02-00.57.24:337][  0]LogConfig: Applying CVar settings from Section [TextureQuality@3] File [D:/Git/GameDevProject/Content/LAB1/LAB1/Saved/Config/Windows/Scalability.ini]
[2024.12.02-00.57.24:337][  0]LogConfig: Setting CVar [[r.Streaming.MipBias:0]]
[2024.12.02-00.57.24:337][  0]LogConfig: Setting CVar [[r.Streaming.AmortizeCPUToGPUCopy:0]]
[2024.12.02-00.57.24:340][  0]LogConfig: Setting CVar [[r.Streaming.MaxNumTexturesToStreamPerFrame:0]]
[2024.12.02-00.57.24:340][  0]LogConfig: Setting CVar [[r.Streaming.Boost:1]]
[2024.12.02-00.57.24:340][  0]LogConfig: Setting CVar [[r.MaxAnisotropy:8]]
[2024.12.02-00.57.24:342][  0]LogConfig: Setting CVar [[r.VT.MaxAnisotropy:8]]
[2024.12.02-00.57.24:342][  0]LogConfig: Setting CVar [[r.Streaming.LimitPoolSizeToVRAM:0]]
[2024.12.02-00.57.24:342][  0]LogConfig: Setting CVar [[r.Streaming.PoolSize:1000]]
[2024.12.02-00.57.24:343][  0]LogConfig: Setting CVar [[r.Streaming.MaxEffectiveScreenSize:0]]
[2024.12.02-00.57.24:343][  0]LogConfig: Applying CVar settings from Section [EffectsQuality@3] File [D:/Git/GameDevProject/Content/LAB1/LAB1/Saved/Config/Windows/Scalability.ini]
[2024.12.02-00.57.24:343][  0]LogConfig: Setting CVar [[r.TranslucencyLightingVolumeDim:64]]
[2024.12.02-00.57.24:343][  0]LogConfig: Setting CVar [[r.RefractionQuality:2]]
[2024.12.02-00.57.24:344][  0]LogConfig: Setting CVar [[r.SSR.Quality:3]]
[2024.12.02-00.57.24:344][  0]LogConfig: Setting CVar [[r.SSR.HalfResSceneColor:0]]
[2024.12.02-00.57.24:345][  0]LogConfig: Setting CVar [[r.SceneColorFormat:4]]
[2024.12.02-00.57.24:345][  0]LogConfig: Setting CVar [[r.DetailMode:2]]
[2024.12.02-00.57.24:345][  0]LogConfig: Setting CVar [[r.TranslucencyVolumeBlur:1]]
[2024.12.02-00.57.24:346][  0]LogConfig: Setting CVar [[r.MaterialQualityLevel:1 ; High quality]]
[2024.12.02-00.57.24:346][  0]LogConfig: Setting CVar [[r.AnisotropicMaterials:1]]
[2024.12.02-00.57.24:347][  0]LogConfig: Setting CVar [[r.SSS.Scale:1]]
[2024.12.02-00.57.24:348][  0]LogConfig: Setting CVar [[r.SSS.SampleSet:2]]
[2024.12.02-00.57.24:348][  0]LogConfig: Setting CVar [[r.SSS.Quality:1]]
[2024.12.02-00.57.24:348][  0]LogConfig: Setting CVar [[r.SSS.HalfRes:0]]
[2024.12.02-00.57.24:348][  0]LogConfig: Setting CVar [[r.SSGI.Quality:3]]
[2024.12.02-00.57.24:348][  0]LogConfig: Setting CVar [[r.EmitterSpawnRateScale:1.0]]
[2024.12.02-00.57.24:349][  0]LogConfig: Setting CVar [[r.ParticleLightQuality:2]]
[2024.12.02-00.57.24:349][  0]LogConfig: Setting CVar [[r.SkyAtmosphere.AerialPerspectiveLUT.FastApplyOnOpaque:1 ; Always have FastSkyLUT 1 in this case to avoid wrong sky]]
[2024.12.02-00.57.24:349][  0]LogConfig: Setting CVar [[r.SkyAtmosphere.AerialPerspectiveLUT.SampleCountMaxPerSlice:4]]
[2024.12.02-00.57.24:350][  0]LogConfig: Setting CVar [[r.SkyAtmosphere.AerialPerspectiveLUT.DepthResolution:16.0]]
[2024.12.02-00.57.24:350][  0]LogConfig: Setting CVar [[r.SkyAtmosphere.FastSkyLUT:1]]
[2024.12.02-00.57.24:350][  0]LogConfig: Setting CVar [[r.SkyAtmosphere.FastSkyLUT.SampleCountMin:4.0]]
[2024.12.02-00.57.24:350][  0]LogConfig: Setting CVar [[r.SkyAtmosphere.FastSkyLUT.SampleCountMax:128.0]]
[2024.12.02-00.57.24:351][  0]LogConfig: Setting CVar [[r.SkyAtmosphere.SampleCountMin:4.0]]
[2024.12.02-00.57.24:351][  0]LogConfig: Setting CVar [[r.SkyAtmosphere.SampleCountMax:128.0]]
[2024.12.02-00.57.24:351][  0]LogConfig: Setting CVar [[r.SkyAtmosphere.TransmittanceLUT.UseSmallFormat:0]]
[2024.12.02-00.57.24:351][  0]LogConfig: Setting CVar [[r.SkyAtmosphere.TransmittanceLUT.SampleCount:10.0]]
[2024.12.02-00.57.24:352][  0]LogConfig: Setting CVar [[r.SkyAtmosphere.MultiScatteringLUT.SampleCount:15.0]]
[2024.12.02-00.57.24:352][  0]LogConfig: Setting CVar [[r.SkyLight.RealTimeReflectionCapture:1]]
[2024.12.02-00.57.24:352][  0]LogConfig: Applying CVar settings from Section [FoliageQuality@3] File [D:/Git/GameDevProject/Content/LAB1/LAB1/Saved/Config/Windows/Scalability.ini]
[2024.12.02-00.57.24:352][  0]LogConfig: Setting CVar [[foliage.DensityScale:1.0]]
[2024.12.02-00.57.24:352][  0]LogConfig: Setting CVar [[grass.DensityScale:1.0]]
[2024.12.02-00.57.24:352][  0]LogConfig: Applying CVar settings from Section [ShadingQuality@3] File [D:/Git/GameDevProject/Content/LAB1/LAB1/Saved/Config/Windows/Scalability.ini]
[2024.12.02-00.57.24:355][  0]LogConfig: Setting CVar [[r.HairStrands.SkyLighting.IntegrationType:2]]
[2024.12.02-00.57.24:359][  0]LogConfig: Setting CVar [[r.HairStrands.SkyAO.SampleCount:4]]
[2024.12.02-00.57.24:359][  0]LogConfig: Setting CVar [[r.HairStrands.Visibility.MSAA.SamplePerPixel:4]]
[2024.12.02-00.57.24:359][  0]LogConfig: Applying CVar settings from Section [Startup] File [../../../Engine/Config/ConsoleVariables.ini]
[2024.12.02-00.57.24:360][  0]LogConfig: Setting CVar [[net.UseAdaptiveNetUpdateFrequency:0]]
[2024.12.02-00.57.24:360][  0]LogConfig: Setting CVar [[p.chaos.AllowCreatePhysxBodies:1]]
[2024.12.02-00.57.24:360][  0]LogConfig: Setting CVar [[fx.SkipVectorVMBackendOptimizations:1]]
[2024.12.02-00.57.24:360][  0]LogConfig: Applying CVar settings from Section [ConsoleVariables] File [D:/Git/GameDevProject/Content/LAB1/LAB1/Saved/Config/Windows/Engine.ini]
[2024.12.02-00.57.24:360][  0]LogConfig: Applying CVar settings from Section [ConsoleVariables] File [D:/Git/GameDevProject/Content/LAB1/LAB1/Saved/Config/Windows/Editor.ini]
[2024.12.02-00.57.24:360][  0]LogInit: Computer: DESKTOP-OQ7SUMD
[2024.12.02-00.57.24:361][  0]LogInit: User: SerTitan
[2024.12.02-00.57.24:361][  0]LogInit: CPU Page size=4096, Cores=14
[2024.12.02-00.57.24:361][  0]LogInit: High frequency timer resolution =10.000000 MHz
[2024.12.02-00.57.24:361][  0]LogMemory: Memory total: Physical=23.7GB (24GB approx)
[2024.12.02-00.57.24:361][  0]LogMemory: Platform Memory Stats for Windows
[2024.12.02-00.57.24:362][  0]LogMemory: Process Physical Memory: 139.85 MB used, 139.85 MB peak
[2024.12.02-00.57.24:362][  0]LogMemory: Process Virtual Memory: 121.91 MB used, 121.91 MB peak
[2024.12.02-00.57.24:363][  0]LogMemory: Physical Memory: 16442.90 MB used,  7840.97 MB free, 24283.87 MB total
[2024.12.02-00.57.24:363][  0]LogMemory: Virtual Memory: 134212296.00 MB used,  5432.75 MB free, 134217728.00 MB total
[2024.12.02-00.57.24:366][  0]LogWindows: WindowsPlatformFeatures disabled or dedicated server build
[2024.12.02-00.57.24:389][  0]LogInit: Physics initialised using underlying interface: PhysX
[2024.12.02-00.57.24:389][  0]LogInit: Using OS detected language (ru-RU).
[2024.12.02-00.57.24:389][  0]LogInit: Using OS detected locale (ru-RU).
[2024.12.02-00.57.24:390][  0]LogTextLocalizationManager: No specific localization for 'ru-RU' exists, so the 'ru' localization will be used.
[2024.12.02-00.57.24:391][  0]LogTextLocalizationResource: LocRes '../../../Engine/Content/Localization/Editor/ru/Editor.locres' could not be opened for reading!
[2024.12.02-00.57.24:391][  0]LogTextLocalizationResource: LocRes '../../../Engine/Content/Localization/EditorTutorials/ru/EditorTutorials.locres' could not be opened for reading!
[2024.12.02-00.57.24:391][  0]LogTextLocalizationResource: LocRes '../../../Engine/Content/Localization/Keywords/ru/Keywords.locres' could not be opened for reading!
[2024.12.02-00.57.24:391][  0]LogTextLocalizationResource: LocRes '../../../Engine/Content/Localization/Category/ru/Category.locres' could not be opened for reading!
[2024.12.02-00.57.24:392][  0]LogTextLocalizationResource: LocRes '../../../Engine/Content/Localization/ToolTips/ru/ToolTips.locres' could not be opened for reading!
[2024.12.02-00.57.24:392][  0]LogTextLocalizationResource: LocRes '../../../Engine/Content/Localization/PropertyNames/ru/PropertyNames.locres' could not be opened for reading!
[2024.12.02-00.57.24:392][  0]LogTextLocalizationResource: LocRes '../../../Engine/Content/Localization/Engine/ru/Engine.locres' could not be opened for reading!
[2024.12.02-00.57.24:597][  0]LogTargetPlatformManager: Display: Loaded TargetPlatform 'WindowsNoEditor'
[2024.12.02-00.57.24:599][  0]LogTargetPlatformManager: Display: Loaded TargetPlatform 'Windows'
[2024.12.02-00.57.24:601][  0]LogTargetPlatformManager: Display: Loaded TargetPlatform 'WindowsClient'
[2024.12.02-00.57.24:606][  0]LogTargetPlatformManager: Display: Loaded TargetPlatform 'WindowsServer'
[2024.12.02-00.57.24:606][  0]LogTargetPlatformManager: Display: Building Assets For Windows
[2024.12.02-00.57.24:608][  0]LogAudioDebug: Display: Lib vorbis DLL was dynamically loaded.
[2024.12.02-00.57.24:616][  0]LogTextureFormatOodle: Display: Oodle Texture 2.9.0 init RDO Off
[2024.12.02-00.57.24:626][  0]LogRendererCore: Ray tracing is disabled. Reason: r.RayTracing=0.
[2024.12.02-00.57.24:627][  0]LogShaderCompilers: Guid format shader working directory is -3 characters bigger than the processId version (../../../../../Git/GameDevProject/Content/LAB1/LAB1/Intermediate/Shaders/WorkingDirectory/17712/).
[2024.12.02-00.57.24:628][  0]LogShaderCompilers: Cleaned the shader compiler working directory 'C:/Users/SerTitan/AppData/Local/Temp/UnrealShaderWorkingDir/D081BFDA49448BEE353118BDCB3CE07F/'.
[2024.12.02-00.57.24:629][  0]LogXGEController: Cannot use XGE Controller as Incredibuild is not installed on this machine.
[2024.12.02-00.57.24:629][  0]LogShaderCompilers: Cannot use XGE Shader Compiler as Incredibuild is not installed on this machine.
[2024.12.02-00.57.24:629][  0]LogShaderCompilers: Display: Using Local Shader Compiler.
[2024.12.02-00.57.25:055][  0]LogDerivedDataCache: Display: Max Cache Size: 512 MB
[2024.12.02-00.57.25:115][  0]LogDerivedDataCache: Loaded boot cache 0.06s 94MB C:/Users/SerTitan/AppData/Local/UnrealEngine/4.27/DerivedDataCache/Boot.ddc.
[2024.12.02-00.57.25:115][  0]LogDerivedDataCache: Display: Loaded Boot cache: C:/Users/SerTitan/AppData/Local/UnrealEngine/4.27/DerivedDataCache/Boot.ddc
[2024.12.02-00.57.25:115][  0]LogDerivedDataCache: FDerivedDataBackendGraph:  Pak pak cache file ../../../../../Git/GameDevProject/Content/LAB1/LAB1/DerivedDataCache/DDC.ddp not found, will not use a pak cache.
[2024.12.02-00.57.25:115][  0]LogDerivedDataCache: Unable to find inner node Pak for hierarchical cache Hierarchy.
[2024.12.02-00.57.25:115][  0]LogDerivedDataCache: FDerivedDataBackendGraph:  CompressedPak pak cache file ../../../../../Git/GameDevProject/Content/LAB1/LAB1/DerivedDataCache/Compressed.ddp not found, will not use a pak cache.
[2024.12.02-00.57.25:115][  0]LogDerivedDataCache: Unable to find inner node CompressedPak for hierarchical cache Hierarchy.
[2024.12.02-00.57.25:131][  0]LogDerivedDataCache: Display: Pak cache opened for reading ../../../Engine/DerivedDataCache/Compressed.ddp.
[2024.12.02-00.57.25:131][  0]LogDerivedDataCache: FDerivedDataBackendGraph:  EnterprisePak pak cache file ../../../Enterprise/DerivedDataCache/Compressed.ddp not found, will not use a pak cache.
[2024.12.02-00.57.25:132][  0]LogDerivedDataCache: Unable to find inner node EnterprisePak for hierarchical cache Hierarchy.
[2024.12.02-00.57.25:141][  0]LogDerivedDataCache: Speed tests for C:/Users/SerTitan/AppData/Local/UnrealEngine/Common/DerivedDataCache took 0.01 seconds
[2024.12.02-00.57.25:141][  0]LogDerivedDataCache: Display: Performance to C:/Users/SerTitan/AppData/Local/UnrealEngine/Common/DerivedDataCache: Latency=0.04ms. RandomReadSpeed=1026.15MBs, RandomWriteSpeed=120.95MBs. Assigned SpeedClass 'Local'
[2024.12.02-00.57.25:145][  0]LogDerivedDataCache: Using Local data cache path C:/Users/SerTitan/AppData/Local/UnrealEngine/Common/DerivedDataCache: Writable
[2024.12.02-00.57.25:147][  0]LogDerivedDataCache: Shared data cache path not found in *engine.ini, will not use an Shared cache.
[2024.12.02-00.57.25:148][  0]LogDerivedDataCache: Unable to find inner node Shared for hierarchical cache Hierarchy.
[2024.12.02-00.57.25:158][  0]LogInit: Using OS detected language (ru-RU).
[2024.12.02-00.57.25:158][  0]LogInit: Using OS detected locale (ru-RU).
[2024.12.02-00.57.25:158][  0]LogTextLocalizationManager: No localization for 'ru-RU' exists, so 'en' will be used for the language.
[2024.12.02-00.57.25:158][  0]LogTextLocalizationManager: No localization for 'ru-RU' exists, so 'en' will be used for the locale.
[2024.12.02-00.57.25:162][  0]LogAssetRegistry: FAssetRegistry took 0.0022 seconds to start up
[2024.12.02-00.57.25:293][  0]LogTextLocalizationManager: Compacting localization data took   0.00ms
[2024.12.02-00.57.25:293][  0]LogPackageLocalizationCache: Processed 27 localized package path(s) for 1 prioritized culture(s) in 0.000561 seconds
[2024.12.02-00.57.25:345][  0]LogInit: Selected Device Profile: [Windows]
[2024.12.02-00.57.25:345][  0]LogInit: Active device profile: [0000020092C48F00][00000200905A48C0 49] Windows
[2024.12.02-00.57.25:346][  0]LogInit: Profiles: [0000020092C48F00][00000200905A48C0 49] Windows, [0000020092C2A500][00000200905B2B80 49] WindowsNoEditor, [0000020092C48500][00000200905B6E40 49] WindowsServer, [0000020092C2BF00][00000200905BB100 49] WindowsClient, [0000020092C48B00][00000200905BF3C0 49] IOS, [0000020092C28900][00000200905C3680 49] iPadAir, [0000020092C48800][00000200905C7940 49] iPadAir2, [0000020092BD0500][0000020091CE42C0 49] IPadPro, [0000020092BD0600][0000020091CD2300 49] iPadAir3, [0000020092CA8F00][00000200905A8580 49] iPadAir4, [0000020092BD3900][0000020091CDC840 49] iPadMini2, [0000020092C4B600][0000020091CEEB00 49] iPadMini3, [0000020092BD3F00][0000020091CF2DC0 49] iPadMini4, [0000020092C4B400][0000020091CF7080 49] iPadMini5, [0000020092C01400][0000020091D0B5C0 49] iPhone6, [0000020092C01500][0000020091CFB600 49] iPodTouch6, [0000020092C5A100][0000020091D13B40 49] iPhone7, [0000020092C5A200][0000020091D03B80 49] iPodTouch7, [0000020092C02400][0000020091D062C0 49] iPhone5S, [0000020092C5B200][0000020091CE0540 49] iPhone6Plus, [0000020092C02200][0000020091CFE7C0 49] iPhone6S, [0000020092C5AD00][0000020091D16A80 49] iPhone6SPlus, [0000020092C00100][0000020091D1AD40 49] iPhone7Plus, [0000020092C58100][0000020091D1F000 49] iPhoneSE, [0000020092C02A00][0000020091D232C0 49] iPhone8, [0000020092C5B700][0000020091D27580 49] iPhone8Plus, [0000020092C02700][0000020091D2B840 49] iPhoneX, [0000020092C5A300][0000020091D2FB00 49] iPhoneXS, [0000020092C03A00][0000020091D32240 49] iPhoneXSMax, [0000020092C59800][0000020091D36500 49] iPhoneXR, [0000020092C01800][0000020091D0E780 49] iPhone11, [0000020092C5AC00][0000020091D3AA00 49] iPhone11Pro, [0000020092C03C00][0000020091D42CC0 49] iPhone11ProMax, [0000020092C59600][0000020091D46F80 49] iPhoneSE2, [0000020092C01100][0000020091D4B240 49] iPhone12Mini, [0000020092C59200][0000020091D4F500 49] iPhone12, [0000020092C03E00][0000020091D537C0 49] iPhone12Pro, [0000020092C59400][0000020091D57A80 49] iPhone12ProMax, [0000020092C01300][0000020091D5A1C0 49] iPadPro105, [0000020092C58F00][0000020091D5E480 49] iPadPro129, [0000020092C03800][0000020091D62740 49] iPadPro97, [0000020092C59F00][0000020091D3E9C0 49] iPadPro2_129, [0000020092C03B00][0000020091D66C40 49] iPad5, [0000020092C59000][0000020091D6EF00 49] iPad6, [0000020092C03100][0000020091D731C0 49] iPad7, [0000020092C59D00][0000020091D77480 49] iPad8, [0000020092C00900][0000020091D7B740 49] iPadPro11, [0000020092C59B00][0000020091D7FA00 49] iPadPro2_11, [0000020092C00A00][0000020091D82140 49] iPadPro3_129, [0000020092C5B000][0000020091D86400 49] iPadPro4_129, [0000020092C03000][0000020091D8A6C0 49] AppleTV, [0000020092C59300][0000020091D8E980 49] AppleTV4K, [0000020092C03400][0000020091D6AC00 49] TVOS, [0000020092C59500][0000020091D96EC0 49] Mac, [0000020092C01200][0000020091D9B180 49] MacClient, [0000020092C5BD00][0000020091D9F440 49] MacNoEditor, [0000020092C03500][0000020091DA3700 49] MacServer, [0000020092BD1300][0000020091DA79C0 49] Linux, [0000020092C28E00][0000020091DAA100 49] LinuxAArch64, [0000020092BD2400][0000020091DAE3C0 49] LinuxNoEditor, [0000020092C2AC00][0000020091DB2680 49] LinuxAArch64NoEditor, [0000020092BD0900][0000020091DB6940 49] LinuxClient, [0000020092C2A200][0000020091D92BC0 49] LinuxAArch64Client, [0000020092BD3200][0000020091DBAE40 49] LinuxServer, [0000020092C2A800][0000020091DC3100 49] LinuxAArch64Server, [0000020092BD2B00][0000020091DC73C0 49] Android, [0000020092C29700][0000020091DCB680 49] Android_Low, [0000020092BD1000][0000020091DCF940 49] Android_Mid, [0000020092C28400][0000020091DD3C00 49] Android_High, [0000020092BD3C00][0000020091DD6340 49] Android_Default, [0000020092C29000][0000020091DDA600 49] Android_Adreno4xx, [0000020092BD3000][0000020091DDE8C0 49] Android_Adreno5xx_Low, [0000020092C29600][0000020091DE2B80 49] Android_Adreno5xx, [0000020092BD0300][0000020091DBEE00 49] Android_Adreno6xx, [0000020092C2A000][0000020091DE7080 49] Android_Adreno6xx_Vulkan, [0000020092BD0700][0000020095211340 49] Android_Mali_T6xx, [0000020092C29F00][0000020095215600 49] Android_Mali_T7xx, [0000020092BD2800][00000200952198C0 49] Android_Mali_T8xx, [0000020092C01900][000002009521DB80 49] Android_Mali_G71, [0000020092BD3400][00000200952202C0 49] Android_Mali_G72, [0000020092C01B00][0000020095224580 49] Android_Mali_G72_Vulkan, [0000020092BD2600][0000020095228840 49] Android_Mali_G76, [0000020092C00700][000002009522CB00 49] Android_Mali_G76_Vulkan, [0000020092BD3E00][0000020095230DC0 49] Android_Mali_G77, [0000020092C01A00][0000020091DEB040 49] Android_Mali_G77_Vulkan, [0000020092BD2D00][00000200952352C0 49] Android_Mali_G78, [0000020092C03700][000002009523D580 49] Android_Mali_G78_Vulkan, [0000020092BD1900][0000020095241840 49] Android_Mali_G710, [0000020092C02B00][0000020095245B00 49] Android_Mali_G710_Vulkan, [0000020092BD0100][0000020095248240 49] Android_Vulkan_SM5, [0000020092C02D00][000002009524C500 49] Android_PowerVR_G6xxx, [0000020092BD0D00][00000200952507C0 49] Android_PowerVR_GT7xxx, [0000020092C02300][0000020095254A80 49] Android_PowerVR_GE8xxx, [0000020092BD3600][0000020095258D40 49] Android_PowerVR_GM9xxx, [0000020092C01600][000002009525D000 49] Android_PowerVR_GM9xxx_Vulkan, [0000020092BD0E00][0000020095239280 49] Android_TegraK1, [0000020092C01700][0000020095261500 49] Android_Unknown_Vulkan, [0000020092BD1C00][00000200952697C0 49] Lumin, [0000020092C03600][000002009526DA80 49] Lumin_Desktop, [0000020092BD1800][00000200952701C0 49] HoloLens, 
[2024.12.02-00.57.25:374][  0]LogMeshReduction: Using QuadricMeshReduction for automatic static mesh reduction
[2024.12.02-00.57.25:374][  0]LogMeshReduction: Using SimplygonMeshReduction for automatic skeletal mesh reduction
[2024.12.02-00.57.25:374][  0]LogMeshReduction: Using ProxyLODMeshReduction for automatic mesh merging
[2024.12.02-00.57.25:374][  0]LogMeshReduction: No distributed automatic mesh merging module available
[2024.12.02-00.57.25:375][  0]LogMeshMerging: No distributed automatic mesh merging module available
[2024.12.02-00.57.25:385][  0]LogNetVersion: LAB1 1.0.0, NetCL: 17155196, EngineNetVer: 17, GameNetVer: 0 (Checksum: 1850865669)
[2024.12.02-00.57.25:449][  0]LogTexture: Default maximum texture size for cubemaps generated from long-lat sources has been changed from 512 to unlimited. In order to preserve old behaiour for '/Engine/MapTemplates/Sky/DaylightAmbientCubemap.DaylightAmbientCubemap', its maximum texture size has been explicitly set to 512.
[2024.12.02-00.57.25:460][  0]LogHMD: PokeAHoleMaterial loaded successfully
[2024.12.02-00.57.25:570][  0]LogPython: Using Python 3.7.7
[2024.12.02-00.57.25:869][  0]LogNiagaraDebuggerClient: Niagara Debugger Client Initialized | Session: 863E7F7F419BC356819CB9B2F6AE2E12 | Instance: CF45954148285E4A5E17349C1B796E08 (DESKTOP-OQ7SUMD-17712).
[2024.12.02-00.57.25:888][  0]LogCollectionManager: Loaded 0 collections in 0.000478 seconds
[2024.12.02-00.57.25:890][  0]LogFileCache: Scanning file cache for directory 'D:/Git/GameDevProject/Content/LAB1/LAB1/Saved/Collections/' took 0.00s
[2024.12.02-00.57.25:890][  0]LogFileCache: Scanning file cache for directory 'D:/Git/GameDevProject/Content/LAB1/LAB1/Content/Developers/SerTitan/Collections/' took 0.00s
[2024.12.02-00.57.25:891][  0]LogFileCache: Scanning file cache for directory 'D:/Git/GameDevProject/Content/LAB1/LAB1/Content/Collections/' took 0.00s
[2024.12.02-00.57.25:891][  0]LogCollectionManager: Fixed up redirectors for 0 collections in 0.000001 seconds (updated 0 objects)
[2024.12.02-00.57.25:970][  0]LogTcpMessaging: Initializing TcpMessaging bridge
[2024.12.02-00.57.25:973][  0]LogUdpMessaging: Initializing bridge on interface 0.0.0.0:0 to multicast group 230.0.0.1:6666.
[2024.12.02-00.57.26:041][  0]SourceControl: Source control is disabled
[2024.12.02-00.57.26:043][  0]SourceControl: Source control is disabled
[2024.12.02-00.57.26:046][  0]SourceControl: Source control is disabled
[2024.12.02-00.57.26:052][  0]LogUProjectInfo: Found projects:
[2024.12.02-00.57.26:063][  0]LogVSAccessor: Display: Unable to create Visual Studio setup instance: 80040154
[2024.12.02-00.57.26:063][  0]LogVSAccessor: Display: Unable to create Visual Studio setup instance: 80040154
[2024.12.02-00.57.26:064][  0]LogVSAccessor: Display: Unable to create Visual Studio setup instance: 80040154
[2024.12.02-00.57.26:120][  0]LogOpenImageDenoise: OIDN starting up
[2024.12.02-00.57.26:146][  0]LogAndroidPermission: UAndroidPermissionCallbackProxy::GetInstance
[2024.12.02-00.57.26:164][  0]LogAudioCaptureCore: Display: No Audio Capture implementations found. Audio input will be silent.
[2024.12.02-00.57.26:164][  0]LogAudioCaptureCore: Display: No Audio Capture implementations found. Audio input will be silent.
[2024.12.02-00.57.26:214][  0]LogOcInput: OculusInput pre-init called
[2024.12.02-00.57.26:221][  0]LogUObjectArray: 21886 objects as part of root set at end of initial load.
[2024.12.02-00.57.26:221][  0]LogUObjectAllocator: 5893904 out of 0 bytes used by permanent object pool.
[2024.12.02-00.57.26:221][  0]LogUObjectArray: CloseDisregardForGC: 0/0 objects in disregard for GC pool
[2024.12.02-00.57.26:249][  0]LogEngine: Initializing Engine...
[2024.12.02-00.57.26:250][  0]LogStats: UGameplayTagsManager::InitializeManager -  0.000 s
[2024.12.02-00.57.26:258][  0]LogInit: Initializing FReadOnlyCVARCache
[2024.12.02-00.57.26:258][  0]LogNetVersion: Set ProjectVersion to 1.0.0.0. Version Checksum will be recalculated on next use.
[2024.12.02-00.57.26:261][  0]LogInit: Texture streaming: Disabled
[2024.12.02-00.57.26:287][  0]LogInit: Display: Game Engine Initialized.
[2024.12.02-00.57.26:288][  0]LogNiagaraEditor: GEditor isn't valid! Particle reset commands will not work for Niagara components!
[2024.12.02-00.57.26:329][  0]LogInit: Display: Starting Game.
[2024.12.02-00.57.26:329][  0]LogNet: Browse: /Game/ThirdPersonBP/Maps/ThirdPersonExampleMap?Name=Player
[2024.12.02-00.57.26:329][  0]LogLoad: LoadMap: /Game/ThirdPersonBP/Maps/ThirdPersonExampleMap?Name=Player
[2024.12.02-00.57.26:329][  0]LogWorld: BeginTearingDown for /Temp/Untitled_0
[2024.12.02-00.57.26:332][  0]LogWorld: UWorld::CleanupWorld for Untitled, bSessionEnded=true, bCleanupResources=true
[2024.12.02-00.57.26:337][  0]LogUObjectHash: Compacting FUObjectHashTables data took   0.50ms
[2024.12.02-00.57.26:497][  0]LogAIModule: Creating AISystem for world ThirdPersonExampleMap
[2024.12.02-00.57.26:498][  0]LogLoad: Game class is 'MyGameMode_C'
[2024.12.02-00.57.26:498][  0]LogNet: ReplicationDriverClass is null! Not using ReplicationDriver.
[2024.12.02-00.57.26:499][  0]LogNetCore: DDoS detection status: detection enabled: 0 analytics enabled: 0
[2024.12.02-00.57.26:499][  0]LogInit: WinSock: Socket queue. Rx: 131072 (config 131072) Tx: 131072 (config 131072)
[2024.12.02-00.57.26:499][  0]LogNet: Created socket for bind address: 0.0.0.0 on port 17777
[2024.12.02-00.57.26:500][  0]PacketHandlerLog: Loaded PacketHandler component: Engine.EngineHandlerComponentFactory (StatelessConnectHandlerComponent)
[2024.12.02-00.57.26:500][  0]LogNet: GameNetDriver IpNetDriver_0 IpNetDriver listening on port 17777
[2024.12.02-00.57.26:503][  0]LogWorld: Bringing World /Game/ThirdPersonBP/Maps/ThirdPersonExampleMap.ThirdPersonExampleMap up for play (max tick rate 30) at 2024.12.02-03.57.26
[2024.12.02-00.57.26:504][  0]LogWorld: Bringing up level for play took: 0.003437
[2024.12.02-00.57.26:504][  0]LogLoad: Took 0.174201 seconds to LoadMap(/Game/ThirdPersonBP/Maps/ThirdPersonExampleMap)
[2024.12.02-00.57.26:512][  0]LogInit: Display: Engine is initialized. Leaving FEngineLoop::Init()
[2024.12.02-00.57.26:513][  0]LogLoad: (Engine Initialization) Total time: 3.46 seconds
[2024.12.02-00.57.26:513][  0]LogLoad: (Engine Initialization) Total Blueprint compile time: 0.00 seconds
[2024.12.02-00.57.27:717][ 35]LogNet: NotifyAcceptingConnection accepted from: 127.0.0.1:51938
[2024.12.02-00.57.27:717][ 35]LogHandshake: SendConnectChallenge. Timestamp: 1.203193, Cookie: 091178069214199019110191165022097222121152243148196178051005
[2024.12.02-00.57.27:752][ 36]LogNet: NotifyAcceptingConnection accepted from: 127.0.0.1:51938
[2024.12.02-00.57.27:752][ 36]LogHandshake: SendChallengeAck. InCookie: 091178069214199019110191165022097222121152243148196178051005
[2024.12.02-00.57.27:752][ 36]LogNet: Server accepting post-challenge connection from: 127.0.0.1:51938
[2024.12.02-00.57.27:753][ 36]PacketHandlerLog: Loaded PacketHandler component: Engine.EngineHandlerComponentFactory (StatelessConnectHandlerComponent)
[2024.12.02-00.57.27:753][ 36]LogNet: NotifyAcceptedConnection: Name: ThirdPersonExampleMap, TimeStamp: 12/02/24 03:57:27, [UNetConnection] RemoteAddr: 127.0.0.1:51938, Name: IpConnection_0, Driver: GameNetDriver IpNetDriver_0, IsServer: YES, PC: NULL, Owner: NULL, UniqueId: INVALID
[2024.12.02-00.57.27:753][ 36]LogNet: AddClientConnection: Added client connection: [UNetConnection] RemoteAddr: 127.0.0.1:51938, Name: IpConnection_0, Driver: GameNetDriver IpNetDriver_0, IsServer: YES, PC: NULL, Owner: NULL, UniqueId: INVALID
[2024.12.02-00.57.27:785][ 37]LogNet: NotifyAcceptingChannel Control 0 server World /Game/ThirdPersonBP/Maps/ThirdPersonExampleMap.ThirdPersonExampleMap: Accepted
[2024.12.02-00.57.27:785][ 37]LogNet: Remote platform little endian=1
[2024.12.02-00.57.27:786][ 37]LogNet: This platform little endian=1
[2024.12.02-00.57.27:786][ 37]LogNetVersion: LAB1 1.0.0.0, NetCL: 17155196, EngineNetVer: 17, GameNetVer: 0 (Checksum: 3646203524)
[2024.12.02-00.57.27:818][ 38]LogNet: Login request: ?Name=DESKTOP-OQ7SUMD-40D4255B45C177BB23CFFDBD9D9996BF userId: NULL:DESKTOP-OQ7SUMD-40D4255B45C177BB23CFFDBD9D9996BF platform: NULL
[2024.12.02-00.57.28:053][ 45]LogNet: Client netspeed is 100000
[2024.12.02-00.57.28:053][ 45]LogNet: Join request: /Engine/Maps/Entry?Name=DESKTOP-OQ7SUMD-40D4255B45C177BB23CFFDBD9D9996BF?SplitscreenCount=1
[2024.12.02-00.57.28:057][ 45]LogOnlineSession: Warning: OSS: No game present to join for session (GameSession)
[2024.12.02-00.57.28:059][ 45]LogNet: Join succeeded: DESKTOP-OQ7SUMD-40D4
[2024.12.02-00.57.32:903][175]LogNet: UChannel::ReceivedSequencedBunch: Bunch.bClose == true. ChIndex == 0. Calling ConditionalCleanUp.
[2024.12.02-00.57.32:903][175]LogNet: UChannel::CleanUp: ChIndex == 0. Closing connection. [UChannel] ChIndex: 0, Closing: 0 [UNetConnection] RemoteAddr: 127.0.0.1:51938, Name: IpConnection_0, Driver: GameNetDriver IpNetDriver_0, IsServer: YES, PC: MyPlayerController_C_0, Owner: MyPlayerController_C_0, UniqueId: NULL:DESKTOP-OQ7SUMD-40D4255B45C177BB23CFFDBD9D9996BF
[2024.12.02-00.57.32:904][175]LogNet: UNetConnection::Close: [UNetConnection] RemoteAddr: 127.0.0.1:51938, Name: IpConnection_0, Driver: GameNetDriver IpNetDriver_0, IsServer: YES, PC: MyPlayerController_C_0, Owner: MyPlayerController_C_0, UniqueId: NULL:DESKTOP-OQ7SUMD-40D4255B45C177BB23CFFDBD9D9996BF, Channels: 12, Time: 2024.12.02-00.57.32
[2024.12.02-00.57.32:904][175]LogNet: UChannel::Close: Sending CloseBunch. ChIndex == 0. Name: [UChannel] ChIndex: 0, Closing: 0 [UNetConnection] RemoteAddr: 127.0.0.1:51938, Name: IpConnection_0, Driver: GameNetDriver IpNetDriver_0, IsServer: YES, PC: MyPlayerController_C_0, Owner: MyPlayerController_C_0, UniqueId: NULL:DESKTOP-OQ7SUMD-40D4255B45C177BB23CFFDBD9D9996BF
[2024.12.02-00.57.32:905][175]LogOnlineSession: Warning: OSS: No game present to leave for session (GameSession)
